---------------------------------------------------------------
[ 2019-05-03T00:10:50+08:00 ] 0.0.0.0 GET /teacher/index/index
[ info ] reportsystem/teacher/index/index [运行时间：1.728624s][吞吐率：0.58req/s] [内存消耗：3,090.09kb] [文件加载：42]
[ info ] [ LANG ] F:\study\www\reportSystem\ThinkPHP\thinkphp\lang\zh-cn.php
[ info ] [ ROUTE ] array (
  'type' => 'module',
  'module' => 
  array (
    0 => 'teacher',
    1 => 'index',
    2 => 'index',
  ),
)
[ info ] [ HEADER ] array (
  'host' => 'reportsystem',
  'connection' => 'keep-alive',
  'cache-control' => 'max-age=0',
  'upgrade-insecure-requests' => '1',
  'user-agent' => 'Mozilla/5.0 (Windows NT 10.0; WOW64) AppleWebKit/537.36 (KHTML, like Gecko) Chrome/71.0.3578.98 Safari/537.36',
  'accept' => 'text/html,application/xhtml+xml,application/xml;q=0.9,image/webp,image/apng,*/*;q=0.8',
  'referer' => 'http://reportsystem/teacher/index/index',
  'accept-encoding' => 'gzip, deflate',
  'accept-language' => 'zh-CN,zh;q=0.9',
  'cookie' => 'pgv_pvi=3972531200; PHPSESSID=lg5ulmkpq3p8pncu7feb7fddl0',
)
[ info ] [ PARAM ] array (
)
[ info ] [ RUN ] app\teacher\controller\Index->index[ F:\study\www\reportSystem\ThinkPHP\app\teacher\controller\Index.php ]
[ info ] [ SESSION ] INIT array (
  'id' => '',
  'var_session_id' => '',
  'prefix' => 'think',
  'type' => '',
  'auto_start' => true,
  'httponly' => true,
  'secure' => false,
)
[ info ] [ LOG ] INIT File
[ notice ] 菜单方法列表
[ error ] [1]Class 'app\common\controller\userModel' not found[F:\study\www\reportSystem\ThinkPHP\app\common\controller\Common.php:80]
---------------------------------------------------------------
[ 2019-05-03T00:11:46+08:00 ] 0.0.0.0 GET /teacher/index/index
[ info ] reportsystem/teacher/index/index [运行时间：0.223616s][吞吐率：4.47req/s] [内存消耗：3,090.10kb] [文件加载：42]
[ info ] [ LANG ] F:\study\www\reportSystem\ThinkPHP\thinkphp\lang\zh-cn.php
[ info ] [ ROUTE ] array (
  'type' => 'module',
  'module' => 
  array (
    0 => 'teacher',
    1 => 'index',
    2 => 'index',
  ),
)
[ info ] [ HEADER ] array (
  'host' => 'reportsystem',
  'connection' => 'keep-alive',
  'cache-control' => 'max-age=0',
  'upgrade-insecure-requests' => '1',
  'user-agent' => 'Mozilla/5.0 (Windows NT 10.0; WOW64) AppleWebKit/537.36 (KHTML, like Gecko) Chrome/71.0.3578.98 Safari/537.36',
  'accept' => 'text/html,application/xhtml+xml,application/xml;q=0.9,image/webp,image/apng,*/*;q=0.8',
  'referer' => 'http://reportsystem/teacher/index/index',
  'accept-encoding' => 'gzip, deflate',
  'accept-language' => 'zh-CN,zh;q=0.9',
  'cookie' => 'pgv_pvi=3972531200; PHPSESSID=lg5ulmkpq3p8pncu7feb7fddl0',
)
[ info ] [ PARAM ] array (
)
[ info ] [ RUN ] app\teacher\controller\Index->index[ F:\study\www\reportSystem\ThinkPHP\app\teacher\controller\Index.php ]
[ info ] [ SESSION ] INIT array (
  'id' => '',
  'var_session_id' => '',
  'prefix' => 'think',
  'type' => '',
  'auto_start' => true,
  'httponly' => true,
  'secure' => false,
)
[ info ] [ LOG ] INIT File
[ notice ] 菜单方法列表
[ error ] [1]Class 'app\common\controller\userModel' not found[F:\study\www\reportSystem\ThinkPHP\app\common\controller\Common.php:80]
---------------------------------------------------------------
[ 2019-05-03T00:11:49+08:00 ] 0.0.0.0 GET /teacher/index/index
[ info ] reportsystem/teacher/index/index [运行时间：0.173258s][吞吐率：5.77req/s] [内存消耗：3,090.03kb] [文件加载：42]
[ info ] [ LANG ] F:\study\www\reportSystem\ThinkPHP\thinkphp\lang\zh-cn.php
[ info ] [ ROUTE ] array (
  'type' => 'module',
  'module' => 
  array (
    0 => 'teacher',
    1 => 'index',
    2 => 'index',
  ),
)
[ info ] [ HEADER ] array (
  'host' => 'reportsystem',
  'connection' => 'keep-alive',
  'cache-control' => 'max-age=0',
  'upgrade-insecure-requests' => '1',
  'user-agent' => 'Mozilla/5.0 (Windows NT 10.0; WOW64) AppleWebKit/537.36 (KHTML, like Gecko) Chrome/71.0.3578.98 Safari/537.36',
  'accept' => 'text/html,application/xhtml+xml,application/xml;q=0.9,image/webp,image/apng,*/*;q=0.8',
  'referer' => 'http://reportsystem/teacher/index/index',
  'accept-encoding' => 'gzip, deflate',
  'accept-language' => 'zh-CN,zh;q=0.9',
  'cookie' => 'pgv_pvi=3972531200; PHPSESSID=lg5ulmkpq3p8pncu7feb7fddl0',
)
[ info ] [ PARAM ] array (
)
[ info ] [ RUN ] app\teacher\controller\Index->index[ F:\study\www\reportSystem\ThinkPHP\app\teacher\controller\Index.php ]
[ info ] [ SESSION ] INIT array (
  'id' => '',
  'var_session_id' => '',
  'prefix' => 'think',
  'type' => '',
  'auto_start' => true,
  'httponly' => true,
  'secure' => false,
)
[ info ] [ LOG ] INIT File
[ notice ] 菜单方法列表
[ error ] [1]Class 'app\common\controller\userModel' not found[F:\study\www\reportSystem\ThinkPHP\app\common\controller\Common.php:80]
---------------------------------------------------------------
[ 2019-05-03T00:12:29+08:00 ] 0.0.0.0 GET /teacher/index/index
[ info ] reportsystem/teacher/index/index [运行时间：0.836847s][吞吐率：1.19req/s] [内存消耗：5,204.65kb] [文件加载：51]
[ info ] [ LANG ] F:\study\www\reportSystem\ThinkPHP\thinkphp\lang\zh-cn.php
[ info ] [ ROUTE ] array (
  'type' => 'module',
  'module' => 
  array (
    0 => 'teacher',
    1 => 'index',
    2 => 'index',
  ),
)
[ info ] [ HEADER ] array (
  'host' => 'reportsystem',
  'connection' => 'keep-alive',
  'cache-control' => 'max-age=0',
  'upgrade-insecure-requests' => '1',
  'user-agent' => 'Mozilla/5.0 (Windows NT 10.0; WOW64) AppleWebKit/537.36 (KHTML, like Gecko) Chrome/71.0.3578.98 Safari/537.36',
  'accept' => 'text/html,application/xhtml+xml,application/xml;q=0.9,image/webp,image/apng,*/*;q=0.8',
  'referer' => 'http://reportsystem/teacher/index/index',
  'accept-encoding' => 'gzip, deflate',
  'accept-language' => 'zh-CN,zh;q=0.9',
  'cookie' => 'pgv_pvi=3972531200; PHPSESSID=lg5ulmkpq3p8pncu7feb7fddl0',
)
[ info ] [ PARAM ] array (
)
[ info ] [ RUN ] app\teacher\controller\Index->index[ F:\study\www\reportSystem\ThinkPHP\app\teacher\controller\Index.php ]
[ info ] [ SESSION ] INIT array (
  'id' => '',
  'var_session_id' => '',
  'prefix' => 'think',
  'type' => '',
  'auto_start' => true,
  'httponly' => true,
  'secure' => false,
)
[ info ] [ DB ] INIT mysql
[ info ] [ VIEW ] F:\study\www\reportSystem\ThinkPHP\public/../app/teacher\view\index\index.html [ array (
  0 => 'menus',
) ]
[ info ] [ LOG ] INIT File
[ notice ] 菜单方法列表
[ sql ] [ DB ] CONNECT:[ UseTime:0.003248s ] mysql:host=127.0.0.1;port=3306;dbname=report_system;charset=utf8
[ sql ] [ SQL ] SHOW COLUMNS FROM `user` [ RunTime:0.003937s ]
[ sql ] [ SQL ] SELECT * FROM `user` WHERE  (  account = 2012032 ) LIMIT 1 [ RunTime:0.001593s ]
[ sql ] [ SQL ] SHOW COLUMNS FROM `role` [ RunTime:0.002313s ]
[ sql ] [ SQL ] SELECT * FROM `role` WHERE  (  roleNo = 1 ) LIMIT 1 [ RunTime:0.002140s ]
[ sql ] [ SQL ] SHOW COLUMNS FROM `menu` [ RunTime:0.002259s ]
[ sql ] [ SQL ] SELECT * FROM `menu` WHERE  `menuNo` IN (29,30,31,32,33,34,35,36) [ RunTime:0.001921s ]
[ sql ] [ SQL ] SELECT * FROM `menu` [ RunTime:0.002708s ]
---------------------------------------------------------------
[ 2019-05-03T00:12:29+08:00 ] 0.0.0.0 GET /static/fontawesome-5.5.0/css/font-awesome.min.css
[ info ] reportsystem/static/fontawesome-5.5.0/css/font-awesome.min.css [运行时间：0.266095s][吞吐率：3.76req/s] [内存消耗：2,506.43kb] [文件加载：32]
[ info ] [ LANG ] F:\study\www\reportSystem\ThinkPHP\thinkphp\lang\zh-cn.php
[ info ] [ ROUTE ] array (
  'type' => 'module',
  'module' => 
  array (
    0 => 'static',
    1 => 'fontawesome-5.5.0',
    2 => 'css',
  ),
)
[ info ] [ HEADER ] array (
  'host' => 'reportsystem',
  'connection' => 'keep-alive',
  'user-agent' => 'Mozilla/5.0 (Windows NT 10.0; WOW64) AppleWebKit/537.36 (KHTML, like Gecko) Chrome/71.0.3578.98 Safari/537.36',
  'accept' => 'text/css,*/*;q=0.1',
  'referer' => 'http://reportsystem/teacher/index/index',
  'accept-encoding' => 'gzip, deflate',
  'accept-language' => 'zh-CN,zh;q=0.9',
  'cookie' => 'pgv_pvi=3972531200; PHPSESSID=lg5ulmkpq3p8pncu7feb7fddl0',
)
[ info ] [ PARAM ] array (
)
[ info ] [ LOG ] INIT File
---------------------------------------------------------------
[ 2019-05-03T00:19:21+08:00 ] 0.0.0.0 GET /teacher/index/index
[ info ] reportsystem/teacher/index/index [运行时间：3.036524s][吞吐率：0.33req/s] [内存消耗：5,206.89kb] [文件加载：51]
[ info ] [ LANG ] F:\study\www\reportSystem\ThinkPHP\thinkphp\lang\zh-cn.php
[ info ] [ ROUTE ] array (
  'type' => 'module',
  'module' => 
  array (
    0 => 'teacher',
    1 => 'index',
    2 => 'index',
  ),
)
[ info ] [ HEADER ] array (
  'host' => 'reportsystem',
  'connection' => 'keep-alive',
  'cache-control' => 'max-age=0',
  'upgrade-insecure-requests' => '1',
  'user-agent' => 'Mozilla/5.0 (Windows NT 10.0; WOW64) AppleWebKit/537.36 (KHTML, like Gecko) Chrome/71.0.3578.98 Safari/537.36',
  'accept' => 'text/html,application/xhtml+xml,application/xml;q=0.9,image/webp,image/apng,*/*;q=0.8',
  'referer' => 'http://reportsystem/teacher/index/index',
  'accept-encoding' => 'gzip, deflate',
  'accept-language' => 'zh-CN,zh;q=0.9',
  'cookie' => 'pgv_pvi=3972531200; PHPSESSID=lg5ulmkpq3p8pncu7feb7fddl0',
)
[ info ] [ PARAM ] array (
)
[ info ] [ RUN ] app\teacher\controller\Index->index[ F:\study\www\reportSystem\ThinkPHP\app\teacher\controller\Index.php ]
[ info ] [ SESSION ] INIT array (
  'id' => '',
  'var_session_id' => '',
  'prefix' => 'think',
  'type' => '',
  'auto_start' => true,
  'httponly' => true,
  'secure' => false,
)
[ info ] [ DB ] INIT mysql
[ info ] [ VIEW ] F:\study\www\reportSystem\ThinkPHP\public/../app/teacher\view\index\index.html [ array (
  0 => 'menus',
) ]
[ info ] [ LOG ] INIT File
[ notice ] 菜单方法列表
[ sql ] [ DB ] CONNECT:[ UseTime:0.001817s ] mysql:host=127.0.0.1;port=3306;dbname=report_system;charset=utf8
[ sql ] [ SQL ] SHOW COLUMNS FROM `user` [ RunTime:0.004351s ]
[ sql ] [ SQL ] SELECT * FROM `user` WHERE  (  account = 2012032 ) LIMIT 1 [ RunTime:0.002323s ]
[ sql ] [ SQL ] SHOW COLUMNS FROM `role` [ RunTime:0.002654s ]
[ sql ] [ SQL ] SELECT * FROM `role` WHERE  (  roleNo = 1 ) LIMIT 1 [ RunTime:0.001601s ]
[ sql ] [ SQL ] SHOW COLUMNS FROM `menu` [ RunTime:0.002708s ]
[ sql ] [ SQL ] SELECT * FROM `menu` WHERE  `menuNo` IN (29,30,31,32,33,34,35,36,15) [ RunTime:0.002589s ]
[ sql ] [ SQL ] SELECT * FROM `menu` [ RunTime:0.002357s ]
---------------------------------------------------------------
[ 2019-05-03T00:19:21+08:00 ] 0.0.0.0 GET /static/fontawesome-5.5.0/css/font-awesome.min.css
[ info ] reportsystem/static/fontawesome-5.5.0/css/font-awesome.min.css [运行时间：0.489789s][吞吐率：2.04req/s] [内存消耗：2,506.43kb] [文件加载：32]
[ info ] [ LANG ] F:\study\www\reportSystem\ThinkPHP\thinkphp\lang\zh-cn.php
[ info ] [ ROUTE ] array (
  'type' => 'module',
  'module' => 
  array (
    0 => 'static',
    1 => 'fontawesome-5.5.0',
    2 => 'css',
  ),
)
[ info ] [ HEADER ] array (
  'host' => 'reportsystem',
  'connection' => 'keep-alive',
  'user-agent' => 'Mozilla/5.0 (Windows NT 10.0; WOW64) AppleWebKit/537.36 (KHTML, like Gecko) Chrome/71.0.3578.98 Safari/537.36',
  'accept' => 'text/css,*/*;q=0.1',
  'referer' => 'http://reportsystem/teacher/index/index',
  'accept-encoding' => 'gzip, deflate',
  'accept-language' => 'zh-CN,zh;q=0.9',
  'cookie' => 'pgv_pvi=3972531200; PHPSESSID=lg5ulmkpq3p8pncu7feb7fddl0',
)
[ info ] [ PARAM ] array (
)
[ info ] [ LOG ] INIT File
---------------------------------------------------------------
[ 2019-05-03T00:24:33+08:00 ] 0.0.0.0 GET /teacher/index/index
[ info ] reportsystem/teacher/index/index [运行时间：0.642506s][吞吐率：1.56req/s] [内存消耗：5,206.89kb] [文件加载：51]
[ info ] [ LANG ] F:\study\www\reportSystem\ThinkPHP\thinkphp\lang\zh-cn.php
[ info ] [ ROUTE ] array (
  'type' => 'module',
  'module' => 
  array (
    0 => 'teacher',
    1 => 'index',
    2 => 'index',
  ),
)
[ info ] [ HEADER ] array (
  'host' => 'reportsystem',
  'connection' => 'keep-alive',
  'cache-control' => 'max-age=0',
  'upgrade-insecure-requests' => '1',
  'user-agent' => 'Mozilla/5.0 (Windows NT 10.0; WOW64) AppleWebKit/537.36 (KHTML, like Gecko) Chrome/71.0.3578.98 Safari/537.36',
  'accept' => 'text/html,application/xhtml+xml,application/xml;q=0.9,image/webp,image/apng,*/*;q=0.8',
  'referer' => 'http://reportsystem/teacher/index/index',
  'accept-encoding' => 'gzip, deflate',
  'accept-language' => 'zh-CN,zh;q=0.9',
  'cookie' => 'pgv_pvi=3972531200; PHPSESSID=lg5ulmkpq3p8pncu7feb7fddl0',
)
[ info ] [ PARAM ] array (
)
[ info ] [ RUN ] app\teacher\controller\Index->index[ F:\study\www\reportSystem\ThinkPHP\app\teacher\controller\Index.php ]
[ info ] [ SESSION ] INIT array (
  'id' => '',
  'var_session_id' => '',
  'prefix' => 'think',
  'type' => '',
  'auto_start' => true,
  'httponly' => true,
  'secure' => false,
)
[ info ] [ DB ] INIT mysql
[ info ] [ VIEW ] F:\study\www\reportSystem\ThinkPHP\public/../app/teacher\view\index\index.html [ array (
  0 => 'menus',
) ]
[ info ] [ LOG ] INIT File
[ notice ] 菜单方法列表
[ sql ] [ DB ] CONNECT:[ UseTime:0.002425s ] mysql:host=127.0.0.1;port=3306;dbname=report_system;charset=utf8
[ sql ] [ SQL ] SHOW COLUMNS FROM `user` [ RunTime:0.006613s ]
[ sql ] [ SQL ] SELECT * FROM `user` WHERE  (  account = 2012032 ) LIMIT 1 [ RunTime:0.003443s ]
[ sql ] [ SQL ] SHOW COLUMNS FROM `role` [ RunTime:0.003734s ]
[ sql ] [ SQL ] SELECT * FROM `role` WHERE  (  roleNo = 1 ) LIMIT 1 [ RunTime:0.001899s ]
[ sql ] [ SQL ] SHOW COLUMNS FROM `menu` [ RunTime:0.003587s ]
[ sql ] [ SQL ] SELECT * FROM `menu` WHERE  `menuNo` IN (29,30,31,32,33,34,35,36,15) [ RunTime:0.002422s ]
[ sql ] [ SQL ] SELECT * FROM `menu` [ RunTime:0.002135s ]
---------------------------------------------------------------
[ 2019-05-03T00:24:33+08:00 ] 0.0.0.0 GET /static/fontawesome-5.5.0/css/font-awesome.min.css
[ info ] reportsystem/static/fontawesome-5.5.0/css/font-awesome.min.css [运行时间：0.241329s][吞吐率：4.14req/s] [内存消耗：2,506.43kb] [文件加载：32]
[ info ] [ LANG ] F:\study\www\reportSystem\ThinkPHP\thinkphp\lang\zh-cn.php
[ info ] [ ROUTE ] array (
  'type' => 'module',
  'module' => 
  array (
    0 => 'static',
    1 => 'fontawesome-5.5.0',
    2 => 'css',
  ),
)
[ info ] [ HEADER ] array (
  'host' => 'reportsystem',
  'connection' => 'keep-alive',
  'user-agent' => 'Mozilla/5.0 (Windows NT 10.0; WOW64) AppleWebKit/537.36 (KHTML, like Gecko) Chrome/71.0.3578.98 Safari/537.36',
  'accept' => 'text/css,*/*;q=0.1',
  'referer' => 'http://reportsystem/teacher/index/index',
  'accept-encoding' => 'gzip, deflate',
  'accept-language' => 'zh-CN,zh;q=0.9',
  'cookie' => 'pgv_pvi=3972531200; PHPSESSID=lg5ulmkpq3p8pncu7feb7fddl0',
)
[ info ] [ PARAM ] array (
)
[ info ] [ LOG ] INIT File
---------------------------------------------------------------
[ 2019-05-03T00:24:41+08:00 ] 0.0.0.0 GET /teacher/course/courseList
[ info ] reportsystem/teacher/course/courseList [运行时间：1.294164s][吞吐率：0.77req/s] [内存消耗：5,762.47kb] [文件加载：59]
[ info ] [ LANG ] F:\study\www\reportSystem\ThinkPHP\thinkphp\lang\zh-cn.php
[ info ] [ ROUTE ] array (
  'type' => 'module',
  'module' => 
  array (
    0 => 'teacher',
    1 => 'course',
    2 => 'courseList',
  ),
)
[ info ] [ HEADER ] array (
  'host' => 'reportsystem',
  'connection' => 'keep-alive',
  'upgrade-insecure-requests' => '1',
  'user-agent' => 'Mozilla/5.0 (Windows NT 10.0; WOW64) AppleWebKit/537.36 (KHTML, like Gecko) Chrome/71.0.3578.98 Safari/537.36',
  'accept' => 'text/html,application/xhtml+xml,application/xml;q=0.9,image/webp,image/apng,*/*;q=0.8',
  'referer' => 'http://reportsystem/teacher/index/index',
  'accept-encoding' => 'gzip, deflate',
  'accept-language' => 'zh-CN,zh;q=0.9',
  'cookie' => 'pgv_pvi=3972531200; PHPSESSID=lg5ulmkpq3p8pncu7feb7fddl0',
)
[ info ] [ PARAM ] array (
)
[ info ] [ SESSION ] INIT array (
  'id' => '',
  'var_session_id' => '',
  'prefix' => 'think',
  'type' => '',
  'auto_start' => true,
  'httponly' => true,
  'secure' => false,
)
[ info ] [ RUN ] app\teacher\controller\Course->courseList[ F:\study\www\reportSystem\ThinkPHP\app\teacher\controller\Course.php ]
[ info ] [ DB ] INIT mysql
[ info ] [ VIEW ] F:\study\www\reportSystem\ThinkPHP\public/../app/teacher\view\course\courseList.html [ array (
  0 => 'menus',
  1 => 'courseList',
  2 => 'courseNumber',
) ]
[ info ] [ LOG ] INIT File
[ notice ] 菜单方法列表
[ notice ] 显示课程列表
[ sql ] [ DB ] CONNECT:[ UseTime:0.002300s ] mysql:host=127.0.0.1;port=3306;dbname=report_system;charset=utf8
[ sql ] [ SQL ] SHOW COLUMNS FROM `user` [ RunTime:0.003236s ]
[ sql ] [ SQL ] SELECT * FROM `user` WHERE  (  account = 2012032 ) LIMIT 1 [ RunTime:0.002152s ]
[ sql ] [ SQL ] SHOW COLUMNS FROM `role` [ RunTime:0.005137s ]
[ sql ] [ SQL ] SELECT * FROM `role` WHERE  (  roleNo = 1 ) LIMIT 1 [ RunTime:0.001972s ]
[ sql ] [ SQL ] SHOW COLUMNS FROM `menu` [ RunTime:0.003087s ]
[ sql ] [ SQL ] SELECT * FROM `menu` WHERE  `menuNo` IN (29,30,31,32,33,34,35,36,15) [ RunTime:0.002153s ]
[ sql ] [ SQL ] SELECT * FROM `menu` [ RunTime:0.003157s ]
[ sql ] [ SQL ] SHOW COLUMNS FROM `teacher` [ RunTime:0.004886s ]
[ sql ] [ SQL ] SHOW COLUMNS FROM `course` [ RunTime:0.006985s ]
[ sql ] [ SQL ] SELECT COUNT(*) AS tp_count FROM `course` WHERE (  (  teacherNo = '2012032' ) ) AND `course`.`deleteTime` IS NULL LIMIT 1 [ RunTime:0.002238s ]
[ sql ] [ SQL ] SELECT * FROM `course` WHERE (  (  teacherNo = '2012032' ) ) AND `course`.`deleteTime` IS NULL LIMIT 0,15 [ RunTime:0.003518s ]
[ sql ] [ SQL ] SELECT COUNT(*) AS tp_count FROM `course` WHERE (  (  teacherNo = '2012032' ) ) AND `course`.`deleteTime` IS NULL LIMIT 1 [ RunTime:0.005238s ]
---------------------------------------------------------------
[ 2019-05-03T00:24:42+08:00 ] 0.0.0.0 GET /static/fontawesome-5.5.0/css/font-awesome.min.css
[ info ] reportsystem/static/fontawesome-5.5.0/css/font-awesome.min.css [运行时间：0.334029s][吞吐率：2.99req/s] [内存消耗：2,506.24kb] [文件加载：32]
[ info ] [ LANG ] F:\study\www\reportSystem\ThinkPHP\thinkphp\lang\zh-cn.php
[ info ] [ ROUTE ] array (
  'type' => 'module',
  'module' => 
  array (
    0 => 'static',
    1 => 'fontawesome-5.5.0',
    2 => 'css',
  ),
)
[ info ] [ HEADER ] array (
  'host' => 'reportsystem',
  'connection' => 'keep-alive',
  'user-agent' => 'Mozilla/5.0 (Windows NT 10.0; WOW64) AppleWebKit/537.36 (KHTML, like Gecko) Chrome/71.0.3578.98 Safari/537.36',
  'accept' => 'text/css,*/*;q=0.1',
  'referer' => 'http://reportsystem/teacher/course/courseList',
  'accept-encoding' => 'gzip, deflate',
  'accept-language' => 'zh-CN,zh;q=0.9',
  'cookie' => 'pgv_pvi=3972531200; PHPSESSID=lg5ulmkpq3p8pncu7feb7fddl0',
)
[ info ] [ PARAM ] array (
)
[ info ] [ LOG ] INIT File
---------------------------------------------------------------
[ 2019-05-03T00:24:55+08:00 ] 0.0.0.0 GET /teacher/course/courseList
[ info ] reportsystem/teacher/course/courseList [运行时间：0.857542s][吞吐率：1.17req/s] [内存消耗：5,762.28kb] [文件加载：59]
[ info ] [ LANG ] F:\study\www\reportSystem\ThinkPHP\thinkphp\lang\zh-cn.php
[ info ] [ ROUTE ] array (
  'type' => 'module',
  'module' => 
  array (
    0 => 'teacher',
    1 => 'course',
    2 => 'courseList',
  ),
)
[ info ] [ HEADER ] array (
  'host' => 'reportsystem',
  'connection' => 'keep-alive',
  'upgrade-insecure-requests' => '1',
  'user-agent' => 'Mozilla/5.0 (Windows NT 10.0; WOW64) AppleWebKit/537.36 (KHTML, like Gecko) Chrome/71.0.3578.98 Safari/537.36',
  'accept' => 'text/html,application/xhtml+xml,application/xml;q=0.9,image/webp,image/apng,*/*;q=0.8',
  'referer' => 'http://reportsystem/teacher/course/courseList',
  'accept-encoding' => 'gzip, deflate',
  'accept-language' => 'zh-CN,zh;q=0.9',
  'cookie' => 'pgv_pvi=3972531200; PHPSESSID=lg5ulmkpq3p8pncu7feb7fddl0',
)
[ info ] [ PARAM ] array (
)
[ info ] [ SESSION ] INIT array (
  'id' => '',
  'var_session_id' => '',
  'prefix' => 'think',
  'type' => '',
  'auto_start' => true,
  'httponly' => true,
  'secure' => false,
)
[ info ] [ RUN ] app\teacher\controller\Course->courseList[ F:\study\www\reportSystem\ThinkPHP\app\teacher\controller\Course.php ]
[ info ] [ DB ] INIT mysql
[ info ] [ VIEW ] F:\study\www\reportSystem\ThinkPHP\public/../app/teacher\view\course\courseList.html [ array (
  0 => 'menus',
  1 => 'courseList',
  2 => 'courseNumber',
) ]
[ info ] [ LOG ] INIT File
[ notice ] 菜单方法列表
[ notice ] 显示课程列表
[ sql ] [ DB ] CONNECT:[ UseTime:0.002356s ] mysql:host=127.0.0.1;port=3306;dbname=report_system;charset=utf8
[ sql ] [ SQL ] SHOW COLUMNS FROM `user` [ RunTime:0.004910s ]
[ sql ] [ SQL ] SELECT * FROM `user` WHERE  (  account = 2012032 ) LIMIT 1 [ RunTime:0.001654s ]
[ sql ] [ SQL ] SHOW COLUMNS FROM `role` [ RunTime:0.003720s ]
[ sql ] [ SQL ] SELECT * FROM `role` WHERE  (  roleNo = 1 ) LIMIT 1 [ RunTime:0.001583s ]
[ sql ] [ SQL ] SHOW COLUMNS FROM `menu` [ RunTime:0.004393s ]
[ sql ] [ SQL ] SELECT * FROM `menu` WHERE  `menuNo` IN (29,30,31,32,33,34,35,36,15) [ RunTime:0.002243s ]
[ sql ] [ SQL ] SELECT * FROM `menu` [ RunTime:0.003509s ]
[ sql ] [ SQL ] SHOW COLUMNS FROM `teacher` [ RunTime:0.006637s ]
[ sql ] [ SQL ] SHOW COLUMNS FROM `course` [ RunTime:0.006507s ]
[ sql ] [ SQL ] SELECT COUNT(*) AS tp_count FROM `course` WHERE (  (  teacherNo = '2012032' ) ) AND `course`.`deleteTime` IS NULL LIMIT 1 [ RunTime:0.002478s ]
[ sql ] [ SQL ] SELECT * FROM `course` WHERE (  (  teacherNo = '2012032' ) ) AND `course`.`deleteTime` IS NULL LIMIT 0,15 [ RunTime:0.005299s ]
[ sql ] [ SQL ] SELECT COUNT(*) AS tp_count FROM `course` WHERE (  (  teacherNo = '2012032' ) ) AND `course`.`deleteTime` IS NULL LIMIT 1 [ RunTime:0.002494s ]
---------------------------------------------------------------
[ 2019-05-03T00:24:55+08:00 ] 0.0.0.0 GET /static/fontawesome-5.5.0/css/font-awesome.min.css
[ info ] reportsystem/static/fontawesome-5.5.0/css/font-awesome.min.css [运行时间：0.309290s][吞吐率：3.23req/s] [内存消耗：2,506.24kb] [文件加载：32]
[ info ] [ LANG ] F:\study\www\reportSystem\ThinkPHP\thinkphp\lang\zh-cn.php
[ info ] [ ROUTE ] array (
  'type' => 'module',
  'module' => 
  array (
    0 => 'static',
    1 => 'fontawesome-5.5.0',
    2 => 'css',
  ),
)
[ info ] [ HEADER ] array (
  'host' => 'reportsystem',
  'connection' => 'keep-alive',
  'user-agent' => 'Mozilla/5.0 (Windows NT 10.0; WOW64) AppleWebKit/537.36 (KHTML, like Gecko) Chrome/71.0.3578.98 Safari/537.36',
  'accept' => 'text/css,*/*;q=0.1',
  'referer' => 'http://reportsystem/teacher/course/courseList',
  'accept-encoding' => 'gzip, deflate',
  'accept-language' => 'zh-CN,zh;q=0.9',
  'cookie' => 'pgv_pvi=3972531200; PHPSESSID=lg5ulmkpq3p8pncu7feb7fddl0',
)
[ info ] [ PARAM ] array (
)
[ info ] [ LOG ] INIT File
---------------------------------------------------------------
[ 2019-05-03T00:27:18+08:00 ] 0.0.0.0 GET /teacher/course/courseList
[ info ] reportsystem/teacher/course/courseList [运行时间：1.242927s][吞吐率：0.80req/s] [内存消耗：6,032.66kb] [文件加载：61]
[ info ] [ LANG ] F:\study\www\reportSystem\ThinkPHP\thinkphp\lang\zh-cn.php
[ info ] [ ROUTE ] array (
  'type' => 'module',
  'module' => 
  array (
    0 => 'teacher',
    1 => 'course',
    2 => 'courseList',
  ),
)
[ info ] [ HEADER ] array (
  'host' => 'reportsystem',
  'connection' => 'keep-alive',
  'cache-control' => 'max-age=0',
  'upgrade-insecure-requests' => '1',
  'user-agent' => 'Mozilla/5.0 (Windows NT 10.0; WOW64) AppleWebKit/537.36 (KHTML, like Gecko) Chrome/71.0.3578.98 Safari/537.36',
  'accept' => 'text/html,application/xhtml+xml,application/xml;q=0.9,image/webp,image/apng,*/*;q=0.8',
  'referer' => 'http://reportsystem/teacher/course/courseList',
  'accept-encoding' => 'gzip, deflate',
  'accept-language' => 'zh-CN,zh;q=0.9',
  'cookie' => 'pgv_pvi=3972531200; PHPSESSID=lg5ulmkpq3p8pncu7feb7fddl0',
)
[ info ] [ PARAM ] array (
)
[ info ] [ SESSION ] INIT array (
  'id' => '',
  'var_session_id' => '',
  'prefix' => 'think',
  'type' => '',
  'auto_start' => true,
  'httponly' => true,
  'secure' => false,
)
[ info ] [ RUN ] app\teacher\controller\Course->courseList[ F:\study\www\reportSystem\ThinkPHP\app\teacher\controller\Course.php ]
[ info ] [ DB ] INIT mysql
[ info ] [ VIEW ] F:\study\www\reportSystem\ThinkPHP\public/../app/teacher\view\course\courseList.html [ array (
  0 => 'menus',
  1 => 'courseList',
  2 => 'courseNumber',
) ]
[ info ] [ LOG ] INIT File
[ notice ] 菜单方法列表
[ notice ] 显示课程列表
[ sql ] [ DB ] CONNECT:[ UseTime:0.002430s ] mysql:host=127.0.0.1;port=3306;dbname=report_system;charset=utf8
[ sql ] [ SQL ] SHOW COLUMNS FROM `user` [ RunTime:0.002575s ]
[ sql ] [ SQL ] SELECT * FROM `user` WHERE  (  account = 2012032 ) LIMIT 1 [ RunTime:0.003167s ]
[ sql ] [ SQL ] SHOW COLUMNS FROM `role` [ RunTime:0.006651s ]
[ sql ] [ SQL ] SELECT * FROM `role` WHERE  (  roleNo = 1 ) LIMIT 1 [ RunTime:0.003811s ]
[ sql ] [ SQL ] SHOW COLUMNS FROM `menu` [ RunTime:0.005407s ]
[ sql ] [ SQL ] SELECT * FROM `menu` WHERE  `menuNo` IN (29,30,31,32,33,34,35,36,15) [ RunTime:0.003062s ]
[ sql ] [ SQL ] SELECT * FROM `menu` [ RunTime:0.003973s ]
[ sql ] [ SQL ] SHOW COLUMNS FROM `teacher` [ RunTime:0.003608s ]
[ sql ] [ SQL ] SHOW COLUMNS FROM `course` [ RunTime:0.003923s ]
[ sql ] [ SQL ] SELECT COUNT(*) AS tp_count FROM `course` WHERE (  (  teacherNo = '2012032' ) ) AND `course`.`deleteTime` IS NULL LIMIT 1 [ RunTime:0.003914s ]
[ sql ] [ SQL ] SELECT * FROM `course` WHERE (  (  teacherNo = '2012032' ) ) AND `course`.`deleteTime` IS NULL LIMIT 0,15 [ RunTime:0.003113s ]
[ sql ] [ SQL ] SELECT COUNT(*) AS tp_count FROM `course` WHERE (  (  teacherNo = '2012032' ) ) AND `course`.`deleteTime` IS NULL LIMIT 1 [ RunTime:0.001869s ]
---------------------------------------------------------------
[ 2019-05-03T00:27:19+08:00 ] 0.0.0.0 GET /static/fontawesome-5.5.0/css/font-awesome.min.css
[ info ] reportsystem/static/fontawesome-5.5.0/css/font-awesome.min.css [运行时间：0.186309s][吞吐率：5.37req/s] [内存消耗：2,506.24kb] [文件加载：32]
[ info ] [ LANG ] F:\study\www\reportSystem\ThinkPHP\thinkphp\lang\zh-cn.php
[ info ] [ ROUTE ] array (
  'type' => 'module',
  'module' => 
  array (
    0 => 'static',
    1 => 'fontawesome-5.5.0',
    2 => 'css',
  ),
)
[ info ] [ HEADER ] array (
  'host' => 'reportsystem',
  'connection' => 'keep-alive',
  'user-agent' => 'Mozilla/5.0 (Windows NT 10.0; WOW64) AppleWebKit/537.36 (KHTML, like Gecko) Chrome/71.0.3578.98 Safari/537.36',
  'accept' => 'text/css,*/*;q=0.1',
  'referer' => 'http://reportsystem/teacher/course/courseList',
  'accept-encoding' => 'gzip, deflate',
  'accept-language' => 'zh-CN,zh;q=0.9',
  'cookie' => 'pgv_pvi=3972531200; PHPSESSID=lg5ulmkpq3p8pncu7feb7fddl0',
)
[ info ] [ PARAM ] array (
)
[ info ] [ LOG ] INIT File
---------------------------------------------------------------
[ 2019-05-03T00:27:34+08:00 ] 0.0.0.0 GET /teacher/course/courseList
[ info ] reportsystem/teacher/course/courseList [运行时间：1.134405s][吞吐率：0.88req/s] [内存消耗：6,028.13kb] [文件加载：61]
[ info ] [ LANG ] F:\study\www\reportSystem\ThinkPHP\thinkphp\lang\zh-cn.php
[ info ] [ ROUTE ] array (
  'type' => 'module',
  'module' => 
  array (
    0 => 'teacher',
    1 => 'course',
    2 => 'courseList',
  ),
)
[ info ] [ HEADER ] array (
  'host' => 'reportsystem',
  'connection' => 'keep-alive',
  'cache-control' => 'max-age=0',
  'upgrade-insecure-requests' => '1',
  'user-agent' => 'Mozilla/5.0 (Windows NT 10.0; WOW64) AppleWebKit/537.36 (KHTML, like Gecko) Chrome/71.0.3578.98 Safari/537.36',
  'accept' => 'text/html,application/xhtml+xml,application/xml;q=0.9,image/webp,image/apng,*/*;q=0.8',
  'referer' => 'http://reportsystem/teacher/course/courseList',
  'accept-encoding' => 'gzip, deflate',
  'accept-language' => 'zh-CN,zh;q=0.9',
  'cookie' => 'pgv_pvi=3972531200; PHPSESSID=lg5ulmkpq3p8pncu7feb7fddl0',
)
[ info ] [ PARAM ] array (
)
[ info ] [ SESSION ] INIT array (
  'id' => '',
  'var_session_id' => '',
  'prefix' => 'think',
  'type' => '',
  'auto_start' => true,
  'httponly' => true,
  'secure' => false,
)
[ info ] [ RUN ] app\teacher\controller\Course->courseList[ F:\study\www\reportSystem\ThinkPHP\app\teacher\controller\Course.php ]
[ info ] [ DB ] INIT mysql
[ info ] [ VIEW ] F:\study\www\reportSystem\ThinkPHP\public/../app/teacher\view\course\courseList.html [ array (
  0 => 'menus',
  1 => 'courseList',
  2 => 'courseNumber',
) ]
[ info ] [ LOG ] INIT File
[ notice ] 菜单方法列表
[ notice ] 显示课程列表
[ sql ] [ DB ] CONNECT:[ UseTime:0.010790s ] mysql:host=127.0.0.1;port=3306;dbname=report_system;charset=utf8
[ sql ] [ SQL ] SHOW COLUMNS FROM `user` [ RunTime:0.003658s ]
[ sql ] [ SQL ] SELECT * FROM `user` WHERE  (  account = 2012032 ) LIMIT 1 [ RunTime:0.003517s ]
[ sql ] [ SQL ] SHOW COLUMNS FROM `role` [ RunTime:0.003700s ]
[ sql ] [ SQL ] SELECT * FROM `role` WHERE  (  roleNo = 1 ) LIMIT 1 [ RunTime:0.003095s ]
[ sql ] [ SQL ] SHOW COLUMNS FROM `menu` [ RunTime:0.006440s ]
[ sql ] [ SQL ] SELECT * FROM `menu` WHERE  `menuNo` IN (29,30,31,32,33,34,35,36,15) [ RunTime:0.003837s ]
[ sql ] [ SQL ] SELECT * FROM `menu` [ RunTime:0.005914s ]
[ sql ] [ SQL ] SHOW COLUMNS FROM `teacher` [ RunTime:0.005120s ]
[ sql ] [ SQL ] SHOW COLUMNS FROM `course` [ RunTime:0.003693s ]
[ sql ] [ SQL ] SELECT COUNT(*) AS tp_count FROM `course` WHERE (  (  teacherNo = '2012032' ) ) AND `course`.`deleteTime` IS NULL LIMIT 1 [ RunTime:0.002594s ]
[ sql ] [ SQL ] SELECT * FROM `course` WHERE (  (  teacherNo = '2012032' ) ) AND `course`.`deleteTime` IS NULL LIMIT 0,15 [ RunTime:0.003118s ]
[ sql ] [ SQL ] SELECT COUNT(*) AS tp_count FROM `course` WHERE (  (  teacherNo = '2012032' ) ) AND `course`.`deleteTime` IS NULL LIMIT 1 [ RunTime:0.003221s ]
---------------------------------------------------------------
[ 2019-05-03T00:27:34+08:00 ] 0.0.0.0 GET /static/fontawesome-5.5.0/css/font-awesome.min.css
[ info ] reportsystem/static/fontawesome-5.5.0/css/font-awesome.min.css [运行时间：0.236115s][吞吐率：4.24req/s] [内存消耗：2,506.24kb] [文件加载：32]
[ info ] [ LANG ] F:\study\www\reportSystem\ThinkPHP\thinkphp\lang\zh-cn.php
[ info ] [ ROUTE ] array (
  'type' => 'module',
  'module' => 
  array (
    0 => 'static',
    1 => 'fontawesome-5.5.0',
    2 => 'css',
  ),
)
[ info ] [ HEADER ] array (
  'host' => 'reportsystem',
  'connection' => 'keep-alive',
  'user-agent' => 'Mozilla/5.0 (Windows NT 10.0; WOW64) AppleWebKit/537.36 (KHTML, like Gecko) Chrome/71.0.3578.98 Safari/537.36',
  'accept' => 'text/css,*/*;q=0.1',
  'referer' => 'http://reportsystem/teacher/course/courseList',
  'accept-encoding' => 'gzip, deflate',
  'accept-language' => 'zh-CN,zh;q=0.9',
  'cookie' => 'pgv_pvi=3972531200; PHPSESSID=lg5ulmkpq3p8pncu7feb7fddl0',
)
[ info ] [ PARAM ] array (
)
[ info ] [ LOG ] INIT File
---------------------------------------------------------------
[ 2019-05-03T00:28:02+08:00 ] 0.0.0.0 GET /teacher/course/courseList
[ info ] reportsystem/teacher/course/courseList [运行时间：1.166363s][吞吐率：0.86req/s] [内存消耗：6,029.77kb] [文件加载：61]
[ info ] [ LANG ] F:\study\www\reportSystem\ThinkPHP\thinkphp\lang\zh-cn.php
[ info ] [ ROUTE ] array (
  'type' => 'module',
  'module' => 
  array (
    0 => 'teacher',
    1 => 'course',
    2 => 'courseList',
  ),
)
[ info ] [ HEADER ] array (
  'host' => 'reportsystem',
  'connection' => 'keep-alive',
  'cache-control' => 'max-age=0',
  'upgrade-insecure-requests' => '1',
  'user-agent' => 'Mozilla/5.0 (Windows NT 10.0; WOW64) AppleWebKit/537.36 (KHTML, like Gecko) Chrome/71.0.3578.98 Safari/537.36',
  'accept' => 'text/html,application/xhtml+xml,application/xml;q=0.9,image/webp,image/apng,*/*;q=0.8',
  'referer' => 'http://reportsystem/teacher/course/courseList',
  'accept-encoding' => 'gzip, deflate',
  'accept-language' => 'zh-CN,zh;q=0.9',
  'cookie' => 'pgv_pvi=3972531200; PHPSESSID=lg5ulmkpq3p8pncu7feb7fddl0',
)
[ info ] [ PARAM ] array (
)
[ info ] [ SESSION ] INIT array (
  'id' => '',
  'var_session_id' => '',
  'prefix' => 'think',
  'type' => '',
  'auto_start' => true,
  'httponly' => true,
  'secure' => false,
)
[ info ] [ RUN ] app\teacher\controller\Course->courseList[ F:\study\www\reportSystem\ThinkPHP\app\teacher\controller\Course.php ]
[ info ] [ DB ] INIT mysql
[ info ] [ VIEW ] F:\study\www\reportSystem\ThinkPHP\public/../app/teacher\view\course\courseList.html [ array (
  0 => 'menus',
  1 => 'courseList',
  2 => 'courseNumber',
) ]
[ info ] [ LOG ] INIT File
[ notice ] 菜单方法列表
[ notice ] 显示课程列表
[ sql ] [ DB ] CONNECT:[ UseTime:0.004214s ] mysql:host=127.0.0.1;port=3306;dbname=report_system;charset=utf8
[ sql ] [ SQL ] SHOW COLUMNS FROM `user` [ RunTime:0.004338s ]
[ sql ] [ SQL ] SELECT * FROM `user` WHERE  (  account = 2012032 ) LIMIT 1 [ RunTime:0.003012s ]
[ sql ] [ SQL ] SHOW COLUMNS FROM `role` [ RunTime:0.003419s ]
[ sql ] [ SQL ] SELECT * FROM `role` WHERE  (  roleNo = 1 ) LIMIT 1 [ RunTime:0.005269s ]
[ sql ] [ SQL ] SHOW COLUMNS FROM `menu` [ RunTime:0.004697s ]
[ sql ] [ SQL ] SELECT * FROM `menu` WHERE  `menuNo` IN (29,30,31,32,33,34,35,36,15) [ RunTime:0.007006s ]
[ sql ] [ SQL ] SELECT * FROM `menu` [ RunTime:0.004218s ]
[ sql ] [ SQL ] SHOW COLUMNS FROM `teacher` [ RunTime:0.003335s ]
[ sql ] [ SQL ] SHOW COLUMNS FROM `course` [ RunTime:0.003351s ]
[ sql ] [ SQL ] SELECT COUNT(*) AS tp_count FROM `course` WHERE (  (  teacherNo = '2012032' ) ) AND `course`.`deleteTime` IS NULL LIMIT 1 [ RunTime:0.003595s ]
[ sql ] [ SQL ] SELECT * FROM `course` WHERE (  (  teacherNo = '2012032' ) ) AND `course`.`deleteTime` IS NULL LIMIT 0,15 [ RunTime:0.004402s ]
[ sql ] [ SQL ] SELECT COUNT(*) AS tp_count FROM `course` WHERE (  (  teacherNo = '2012032' ) ) AND `course`.`deleteTime` IS NULL LIMIT 1 [ RunTime:0.001760s ]
---------------------------------------------------------------
[ 2019-05-03T00:28:02+08:00 ] 0.0.0.0 GET /static/fontawesome-5.5.0/css/font-awesome.min.css
[ info ] reportsystem/static/fontawesome-5.5.0/css/font-awesome.min.css [运行时间：0.226763s][吞吐率：4.41req/s] [内存消耗：2,506.24kb] [文件加载：32]
[ info ] [ LANG ] F:\study\www\reportSystem\ThinkPHP\thinkphp\lang\zh-cn.php
[ info ] [ ROUTE ] array (
  'type' => 'module',
  'module' => 
  array (
    0 => 'static',
    1 => 'fontawesome-5.5.0',
    2 => 'css',
  ),
)
[ info ] [ HEADER ] array (
  'host' => 'reportsystem',
  'connection' => 'keep-alive',
  'user-agent' => 'Mozilla/5.0 (Windows NT 10.0; WOW64) AppleWebKit/537.36 (KHTML, like Gecko) Chrome/71.0.3578.98 Safari/537.36',
  'accept' => 'text/css,*/*;q=0.1',
  'referer' => 'http://reportsystem/teacher/course/courseList',
  'accept-encoding' => 'gzip, deflate',
  'accept-language' => 'zh-CN,zh;q=0.9',
  'cookie' => 'pgv_pvi=3972531200; PHPSESSID=lg5ulmkpq3p8pncu7feb7fddl0',
)
[ info ] [ PARAM ] array (
)
[ info ] [ LOG ] INIT File
