---------------------------------------------------------------
[ 2019-02-04T00:05:42+08:00 ] 0.0.0.0 GET /teacher/report/reportList
[ info ] reportsystem/teacher/report/reportList [运行时间：0.255175s][吞吐率：3.92req/s] [内存消耗：5,340.13kb] [文件加载：56]
[ info ] [ LANG ] F:\study\www\reportSystem\ThinkPHP\thinkphp\lang\zh-cn.php
[ info ] [ ROUTE ] array (
  'type' => 'module',
  'module' => 
  array (
    0 => 'teacher',
    1 => 'report',
    2 => 'reportList',
  ),
)
[ info ] [ HEADER ] array (
  'host' => 'reportsystem',
  'connection' => 'keep-alive',
  'cache-control' => 'max-age=0',
  'upgrade-insecure-requests' => '1',
  'user-agent' => 'Mozilla/5.0 (Windows NT 10.0; WOW64) AppleWebKit/537.36 (KHTML, like Gecko) Chrome/71.0.3578.98 Safari/537.36',
  'accept' => 'text/html,application/xhtml+xml,application/xml;q=0.9,image/webp,image/apng,*/*;q=0.8',
  'referer' => 'http://reportsystem/teacher/index/index',
  'accept-encoding' => 'gzip, deflate',
  'accept-language' => 'zh-CN,zh;q=0.9',
  'cookie' => 'pgv_pvi=3972531200; PHPSESSID=3u1lsk94p9uk2f37mivi0g3bp4',
)
[ info ] [ PARAM ] array (
)
[ info ] [ SESSION ] INIT array (
  'id' => '',
  'var_session_id' => '',
  'prefix' => 'think',
  'type' => '',
  'auto_start' => true,
  'httponly' => true,
  'secure' => false,
)
[ info ] [ RUN ] app\teacher\controller\Report->reportList[ F:\study\www\reportSystem\ThinkPHP\app\teacher\controller\Report.php ]
[ info ] [ DB ] INIT mysql
[ info ] [ LOG ] INIT File
[ notice ] 显示实验报告列表
[ sql ] [ DB ] CONNECT:[ UseTime:0.002970s ] mysql:host=127.0.0.1;port=3306;dbname=report_system;charset=utf8
[ sql ] [ SQL ] SHOW COLUMNS FROM `report` [ RunTime:0.002793s ]
[ sql ] [ SQL ] SELECT COUNT(*) AS tp_count FROM `report` `a` INNER JOIN `course` `b` ON `a`.`courseNo`=`b`.`courseNo` INNER JOIN `teacher` `c` ON `a`.`teacherNo`=`c`.`teacherNo` INNER JOIN `student` `d` ON `a`.`studentNo`=`d`.`studentNo` INNER JOIN `task` `e` ON `a`.`taskNo`=`e`.`taskNo` WHERE  (  a.teacherNo = '1999013' ) LIMIT 1 [ RunTime:0.001543s ]
[ sql ] [ SQL ] SELECT * FROM `report` `a` INNER JOIN `course` `b` ON `a`.`courseNo`=`b`.`courseNo` INNER JOIN `teacher` `c` ON `a`.`teacherNo`=`c`.`teacherNo` INNER JOIN `student` `d` ON `a`.`studentNo`=`d`.`studentNo` INNER JOIN `task` `e` ON `a`.`taskNo`=`e`.`taskNo` WHERE  (  a.teacherNo = '1999013' ) LIMIT 0,15 [ RunTime:0.004183s ]
[ sql ] [ SQL ] SELECT COUNT(*) AS tp_count FROM `report` `a` INNER JOIN `course` `b` ON `a`.`courseNo`=`b`.`courseNo` INNER JOIN `report` `c` ON `a`.`teacherNo`=`c`.`teacherNo` INNER JOIN `student` `d` ON `c`.`studentNo`=`d`.`studentNo` INNER JOIN `task` `e` ON `a`.`taskNo`=`e`.`taskNo` WHERE  (  a.teacherNo = '1999013' ) LIMIT 1 [ RunTime:0.002020s ]
[ sql ] [ SQL ] SHOW COLUMNS FROM `course` [ RunTime:0.003935s ]
[ error ] [10501]SQLSTATE[42S22]: Column not found: 1054 Unknown column 'a.teacherNo' in 'where clause'[F:\study\www\reportSystem\ThinkPHP\thinkphp\library\think\db\Connection.php:390]
---------------------------------------------------------------
[ 2019-02-04T00:06:06+08:00 ] 0.0.0.0 GET /teacher/report/reportList
[ info ] reportsystem/teacher/report/reportList [运行时间：0.333443s][吞吐率：3.00req/s] [内存消耗：5,548.35kb] [文件加载：54]
[ info ] [ LANG ] F:\study\www\reportSystem\ThinkPHP\thinkphp\lang\zh-cn.php
[ info ] [ ROUTE ] array (
  'type' => 'module',
  'module' => 
  array (
    0 => 'teacher',
    1 => 'report',
    2 => 'reportList',
  ),
)
[ info ] [ HEADER ] array (
  'host' => 'reportsystem',
  'connection' => 'keep-alive',
  'cache-control' => 'max-age=0',
  'upgrade-insecure-requests' => '1',
  'user-agent' => 'Mozilla/5.0 (Windows NT 10.0; WOW64) AppleWebKit/537.36 (KHTML, like Gecko) Chrome/71.0.3578.98 Safari/537.36',
  'accept' => 'text/html,application/xhtml+xml,application/xml;q=0.9,image/webp,image/apng,*/*;q=0.8',
  'referer' => 'http://reportsystem/teacher/index/index',
  'accept-encoding' => 'gzip, deflate',
  'accept-language' => 'zh-CN,zh;q=0.9',
  'cookie' => 'pgv_pvi=3972531200; PHPSESSID=3u1lsk94p9uk2f37mivi0g3bp4',
)
[ info ] [ PARAM ] array (
)
[ info ] [ SESSION ] INIT array (
  'id' => '',
  'var_session_id' => '',
  'prefix' => 'think',
  'type' => '',
  'auto_start' => true,
  'httponly' => true,
  'secure' => false,
)
[ info ] [ RUN ] app\teacher\controller\Report->reportList[ F:\study\www\reportSystem\ThinkPHP\app\teacher\controller\Report.php ]
[ info ] [ DB ] INIT mysql
[ info ] [ VIEW ] F:\study\www\reportSystem\ThinkPHP\public/../app/teacher\view\report\reportList.html [ array (
  0 => 'reportList',
  1 => 'reportNumber',
  2 => 'courseList',
) ]
[ info ] [ LOG ] INIT File
[ notice ] 显示实验报告列表
[ sql ] [ DB ] CONNECT:[ UseTime:0.002997s ] mysql:host=127.0.0.1;port=3306;dbname=report_system;charset=utf8
[ sql ] [ SQL ] SHOW COLUMNS FROM `report` [ RunTime:0.003562s ]
[ sql ] [ SQL ] SELECT COUNT(*) AS tp_count FROM `report` `a` INNER JOIN `course` `b` ON `a`.`courseNo`=`b`.`courseNo` INNER JOIN `teacher` `c` ON `a`.`teacherNo`=`c`.`teacherNo` INNER JOIN `student` `d` ON `a`.`studentNo`=`d`.`studentNo` INNER JOIN `task` `e` ON `a`.`taskNo`=`e`.`taskNo` WHERE  (  a.teacherNo = '1999013' ) LIMIT 1 [ RunTime:0.001416s ]
[ sql ] [ SQL ] SELECT * FROM `report` `a` INNER JOIN `course` `b` ON `a`.`courseNo`=`b`.`courseNo` INNER JOIN `teacher` `c` ON `a`.`teacherNo`=`c`.`teacherNo` INNER JOIN `student` `d` ON `a`.`studentNo`=`d`.`studentNo` INNER JOIN `task` `e` ON `a`.`taskNo`=`e`.`taskNo` WHERE  (  a.teacherNo = '1999013' ) LIMIT 0,15 [ RunTime:0.005903s ]
[ sql ] [ SQL ] SELECT COUNT(*) AS tp_count FROM `report` `a` INNER JOIN `course` `b` ON `a`.`courseNo`=`b`.`courseNo` INNER JOIN `report` `c` ON `a`.`teacherNo`=`c`.`teacherNo` INNER JOIN `student` `d` ON `c`.`studentNo`=`d`.`studentNo` INNER JOIN `task` `e` ON `a`.`taskNo`=`e`.`taskNo` WHERE  (  a.teacherNo = '1999013' ) LIMIT 1 [ RunTime:0.001371s ]
[ sql ] [ SQL ] SHOW COLUMNS FROM `course` [ RunTime:0.004612s ]
[ sql ] [ SQL ] SELECT * FROM `course` WHERE  (  teacherNo = '1999013' ) [ RunTime:0.002116s ]
---------------------------------------------------------------
[ 2019-02-04T00:10:29+08:00 ] 0.0.0.0 GET /teacher/report/reportList
[ info ] reportsystem/teacher/report/reportList [运行时间：0.319494s][吞吐率：3.13req/s] [内存消耗：5,555.46kb] [文件加载：54]
[ info ] [ LANG ] F:\study\www\reportSystem\ThinkPHP\thinkphp\lang\zh-cn.php
[ info ] [ ROUTE ] array (
  'type' => 'module',
  'module' => 
  array (
    0 => 'teacher',
    1 => 'report',
    2 => 'reportList',
  ),
)
[ info ] [ HEADER ] array (
  'host' => 'reportsystem',
  'connection' => 'keep-alive',
  'cache-control' => 'max-age=0',
  'upgrade-insecure-requests' => '1',
  'user-agent' => 'Mozilla/5.0 (Windows NT 10.0; WOW64) AppleWebKit/537.36 (KHTML, like Gecko) Chrome/71.0.3578.98 Safari/537.36',
  'accept' => 'text/html,application/xhtml+xml,application/xml;q=0.9,image/webp,image/apng,*/*;q=0.8',
  'referer' => 'http://reportsystem/teacher/index/index',
  'accept-encoding' => 'gzip, deflate',
  'accept-language' => 'zh-CN,zh;q=0.9',
  'cookie' => 'pgv_pvi=3972531200; PHPSESSID=3u1lsk94p9uk2f37mivi0g3bp4',
)
[ info ] [ PARAM ] array (
)
[ info ] [ SESSION ] INIT array (
  'id' => '',
  'var_session_id' => '',
  'prefix' => 'think',
  'type' => '',
  'auto_start' => true,
  'httponly' => true,
  'secure' => false,
)
[ info ] [ RUN ] app\teacher\controller\Report->reportList[ F:\study\www\reportSystem\ThinkPHP\app\teacher\controller\Report.php ]
[ info ] [ DB ] INIT mysql
[ info ] [ VIEW ] F:\study\www\reportSystem\ThinkPHP\public/../app/teacher\view\report\reportList.html [ array (
  0 => 'reportList',
  1 => 'reportNumber',
  2 => 'courseList',
) ]
[ info ] [ LOG ] INIT File
[ notice ] 显示实验报告列表
[ sql ] [ DB ] CONNECT:[ UseTime:0.012515s ] mysql:host=127.0.0.1;port=3306;dbname=report_system;charset=utf8
[ sql ] [ SQL ] SHOW COLUMNS FROM `report` [ RunTime:0.002871s ]
[ sql ] [ SQL ] SELECT COUNT(*) AS tp_count FROM `report` `a` INNER JOIN `course` `b` ON `a`.`courseNo`=`b`.`courseNo` INNER JOIN `teacher` `c` ON `a`.`teacherNo`=`c`.`teacherNo` INNER JOIN `student` `d` ON `a`.`studentNo`=`d`.`studentNo` INNER JOIN `task` `e` ON `a`.`taskNo`=`e`.`taskNo` WHERE  (  a.teacherNo = '1999013' ) LIMIT 1 [ RunTime:0.001345s ]
[ sql ] [ SQL ] SELECT * FROM `report` `a` INNER JOIN `course` `b` ON `a`.`courseNo`=`b`.`courseNo` INNER JOIN `teacher` `c` ON `a`.`teacherNo`=`c`.`teacherNo` INNER JOIN `student` `d` ON `a`.`studentNo`=`d`.`studentNo` INNER JOIN `task` `e` ON `a`.`taskNo`=`e`.`taskNo` WHERE  (  a.teacherNo = '1999013' ) LIMIT 0,15 [ RunTime:0.003335s ]
[ sql ] [ SQL ] SELECT COUNT(*) AS tp_count FROM `report` `a` INNER JOIN `course` `b` ON `a`.`courseNo`=`b`.`courseNo` INNER JOIN `report` `c` ON `a`.`teacherNo`=`c`.`teacherNo` INNER JOIN `student` `d` ON `c`.`studentNo`=`d`.`studentNo` INNER JOIN `task` `e` ON `a`.`taskNo`=`e`.`taskNo` WHERE  (  a.teacherNo = '1999013' ) LIMIT 1 [ RunTime:0.001433s ]
[ sql ] [ SQL ] SHOW COLUMNS FROM `course` [ RunTime:0.002112s ]
[ sql ] [ SQL ] SELECT * FROM `course` WHERE  (  teacherNo = '1999013' ) [ RunTime:0.002385s ]
---------------------------------------------------------------
[ 2019-02-04T00:11:37+08:00 ] 0.0.0.0 GET /teacher/report/reportList
[ info ] reportsystem/teacher/report/reportList [运行时间：0.202419s][吞吐率：4.94req/s] [内存消耗：5,293.34kb] [文件加载：52]
[ info ] [ LANG ] F:\study\www\reportSystem\ThinkPHP\thinkphp\lang\zh-cn.php
[ info ] [ ROUTE ] array (
  'type' => 'module',
  'module' => 
  array (
    0 => 'teacher',
    1 => 'report',
    2 => 'reportList',
  ),
)
[ info ] [ HEADER ] array (
  'host' => 'reportsystem',
  'connection' => 'keep-alive',
  'cache-control' => 'max-age=0',
  'upgrade-insecure-requests' => '1',
  'user-agent' => 'Mozilla/5.0 (Windows NT 10.0; WOW64) AppleWebKit/537.36 (KHTML, like Gecko) Chrome/71.0.3578.98 Safari/537.36',
  'accept' => 'text/html,application/xhtml+xml,application/xml;q=0.9,image/webp,image/apng,*/*;q=0.8',
  'referer' => 'http://reportsystem/teacher/index/index',
  'accept-encoding' => 'gzip, deflate',
  'accept-language' => 'zh-CN,zh;q=0.9',
  'cookie' => 'pgv_pvi=3972531200; PHPSESSID=3u1lsk94p9uk2f37mivi0g3bp4',
)
[ info ] [ PARAM ] array (
)
[ info ] [ SESSION ] INIT array (
  'id' => '',
  'var_session_id' => '',
  'prefix' => 'think',
  'type' => '',
  'auto_start' => true,
  'httponly' => true,
  'secure' => false,
)
[ info ] [ RUN ] app\teacher\controller\Report->reportList[ F:\study\www\reportSystem\ThinkPHP\app\teacher\controller\Report.php ]
[ info ] [ DB ] INIT mysql
[ info ] [ VIEW ] F:\study\www\reportSystem\ThinkPHP\public/../app/teacher\view\report\reportList.html [ array (
  0 => 'reportList',
  1 => 'reportNumber',
  2 => 'courseList',
) ]
[ info ] [ LOG ] INIT File
[ notice ] 显示实验报告列表
[ sql ] [ DB ] CONNECT:[ UseTime:0.002401s ] mysql:host=127.0.0.1;port=3306;dbname=report_system;charset=utf8
[ sql ] [ SQL ] SHOW COLUMNS FROM `report` [ RunTime:0.002803s ]
[ sql ] [ SQL ] SELECT COUNT(*) AS tp_count FROM `report` `a` INNER JOIN `course` `b` ON `a`.`courseNo`=`b`.`courseNo` INNER JOIN `teacher` `c` ON `a`.`teacherNo`=`c`.`teacherNo` INNER JOIN `student` `d` ON `a`.`studentNo`=`d`.`studentNo` INNER JOIN `task` `e` ON `a`.`taskNo`=`e`.`taskNo` WHERE  (  a.teacherNo = '1999013' ) LIMIT 1 [ RunTime:0.001678s ]
[ sql ] [ SQL ] SELECT * FROM `report` `a` INNER JOIN `course` `b` ON `a`.`courseNo`=`b`.`courseNo` INNER JOIN `teacher` `c` ON `a`.`teacherNo`=`c`.`teacherNo` INNER JOIN `student` `d` ON `a`.`studentNo`=`d`.`studentNo` INNER JOIN `task` `e` ON `a`.`taskNo`=`e`.`taskNo` WHERE  (  a.teacherNo = '1999013' ) LIMIT 0,15 [ RunTime:0.003354s ]
[ sql ] [ SQL ] SELECT COUNT(*) AS tp_count FROM `report` `a` INNER JOIN `course` `b` ON `a`.`courseNo`=`b`.`courseNo` INNER JOIN `report` `c` ON `a`.`teacherNo`=`c`.`teacherNo` INNER JOIN `student` `d` ON `c`.`studentNo`=`d`.`studentNo` INNER JOIN `task` `e` ON `a`.`taskNo`=`e`.`taskNo` WHERE  (  a.teacherNo = '1999013' ) LIMIT 1 [ RunTime:0.001971s ]
[ sql ] [ SQL ] SHOW COLUMNS FROM `course` [ RunTime:0.002776s ]
[ sql ] [ SQL ] SELECT * FROM `course` WHERE  (  teacherNo = '1999013' ) [ RunTime:0.002246s ]
---------------------------------------------------------------
[ 2019-02-04T00:11:40+08:00 ] 0.0.0.0 GET /teacher/report/reportList
[ info ] reportsystem/teacher/report/reportList [运行时间：0.213243s][吞吐率：4.69req/s] [内存消耗：5,293.34kb] [文件加载：52]
[ info ] [ LANG ] F:\study\www\reportSystem\ThinkPHP\thinkphp\lang\zh-cn.php
[ info ] [ ROUTE ] array (
  'type' => 'module',
  'module' => 
  array (
    0 => 'teacher',
    1 => 'report',
    2 => 'reportList',
  ),
)
[ info ] [ HEADER ] array (
  'host' => 'reportsystem',
  'connection' => 'keep-alive',
  'cache-control' => 'max-age=0',
  'upgrade-insecure-requests' => '1',
  'user-agent' => 'Mozilla/5.0 (Windows NT 10.0; WOW64) AppleWebKit/537.36 (KHTML, like Gecko) Chrome/71.0.3578.98 Safari/537.36',
  'accept' => 'text/html,application/xhtml+xml,application/xml;q=0.9,image/webp,image/apng,*/*;q=0.8',
  'referer' => 'http://reportsystem/teacher/index/index',
  'accept-encoding' => 'gzip, deflate',
  'accept-language' => 'zh-CN,zh;q=0.9',
  'cookie' => 'pgv_pvi=3972531200; PHPSESSID=3u1lsk94p9uk2f37mivi0g3bp4',
)
[ info ] [ PARAM ] array (
)
[ info ] [ SESSION ] INIT array (
  'id' => '',
  'var_session_id' => '',
  'prefix' => 'think',
  'type' => '',
  'auto_start' => true,
  'httponly' => true,
  'secure' => false,
)
[ info ] [ RUN ] app\teacher\controller\Report->reportList[ F:\study\www\reportSystem\ThinkPHP\app\teacher\controller\Report.php ]
[ info ] [ DB ] INIT mysql
[ info ] [ VIEW ] F:\study\www\reportSystem\ThinkPHP\public/../app/teacher\view\report\reportList.html [ array (
  0 => 'reportList',
  1 => 'reportNumber',
  2 => 'courseList',
) ]
[ info ] [ LOG ] INIT File
[ notice ] 显示实验报告列表
[ sql ] [ DB ] CONNECT:[ UseTime:0.002551s ] mysql:host=127.0.0.1;port=3306;dbname=report_system;charset=utf8
[ sql ] [ SQL ] SHOW COLUMNS FROM `report` [ RunTime:0.002814s ]
[ sql ] [ SQL ] SELECT COUNT(*) AS tp_count FROM `report` `a` INNER JOIN `course` `b` ON `a`.`courseNo`=`b`.`courseNo` INNER JOIN `teacher` `c` ON `a`.`teacherNo`=`c`.`teacherNo` INNER JOIN `student` `d` ON `a`.`studentNo`=`d`.`studentNo` INNER JOIN `task` `e` ON `a`.`taskNo`=`e`.`taskNo` WHERE  (  a.teacherNo = '1999013' ) LIMIT 1 [ RunTime:0.011580s ]
[ sql ] [ SQL ] SELECT * FROM `report` `a` INNER JOIN `course` `b` ON `a`.`courseNo`=`b`.`courseNo` INNER JOIN `teacher` `c` ON `a`.`teacherNo`=`c`.`teacherNo` INNER JOIN `student` `d` ON `a`.`studentNo`=`d`.`studentNo` INNER JOIN `task` `e` ON `a`.`taskNo`=`e`.`taskNo` WHERE  (  a.teacherNo = '1999013' ) LIMIT 0,15 [ RunTime:0.003021s ]
[ sql ] [ SQL ] SELECT COUNT(*) AS tp_count FROM `report` `a` INNER JOIN `course` `b` ON `a`.`courseNo`=`b`.`courseNo` INNER JOIN `report` `c` ON `a`.`teacherNo`=`c`.`teacherNo` INNER JOIN `student` `d` ON `c`.`studentNo`=`d`.`studentNo` INNER JOIN `task` `e` ON `a`.`taskNo`=`e`.`taskNo` WHERE  (  a.teacherNo = '1999013' ) LIMIT 1 [ RunTime:0.004863s ]
[ sql ] [ SQL ] SHOW COLUMNS FROM `course` [ RunTime:0.002049s ]
[ sql ] [ SQL ] SELECT * FROM `course` WHERE  (  teacherNo = '1999013' ) [ RunTime:0.001895s ]
---------------------------------------------------------------
[ 2019-02-04T00:11:45+08:00 ] 0.0.0.0 GET /teacher/report/reportList
[ info ] reportsystem/teacher/report/reportList [运行时间：0.314037s][吞吐率：3.18req/s] [内存消耗：5,555.68kb] [文件加载：54]
[ info ] [ LANG ] F:\study\www\reportSystem\ThinkPHP\thinkphp\lang\zh-cn.php
[ info ] [ ROUTE ] array (
  'type' => 'module',
  'module' => 
  array (
    0 => 'teacher',
    1 => 'report',
    2 => 'reportList',
  ),
)
[ info ] [ HEADER ] array (
  'host' => 'reportsystem',
  'connection' => 'keep-alive',
  'cache-control' => 'max-age=0',
  'upgrade-insecure-requests' => '1',
  'user-agent' => 'Mozilla/5.0 (Windows NT 10.0; WOW64) AppleWebKit/537.36 (KHTML, like Gecko) Chrome/71.0.3578.98 Safari/537.36',
  'accept' => 'text/html,application/xhtml+xml,application/xml;q=0.9,image/webp,image/apng,*/*;q=0.8',
  'referer' => 'http://reportsystem/teacher/index/index',
  'accept-encoding' => 'gzip, deflate',
  'accept-language' => 'zh-CN,zh;q=0.9',
  'cookie' => 'pgv_pvi=3972531200; PHPSESSID=3u1lsk94p9uk2f37mivi0g3bp4',
)
[ info ] [ PARAM ] array (
)
[ info ] [ SESSION ] INIT array (
  'id' => '',
  'var_session_id' => '',
  'prefix' => 'think',
  'type' => '',
  'auto_start' => true,
  'httponly' => true,
  'secure' => false,
)
[ info ] [ RUN ] app\teacher\controller\Report->reportList[ F:\study\www\reportSystem\ThinkPHP\app\teacher\controller\Report.php ]
[ info ] [ DB ] INIT mysql
[ info ] [ VIEW ] F:\study\www\reportSystem\ThinkPHP\public/../app/teacher\view\report\reportList.html [ array (
  0 => 'reportList',
  1 => 'reportNumber',
  2 => 'courseList',
) ]
[ info ] [ LOG ] INIT File
[ notice ] 显示实验报告列表
[ sql ] [ DB ] CONNECT:[ UseTime:0.002815s ] mysql:host=127.0.0.1;port=3306;dbname=report_system;charset=utf8
[ sql ] [ SQL ] SHOW COLUMNS FROM `report` [ RunTime:0.005233s ]
[ sql ] [ SQL ] SELECT COUNT(*) AS tp_count FROM `report` `a` INNER JOIN `course` `b` ON `a`.`courseNo`=`b`.`courseNo` INNER JOIN `teacher` `c` ON `a`.`teacherNo`=`c`.`teacherNo` INNER JOIN `student` `d` ON `a`.`studentNo`=`d`.`studentNo` INNER JOIN `task` `e` ON `a`.`taskNo`=`e`.`taskNo` WHERE  (  a.teacherNo = '1999013' ) LIMIT 1 [ RunTime:0.012935s ]
[ sql ] [ SQL ] SELECT * FROM `report` `a` INNER JOIN `course` `b` ON `a`.`courseNo`=`b`.`courseNo` INNER JOIN `teacher` `c` ON `a`.`teacherNo`=`c`.`teacherNo` INNER JOIN `student` `d` ON `a`.`studentNo`=`d`.`studentNo` INNER JOIN `task` `e` ON `a`.`taskNo`=`e`.`taskNo` WHERE  (  a.teacherNo = '1999013' ) LIMIT 0,15 [ RunTime:0.003241s ]
[ sql ] [ SQL ] SELECT COUNT(*) AS tp_count FROM `report` `a` INNER JOIN `course` `b` ON `a`.`courseNo`=`b`.`courseNo` INNER JOIN `report` `c` ON `a`.`teacherNo`=`c`.`teacherNo` INNER JOIN `student` `d` ON `c`.`studentNo`=`d`.`studentNo` INNER JOIN `task` `e` ON `a`.`taskNo`=`e`.`taskNo` WHERE  (  a.teacherNo = '1999013' ) LIMIT 1 [ RunTime:0.004244s ]
[ sql ] [ SQL ] SHOW COLUMNS FROM `course` [ RunTime:0.001838s ]
[ sql ] [ SQL ] SELECT * FROM `course` WHERE  (  teacherNo = '1999013' ) [ RunTime:0.002357s ]
---------------------------------------------------------------
[ 2019-02-04T00:12:01+08:00 ] 0.0.0.0 POST /teacher/report/reportSearch
[ info ] reportsystem/teacher/report/reportSearch [运行时间：0.173172s][吞吐率：5.77req/s] [内存消耗：5,200.52kb] [文件加载：54]
[ info ] [ LANG ] F:\study\www\reportSystem\ThinkPHP\thinkphp\lang\zh-cn.php
[ info ] [ ROUTE ] array (
  'type' => 'module',
  'module' => 
  array (
    0 => 'teacher',
    1 => 'report',
    2 => 'reportSearch',
  ),
)
[ info ] [ HEADER ] array (
  'host' => 'reportsystem',
  'connection' => 'keep-alive',
  'content-length' => '25',
  'cache-control' => 'max-age=0',
  'origin' => 'http://reportsystem',
  'upgrade-insecure-requests' => '1',
  'content-type' => 'application/x-www-form-urlencoded',
  'user-agent' => 'Mozilla/5.0 (Windows NT 10.0; WOW64) AppleWebKit/537.36 (KHTML, like Gecko) Chrome/71.0.3578.98 Safari/537.36',
  'accept' => 'text/html,application/xhtml+xml,application/xml;q=0.9,image/webp,image/apng,*/*;q=0.8',
  'referer' => 'http://reportsystem/teacher/report/reportList',
  'accept-encoding' => 'gzip, deflate',
  'accept-language' => 'zh-CN,zh;q=0.9',
  'cookie' => 'pgv_pvi=3972531200; PHPSESSID=3u1lsk94p9uk2f37mivi0g3bp4',
)
[ info ] [ PARAM ] array (
  'search' => '无线',
)
[ info ] [ SESSION ] INIT array (
  'id' => '',
  'var_session_id' => '',
  'prefix' => 'think',
  'type' => '',
  'auto_start' => true,
  'httponly' => true,
  'secure' => false,
)
[ info ] [ RUN ] app\teacher\controller\Report->reportSearch[ F:\study\www\reportSystem\ThinkPHP\app\teacher\controller\Report.php ]
[ info ] [ DB ] INIT mysql
[ info ] [ LOG ] INIT File
[ notice ] 模糊查找实验报告
[ sql ] [ DB ] CONNECT:[ UseTime:0.002051s ] mysql:host=127.0.0.1;port=3306;dbname=report_system;charset=utf8
[ sql ] [ SQL ] SHOW COLUMNS FROM `teacher` [ RunTime:0.001772s ]
[ error ] [10501]SQLSTATE[42S22]: Column not found: 1054 Unknown column 'ReportName' in 'where clause'[F:\study\www\reportSystem\ThinkPHP\thinkphp\library\think\db\Connection.php:390]
---------------------------------------------------------------
[ 2019-02-04T00:12:45+08:00 ] 0.0.0.0 POST /teacher/report/reportSearch
[ info ] reportsystem/teacher/report/reportSearch [运行时间：0.203129s][吞吐率：4.92req/s] [内存消耗：5,200.08kb] [文件加载：54]
[ info ] [ LANG ] F:\study\www\reportSystem\ThinkPHP\thinkphp\lang\zh-cn.php
[ info ] [ ROUTE ] array (
  'type' => 'module',
  'module' => 
  array (
    0 => 'teacher',
    1 => 'report',
    2 => 'reportSearch',
  ),
)
[ info ] [ HEADER ] array (
  'host' => 'reportsystem',
  'connection' => 'keep-alive',
  'content-length' => '25',
  'cache-control' => 'max-age=0',
  'upgrade-insecure-requests' => '1',
  'user-agent' => 'Mozilla/5.0 (Windows NT 10.0; WOW64) AppleWebKit/537.36 (KHTML, like Gecko) Chrome/71.0.3578.98 Safari/537.36',
  'origin' => 'http://reportsystem',
  'content-type' => 'application/x-www-form-urlencoded',
  'accept' => 'text/html,application/xhtml+xml,application/xml;q=0.9,image/webp,image/apng,*/*;q=0.8',
  'referer' => 'http://reportsystem/teacher/report/reportList',
  'accept-encoding' => 'gzip, deflate',
  'accept-language' => 'zh-CN,zh;q=0.9',
  'cookie' => 'pgv_pvi=3972531200; PHPSESSID=3u1lsk94p9uk2f37mivi0g3bp4',
)
[ info ] [ PARAM ] array (
  'search' => '无线',
)
[ info ] [ SESSION ] INIT array (
  'id' => '',
  'var_session_id' => '',
  'prefix' => 'think',
  'type' => '',
  'auto_start' => true,
  'httponly' => true,
  'secure' => false,
)
[ info ] [ RUN ] app\teacher\controller\Report->reportSearch[ F:\study\www\reportSystem\ThinkPHP\app\teacher\controller\Report.php ]
[ info ] [ DB ] INIT mysql
[ info ] [ LOG ] INIT File
[ notice ] 模糊查找实验报告
[ sql ] [ DB ] CONNECT:[ UseTime:0.002861s ] mysql:host=127.0.0.1;port=3306;dbname=report_system;charset=utf8
[ sql ] [ SQL ] SHOW COLUMNS FROM `teacher` [ RunTime:0.003228s ]
[ error ] [10501]SQLSTATE[42S22]: Column not found: 1054 Unknown column 'reportName' in 'where clause'[F:\study\www\reportSystem\ThinkPHP\thinkphp\library\think\db\Connection.php:390]
---------------------------------------------------------------
[ 2019-02-04T00:13:12+08:00 ] 0.0.0.0 POST /teacher/report/reportSearch
[ info ] reportsystem/teacher/report/reportSearch [运行时间：0.213940s][吞吐率：4.67req/s] [内存消耗：5,200.39kb] [文件加载：54]
[ info ] [ LANG ] F:\study\www\reportSystem\ThinkPHP\thinkphp\lang\zh-cn.php
[ info ] [ ROUTE ] array (
  'type' => 'module',
  'module' => 
  array (
    0 => 'teacher',
    1 => 'report',
    2 => 'reportSearch',
  ),
)
[ info ] [ HEADER ] array (
  'host' => 'reportsystem',
  'connection' => 'keep-alive',
  'content-length' => '25',
  'cache-control' => 'max-age=0',
  'upgrade-insecure-requests' => '1',
  'user-agent' => 'Mozilla/5.0 (Windows NT 10.0; WOW64) AppleWebKit/537.36 (KHTML, like Gecko) Chrome/71.0.3578.98 Safari/537.36',
  'origin' => 'http://reportsystem',
  'content-type' => 'application/x-www-form-urlencoded',
  'accept' => 'text/html,application/xhtml+xml,application/xml;q=0.9,image/webp,image/apng,*/*;q=0.8',
  'referer' => 'http://reportsystem/teacher/report/reportList',
  'accept-encoding' => 'gzip, deflate',
  'accept-language' => 'zh-CN,zh;q=0.9',
  'cookie' => 'pgv_pvi=3972531200; PHPSESSID=3u1lsk94p9uk2f37mivi0g3bp4',
)
[ info ] [ PARAM ] array (
  'search' => '无线',
)
[ info ] [ SESSION ] INIT array (
  'id' => '',
  'var_session_id' => '',
  'prefix' => 'think',
  'type' => '',
  'auto_start' => true,
  'httponly' => true,
  'secure' => false,
)
[ info ] [ RUN ] app\teacher\controller\Report->reportSearch[ F:\study\www\reportSystem\ThinkPHP\app\teacher\controller\Report.php ]
[ info ] [ DB ] INIT mysql
[ info ] [ LOG ] INIT File
[ notice ] 模糊查找实验报告
[ sql ] [ DB ] CONNECT:[ UseTime:0.002994s ] mysql:host=127.0.0.1;port=3306;dbname=report_system;charset=utf8
[ sql ] [ SQL ] SHOW COLUMNS FROM `teacher` [ RunTime:0.002413s ]
[ error ] [10501]SQLSTATE[42S22]: Column not found: 1054 Unknown column 'reportName' in 'where clause'[F:\study\www\reportSystem\ThinkPHP\thinkphp\library\think\db\Connection.php:390]
---------------------------------------------------------------
[ 2019-02-04T00:17:25+08:00 ] 0.0.0.0 POST /teacher/report/reportSearch
[ info ] reportsystem/teacher/report/reportSearch [运行时间：0.210652s][吞吐率：4.75req/s] [内存消耗：5,199.69kb] [文件加载：54]
[ info ] [ LANG ] F:\study\www\reportSystem\ThinkPHP\thinkphp\lang\zh-cn.php
[ info ] [ ROUTE ] array (
  'type' => 'module',
  'module' => 
  array (
    0 => 'teacher',
    1 => 'report',
    2 => 'reportSearch',
  ),
)
[ info ] [ HEADER ] array (
  'host' => 'reportsystem',
  'connection' => 'keep-alive',
  'content-length' => '25',
  'cache-control' => 'max-age=0',
  'upgrade-insecure-requests' => '1',
  'user-agent' => 'Mozilla/5.0 (Windows NT 10.0; WOW64) AppleWebKit/537.36 (KHTML, like Gecko) Chrome/71.0.3578.98 Safari/537.36',
  'origin' => 'http://reportsystem',
  'content-type' => 'application/x-www-form-urlencoded',
  'accept' => 'text/html,application/xhtml+xml,application/xml;q=0.9,image/webp,image/apng,*/*;q=0.8',
  'referer' => 'http://reportsystem/teacher/report/reportList',
  'accept-encoding' => 'gzip, deflate',
  'accept-language' => 'zh-CN,zh;q=0.9',
  'cookie' => 'pgv_pvi=3972531200; PHPSESSID=3u1lsk94p9uk2f37mivi0g3bp4',
)
[ info ] [ PARAM ] array (
  'search' => '无线',
)
[ info ] [ SESSION ] INIT array (
  'id' => '',
  'var_session_id' => '',
  'prefix' => 'think',
  'type' => '',
  'auto_start' => true,
  'httponly' => true,
  'secure' => false,
)
[ info ] [ RUN ] app\teacher\controller\Report->reportSearch[ F:\study\www\reportSystem\ThinkPHP\app\teacher\controller\Report.php ]
[ info ] [ DB ] INIT mysql
[ info ] [ LOG ] INIT File
[ notice ] 模糊查找实验报告
[ sql ] [ DB ] CONNECT:[ UseTime:0.002215s ] mysql:host=127.0.0.1;port=3306;dbname=report_system;charset=utf8
[ sql ] [ SQL ] SHOW COLUMNS FROM `teacher` [ RunTime:0.003512s ]
[ error ] [10501]SQLSTATE[42S22]: Column not found: 1054 Unknown column 'reportName' in 'where clause'[F:\study\www\reportSystem\ThinkPHP\thinkphp\library\think\db\Connection.php:390]
---------------------------------------------------------------
[ 2019-02-04T00:17:53+08:00 ] 0.0.0.0 POST /teacher/report/reportSearch
[ info ] reportsystem/teacher/report/reportSearch [运行时间：0.244445s][吞吐率：4.09req/s] [内存消耗：5,199.50kb] [文件加载：54]
[ info ] [ LANG ] F:\study\www\reportSystem\ThinkPHP\thinkphp\lang\zh-cn.php
[ info ] [ ROUTE ] array (
  'type' => 'module',
  'module' => 
  array (
    0 => 'teacher',
    1 => 'report',
    2 => 'reportSearch',
  ),
)
[ info ] [ HEADER ] array (
  'host' => 'reportsystem',
  'connection' => 'keep-alive',
  'content-length' => '25',
  'cache-control' => 'max-age=0',
  'upgrade-insecure-requests' => '1',
  'user-agent' => 'Mozilla/5.0 (Windows NT 10.0; WOW64) AppleWebKit/537.36 (KHTML, like Gecko) Chrome/71.0.3578.98 Safari/537.36',
  'origin' => 'http://reportsystem',
  'content-type' => 'application/x-www-form-urlencoded',
  'accept' => 'text/html,application/xhtml+xml,application/xml;q=0.9,image/webp,image/apng,*/*;q=0.8',
  'referer' => 'http://reportsystem/teacher/report/reportList',
  'accept-encoding' => 'gzip, deflate',
  'accept-language' => 'zh-CN,zh;q=0.9',
  'cookie' => 'pgv_pvi=3972531200; PHPSESSID=3u1lsk94p9uk2f37mivi0g3bp4',
)
[ info ] [ PARAM ] array (
  'search' => '无线',
)
[ info ] [ SESSION ] INIT array (
  'id' => '',
  'var_session_id' => '',
  'prefix' => 'think',
  'type' => '',
  'auto_start' => true,
  'httponly' => true,
  'secure' => false,
)
[ info ] [ RUN ] app\teacher\controller\Report->reportSearch[ F:\study\www\reportSystem\ThinkPHP\app\teacher\controller\Report.php ]
[ info ] [ DB ] INIT mysql
[ info ] [ LOG ] INIT File
[ notice ] 模糊查找实验报告
[ sql ] [ DB ] CONNECT:[ UseTime:0.003016s ] mysql:host=127.0.0.1;port=3306;dbname=report_system;charset=utf8
[ sql ] [ SQL ] SHOW COLUMNS FROM `teacher` [ RunTime:0.003105s ]
[ error ] [10501]SQLSTATE[23000]: Integrity constraint violation: 1052 Column 'teacherNo' in where clause is ambiguous[F:\study\www\reportSystem\ThinkPHP\thinkphp\library\think\db\Connection.php:390]
---------------------------------------------------------------
[ 2019-02-04T00:18:13+08:00 ] 0.0.0.0 POST /teacher/report/reportSearch
[ info ] reportsystem/teacher/report/reportSearch [运行时间：0.206007s][吞吐率：4.85req/s] [内存消耗：5,199.43kb] [文件加载：54]
[ info ] [ LANG ] F:\study\www\reportSystem\ThinkPHP\thinkphp\lang\zh-cn.php
[ info ] [ ROUTE ] array (
  'type' => 'module',
  'module' => 
  array (
    0 => 'teacher',
    1 => 'report',
    2 => 'reportSearch',
  ),
)
[ info ] [ HEADER ] array (
  'host' => 'reportsystem',
  'connection' => 'keep-alive',
  'content-length' => '25',
  'cache-control' => 'max-age=0',
  'upgrade-insecure-requests' => '1',
  'user-agent' => 'Mozilla/5.0 (Windows NT 10.0; WOW64) AppleWebKit/537.36 (KHTML, like Gecko) Chrome/71.0.3578.98 Safari/537.36',
  'origin' => 'http://reportsystem',
  'content-type' => 'application/x-www-form-urlencoded',
  'accept' => 'text/html,application/xhtml+xml,application/xml;q=0.9,image/webp,image/apng,*/*;q=0.8',
  'referer' => 'http://reportsystem/teacher/report/reportList',
  'accept-encoding' => 'gzip, deflate',
  'accept-language' => 'zh-CN,zh;q=0.9',
  'cookie' => 'pgv_pvi=3972531200; PHPSESSID=3u1lsk94p9uk2f37mivi0g3bp4',
)
[ info ] [ PARAM ] array (
  'search' => '无线',
)
[ info ] [ SESSION ] INIT array (
  'id' => '',
  'var_session_id' => '',
  'prefix' => 'think',
  'type' => '',
  'auto_start' => true,
  'httponly' => true,
  'secure' => false,
)
[ info ] [ RUN ] app\teacher\controller\Report->reportSearch[ F:\study\www\reportSystem\ThinkPHP\app\teacher\controller\Report.php ]
[ info ] [ DB ] INIT mysql
[ info ] [ LOG ] INIT File
[ notice ] 模糊查找实验报告
[ sql ] [ DB ] CONNECT:[ UseTime:0.002476s ] mysql:host=127.0.0.1;port=3306;dbname=report_system;charset=utf8
[ sql ] [ SQL ] SHOW COLUMNS FROM `teacher` [ RunTime:0.002783s ]
[ error ] [10501]SQLSTATE[42S22]: Column not found: 1054 Unknown column 'a.courseNo' in 'on clause'[F:\study\www\reportSystem\ThinkPHP\thinkphp\library\think\db\Connection.php:390]
---------------------------------------------------------------
[ 2019-02-04T00:19:17+08:00 ] 0.0.0.0 POST /teacher/report/reportSearch
[ info ] reportsystem/teacher/report/reportSearch [运行时间：0.200941s][吞吐率：4.98req/s] [内存消耗：4,974.12kb] [文件加载：49]
[ info ] [ LANG ] F:\study\www\reportSystem\ThinkPHP\thinkphp\lang\zh-cn.php
[ info ] [ ROUTE ] array (
  'type' => 'module',
  'module' => 
  array (
    0 => 'teacher',
    1 => 'report',
    2 => 'reportSearch',
  ),
)
[ info ] [ HEADER ] array (
  'host' => 'reportsystem',
  'connection' => 'keep-alive',
  'content-length' => '25',
  'cache-control' => 'max-age=0',
  'upgrade-insecure-requests' => '1',
  'user-agent' => 'Mozilla/5.0 (Windows NT 10.0; WOW64) AppleWebKit/537.36 (KHTML, like Gecko) Chrome/71.0.3578.98 Safari/537.36',
  'origin' => 'http://reportsystem',
  'content-type' => 'application/x-www-form-urlencoded',
  'accept' => 'text/html,application/xhtml+xml,application/xml;q=0.9,image/webp,image/apng,*/*;q=0.8',
  'referer' => 'http://reportsystem/teacher/report/reportList',
  'accept-encoding' => 'gzip, deflate',
  'accept-language' => 'zh-CN,zh;q=0.9',
  'cookie' => 'pgv_pvi=3972531200; PHPSESSID=3u1lsk94p9uk2f37mivi0g3bp4',
)
[ info ] [ PARAM ] array (
  'search' => '无线',
)
[ info ] [ SESSION ] INIT array (
  'id' => '',
  'var_session_id' => '',
  'prefix' => 'think',
  'type' => '',
  'auto_start' => true,
  'httponly' => true,
  'secure' => false,
)
[ info ] [ RUN ] app\teacher\controller\Report->reportSearch[ F:\study\www\reportSystem\ThinkPHP\app\teacher\controller\Report.php ]
[ info ] [ DB ] INIT mysql
[ info ] [ LOG ] INIT File
[ notice ] 模糊查找实验报告
[ error ] [8]未定义变量: reportModel[F:\study\www\reportSystem\ThinkPHP\app\teacher\controller\Report.php:97]
---------------------------------------------------------------
[ 2019-02-04T00:20:49+08:00 ] 0.0.0.0 POST /teacher/report/reportSearch
[ info ] reportsystem/teacher/report/reportSearch [运行时间：0.568314s][吞吐率：1.76req/s] [内存消耗：5,358.62kb] [文件加载：55]
[ info ] [ LANG ] F:\study\www\reportSystem\ThinkPHP\thinkphp\lang\zh-cn.php
[ info ] [ ROUTE ] array (
  'type' => 'module',
  'module' => 
  array (
    0 => 'teacher',
    1 => 'report',
    2 => 'reportSearch',
  ),
)
[ info ] [ HEADER ] array (
  'host' => 'reportsystem',
  'connection' => 'keep-alive',
  'content-length' => '25',
  'cache-control' => 'max-age=0',
  'upgrade-insecure-requests' => '1',
  'user-agent' => 'Mozilla/5.0 (Windows NT 10.0; WOW64) AppleWebKit/537.36 (KHTML, like Gecko) Chrome/71.0.3578.98 Safari/537.36',
  'origin' => 'http://reportsystem',
  'content-type' => 'application/x-www-form-urlencoded',
  'accept' => 'text/html,application/xhtml+xml,application/xml;q=0.9,image/webp,image/apng,*/*;q=0.8',
  'referer' => 'http://reportsystem/teacher/report/reportList',
  'accept-encoding' => 'gzip, deflate',
  'accept-language' => 'zh-CN,zh;q=0.9',
  'cookie' => 'pgv_pvi=3972531200; PHPSESSID=3u1lsk94p9uk2f37mivi0g3bp4',
)
[ info ] [ PARAM ] array (
  'search' => '无线',
)
[ info ] [ SESSION ] INIT array (
  'id' => '',
  'var_session_id' => '',
  'prefix' => 'think',
  'type' => '',
  'auto_start' => true,
  'httponly' => true,
  'secure' => false,
)
[ info ] [ RUN ] app\teacher\controller\Report->reportSearch[ F:\study\www\reportSystem\ThinkPHP\app\teacher\controller\Report.php ]
[ info ] [ DB ] INIT mysql
[ info ] [ LOG ] INIT File
[ notice ] 模糊查找实验报告
[ sql ] [ DB ] CONNECT:[ UseTime:0.002484s ] mysql:host=127.0.0.1;port=3306;dbname=report_system;charset=utf8
[ sql ] [ SQL ] SHOW COLUMNS FROM `report` [ RunTime:0.004122s ]
[ sql ] [ SQL ] SELECT COUNT(*) AS tp_count FROM `report` `a` INNER JOIN `course` `b` ON `a`.`courseNo`=`b`.`courseNo` INNER JOIN `teacher` `c` ON `a`.`teacherNo`=`c`.`teacherNo` INNER JOIN `student` `d` ON `a`.`studentNo`=`d`.`studentNo` INNER JOIN `task` `e` ON `a`.`taskNo`=`e`.`taskNo` WHERE  `reportName` LIKE '%无线%'  AND (  a.teacherNo = '1999013' ) LIMIT 1 [ RunTime:0.330969s ]
[ sql ] [ SQL ] SELECT * FROM `report` `a` INNER JOIN `course` `b` ON `a`.`courseNo`=`b`.`courseNo` INNER JOIN `teacher` `c` ON `a`.`teacherNo`=`c`.`teacherNo` INNER JOIN `student` `d` ON `a`.`studentNo`=`d`.`studentNo` INNER JOIN `task` `e` ON `a`.`taskNo`=`e`.`taskNo` WHERE  `reportName` LIKE '%无线%'  AND (  a.teacherNo = '1999013' ) LIMIT 0,15 [ RunTime:0.002764s ]
[ sql ] [ SQL ] SELECT COUNT(*) AS tp_count FROM `report` `a` INNER JOIN `course` `b` ON `a`.`courseNo`=`b`.`courseNo` INNER JOIN `teacher` `c` ON `a`.`teacherNo`=`c`.`teacherNo` INNER JOIN `student` `d` ON `a`.`studentNo`=`d`.`studentNo` INNER JOIN `task` `e` ON `a`.`taskNo`=`e`.`taskNo` WHERE  `reportName` LIKE '%无线%'  AND (  a.teacherNo = '1999013' ) LIMIT 1 [ RunTime:0.001468s ]
[ sql ] [ SQL ] SHOW COLUMNS FROM `course` [ RunTime:0.001846s ]
[ sql ] [ SQL ] SELECT * FROM `course` WHERE  (  teacherNo = '1999013' ) [ RunTime:0.001734s ]
[ error ] [8]未定义变量: reportList[F:\study\www\reportSystem\ThinkPHP\app\teacher\controller\Report.php:122]
---------------------------------------------------------------
[ 2019-02-04T00:21:11+08:00 ] 0.0.0.0 POST /teacher/report/reportSearch
[ info ] reportsystem/teacher/report/reportSearch [运行时间：0.324712s][吞吐率：3.08req/s] [内存消耗：5,557.02kb] [文件加载：54]
[ info ] [ LANG ] F:\study\www\reportSystem\ThinkPHP\thinkphp\lang\zh-cn.php
[ info ] [ ROUTE ] array (
  'type' => 'module',
  'module' => 
  array (
    0 => 'teacher',
    1 => 'report',
    2 => 'reportSearch',
  ),
)
[ info ] [ HEADER ] array (
  'host' => 'reportsystem',
  'connection' => 'keep-alive',
  'content-length' => '25',
  'cache-control' => 'max-age=0',
  'upgrade-insecure-requests' => '1',
  'user-agent' => 'Mozilla/5.0 (Windows NT 10.0; WOW64) AppleWebKit/537.36 (KHTML, like Gecko) Chrome/71.0.3578.98 Safari/537.36',
  'origin' => 'http://reportsystem',
  'content-type' => 'application/x-www-form-urlencoded',
  'accept' => 'text/html,application/xhtml+xml,application/xml;q=0.9,image/webp,image/apng,*/*;q=0.8',
  'referer' => 'http://reportsystem/teacher/report/reportList',
  'accept-encoding' => 'gzip, deflate',
  'accept-language' => 'zh-CN,zh;q=0.9',
  'cookie' => 'pgv_pvi=3972531200; PHPSESSID=3u1lsk94p9uk2f37mivi0g3bp4',
)
[ info ] [ PARAM ] array (
  'search' => '无线',
)
[ info ] [ SESSION ] INIT array (
  'id' => '',
  'var_session_id' => '',
  'prefix' => 'think',
  'type' => '',
  'auto_start' => true,
  'httponly' => true,
  'secure' => false,
)
[ info ] [ RUN ] app\teacher\controller\Report->reportSearch[ F:\study\www\reportSystem\ThinkPHP\app\teacher\controller\Report.php ]
[ info ] [ DB ] INIT mysql
[ info ] [ VIEW ] F:\study\www\reportSystem\ThinkPHP\public/../app/teacher\view\report\ReportList.html [ array (
  0 => 'reportList',
  1 => 'reportNumber',
  2 => 'courseList',
) ]
[ info ] [ LOG ] INIT File
[ notice ] 模糊查找实验报告
[ sql ] [ DB ] CONNECT:[ UseTime:0.002249s ] mysql:host=127.0.0.1;port=3306;dbname=report_system;charset=utf8
[ sql ] [ SQL ] SHOW COLUMNS FROM `report` [ RunTime:0.004109s ]
[ sql ] [ SQL ] SELECT COUNT(*) AS tp_count FROM `report` `a` INNER JOIN `course` `b` ON `a`.`courseNo`=`b`.`courseNo` INNER JOIN `teacher` `c` ON `a`.`teacherNo`=`c`.`teacherNo` INNER JOIN `student` `d` ON `a`.`studentNo`=`d`.`studentNo` INNER JOIN `task` `e` ON `a`.`taskNo`=`e`.`taskNo` WHERE  `reportName` LIKE '%无线%'  AND (  a.teacherNo = '1999013' ) LIMIT 1 [ RunTime:0.001443s ]
[ sql ] [ SQL ] SELECT * FROM `report` `a` INNER JOIN `course` `b` ON `a`.`courseNo`=`b`.`courseNo` INNER JOIN `teacher` `c` ON `a`.`teacherNo`=`c`.`teacherNo` INNER JOIN `student` `d` ON `a`.`studentNo`=`d`.`studentNo` INNER JOIN `task` `e` ON `a`.`taskNo`=`e`.`taskNo` WHERE  `reportName` LIKE '%无线%'  AND (  a.teacherNo = '1999013' ) LIMIT 0,15 [ RunTime:0.003171s ]
[ sql ] [ SQL ] SELECT COUNT(*) AS tp_count FROM `report` `a` INNER JOIN `course` `b` ON `a`.`courseNo`=`b`.`courseNo` INNER JOIN `teacher` `c` ON `a`.`teacherNo`=`c`.`teacherNo` INNER JOIN `student` `d` ON `a`.`studentNo`=`d`.`studentNo` INNER JOIN `task` `e` ON `a`.`taskNo`=`e`.`taskNo` WHERE  `reportName` LIKE '%无线%'  AND (  a.teacherNo = '1999013' ) LIMIT 1 [ RunTime:0.001527s ]
[ sql ] [ SQL ] SHOW COLUMNS FROM `course` [ RunTime:0.002052s ]
[ sql ] [ SQL ] SELECT * FROM `course` WHERE  (  teacherNo = '1999013' ) [ RunTime:0.002497s ]
---------------------------------------------------------------
[ 2019-02-04T00:21:18+08:00 ] 0.0.0.0 POST /teacher/report/reportSearch
[ info ] reportsystem/teacher/report/reportSearch [运行时间：0.189106s][吞吐率：5.29req/s] [内存消耗：5,294.79kb] [文件加载：52]
[ info ] [ LANG ] F:\study\www\reportSystem\ThinkPHP\thinkphp\lang\zh-cn.php
[ info ] [ ROUTE ] array (
  'type' => 'module',
  'module' => 
  array (
    0 => 'teacher',
    1 => 'report',
    2 => 'reportSearch',
  ),
)
[ info ] [ HEADER ] array (
  'host' => 'reportsystem',
  'connection' => 'keep-alive',
  'content-length' => '25',
  'cache-control' => 'max-age=0',
  'origin' => 'http://reportsystem',
  'upgrade-insecure-requests' => '1',
  'content-type' => 'application/x-www-form-urlencoded',
  'user-agent' => 'Mozilla/5.0 (Windows NT 10.0; WOW64) AppleWebKit/537.36 (KHTML, like Gecko) Chrome/71.0.3578.98 Safari/537.36',
  'accept' => 'text/html,application/xhtml+xml,application/xml;q=0.9,image/webp,image/apng,*/*;q=0.8',
  'referer' => 'http://reportsystem/teacher/report/reportSearch',
  'accept-encoding' => 'gzip, deflate',
  'accept-language' => 'zh-CN,zh;q=0.9',
  'cookie' => 'pgv_pvi=3972531200; PHPSESSID=3u1lsk94p9uk2f37mivi0g3bp4',
)
[ info ] [ PARAM ] array (
  'search' => '无线',
)
[ info ] [ SESSION ] INIT array (
  'id' => '',
  'var_session_id' => '',
  'prefix' => 'think',
  'type' => '',
  'auto_start' => true,
  'httponly' => true,
  'secure' => false,
)
[ info ] [ RUN ] app\teacher\controller\Report->reportSearch[ F:\study\www\reportSystem\ThinkPHP\app\teacher\controller\Report.php ]
[ info ] [ DB ] INIT mysql
[ info ] [ VIEW ] F:\study\www\reportSystem\ThinkPHP\public/../app/teacher\view\report\ReportList.html [ array (
  0 => 'reportList',
  1 => 'reportNumber',
  2 => 'courseList',
) ]
[ info ] [ LOG ] INIT File
[ notice ] 模糊查找实验报告
[ sql ] [ DB ] CONNECT:[ UseTime:0.002518s ] mysql:host=127.0.0.1;port=3306;dbname=report_system;charset=utf8
[ sql ] [ SQL ] SHOW COLUMNS FROM `report` [ RunTime:0.002858s ]
[ sql ] [ SQL ] SELECT COUNT(*) AS tp_count FROM `report` `a` INNER JOIN `course` `b` ON `a`.`courseNo`=`b`.`courseNo` INNER JOIN `teacher` `c` ON `a`.`teacherNo`=`c`.`teacherNo` INNER JOIN `student` `d` ON `a`.`studentNo`=`d`.`studentNo` INNER JOIN `task` `e` ON `a`.`taskNo`=`e`.`taskNo` WHERE  `reportName` LIKE '%无线%'  AND (  a.teacherNo = '1999013' ) LIMIT 1 [ RunTime:0.001458s ]
[ sql ] [ SQL ] SELECT * FROM `report` `a` INNER JOIN `course` `b` ON `a`.`courseNo`=`b`.`courseNo` INNER JOIN `teacher` `c` ON `a`.`teacherNo`=`c`.`teacherNo` INNER JOIN `student` `d` ON `a`.`studentNo`=`d`.`studentNo` INNER JOIN `task` `e` ON `a`.`taskNo`=`e`.`taskNo` WHERE  `reportName` LIKE '%无线%'  AND (  a.teacherNo = '1999013' ) LIMIT 0,15 [ RunTime:0.003273s ]
[ sql ] [ SQL ] SELECT COUNT(*) AS tp_count FROM `report` `a` INNER JOIN `course` `b` ON `a`.`courseNo`=`b`.`courseNo` INNER JOIN `teacher` `c` ON `a`.`teacherNo`=`c`.`teacherNo` INNER JOIN `student` `d` ON `a`.`studentNo`=`d`.`studentNo` INNER JOIN `task` `e` ON `a`.`taskNo`=`e`.`taskNo` WHERE  `reportName` LIKE '%无线%'  AND (  a.teacherNo = '1999013' ) LIMIT 1 [ RunTime:0.001695s ]
[ sql ] [ SQL ] SHOW COLUMNS FROM `course` [ RunTime:0.002242s ]
[ sql ] [ SQL ] SELECT * FROM `course` WHERE  (  teacherNo = '1999013' ) [ RunTime:0.001655s ]
---------------------------------------------------------------
[ 2019-02-04T00:21:21+08:00 ] 0.0.0.0 POST /teacher/report/reportSearch
[ info ] reportsystem/teacher/report/reportSearch [运行时间：0.203014s][吞吐率：4.93req/s] [内存消耗：5,280.34kb] [文件加载：52]
[ info ] [ LANG ] F:\study\www\reportSystem\ThinkPHP\thinkphp\lang\zh-cn.php
[ info ] [ ROUTE ] array (
  'type' => 'module',
  'module' => 
  array (
    0 => 'teacher',
    1 => 'report',
    2 => 'reportSearch',
  ),
)
[ info ] [ HEADER ] array (
  'host' => 'reportsystem',
  'connection' => 'keep-alive',
  'content-length' => '43',
  'cache-control' => 'max-age=0',
  'origin' => 'http://reportsystem',
  'upgrade-insecure-requests' => '1',
  'content-type' => 'application/x-www-form-urlencoded',
  'user-agent' => 'Mozilla/5.0 (Windows NT 10.0; WOW64) AppleWebKit/537.36 (KHTML, like Gecko) Chrome/71.0.3578.98 Safari/537.36',
  'accept' => 'text/html,application/xhtml+xml,application/xml;q=0.9,image/webp,image/apng,*/*;q=0.8',
  'referer' => 'http://reportsystem/teacher/report/reportSearch',
  'accept-encoding' => 'gzip, deflate',
  'accept-language' => 'zh-CN,zh;q=0.9',
  'cookie' => 'pgv_pvi=3972531200; PHPSESSID=3u1lsk94p9uk2f37mivi0g3bp4',
)
[ info ] [ PARAM ] array (
  'search' => '面向对象',
)
[ info ] [ SESSION ] INIT array (
  'id' => '',
  'var_session_id' => '',
  'prefix' => 'think',
  'type' => '',
  'auto_start' => true,
  'httponly' => true,
  'secure' => false,
)
[ info ] [ RUN ] app\teacher\controller\Report->reportSearch[ F:\study\www\reportSystem\ThinkPHP\app\teacher\controller\Report.php ]
[ info ] [ DB ] INIT mysql
[ info ] [ VIEW ] F:\study\www\reportSystem\ThinkPHP\public/../app/teacher\view\report\ReportList.html [ array (
  0 => 'reportList',
  1 => 'reportNumber',
  2 => 'courseList',
) ]
[ info ] [ LOG ] INIT File
[ notice ] 模糊查找实验报告
[ sql ] [ DB ] CONNECT:[ UseTime:0.002326s ] mysql:host=127.0.0.1;port=3306;dbname=report_system;charset=utf8
[ sql ] [ SQL ] SHOW COLUMNS FROM `report` [ RunTime:0.002394s ]
[ sql ] [ SQL ] SELECT COUNT(*) AS tp_count FROM `report` `a` INNER JOIN `course` `b` ON `a`.`courseNo`=`b`.`courseNo` INNER JOIN `teacher` `c` ON `a`.`teacherNo`=`c`.`teacherNo` INNER JOIN `student` `d` ON `a`.`studentNo`=`d`.`studentNo` INNER JOIN `task` `e` ON `a`.`taskNo`=`e`.`taskNo` WHERE  `reportName` LIKE '%面向对象%'  AND (  a.teacherNo = '1999013' ) LIMIT 1 [ RunTime:0.001974s ]
[ sql ] [ SQL ] SELECT * FROM `report` `a` INNER JOIN `course` `b` ON `a`.`courseNo`=`b`.`courseNo` INNER JOIN `teacher` `c` ON `a`.`teacherNo`=`c`.`teacherNo` INNER JOIN `student` `d` ON `a`.`studentNo`=`d`.`studentNo` INNER JOIN `task` `e` ON `a`.`taskNo`=`e`.`taskNo` WHERE  `reportName` LIKE '%面向对象%'  AND (  a.teacherNo = '1999013' ) LIMIT 0,15 [ RunTime:0.003149s ]
[ sql ] [ SQL ] SELECT COUNT(*) AS tp_count FROM `report` `a` INNER JOIN `course` `b` ON `a`.`courseNo`=`b`.`courseNo` INNER JOIN `teacher` `c` ON `a`.`teacherNo`=`c`.`teacherNo` INNER JOIN `student` `d` ON `a`.`studentNo`=`d`.`studentNo` INNER JOIN `task` `e` ON `a`.`taskNo`=`e`.`taskNo` WHERE  `reportName` LIKE '%面向对象%'  AND (  a.teacherNo = '1999013' ) LIMIT 1 [ RunTime:0.001533s ]
[ sql ] [ SQL ] SHOW COLUMNS FROM `course` [ RunTime:0.002686s ]
[ sql ] [ SQL ] SELECT * FROM `course` WHERE  (  teacherNo = '1999013' ) [ RunTime:0.002018s ]
---------------------------------------------------------------
[ 2019-02-04T00:21:25+08:00 ] 0.0.0.0 POST /teacher/report/reportSearch
[ info ] reportsystem/teacher/report/reportSearch [运行时间：0.189151s][吞吐率：5.29req/s] [内存消耗：5,294.79kb] [文件加载：52]
[ info ] [ LANG ] F:\study\www\reportSystem\ThinkPHP\thinkphp\lang\zh-cn.php
[ info ] [ ROUTE ] array (
  'type' => 'module',
  'module' => 
  array (
    0 => 'teacher',
    1 => 'report',
    2 => 'reportSearch',
  ),
)
[ info ] [ HEADER ] array (
  'host' => 'reportsystem',
  'connection' => 'keep-alive',
  'content-length' => '25',
  'cache-control' => 'max-age=0',
  'origin' => 'http://reportsystem',
  'upgrade-insecure-requests' => '1',
  'content-type' => 'application/x-www-form-urlencoded',
  'user-agent' => 'Mozilla/5.0 (Windows NT 10.0; WOW64) AppleWebKit/537.36 (KHTML, like Gecko) Chrome/71.0.3578.98 Safari/537.36',
  'accept' => 'text/html,application/xhtml+xml,application/xml;q=0.9,image/webp,image/apng,*/*;q=0.8',
  'referer' => 'http://reportsystem/teacher/report/reportSearch',
  'accept-encoding' => 'gzip, deflate',
  'accept-language' => 'zh-CN,zh;q=0.9',
  'cookie' => 'pgv_pvi=3972531200; PHPSESSID=3u1lsk94p9uk2f37mivi0g3bp4',
)
[ info ] [ PARAM ] array (
  'search' => '无线',
)
[ info ] [ SESSION ] INIT array (
  'id' => '',
  'var_session_id' => '',
  'prefix' => 'think',
  'type' => '',
  'auto_start' => true,
  'httponly' => true,
  'secure' => false,
)
[ info ] [ RUN ] app\teacher\controller\Report->reportSearch[ F:\study\www\reportSystem\ThinkPHP\app\teacher\controller\Report.php ]
[ info ] [ DB ] INIT mysql
[ info ] [ VIEW ] F:\study\www\reportSystem\ThinkPHP\public/../app/teacher\view\report\ReportList.html [ array (
  0 => 'reportList',
  1 => 'reportNumber',
  2 => 'courseList',
) ]
[ info ] [ LOG ] INIT File
[ notice ] 模糊查找实验报告
[ sql ] [ DB ] CONNECT:[ UseTime:0.003377s ] mysql:host=127.0.0.1;port=3306;dbname=report_system;charset=utf8
[ sql ] [ SQL ] SHOW COLUMNS FROM `report` [ RunTime:0.002304s ]
[ sql ] [ SQL ] SELECT COUNT(*) AS tp_count FROM `report` `a` INNER JOIN `course` `b` ON `a`.`courseNo`=`b`.`courseNo` INNER JOIN `teacher` `c` ON `a`.`teacherNo`=`c`.`teacherNo` INNER JOIN `student` `d` ON `a`.`studentNo`=`d`.`studentNo` INNER JOIN `task` `e` ON `a`.`taskNo`=`e`.`taskNo` WHERE  `reportName` LIKE '%无线%'  AND (  a.teacherNo = '1999013' ) LIMIT 1 [ RunTime:0.001616s ]
[ sql ] [ SQL ] SELECT * FROM `report` `a` INNER JOIN `course` `b` ON `a`.`courseNo`=`b`.`courseNo` INNER JOIN `teacher` `c` ON `a`.`teacherNo`=`c`.`teacherNo` INNER JOIN `student` `d` ON `a`.`studentNo`=`d`.`studentNo` INNER JOIN `task` `e` ON `a`.`taskNo`=`e`.`taskNo` WHERE  `reportName` LIKE '%无线%'  AND (  a.teacherNo = '1999013' ) LIMIT 0,15 [ RunTime:0.004563s ]
[ sql ] [ SQL ] SELECT COUNT(*) AS tp_count FROM `report` `a` INNER JOIN `course` `b` ON `a`.`courseNo`=`b`.`courseNo` INNER JOIN `teacher` `c` ON `a`.`teacherNo`=`c`.`teacherNo` INNER JOIN `student` `d` ON `a`.`studentNo`=`d`.`studentNo` INNER JOIN `task` `e` ON `a`.`taskNo`=`e`.`taskNo` WHERE  `reportName` LIKE '%无线%'  AND (  a.teacherNo = '1999013' ) LIMIT 1 [ RunTime:0.001745s ]
[ sql ] [ SQL ] SHOW COLUMNS FROM `course` [ RunTime:0.003159s ]
[ sql ] [ SQL ] SELECT * FROM `course` WHERE  (  teacherNo = '1999013' ) [ RunTime:0.001910s ]
