---------------------------------------------------------------
[ 2019-02-23T23:22:24+08:00 ] 0.0.0.0 GET /
[ info ] reportsystem/ [运行时间：1.684119s][吞吐率：0.59req/s] [内存消耗：2,936.32kb] [文件加载：38]
[ info ] [ LANG ] F:\study\www\reportSystem\ThinkPHP\thinkphp\lang\zh-cn.php
[ info ] [ ROUTE ] array (
  'type' => 'module',
  'module' => 
  array (
    0 => '',
    1 => NULL,
    2 => NULL,
  ),
)
[ info ] [ HEADER ] array (
  'host' => 'reportsystem',
  'connection' => 'keep-alive',
  'upgrade-insecure-requests' => '1',
  'user-agent' => 'Mozilla/5.0 (Windows NT 10.0; WOW64) AppleWebKit/537.36 (KHTML, like Gecko) Chrome/71.0.3578.98 Safari/537.36',
  'accept' => 'text/html,application/xhtml+xml,application/xml;q=0.9,image/webp,image/apng,*/*;q=0.8',
  'accept-encoding' => 'gzip, deflate',
  'accept-language' => 'zh-CN,zh;q=0.9',
  'cookie' => 'pgv_pvi=3972531200',
)
[ info ] [ PARAM ] array (
)
[ info ] [ RUN ] app\index\controller\Index->index[ F:\study\www\reportSystem\ThinkPHP\app\index\controller\Index.php ]
[ info ] [ VIEW ] F:\study\www\reportSystem\ThinkPHP\public/../app/index\view\index\index.html [ array (
) ]
[ info ] [ SESSION ] INIT array (
  'id' => '',
  'var_session_id' => '',
  'prefix' => 'think',
  'type' => '',
  'auto_start' => true,
  'httponly' => true,
  'secure' => false,
)
[ info ] [ LOG ] INIT File
---------------------------------------------------------------
[ 2019-02-23T23:22:25+08:00 ] 0.0.0.0 GET /static/fontawesome-5.5.0/css/font-awesome.min.css
[ info ] reportsystem/static/fontawesome-5.5.0/css/font-awesome.min.css [运行时间：0.409150s][吞吐率：2.44req/s] [内存消耗：2,492.12kb] [文件加载：32]
[ info ] [ LANG ] F:\study\www\reportSystem\ThinkPHP\thinkphp\lang\zh-cn.php
[ info ] [ ROUTE ] array (
  'type' => 'module',
  'module' => 
  array (
    0 => 'static',
    1 => 'fontawesome-5.5.0',
    2 => 'css',
  ),
)
[ info ] [ HEADER ] array (
  'host' => 'reportsystem',
  'connection' => 'keep-alive',
  'user-agent' => 'Mozilla/5.0 (Windows NT 10.0; WOW64) AppleWebKit/537.36 (KHTML, like Gecko) Chrome/71.0.3578.98 Safari/537.36',
  'accept' => 'text/css,*/*;q=0.1',
  'referer' => 'http://reportsystem/',
  'accept-encoding' => 'gzip, deflate',
  'accept-language' => 'zh-CN,zh;q=0.9',
  'cookie' => 'pgv_pvi=3972531200; PHPSESSID=20vet2mn1b9lftl8pa4oonu054',
)
[ info ] [ PARAM ] array (
)
[ info ] [ LOG ] INIT File
---------------------------------------------------------------
[ 2019-02-23T23:22:27+08:00 ] 0.0.0.0 GET /index/index/login
[ info ] reportsystem/index/index/login [运行时间：0.171533s][吞吐率：5.83req/s] [内存消耗：2,937.60kb] [文件加载：38]
[ info ] [ LANG ] F:\study\www\reportSystem\ThinkPHP\thinkphp\lang\zh-cn.php
[ info ] [ ROUTE ] array (
  'type' => 'module',
  'module' => 
  array (
    0 => 'index',
    1 => 'index',
    2 => 'login',
  ),
)
[ info ] [ HEADER ] array (
  'host' => 'reportsystem',
  'connection' => 'keep-alive',
  'upgrade-insecure-requests' => '1',
  'user-agent' => 'Mozilla/5.0 (Windows NT 10.0; WOW64) AppleWebKit/537.36 (KHTML, like Gecko) Chrome/71.0.3578.98 Safari/537.36',
  'accept' => 'text/html,application/xhtml+xml,application/xml;q=0.9,image/webp,image/apng,*/*;q=0.8',
  'referer' => 'http://reportsystem/',
  'accept-encoding' => 'gzip, deflate',
  'accept-language' => 'zh-CN,zh;q=0.9',
  'cookie' => 'pgv_pvi=3972531200; PHPSESSID=20vet2mn1b9lftl8pa4oonu054',
)
[ info ] [ PARAM ] array (
)
[ info ] [ RUN ] app\index\controller\Index->login[ F:\study\www\reportSystem\ThinkPHP\app\index\controller\Index.php ]
[ info ] [ SESSION ] INIT array (
  'id' => '',
  'var_session_id' => '',
  'prefix' => 'think',
  'type' => '',
  'auto_start' => true,
  'httponly' => true,
  'secure' => false,
)
[ info ] [ VIEW ] F:\study\www\reportSystem\ThinkPHP\public/../app/index\view\index\login.html [ array (
) ]
[ info ] [ LOG ] INIT File
---------------------------------------------------------------
[ 2019-02-23T23:22:27+08:00 ] 0.0.0.0 GET /static/fontawesome-5.5.0/css/font-awesome.min.css
[ info ] reportsystem/static/fontawesome-5.5.0/css/font-awesome.min.css [运行时间：0.092343s][吞吐率：10.83req/s] [内存消耗：2,492.41kb] [文件加载：32]
[ info ] [ LANG ] F:\study\www\reportSystem\ThinkPHP\thinkphp\lang\zh-cn.php
[ info ] [ ROUTE ] array (
  'type' => 'module',
  'module' => 
  array (
    0 => 'static',
    1 => 'fontawesome-5.5.0',
    2 => 'css',
  ),
)
[ info ] [ HEADER ] array (
  'host' => 'reportsystem',
  'connection' => 'keep-alive',
  'user-agent' => 'Mozilla/5.0 (Windows NT 10.0; WOW64) AppleWebKit/537.36 (KHTML, like Gecko) Chrome/71.0.3578.98 Safari/537.36',
  'accept' => 'text/css,*/*;q=0.1',
  'referer' => 'http://reportsystem/index/index/login',
  'accept-encoding' => 'gzip, deflate',
  'accept-language' => 'zh-CN,zh;q=0.9',
  'cookie' => 'pgv_pvi=3972531200; PHPSESSID=20vet2mn1b9lftl8pa4oonu054',
)
[ info ] [ PARAM ] array (
)
[ info ] [ LOG ] INIT File
---------------------------------------------------------------
[ 2019-02-23T23:22:38+08:00 ] 0.0.0.0 POST /index/login/login
[ info ] reportsystem/index/login/login [运行时间：0.968823s][吞吐率：1.03req/s] [内存消耗：5,022.07kb] [文件加载：50]
[ info ] [ LANG ] F:\study\www\reportSystem\ThinkPHP\thinkphp\lang\zh-cn.php
[ info ] [ ROUTE ] array (
  'type' => 'module',
  'module' => 
  array (
    0 => 'index',
    1 => 'login',
    2 => 'login',
  ),
)
[ info ] [ HEADER ] array (
  'host' => 'reportsystem',
  'connection' => 'keep-alive',
  'content-length' => '40',
  'cache-control' => 'max-age=0',
  'origin' => 'http://reportsystem',
  'upgrade-insecure-requests' => '1',
  'content-type' => 'application/x-www-form-urlencoded',
  'user-agent' => 'Mozilla/5.0 (Windows NT 10.0; WOW64) AppleWebKit/537.36 (KHTML, like Gecko) Chrome/71.0.3578.98 Safari/537.36',
  'accept' => 'text/html,application/xhtml+xml,application/xml;q=0.9,image/webp,image/apng,*/*;q=0.8',
  'referer' => 'http://reportsystem/index/index/login',
  'accept-encoding' => 'gzip, deflate',
  'accept-language' => 'zh-CN,zh;q=0.9',
  'cookie' => 'pgv_pvi=3972531200; PHPSESSID=20vet2mn1b9lftl8pa4oonu054',
)
[ info ] [ PARAM ] array (
  'account' => '201541402313',
  'password' => 'tytttyt123',
)
[ info ] [ RUN ] app\index\controller\Login->login[ F:\study\www\reportSystem\ThinkPHP\app\index\controller\Login.php ]
[ info ] [ SESSION ] INIT array (
  'id' => '',
  'var_session_id' => '',
  'prefix' => 'think',
  'type' => '',
  'auto_start' => true,
  'httponly' => true,
  'secure' => false,
)
[ info ] [ DB ] INIT mysql
[ info ] [ VIEW ] F:\study\www\reportSystem\ThinkPHP\thinkphp\tpl\dispatch_jump.tpl [ array (
  0 => 'code',
  1 => 'msg',
  2 => 'data',
  3 => 'url',
  4 => 'wait',
) ]
[ info ] [ LOG ] INIT File
[ notice ] 登录系统
[ sql ] [ DB ] CONNECT:[ UseTime:0.165837s ] mysql:host=127.0.0.1;port=3306;dbname=report_system;charset=utf8
[ sql ] [ SQL ] SHOW COLUMNS FROM `user` [ RunTime:0.100921s ]
[ sql ] [ SQL ] SELECT * FROM `user` WHERE  (  account = '201541402313' and password = '92a302cafe1a065cee24413cb38cc4df' ) LIMIT 1 [ RunTime:0.023351s ]
[ error ] 账号或密码错误！
---------------------------------------------------------------
[ 2019-02-23T23:22:40+08:00 ] 0.0.0.0 GET /index/index/login
[ info ] reportsystem/index/index/login [运行时间：0.075070s][吞吐率：13.32req/s] [内存消耗：2,937.65kb] [文件加载：38]
[ info ] [ LANG ] F:\study\www\reportSystem\ThinkPHP\thinkphp\lang\zh-cn.php
[ info ] [ ROUTE ] array (
  'type' => 'module',
  'module' => 
  array (
    0 => 'index',
    1 => 'index',
    2 => 'login',
  ),
)
[ info ] [ HEADER ] array (
  'host' => 'reportsystem',
  'connection' => 'keep-alive',
  'upgrade-insecure-requests' => '1',
  'user-agent' => 'Mozilla/5.0 (Windows NT 10.0; WOW64) AppleWebKit/537.36 (KHTML, like Gecko) Chrome/71.0.3578.98 Safari/537.36',
  'accept' => 'text/html,application/xhtml+xml,application/xml;q=0.9,image/webp,image/apng,*/*;q=0.8',
  'referer' => 'http://reportsystem/',
  'accept-encoding' => 'gzip, deflate',
  'accept-language' => 'zh-CN,zh;q=0.9',
  'cookie' => 'pgv_pvi=3972531200; PHPSESSID=20vet2mn1b9lftl8pa4oonu054',
)
[ info ] [ PARAM ] array (
)
[ info ] [ RUN ] app\index\controller\Index->login[ F:\study\www\reportSystem\ThinkPHP\app\index\controller\Index.php ]
[ info ] [ SESSION ] INIT array (
  'id' => '',
  'var_session_id' => '',
  'prefix' => 'think',
  'type' => '',
  'auto_start' => true,
  'httponly' => true,
  'secure' => false,
)
[ info ] [ VIEW ] F:\study\www\reportSystem\ThinkPHP\public/../app/index\view\index\login.html [ array (
) ]
[ info ] [ LOG ] INIT File
---------------------------------------------------------------
[ 2019-02-23T23:22:40+08:00 ] 0.0.0.0 GET /static/fontawesome-5.5.0/css/font-awesome.min.css
[ info ] reportsystem/static/fontawesome-5.5.0/css/font-awesome.min.css [运行时间：0.082236s][吞吐率：12.16req/s] [内存消耗：2,492.34kb] [文件加载：32]
[ info ] [ LANG ] F:\study\www\reportSystem\ThinkPHP\thinkphp\lang\zh-cn.php
[ info ] [ ROUTE ] array (
  'type' => 'module',
  'module' => 
  array (
    0 => 'static',
    1 => 'fontawesome-5.5.0',
    2 => 'css',
  ),
)
[ info ] [ HEADER ] array (
  'host' => 'reportsystem',
  'connection' => 'keep-alive',
  'user-agent' => 'Mozilla/5.0 (Windows NT 10.0; WOW64) AppleWebKit/537.36 (KHTML, like Gecko) Chrome/71.0.3578.98 Safari/537.36',
  'accept' => 'text/css,*/*;q=0.1',
  'referer' => 'http://reportsystem/index/index/login',
  'accept-encoding' => 'gzip, deflate',
  'accept-language' => 'zh-CN,zh;q=0.9',
  'cookie' => 'pgv_pvi=3972531200; PHPSESSID=20vet2mn1b9lftl8pa4oonu054',
)
[ info ] [ PARAM ] array (
)
[ info ] [ LOG ] INIT File
---------------------------------------------------------------
[ 2019-02-23T23:22:47+08:00 ] 0.0.0.0 POST /index/login/login
[ info ] reportsystem/index/login/login [运行时间：0.458965s][吞吐率：2.18req/s] [内存消耗：5,022.98kb] [文件加载：50]
[ info ] [ LANG ] F:\study\www\reportSystem\ThinkPHP\thinkphp\lang\zh-cn.php
[ info ] [ ROUTE ] array (
  'type' => 'module',
  'module' => 
  array (
    0 => 'index',
    1 => 'login',
    2 => 'login',
  ),
)
[ info ] [ HEADER ] array (
  'host' => 'reportsystem',
  'connection' => 'keep-alive',
  'content-length' => '39',
  'cache-control' => 'max-age=0',
  'origin' => 'http://reportsystem',
  'upgrade-insecure-requests' => '1',
  'content-type' => 'application/x-www-form-urlencoded',
  'user-agent' => 'Mozilla/5.0 (Windows NT 10.0; WOW64) AppleWebKit/537.36 (KHTML, like Gecko) Chrome/71.0.3578.98 Safari/537.36',
  'accept' => 'text/html,application/xhtml+xml,application/xml;q=0.9,image/webp,image/apng,*/*;q=0.8',
  'referer' => 'http://reportsystem/index/index/login',
  'accept-encoding' => 'gzip, deflate',
  'accept-language' => 'zh-CN,zh;q=0.9',
  'cookie' => 'pgv_pvi=3972531200; PHPSESSID=20vet2mn1b9lftl8pa4oonu054',
)
[ info ] [ PARAM ] array (
  'account' => '201541402313',
  'password' => 'tyttyt123',
)
[ info ] [ RUN ] app\index\controller\Login->login[ F:\study\www\reportSystem\ThinkPHP\app\index\controller\Login.php ]
[ info ] [ SESSION ] INIT array (
  'id' => '',
  'var_session_id' => '',
  'prefix' => 'think',
  'type' => '',
  'auto_start' => true,
  'httponly' => true,
  'secure' => false,
)
[ info ] [ DB ] INIT mysql
[ info ] [ VIEW ] F:\study\www\reportSystem\ThinkPHP\thinkphp\tpl\dispatch_jump.tpl [ array (
  0 => 'code',
  1 => 'msg',
  2 => 'data',
  3 => 'url',
  4 => 'wait',
) ]
[ info ] [ LOG ] INIT File
[ notice ] 登录系统
[ sql ] [ DB ] CONNECT:[ UseTime:0.002049s ] mysql:host=127.0.0.1;port=3306;dbname=report_system;charset=utf8
[ sql ] [ SQL ] SHOW COLUMNS FROM `user` [ RunTime:0.005325s ]
[ sql ] [ SQL ] SELECT * FROM `user` WHERE  (  account = '201541402313' and password = '59b618b9fbe7f75cd16b45eb28e971b3' ) LIMIT 1 [ RunTime:0.001151s ]
[ sql ] [ SQL ] UPDATE `user`  SET `count`=`count`+1  WHERE  (  account = '201541402313' and password = '59b618b9fbe7f75cd16b45eb28e971b3' ) [ RunTime:0.252102s ]
[ sql ] [ SQL ] UPDATE `user`  SET `lastTime`='1550935367'  WHERE  (  account = '201541402313' and password = '59b618b9fbe7f75cd16b45eb28e971b3' ) [ RunTime:0.075533s ]
---------------------------------------------------------------
[ 2019-02-23T23:22:49+08:00 ] 0.0.0.0 GET /student/index/index
[ info ] reportsystem/student/index/index [运行时间：0.186796s][吞吐率：5.35req/s] [内存消耗：2,928.40kb] [文件加载：37]
[ info ] [ LANG ] F:\study\www\reportSystem\ThinkPHP\thinkphp\lang\zh-cn.php
[ info ] [ ROUTE ] array (
  'type' => 'module',
  'module' => 
  array (
    0 => 'student',
    1 => 'index',
    2 => 'index',
  ),
)
[ info ] [ HEADER ] array (
  'host' => 'reportsystem',
  'connection' => 'keep-alive',
  'upgrade-insecure-requests' => '1',
  'user-agent' => 'Mozilla/5.0 (Windows NT 10.0; WOW64) AppleWebKit/537.36 (KHTML, like Gecko) Chrome/71.0.3578.98 Safari/537.36',
  'accept' => 'text/html,application/xhtml+xml,application/xml;q=0.9,image/webp,image/apng,*/*;q=0.8',
  'referer' => 'http://reportsystem/index/login/login',
  'accept-encoding' => 'gzip, deflate',
  'accept-language' => 'zh-CN,zh;q=0.9',
  'cookie' => 'pgv_pvi=3972531200; PHPSESSID=20vet2mn1b9lftl8pa4oonu054',
)
[ info ] [ PARAM ] array (
)
[ info ] [ RUN ] app\student\controller\Index->index[ F:\study\www\reportSystem\ThinkPHP\app\student\controller\Index.php ]
[ info ] [ VIEW ] F:\study\www\reportSystem\ThinkPHP\public/../app/student\view\index\index.html [ array (
) ]
[ info ] [ SESSION ] INIT array (
  'id' => '',
  'var_session_id' => '',
  'prefix' => 'think',
  'type' => '',
  'auto_start' => true,
  'httponly' => true,
  'secure' => false,
)
[ info ] [ LOG ] INIT File
---------------------------------------------------------------
[ 2019-02-23T23:22:49+08:00 ] 0.0.0.0 GET /static/fontawesome-5.5.0/css/font-awesome.min.css
[ info ] reportsystem/static/fontawesome-5.5.0/css/font-awesome.min.css [运行时间：0.099789s][吞吐率：10.02req/s] [内存消耗：2,492.23kb] [文件加载：32]
[ info ] [ LANG ] F:\study\www\reportSystem\ThinkPHP\thinkphp\lang\zh-cn.php
[ info ] [ ROUTE ] array (
  'type' => 'module',
  'module' => 
  array (
    0 => 'static',
    1 => 'fontawesome-5.5.0',
    2 => 'css',
  ),
)
[ info ] [ HEADER ] array (
  'host' => 'reportsystem',
  'connection' => 'keep-alive',
  'user-agent' => 'Mozilla/5.0 (Windows NT 10.0; WOW64) AppleWebKit/537.36 (KHTML, like Gecko) Chrome/71.0.3578.98 Safari/537.36',
  'accept' => 'text/css,*/*;q=0.1',
  'referer' => 'http://reportsystem/student/index/index',
  'accept-encoding' => 'gzip, deflate',
  'accept-language' => 'zh-CN,zh;q=0.9',
  'cookie' => 'pgv_pvi=3972531200; PHPSESSID=20vet2mn1b9lftl8pa4oonu054',
)
[ info ] [ PARAM ] array (
)
[ info ] [ LOG ] INIT File
---------------------------------------------------------------
[ 2019-02-23T23:22:53+08:00 ] 0.0.0.0 GET /student/task/taskList
[ info ] reportsystem/student/task/taskList [运行时间：0.690782s][吞吐率：1.45req/s] [内存消耗：5,242.24kb] [文件加载：51]
[ info ] [ LANG ] F:\study\www\reportSystem\ThinkPHP\thinkphp\lang\zh-cn.php
[ info ] [ ROUTE ] array (
  'type' => 'module',
  'module' => 
  array (
    0 => 'student',
    1 => 'task',
    2 => 'taskList',
  ),
)
[ info ] [ HEADER ] array (
  'host' => 'reportsystem',
  'connection' => 'keep-alive',
  'upgrade-insecure-requests' => '1',
  'user-agent' => 'Mozilla/5.0 (Windows NT 10.0; WOW64) AppleWebKit/537.36 (KHTML, like Gecko) Chrome/71.0.3578.98 Safari/537.36',
  'accept' => 'text/html,application/xhtml+xml,application/xml;q=0.9,image/webp,image/apng,*/*;q=0.8',
  'referer' => 'http://reportsystem/student/index/index',
  'accept-encoding' => 'gzip, deflate',
  'accept-language' => 'zh-CN,zh;q=0.9',
  'cookie' => 'pgv_pvi=3972531200; PHPSESSID=20vet2mn1b9lftl8pa4oonu054',
)
[ info ] [ PARAM ] array (
)
[ info ] [ SESSION ] INIT array (
  'id' => '',
  'var_session_id' => '',
  'prefix' => 'think',
  'type' => '',
  'auto_start' => true,
  'httponly' => true,
  'secure' => false,
)
[ info ] [ RUN ] app\student\controller\Task->taskList[ F:\study\www\reportSystem\ThinkPHP\app\student\controller\Task.php ]
[ info ] [ DB ] INIT mysql
[ info ] [ VIEW ] F:\study\www\reportSystem\ThinkPHP\public/../app/student\view\task\taskList.html [ array (
  0 => 'taskList',
  1 => 'taskNumber',
) ]
[ info ] [ LOG ] INIT File
[ notice ] 显示实验任务列表
[ sql ] [ DB ] CONNECT:[ UseTime:0.002246s ] mysql:host=127.0.0.1;port=3306;dbname=report_system;charset=utf8
[ sql ] [ SQL ] SHOW COLUMNS FROM `elective` [ RunTime:0.005536s ]
[ sql ] [ SQL ] SELECT COUNT(*) AS tp_count FROM `elective` `a` INNER JOIN `student` `b` ON `a`.`studentNo`=`b`.`studentNo` INNER JOIN `teacher` `c` ON `a`.`teacherNo`=`c`.`teacherNo` INNER JOIN `course` `d` ON `a`.`courseNo`=`d`.`courseNo` INNER JOIN `task` `e` ON `e`.`courseNo`=`a`.`courseNo` WHERE  (  status = 1 )  AND (  a.studentNo = '201541402313' ) LIMIT 1 [ RunTime:0.216879s ]
[ sql ] [ SQL ] SELECT * FROM `elective` `a` INNER JOIN `student` `b` ON `a`.`studentNo`=`b`.`studentNo` INNER JOIN `teacher` `c` ON `a`.`teacherNo`=`c`.`teacherNo` INNER JOIN `course` `d` ON `a`.`courseNo`=`d`.`courseNo` INNER JOIN `task` `e` ON `e`.`courseNo`=`a`.`courseNo` WHERE  (  status = 1 )  AND (  a.studentNo = '201541402313' ) LIMIT 0,15 [ RunTime:0.002480s ]
[ sql ] [ SQL ] SELECT COUNT(*) AS tp_count FROM `elective` `a` INNER JOIN `student` `b` ON `a`.`studentNo`=`b`.`studentNo` INNER JOIN `teacher` `c` ON `a`.`teacherNo`=`c`.`teacherNo` INNER JOIN `course` `d` ON `a`.`courseNo`=`d`.`courseNo` INNER JOIN `task` `e` ON `e`.`courseNo`=`a`.`courseNo` WHERE  (  status = 1 )  AND (  a.studentNo = '201541402313' ) LIMIT 1 [ RunTime:0.001418s ]
---------------------------------------------------------------
[ 2019-02-23T23:22:54+08:00 ] 0.0.0.0 GET /static/fontawesome-5.5.0/css/font-awesome.min.css
[ info ] reportsystem/static/fontawesome-5.5.0/css/font-awesome.min.css [运行时间：0.084520s][吞吐率：11.83req/s] [内存消耗：2,492.17kb] [文件加载：32]
[ info ] [ LANG ] F:\study\www\reportSystem\ThinkPHP\thinkphp\lang\zh-cn.php
[ info ] [ ROUTE ] array (
  'type' => 'module',
  'module' => 
  array (
    0 => 'static',
    1 => 'fontawesome-5.5.0',
    2 => 'css',
  ),
)
[ info ] [ HEADER ] array (
  'host' => 'reportsystem',
  'connection' => 'keep-alive',
  'user-agent' => 'Mozilla/5.0 (Windows NT 10.0; WOW64) AppleWebKit/537.36 (KHTML, like Gecko) Chrome/71.0.3578.98 Safari/537.36',
  'accept' => 'text/css,*/*;q=0.1',
  'referer' => 'http://reportsystem/student/task/taskList',
  'accept-encoding' => 'gzip, deflate',
  'accept-language' => 'zh-CN,zh;q=0.9',
  'cookie' => 'pgv_pvi=3972531200; PHPSESSID=20vet2mn1b9lftl8pa4oonu054',
)
[ info ] [ PARAM ] array (
)
[ info ] [ LOG ] INIT File
---------------------------------------------------------------
[ 2019-02-23T23:22:58+08:00 ] 0.0.0.0 GET /student/task/taskList
[ info ] reportsystem/student/task/taskList [运行时间：0.159631s][吞吐率：6.26req/s] [内存消耗：5,242.03kb] [文件加载：51]
[ info ] [ LANG ] F:\study\www\reportSystem\ThinkPHP\thinkphp\lang\zh-cn.php
[ info ] [ ROUTE ] array (
  'type' => 'module',
  'module' => 
  array (
    0 => 'student',
    1 => 'task',
    2 => 'taskList',
  ),
)
[ info ] [ HEADER ] array (
  'host' => 'reportsystem',
  'connection' => 'keep-alive',
  'upgrade-insecure-requests' => '1',
  'user-agent' => 'Mozilla/5.0 (Windows NT 10.0; WOW64) AppleWebKit/537.36 (KHTML, like Gecko) Chrome/71.0.3578.98 Safari/537.36',
  'accept' => 'text/html,application/xhtml+xml,application/xml;q=0.9,image/webp,image/apng,*/*;q=0.8',
  'referer' => 'http://reportsystem/student/task/taskList',
  'accept-encoding' => 'gzip, deflate',
  'accept-language' => 'zh-CN,zh;q=0.9',
  'cookie' => 'pgv_pvi=3972531200; PHPSESSID=20vet2mn1b9lftl8pa4oonu054',
)
[ info ] [ PARAM ] array (
)
[ info ] [ SESSION ] INIT array (
  'id' => '',
  'var_session_id' => '',
  'prefix' => 'think',
  'type' => '',
  'auto_start' => true,
  'httponly' => true,
  'secure' => false,
)
[ info ] [ RUN ] app\student\controller\Task->taskList[ F:\study\www\reportSystem\ThinkPHP\app\student\controller\Task.php ]
[ info ] [ DB ] INIT mysql
[ info ] [ VIEW ] F:\study\www\reportSystem\ThinkPHP\public/../app/student\view\task\taskList.html [ array (
  0 => 'taskList',
  1 => 'taskNumber',
) ]
[ info ] [ LOG ] INIT File
[ notice ] 显示实验任务列表
[ sql ] [ DB ] CONNECT:[ UseTime:0.002520s ] mysql:host=127.0.0.1;port=3306;dbname=report_system;charset=utf8
[ sql ] [ SQL ] SHOW COLUMNS FROM `elective` [ RunTime:0.004801s ]
[ sql ] [ SQL ] SELECT COUNT(*) AS tp_count FROM `elective` `a` INNER JOIN `student` `b` ON `a`.`studentNo`=`b`.`studentNo` INNER JOIN `teacher` `c` ON `a`.`teacherNo`=`c`.`teacherNo` INNER JOIN `course` `d` ON `a`.`courseNo`=`d`.`courseNo` INNER JOIN `task` `e` ON `e`.`courseNo`=`a`.`courseNo` WHERE  (  status = 1 )  AND (  a.studentNo = '201541402313' ) LIMIT 1 [ RunTime:0.010909s ]
[ sql ] [ SQL ] SELECT * FROM `elective` `a` INNER JOIN `student` `b` ON `a`.`studentNo`=`b`.`studentNo` INNER JOIN `teacher` `c` ON `a`.`teacherNo`=`c`.`teacherNo` INNER JOIN `course` `d` ON `a`.`courseNo`=`d`.`courseNo` INNER JOIN `task` `e` ON `e`.`courseNo`=`a`.`courseNo` WHERE  (  status = 1 )  AND (  a.studentNo = '201541402313' ) LIMIT 0,15 [ RunTime:0.002888s ]
[ sql ] [ SQL ] SELECT COUNT(*) AS tp_count FROM `elective` `a` INNER JOIN `student` `b` ON `a`.`studentNo`=`b`.`studentNo` INNER JOIN `teacher` `c` ON `a`.`teacherNo`=`c`.`teacherNo` INNER JOIN `course` `d` ON `a`.`courseNo`=`d`.`courseNo` INNER JOIN `task` `e` ON `e`.`courseNo`=`a`.`courseNo` WHERE  (  status = 1 )  AND (  a.studentNo = '201541402313' ) LIMIT 1 [ RunTime:0.001380s ]
---------------------------------------------------------------
[ 2019-02-23T23:22:59+08:00 ] 0.0.0.0 GET /static/fontawesome-5.5.0/css/font-awesome.min.css
[ info ] reportsystem/static/fontawesome-5.5.0/css/font-awesome.min.css [运行时间：0.078915s][吞吐率：12.67req/s] [内存消耗：2,492.17kb] [文件加载：32]
[ info ] [ LANG ] F:\study\www\reportSystem\ThinkPHP\thinkphp\lang\zh-cn.php
[ info ] [ ROUTE ] array (
  'type' => 'module',
  'module' => 
  array (
    0 => 'static',
    1 => 'fontawesome-5.5.0',
    2 => 'css',
  ),
)
[ info ] [ HEADER ] array (
  'host' => 'reportsystem',
  'connection' => 'keep-alive',
  'user-agent' => 'Mozilla/5.0 (Windows NT 10.0; WOW64) AppleWebKit/537.36 (KHTML, like Gecko) Chrome/71.0.3578.98 Safari/537.36',
  'accept' => 'text/css,*/*;q=0.1',
  'referer' => 'http://reportsystem/student/task/taskList',
  'accept-encoding' => 'gzip, deflate',
  'accept-language' => 'zh-CN,zh;q=0.9',
  'cookie' => 'pgv_pvi=3972531200; PHPSESSID=20vet2mn1b9lftl8pa4oonu054',
)
[ info ] [ PARAM ] array (
)
[ info ] [ LOG ] INIT File
---------------------------------------------------------------
[ 2019-02-23T23:23:02+08:00 ] 0.0.0.0 GET /student/report/addPage?guideNo=1
[ info ] reportsystem/student/report/addPage?guideNo=1 [运行时间：0.178683s][吞吐率：5.60req/s] [内存消耗：3,068.16kb] [文件加载：38]
[ info ] [ LANG ] F:\study\www\reportSystem\ThinkPHP\thinkphp\lang\zh-cn.php
[ info ] [ ROUTE ] array (
  'type' => 'module',
  'module' => 
  array (
    0 => 'student',
    1 => 'report',
    2 => 'addPage',
  ),
)
[ info ] [ HEADER ] array (
  'host' => 'reportsystem',
  'connection' => 'keep-alive',
  'upgrade-insecure-requests' => '1',
  'user-agent' => 'Mozilla/5.0 (Windows NT 10.0; WOW64) AppleWebKit/537.36 (KHTML, like Gecko) Chrome/71.0.3578.98 Safari/537.36',
  'accept' => 'text/html,application/xhtml+xml,application/xml;q=0.9,image/webp,image/apng,*/*;q=0.8',
  'referer' => 'http://reportsystem/student/task/taskList',
  'accept-encoding' => 'gzip, deflate',
  'accept-language' => 'zh-CN,zh;q=0.9',
  'cookie' => 'pgv_pvi=3972531200; PHPSESSID=20vet2mn1b9lftl8pa4oonu054',
)
[ info ] [ PARAM ] array (
  'guideNo' => '1',
)
[ info ] [ SESSION ] INIT array (
  'id' => '',
  'var_session_id' => '',
  'prefix' => 'think',
  'type' => '',
  'auto_start' => true,
  'httponly' => true,
  'secure' => false,
)
[ info ] [ RUN ] app\student\controller\Report->addPage[ F:\study\www\reportSystem\ThinkPHP\app\student\controller\Report.php ]
[ info ] [ VIEW ] F:\study\www\reportSystem\ThinkPHP\public/../app/student\view\report\reportAdd.html [ array (
  0 => 'guideNo',
) ]
[ info ] [ LOG ] INIT File
---------------------------------------------------------------
[ 2019-02-23T23:23:12+08:00 ] 0.0.0.0 GET /student/report/guideShow?guideNo=1
[ info ] reportsystem/student/report/guideShow?guideNo=1 [运行时间：10.263398s][吞吐率：0.10req/s] [内存消耗：17,211.46kb] [文件加载：57]
[ info ] [ LANG ] F:\study\www\reportSystem\ThinkPHP\thinkphp\lang\zh-cn.php
[ info ] [ ROUTE ] array (
  'type' => 'module',
  'module' => 
  array (
    0 => 'student',
    1 => 'report',
    2 => 'guideShow',
  ),
)
[ info ] [ HEADER ] array (
  'host' => 'reportsystem',
  'connection' => 'keep-alive',
  'upgrade-insecure-requests' => '1',
  'user-agent' => 'Mozilla/5.0 (Windows NT 10.0; WOW64) AppleWebKit/537.36 (KHTML, like Gecko) Chrome/71.0.3578.98 Safari/537.36',
  'accept' => 'text/html,application/xhtml+xml,application/xml;q=0.9,image/webp,image/apng,*/*;q=0.8',
  'referer' => 'http://reportsystem/student/report/addPage?guideNo=1',
  'accept-encoding' => 'gzip, deflate',
  'accept-language' => 'zh-CN,zh;q=0.9',
  'cookie' => 'pgv_pvi=3972531200; PHPSESSID=20vet2mn1b9lftl8pa4oonu054',
)
[ info ] [ PARAM ] array (
  'guideNo' => '1',
)
[ info ] [ SESSION ] INIT array (
  'id' => '',
  'var_session_id' => '',
  'prefix' => 'think',
  'type' => '',
  'auto_start' => true,
  'httponly' => true,
  'secure' => false,
)
[ info ] [ RUN ] app\student\controller\Report->guideShow[ F:\study\www\reportSystem\ThinkPHP\app\student\controller\Report.php ]
[ info ] [ DB ] INIT mysql
[ info ] [ LOG ] INIT File
[ notice ] 显示实验指导
[ sql ] [ DB ] CONNECT:[ UseTime:0.002804s ] mysql:host=127.0.0.1;port=3306;dbname=report_system;charset=utf8
[ sql ] [ SQL ] SHOW COLUMNS FROM `guide` [ RunTime:0.030269s ]
[ sql ] [ SQL ] SELECT * FROM `guide` WHERE  (  guideNo = 1 ) LIMIT 1 [ RunTime:0.001506s ]
[ sql ] [ SQL ] SHOW COLUMNS FROM `course` [ RunTime:0.006573s ]
[ sql ] [ SQL ] SELECT * FROM `course` WHERE  (  courseNo = '351' ) LIMIT 1 [ RunTime:0.025358s ]
---------------------------------------------------------------
[ 2019-02-23T23:23:12+08:00 ] 0.0.0.0 GET /student/report/reportPage?guideNo=1
[ info ] reportsystem/student/report/reportPage?guideNo=1 [运行时间：10.640322s][吞吐率：0.09req/s] [内存消耗：5,193.91kb] [文件加载：49]
[ info ] [ LANG ] F:\study\www\reportSystem\ThinkPHP\thinkphp\lang\zh-cn.php
[ info ] [ ROUTE ] array (
  'type' => 'module',
  'module' => 
  array (
    0 => 'student',
    1 => 'report',
    2 => 'reportPage',
  ),
)
[ info ] [ HEADER ] array (
  'host' => 'reportsystem',
  'connection' => 'keep-alive',
  'upgrade-insecure-requests' => '1',
  'user-agent' => 'Mozilla/5.0 (Windows NT 10.0; WOW64) AppleWebKit/537.36 (KHTML, like Gecko) Chrome/71.0.3578.98 Safari/537.36',
  'accept' => 'text/html,application/xhtml+xml,application/xml;q=0.9,image/webp,image/apng,*/*;q=0.8',
  'referer' => 'http://reportsystem/student/report/addPage?guideNo=1',
  'accept-encoding' => 'gzip, deflate',
  'accept-language' => 'zh-CN,zh;q=0.9',
  'cookie' => 'pgv_pvi=3972531200; PHPSESSID=20vet2mn1b9lftl8pa4oonu054',
)
[ info ] [ PARAM ] array (
  'guideNo' => '1',
)
[ info ] [ SESSION ] INIT array (
  'id' => '',
  'var_session_id' => '',
  'prefix' => 'think',
  'type' => '',
  'auto_start' => true,
  'httponly' => true,
  'secure' => false,
)
[ info ] [ RUN ] app\student\controller\Report->reportPage[ F:\study\www\reportSystem\ThinkPHP\app\student\controller\Report.php ]
[ info ] [ DB ] INIT mysql
[ info ] [ VIEW ] F:\study\www\reportSystem\ThinkPHP\public/../app/student\view\report\reportPage.html [ array (
  0 => 'student',
  1 => 'guide',
) ]
[ info ] [ LOG ] INIT File
[ notice ] 显示实验报告
[ sql ] [ DB ] CONNECT:[ UseTime:0.002919s ] mysql:host=127.0.0.1;port=3306;dbname=report_system;charset=utf8
[ sql ] [ SQL ] SHOW COLUMNS FROM `student` [ RunTime:0.006369s ]
[ sql ] [ SQL ] SELECT * FROM `student` WHERE  (  studentNo = '201541402313' ) LIMIT 1 [ RunTime:0.005046s ]
[ sql ] [ SQL ] SHOW COLUMNS FROM `guide` [ RunTime:0.008735s ]
[ sql ] [ SQL ] SELECT `a`.*,`b`.`teacherNo`,`b`.`teacherName`,`c`.`courseNo`,`c`.`courseName`,`d`.`taskNo`,`d`.`taskName` FROM `guide` `a` INNER JOIN `teacher` `b` ON `a`.`teacherNo`=`b`.`teacherNo` INNER JOIN `course` `c` ON `a`.`courseNo`=`c`.`courseNo` INNER JOIN `task` `d` ON `a`.`taskNo`=`d`.`taskNo` WHERE  (  a.guideNo = '1' ) LIMIT 1 [ RunTime:0.066139s ]
---------------------------------------------------------------
[ 2019-02-23T23:23:38+08:00 ] 0.0.0.0 GET /student/report/reportList
[ info ] reportsystem/student/report/reportList [运行时间：0.826128s][吞吐率：1.21req/s] [内存消耗：5,458.21kb] [文件加载：52]
[ info ] [ LANG ] F:\study\www\reportSystem\ThinkPHP\thinkphp\lang\zh-cn.php
[ info ] [ ROUTE ] array (
  'type' => 'module',
  'module' => 
  array (
    0 => 'student',
    1 => 'report',
    2 => 'reportList',
  ),
)
[ info ] [ HEADER ] array (
  'host' => 'reportsystem',
  'connection' => 'keep-alive',
  'upgrade-insecure-requests' => '1',
  'user-agent' => 'Mozilla/5.0 (Windows NT 10.0; WOW64) AppleWebKit/537.36 (KHTML, like Gecko) Chrome/71.0.3578.98 Safari/537.36',
  'accept' => 'text/html,application/xhtml+xml,application/xml;q=0.9,image/webp,image/apng,*/*;q=0.8',
  'referer' => 'http://reportsystem/student/task/taskList',
  'accept-encoding' => 'gzip, deflate',
  'accept-language' => 'zh-CN,zh;q=0.9',
  'cookie' => 'pgv_pvi=3972531200; PHPSESSID=20vet2mn1b9lftl8pa4oonu054',
)
[ info ] [ PARAM ] array (
)
[ info ] [ SESSION ] INIT array (
  'id' => '',
  'var_session_id' => '',
  'prefix' => 'think',
  'type' => '',
  'auto_start' => true,
  'httponly' => true,
  'secure' => false,
)
[ info ] [ RUN ] app\student\controller\Report->reportList[ F:\study\www\reportSystem\ThinkPHP\app\student\controller\Report.php ]
[ info ] [ DB ] INIT mysql
[ info ] [ VIEW ] F:\study\www\reportSystem\ThinkPHP\public/../app/student\view\report\reportList.html [ array (
  0 => 'reportList',
  1 => 'reportNumber',
) ]
[ info ] [ LOG ] INIT File
[ notice ] 显示实验报告列表
[ sql ] [ DB ] CONNECT:[ UseTime:0.001928s ] mysql:host=127.0.0.1;port=3306;dbname=report_system;charset=utf8
[ sql ] [ SQL ] SHOW COLUMNS FROM `report` [ RunTime:0.005513s ]
[ sql ] [ SQL ] SELECT COUNT(*) AS tp_count FROM `report` `a` INNER JOIN `course` `b` ON `a`.`courseNo`=`b`.`courseNo` INNER JOIN `teacher` `c` ON `a`.`teacherNo`=`c`.`teacherNo` INNER JOIN `student` `d` ON `a`.`studentNo`=`d`.`studentNo` INNER JOIN `task` `e` ON `a`.`taskNo`=`e`.`taskNo` WHERE  (  a.studentNo = '201541402313' ) LIMIT 1 [ RunTime:0.010336s ]
[ sql ] [ SQL ] SELECT * FROM `report` `a` INNER JOIN `course` `b` ON `a`.`courseNo`=`b`.`courseNo` INNER JOIN `teacher` `c` ON `a`.`teacherNo`=`c`.`teacherNo` INNER JOIN `student` `d` ON `a`.`studentNo`=`d`.`studentNo` INNER JOIN `task` `e` ON `a`.`taskNo`=`e`.`taskNo` WHERE  (  a.studentNo = '201541402313' ) LIMIT 0,15 [ RunTime:0.003714s ]
[ sql ] [ SQL ] SELECT COUNT(*) AS tp_count FROM `report` `a` INNER JOIN `course` `b` ON `a`.`courseNo`=`b`.`courseNo` INNER JOIN `teacher` `c` ON `a`.`teacherNo`=`c`.`teacherNo` INNER JOIN `student` `d` ON `a`.`studentNo`=`d`.`studentNo` INNER JOIN `task` `e` ON `a`.`taskNo`=`e`.`taskNo` WHERE  (  a.studentNo = '201541402313' ) LIMIT 1 [ RunTime:0.001657s ]
---------------------------------------------------------------
[ 2019-02-23T23:23:41+08:00 ] 0.0.0.0 GET /student/report/reportList
[ info ] reportsystem/student/report/reportList [运行时间：0.294325s][吞吐率：3.40req/s] [内存消耗：5,458.06kb] [文件加载：52]
[ info ] [ LANG ] F:\study\www\reportSystem\ThinkPHP\thinkphp\lang\zh-cn.php
[ info ] [ ROUTE ] array (
  'type' => 'module',
  'module' => 
  array (
    0 => 'student',
    1 => 'report',
    2 => 'reportList',
  ),
)
[ info ] [ HEADER ] array (
  'host' => 'reportsystem',
  'connection' => 'keep-alive',
  'upgrade-insecure-requests' => '1',
  'user-agent' => 'Mozilla/5.0 (Windows NT 10.0; WOW64) AppleWebKit/537.36 (KHTML, like Gecko) Chrome/71.0.3578.98 Safari/537.36',
  'accept' => 'text/html,application/xhtml+xml,application/xml;q=0.9,image/webp,image/apng,*/*;q=0.8',
  'referer' => 'http://reportsystem/student/report/reportList',
  'accept-encoding' => 'gzip, deflate',
  'accept-language' => 'zh-CN,zh;q=0.9',
  'cookie' => 'pgv_pvi=3972531200; PHPSESSID=20vet2mn1b9lftl8pa4oonu054',
)
[ info ] [ PARAM ] array (
)
[ info ] [ SESSION ] INIT array (
  'id' => '',
  'var_session_id' => '',
  'prefix' => 'think',
  'type' => '',
  'auto_start' => true,
  'httponly' => true,
  'secure' => false,
)
[ info ] [ RUN ] app\student\controller\Report->reportList[ F:\study\www\reportSystem\ThinkPHP\app\student\controller\Report.php ]
[ info ] [ DB ] INIT mysql
[ info ] [ VIEW ] F:\study\www\reportSystem\ThinkPHP\public/../app/student\view\report\reportList.html [ array (
  0 => 'reportList',
  1 => 'reportNumber',
) ]
[ info ] [ LOG ] INIT File
[ notice ] 显示实验报告列表
[ sql ] [ DB ] CONNECT:[ UseTime:0.002210s ] mysql:host=127.0.0.1;port=3306;dbname=report_system;charset=utf8
[ sql ] [ SQL ] SHOW COLUMNS FROM `report` [ RunTime:0.004781s ]
[ sql ] [ SQL ] SELECT COUNT(*) AS tp_count FROM `report` `a` INNER JOIN `course` `b` ON `a`.`courseNo`=`b`.`courseNo` INNER JOIN `teacher` `c` ON `a`.`teacherNo`=`c`.`teacherNo` INNER JOIN `student` `d` ON `a`.`studentNo`=`d`.`studentNo` INNER JOIN `task` `e` ON `a`.`taskNo`=`e`.`taskNo` WHERE  (  a.studentNo = '201541402313' ) LIMIT 1 [ RunTime:0.010310s ]
[ sql ] [ SQL ] SELECT * FROM `report` `a` INNER JOIN `course` `b` ON `a`.`courseNo`=`b`.`courseNo` INNER JOIN `teacher` `c` ON `a`.`teacherNo`=`c`.`teacherNo` INNER JOIN `student` `d` ON `a`.`studentNo`=`d`.`studentNo` INNER JOIN `task` `e` ON `a`.`taskNo`=`e`.`taskNo` WHERE  (  a.studentNo = '201541402313' ) LIMIT 0,15 [ RunTime:0.003313s ]
[ sql ] [ SQL ] SELECT COUNT(*) AS tp_count FROM `report` `a` INNER JOIN `course` `b` ON `a`.`courseNo`=`b`.`courseNo` INNER JOIN `teacher` `c` ON `a`.`teacherNo`=`c`.`teacherNo` INNER JOIN `student` `d` ON `a`.`studentNo`=`d`.`studentNo` INNER JOIN `task` `e` ON `a`.`taskNo`=`e`.`taskNo` WHERE  (  a.studentNo = '201541402313' ) LIMIT 1 [ RunTime:0.001458s ]
---------------------------------------------------------------
[ 2019-02-23T23:23:45+08:00 ] 0.0.0.0 GET /student/task/taskList
[ info ] reportsystem/student/task/taskList [运行时间：0.284647s][吞吐率：3.51req/s] [内存消耗：5,242.09kb] [文件加载：51]
[ info ] [ LANG ] F:\study\www\reportSystem\ThinkPHP\thinkphp\lang\zh-cn.php
[ info ] [ ROUTE ] array (
  'type' => 'module',
  'module' => 
  array (
    0 => 'student',
    1 => 'task',
    2 => 'taskList',
  ),
)
[ info ] [ HEADER ] array (
  'host' => 'reportsystem',
  'connection' => 'keep-alive',
  'upgrade-insecure-requests' => '1',
  'user-agent' => 'Mozilla/5.0 (Windows NT 10.0; WOW64) AppleWebKit/537.36 (KHTML, like Gecko) Chrome/71.0.3578.98 Safari/537.36',
  'accept' => 'text/html,application/xhtml+xml,application/xml;q=0.9,image/webp,image/apng,*/*;q=0.8',
  'referer' => 'http://reportsystem/student/report/reportList',
  'accept-encoding' => 'gzip, deflate',
  'accept-language' => 'zh-CN,zh;q=0.9',
  'cookie' => 'pgv_pvi=3972531200; PHPSESSID=20vet2mn1b9lftl8pa4oonu054',
)
[ info ] [ PARAM ] array (
)
[ info ] [ SESSION ] INIT array (
  'id' => '',
  'var_session_id' => '',
  'prefix' => 'think',
  'type' => '',
  'auto_start' => true,
  'httponly' => true,
  'secure' => false,
)
[ info ] [ RUN ] app\student\controller\Task->taskList[ F:\study\www\reportSystem\ThinkPHP\app\student\controller\Task.php ]
[ info ] [ DB ] INIT mysql
[ info ] [ VIEW ] F:\study\www\reportSystem\ThinkPHP\public/../app/student\view\task\taskList.html [ array (
  0 => 'taskList',
  1 => 'taskNumber',
) ]
[ info ] [ LOG ] INIT File
[ notice ] 显示实验任务列表
[ sql ] [ DB ] CONNECT:[ UseTime:0.001906s ] mysql:host=127.0.0.1;port=3306;dbname=report_system;charset=utf8
[ sql ] [ SQL ] SHOW COLUMNS FROM `elective` [ RunTime:0.004391s ]
[ sql ] [ SQL ] SELECT COUNT(*) AS tp_count FROM `elective` `a` INNER JOIN `student` `b` ON `a`.`studentNo`=`b`.`studentNo` INNER JOIN `teacher` `c` ON `a`.`teacherNo`=`c`.`teacherNo` INNER JOIN `course` `d` ON `a`.`courseNo`=`d`.`courseNo` INNER JOIN `task` `e` ON `e`.`courseNo`=`a`.`courseNo` WHERE  (  status = 1 )  AND (  a.studentNo = '201541402313' ) LIMIT 1 [ RunTime:0.010524s ]
[ sql ] [ SQL ] SELECT * FROM `elective` `a` INNER JOIN `student` `b` ON `a`.`studentNo`=`b`.`studentNo` INNER JOIN `teacher` `c` ON `a`.`teacherNo`=`c`.`teacherNo` INNER JOIN `course` `d` ON `a`.`courseNo`=`d`.`courseNo` INNER JOIN `task` `e` ON `e`.`courseNo`=`a`.`courseNo` WHERE  (  status = 1 )  AND (  a.studentNo = '201541402313' ) LIMIT 0,15 [ RunTime:0.002661s ]
[ sql ] [ SQL ] SELECT COUNT(*) AS tp_count FROM `elective` `a` INNER JOIN `student` `b` ON `a`.`studentNo`=`b`.`studentNo` INNER JOIN `teacher` `c` ON `a`.`teacherNo`=`c`.`teacherNo` INNER JOIN `course` `d` ON `a`.`courseNo`=`d`.`courseNo` INNER JOIN `task` `e` ON `e`.`courseNo`=`a`.`courseNo` WHERE  (  status = 1 )  AND (  a.studentNo = '201541402313' ) LIMIT 1 [ RunTime:0.002256s ]
---------------------------------------------------------------
[ 2019-02-23T23:23:46+08:00 ] 0.0.0.0 GET /static/fontawesome-5.5.0/css/font-awesome.min.css
[ info ] reportsystem/static/fontawesome-5.5.0/css/font-awesome.min.css [运行时间：0.149375s][吞吐率：6.69req/s] [内存消耗：2,492.17kb] [文件加载：32]
[ info ] [ LANG ] F:\study\www\reportSystem\ThinkPHP\thinkphp\lang\zh-cn.php
[ info ] [ ROUTE ] array (
  'type' => 'module',
  'module' => 
  array (
    0 => 'static',
    1 => 'fontawesome-5.5.0',
    2 => 'css',
  ),
)
[ info ] [ HEADER ] array (
  'host' => 'reportsystem',
  'connection' => 'keep-alive',
  'user-agent' => 'Mozilla/5.0 (Windows NT 10.0; WOW64) AppleWebKit/537.36 (KHTML, like Gecko) Chrome/71.0.3578.98 Safari/537.36',
  'accept' => 'text/css,*/*;q=0.1',
  'referer' => 'http://reportsystem/student/task/taskList',
  'accept-encoding' => 'gzip, deflate',
  'accept-language' => 'zh-CN,zh;q=0.9',
  'cookie' => 'pgv_pvi=3972531200; PHPSESSID=20vet2mn1b9lftl8pa4oonu054',
)
[ info ] [ PARAM ] array (
)
[ info ] [ LOG ] INIT File
---------------------------------------------------------------
[ 2019-02-23T23:23:50+08:00 ] 0.0.0.0 GET /student/report/reportList
[ info ] reportsystem/student/report/reportList [运行时间：0.295392s][吞吐率：3.39req/s] [内存消耗：5,458.21kb] [文件加载：52]
[ info ] [ LANG ] F:\study\www\reportSystem\ThinkPHP\thinkphp\lang\zh-cn.php
[ info ] [ ROUTE ] array (
  'type' => 'module',
  'module' => 
  array (
    0 => 'student',
    1 => 'report',
    2 => 'reportList',
  ),
)
[ info ] [ HEADER ] array (
  'host' => 'reportsystem',
  'connection' => 'keep-alive',
  'upgrade-insecure-requests' => '1',
  'user-agent' => 'Mozilla/5.0 (Windows NT 10.0; WOW64) AppleWebKit/537.36 (KHTML, like Gecko) Chrome/71.0.3578.98 Safari/537.36',
  'accept' => 'text/html,application/xhtml+xml,application/xml;q=0.9,image/webp,image/apng,*/*;q=0.8',
  'referer' => 'http://reportsystem/student/task/taskList',
  'accept-encoding' => 'gzip, deflate',
  'accept-language' => 'zh-CN,zh;q=0.9',
  'cookie' => 'pgv_pvi=3972531200; PHPSESSID=20vet2mn1b9lftl8pa4oonu054',
)
[ info ] [ PARAM ] array (
)
[ info ] [ SESSION ] INIT array (
  'id' => '',
  'var_session_id' => '',
  'prefix' => 'think',
  'type' => '',
  'auto_start' => true,
  'httponly' => true,
  'secure' => false,
)
[ info ] [ RUN ] app\student\controller\Report->reportList[ F:\study\www\reportSystem\ThinkPHP\app\student\controller\Report.php ]
[ info ] [ DB ] INIT mysql
[ info ] [ VIEW ] F:\study\www\reportSystem\ThinkPHP\public/../app/student\view\report\reportList.html [ array (
  0 => 'reportList',
  1 => 'reportNumber',
) ]
[ info ] [ LOG ] INIT File
[ notice ] 显示实验报告列表
[ sql ] [ DB ] CONNECT:[ UseTime:0.002049s ] mysql:host=127.0.0.1;port=3306;dbname=report_system;charset=utf8
[ sql ] [ SQL ] SHOW COLUMNS FROM `report` [ RunTime:0.004791s ]
[ sql ] [ SQL ] SELECT COUNT(*) AS tp_count FROM `report` `a` INNER JOIN `course` `b` ON `a`.`courseNo`=`b`.`courseNo` INNER JOIN `teacher` `c` ON `a`.`teacherNo`=`c`.`teacherNo` INNER JOIN `student` `d` ON `a`.`studentNo`=`d`.`studentNo` INNER JOIN `task` `e` ON `a`.`taskNo`=`e`.`taskNo` WHERE  (  a.studentNo = '201541402313' ) LIMIT 1 [ RunTime:0.011846s ]
[ sql ] [ SQL ] SELECT * FROM `report` `a` INNER JOIN `course` `b` ON `a`.`courseNo`=`b`.`courseNo` INNER JOIN `teacher` `c` ON `a`.`teacherNo`=`c`.`teacherNo` INNER JOIN `student` `d` ON `a`.`studentNo`=`d`.`studentNo` INNER JOIN `task` `e` ON `a`.`taskNo`=`e`.`taskNo` WHERE  (  a.studentNo = '201541402313' ) LIMIT 0,15 [ RunTime:0.003032s ]
[ sql ] [ SQL ] SELECT COUNT(*) AS tp_count FROM `report` `a` INNER JOIN `course` `b` ON `a`.`courseNo`=`b`.`courseNo` INNER JOIN `teacher` `c` ON `a`.`teacherNo`=`c`.`teacherNo` INNER JOIN `student` `d` ON `a`.`studentNo`=`d`.`studentNo` INNER JOIN `task` `e` ON `a`.`taskNo`=`e`.`taskNo` WHERE  (  a.studentNo = '201541402313' ) LIMIT 1 [ RunTime:0.001882s ]
---------------------------------------------------------------
[ 2019-02-23T23:23:55+08:00 ] 0.0.0.0 GET /student/report/%E5%90%8C%E6%AD%A5%E6%95%B0%E6%8D%AE
[ info ] reportsystem/student/report/%E5%90%8C%E6%AD%A5%E6%95%B0%E6%8D%AE [运行时间：0.195599s][吞吐率：5.11req/s] [内存消耗：3,148.06kb] [文件加载：40]
[ info ] [ LANG ] F:\study\www\reportSystem\ThinkPHP\thinkphp\lang\zh-cn.php
[ info ] [ ROUTE ] array (
  'type' => 'module',
  'module' => 
  array (
    0 => 'student',
    1 => 'report',
    2 => '同步数据',
  ),
)
[ info ] [ HEADER ] array (
  'host' => 'reportsystem',
  'connection' => 'keep-alive',
  'upgrade-insecure-requests' => '1',
  'user-agent' => 'Mozilla/5.0 (Windows NT 10.0; WOW64) AppleWebKit/537.36 (KHTML, like Gecko) Chrome/71.0.3578.98 Safari/537.36',
  'accept' => 'text/html,application/xhtml+xml,application/xml;q=0.9,image/webp,image/apng,*/*;q=0.8',
  'referer' => 'http://reportsystem/student/report/reportList',
  'accept-encoding' => 'gzip, deflate',
  'accept-language' => 'zh-CN,zh;q=0.9',
  'cookie' => 'pgv_pvi=3972531200; PHPSESSID=20vet2mn1b9lftl8pa4oonu054',
)
[ info ] [ PARAM ] array (
)
[ info ] [ SESSION ] INIT array (
  'id' => '',
  'var_session_id' => '',
  'prefix' => 'think',
  'type' => '',
  'auto_start' => true,
  'httponly' => true,
  'secure' => false,
)
[ info ] [ LOG ] INIT File
---------------------------------------------------------------
[ 2019-02-23T23:23:57+08:00 ] 0.0.0.0 GET /student/report/reportList
[ info ] reportsystem/student/report/reportList [运行时间：0.324065s][吞吐率：3.09req/s] [内存消耗：5,458.21kb] [文件加载：52]
[ info ] [ LANG ] F:\study\www\reportSystem\ThinkPHP\thinkphp\lang\zh-cn.php
[ info ] [ ROUTE ] array (
  'type' => 'module',
  'module' => 
  array (
    0 => 'student',
    1 => 'report',
    2 => 'reportList',
  ),
)
[ info ] [ HEADER ] array (
  'host' => 'reportsystem',
  'connection' => 'keep-alive',
  'upgrade-insecure-requests' => '1',
  'user-agent' => 'Mozilla/5.0 (Windows NT 10.0; WOW64) AppleWebKit/537.36 (KHTML, like Gecko) Chrome/71.0.3578.98 Safari/537.36',
  'accept' => 'text/html,application/xhtml+xml,application/xml;q=0.9,image/webp,image/apng,*/*;q=0.8',
  'referer' => 'http://reportsystem/student/task/taskList',
  'accept-encoding' => 'gzip, deflate',
  'accept-language' => 'zh-CN,zh;q=0.9',
  'cookie' => 'pgv_pvi=3972531200; PHPSESSID=20vet2mn1b9lftl8pa4oonu054',
)
[ info ] [ PARAM ] array (
)
[ info ] [ SESSION ] INIT array (
  'id' => '',
  'var_session_id' => '',
  'prefix' => 'think',
  'type' => '',
  'auto_start' => true,
  'httponly' => true,
  'secure' => false,
)
[ info ] [ RUN ] app\student\controller\Report->reportList[ F:\study\www\reportSystem\ThinkPHP\app\student\controller\Report.php ]
[ info ] [ DB ] INIT mysql
[ info ] [ VIEW ] F:\study\www\reportSystem\ThinkPHP\public/../app/student\view\report\reportList.html [ array (
  0 => 'reportList',
  1 => 'reportNumber',
) ]
[ info ] [ LOG ] INIT File
[ notice ] 显示实验报告列表
[ sql ] [ DB ] CONNECT:[ UseTime:0.002092s ] mysql:host=127.0.0.1;port=3306;dbname=report_system;charset=utf8
[ sql ] [ SQL ] SHOW COLUMNS FROM `report` [ RunTime:0.005368s ]
[ sql ] [ SQL ] SELECT COUNT(*) AS tp_count FROM `report` `a` INNER JOIN `course` `b` ON `a`.`courseNo`=`b`.`courseNo` INNER JOIN `teacher` `c` ON `a`.`teacherNo`=`c`.`teacherNo` INNER JOIN `student` `d` ON `a`.`studentNo`=`d`.`studentNo` INNER JOIN `task` `e` ON `a`.`taskNo`=`e`.`taskNo` WHERE  (  a.studentNo = '201541402313' ) LIMIT 1 [ RunTime:0.011471s ]
[ sql ] [ SQL ] SELECT * FROM `report` `a` INNER JOIN `course` `b` ON `a`.`courseNo`=`b`.`courseNo` INNER JOIN `teacher` `c` ON `a`.`teacherNo`=`c`.`teacherNo` INNER JOIN `student` `d` ON `a`.`studentNo`=`d`.`studentNo` INNER JOIN `task` `e` ON `a`.`taskNo`=`e`.`taskNo` WHERE  (  a.studentNo = '201541402313' ) LIMIT 0,15 [ RunTime:0.003503s ]
[ sql ] [ SQL ] SELECT COUNT(*) AS tp_count FROM `report` `a` INNER JOIN `course` `b` ON `a`.`courseNo`=`b`.`courseNo` INNER JOIN `teacher` `c` ON `a`.`teacherNo`=`c`.`teacherNo` INNER JOIN `student` `d` ON `a`.`studentNo`=`d`.`studentNo` INNER JOIN `task` `e` ON `a`.`taskNo`=`e`.`taskNo` WHERE  (  a.studentNo = '201541402313' ) LIMIT 1 [ RunTime:0.001666s ]
---------------------------------------------------------------
[ 2019-02-23T23:26:59+08:00 ] 0.0.0.0 GET /student/report/reportList
[ info ] reportsystem/student/report/reportList [运行时间：0.209595s][吞吐率：4.77req/s] [内存消耗：5,391.08kb] [文件加载：52]
[ info ] [ LANG ] F:\study\www\reportSystem\ThinkPHP\thinkphp\lang\zh-cn.php
[ info ] [ ROUTE ] array (
  'type' => 'module',
  'module' => 
  array (
    0 => 'student',
    1 => 'report',
    2 => 'reportList',
  ),
)
[ info ] [ HEADER ] array (
  'host' => 'reportsystem',
  'connection' => 'keep-alive',
  'cache-control' => 'max-age=0',
  'upgrade-insecure-requests' => '1',
  'user-agent' => 'Mozilla/5.0 (Windows NT 10.0; WOW64) AppleWebKit/537.36 (KHTML, like Gecko) Chrome/71.0.3578.98 Safari/537.36',
  'accept' => 'text/html,application/xhtml+xml,application/xml;q=0.9,image/webp,image/apng,*/*;q=0.8',
  'referer' => 'http://reportsystem/student/task/taskList',
  'accept-encoding' => 'gzip, deflate',
  'accept-language' => 'zh-CN,zh;q=0.9',
  'cookie' => 'pgv_pvi=3972531200; PHPSESSID=20vet2mn1b9lftl8pa4oonu054',
)
[ info ] [ PARAM ] array (
)
[ info ] [ SESSION ] INIT array (
  'id' => '',
  'var_session_id' => '',
  'prefix' => 'think',
  'type' => '',
  'auto_start' => true,
  'httponly' => true,
  'secure' => false,
)
[ info ] [ RUN ] app\student\controller\Report->reportList[ F:\study\www\reportSystem\ThinkPHP\app\student\controller\Report.php ]
[ info ] [ DB ] INIT mysql
[ info ] [ VIEW ] F:\study\www\reportSystem\ThinkPHP\public/../app/student\view\report\reportList.html [ array (
  0 => 'reportList',
  1 => 'reportNumber',
) ]
[ info ] [ LOG ] INIT File
[ notice ] 显示实验报告列表
[ sql ] [ DB ] CONNECT:[ UseTime:0.002157s ] mysql:host=127.0.0.1;port=3306;dbname=report_system;charset=utf8
[ sql ] [ SQL ] SHOW COLUMNS FROM `report` [ RunTime:0.002982s ]
[ sql ] [ SQL ] SELECT COUNT(*) AS tp_count FROM `report` `a` INNER JOIN `course` `b` ON `a`.`courseNo`=`b`.`courseNo` INNER JOIN `teacher` `c` ON `a`.`teacherNo`=`c`.`teacherNo` INNER JOIN `student` `d` ON `a`.`studentNo`=`d`.`studentNo` INNER JOIN `task` `e` ON `a`.`taskNo`=`e`.`taskNo` WHERE  (  a.studentNo = '201541402313' ) LIMIT 1 [ RunTime:0.002972s ]
[ sql ] [ SQL ] SELECT * FROM `report` `a` INNER JOIN `course` `b` ON `a`.`courseNo`=`b`.`courseNo` INNER JOIN `teacher` `c` ON `a`.`teacherNo`=`c`.`teacherNo` INNER JOIN `student` `d` ON `a`.`studentNo`=`d`.`studentNo` INNER JOIN `task` `e` ON `a`.`taskNo`=`e`.`taskNo` WHERE  (  a.studentNo = '201541402313' ) LIMIT 0,15 [ RunTime:0.003250s ]
[ sql ] [ SQL ] SELECT COUNT(*) AS tp_count FROM `report` `a` INNER JOIN `course` `b` ON `a`.`courseNo`=`b`.`courseNo` INNER JOIN `teacher` `c` ON `a`.`teacherNo`=`c`.`teacherNo` INNER JOIN `student` `d` ON `a`.`studentNo`=`d`.`studentNo` INNER JOIN `task` `e` ON `a`.`taskNo`=`e`.`taskNo` WHERE  (  a.studentNo = '201541402313' ) LIMIT 1 [ RunTime:0.001736s ]
---------------------------------------------------------------
[ 2019-02-23T23:27:04+08:00 ] 0.0.0.0 GET /student/report/writePage
[ info ] reportsystem/student/report/writePage [运行时间：0.286883s][吞吐率：3.49req/s] [内存消耗：5,160.42kb] [文件加载：48]
[ info ] [ LANG ] F:\study\www\reportSystem\ThinkPHP\thinkphp\lang\zh-cn.php
[ info ] [ ROUTE ] array (
  'type' => 'module',
  'module' => 
  array (
    0 => 'student',
    1 => 'report',
    2 => 'writePage',
  ),
)
[ info ] [ HEADER ] array (
  'host' => 'reportsystem',
  'connection' => 'keep-alive',
  'upgrade-insecure-requests' => '1',
  'user-agent' => 'Mozilla/5.0 (Windows NT 10.0; WOW64) AppleWebKit/537.36 (KHTML, like Gecko) Chrome/71.0.3578.98 Safari/537.36',
  'accept' => 'text/html,application/xhtml+xml,application/xml;q=0.9,image/webp,image/apng,*/*;q=0.8',
  'referer' => 'http://reportsystem/student/report/reportList',
  'accept-encoding' => 'gzip, deflate',
  'accept-language' => 'zh-CN,zh;q=0.9',
  'cookie' => 'pgv_pvi=3972531200; PHPSESSID=20vet2mn1b9lftl8pa4oonu054',
)
[ info ] [ PARAM ] array (
)
[ info ] [ SESSION ] INIT array (
  'id' => '',
  'var_session_id' => '',
  'prefix' => 'think',
  'type' => '',
  'auto_start' => true,
  'httponly' => true,
  'secure' => false,
)
[ info ] [ RUN ] app\student\controller\Report->writePage[ F:\study\www\reportSystem\ThinkPHP\app\student\controller\Report.php ]
[ info ] [ DB ] INIT mysql
[ info ] [ VIEW ] F:\study\www\reportSystem\ThinkPHP\public/../app/student\view\report\reportWrite.html [ array (
  0 => 'task',
) ]
[ info ] [ LOG ] INIT File
[ notice ] 撰写实验报告页面
[ sql ] [ DB ] CONNECT:[ UseTime:0.002208s ] mysql:host=127.0.0.1;port=3306;dbname=report_system;charset=utf8
[ sql ] [ SQL ] SHOW COLUMNS FROM `elective` [ RunTime:0.004600s ]
[ sql ] [ SQL ] SELECT * FROM `elective` `a` INNER JOIN `student` `b` ON `a`.`studentNo`=`b`.`studentNo` INNER JOIN `teacher` `c` ON `a`.`teacherNo`=`c`.`teacherNo` INNER JOIN `course` `d` ON `a`.`courseNo`=`d`.`courseNo` INNER JOIN `task` `e` ON `e`.`courseNo`=`a`.`courseNo` WHERE  (  status = 1 )  AND (  a.studentNo = '201541402313' ) [ RunTime:0.010084s ]
---------------------------------------------------------------
[ 2019-02-23T23:27:04+08:00 ] 0.0.0.0 GET /static/fontawesome-5.5.0/css/font-awesome.min.css
[ info ] reportsystem/static/fontawesome-5.5.0/css/font-awesome.min.css [运行时间：0.087690s][吞吐率：11.40req/s] [内存消耗：2,492.13kb] [文件加载：32]
[ info ] [ LANG ] F:\study\www\reportSystem\ThinkPHP\thinkphp\lang\zh-cn.php
[ info ] [ ROUTE ] array (
  'type' => 'module',
  'module' => 
  array (
    0 => 'static',
    1 => 'fontawesome-5.5.0',
    2 => 'css',
  ),
)
[ info ] [ HEADER ] array (
  'host' => 'reportsystem',
  'connection' => 'keep-alive',
  'user-agent' => 'Mozilla/5.0 (Windows NT 10.0; WOW64) AppleWebKit/537.36 (KHTML, like Gecko) Chrome/71.0.3578.98 Safari/537.36',
  'accept' => 'text/css,*/*;q=0.1',
  'referer' => 'http://reportsystem/student/report/writePage',
  'accept-encoding' => 'gzip, deflate',
  'accept-language' => 'zh-CN,zh;q=0.9',
  'cookie' => 'pgv_pvi=3972531200; PHPSESSID=20vet2mn1b9lftl8pa4oonu054',
)
[ info ] [ PARAM ] array (
)
[ info ] [ LOG ] INIT File
---------------------------------------------------------------
[ 2019-02-23T23:27:31+08:00 ] 0.0.0.0 POST /student/report/reportWrite
[ info ] reportsystem/student/report/reportWrite [运行时间：0.630138s][吞吐率：1.59req/s] [内存消耗：5,199.37kb] [文件加载：50]
[ info ] [ LANG ] F:\study\www\reportSystem\ThinkPHP\thinkphp\lang\zh-cn.php
[ info ] [ ROUTE ] array (
  'type' => 'module',
  'module' => 
  array (
    0 => 'student',
    1 => 'report',
    2 => 'reportWrite',
  ),
)
[ info ] [ HEADER ] array (
  'host' => 'reportsystem',
  'connection' => 'keep-alive',
  'content-length' => '339',
  'cache-control' => 'max-age=0',
  'origin' => 'http://reportsystem',
  'upgrade-insecure-requests' => '1',
  'content-type' => 'application/x-www-form-urlencoded',
  'user-agent' => 'Mozilla/5.0 (Windows NT 10.0; WOW64) AppleWebKit/537.36 (KHTML, like Gecko) Chrome/71.0.3578.98 Safari/537.36',
  'accept' => 'text/html,application/xhtml+xml,application/xml;q=0.9,image/webp,image/apng,*/*;q=0.8',
  'referer' => 'http://reportsystem/student/report/writePage',
  'accept-encoding' => 'gzip, deflate',
  'accept-language' => 'zh-CN,zh;q=0.9',
  'cookie' => 'pgv_pvi=3972531200; PHPSESSID=20vet2mn1b9lftl8pa4oonu054',
)
[ info ] [ PARAM ] array (
  'taskNo' => '1',
  'reportName' => '实验三 IEEE14443 读取标签数据实验',
  'testRequire' => '<p>q</p>',
  'testAnalysis' => '<p>q</p>',
  'testContent' => '<p>q</p>',
  'testScreen' => '<p>q</p>',
  'testCode' => '<p>q</p>',
  'testSummary' => '<p>q</p>',
  'submit' => '提交',
)
[ info ] [ SESSION ] INIT array (
  'id' => '',
  'var_session_id' => '',
  'prefix' => 'think',
  'type' => '',
  'auto_start' => true,
  'httponly' => true,
  'secure' => false,
)
[ info ] [ RUN ] app\student\controller\Report->reportWrite[ F:\study\www\reportSystem\ThinkPHP\app\student\controller\Report.php ]
[ info ] [ DB ] INIT mysql
[ info ] [ VIEW ] F:\study\www\reportSystem\ThinkPHP\thinkphp\tpl\dispatch_jump.tpl [ array (
  0 => 'code',
  1 => 'msg',
  2 => 'data',
  3 => 'url',
  4 => 'wait',
) ]
[ info ] [ LOG ] INIT File
[ notice ] 撰写实验报告
[ sql ] [ DB ] CONNECT:[ UseTime:0.002115s ] mysql:host=127.0.0.1;port=3306;dbname=report_system;charset=utf8
[ sql ] [ SQL ] SHOW COLUMNS FROM `task` [ RunTime:0.001852s ]
[ sql ] [ SQL ] SELECT * FROM `task` WHERE  (  taskNo = '1' ) LIMIT 1 [ RunTime:0.001209s ]
[ sql ] [ SQL ] SHOW COLUMNS FROM `report` [ RunTime:0.004702s ]
[ sql ] [ SQL ] INSERT INTO `report` (`courseNo` , `teacherNo` , `studentNo` , `taskNo` , `reportName` , `testRequire` , `testAnalysis` , `testContent` , `testScreen` , `testCode` , `testSummary` , `testTime`) VALUES (351 , '2012032' , '201541402313' , 1 , '实验三 IEEE14443 读取标签数据实验' , '<p>q</p>' , '<p>q</p>' , '<p>q</p>' , '<p>q</p>' , '<p>q</p>' , '<p>q</p>' , '1550935650') [ RunTime:0.439220s ]
---------------------------------------------------------------
[ 2019-02-23T23:27:32+08:00 ] 0.0.0.0 GET /student/report/reportList
[ info ] reportsystem/student/report/reportList [运行时间：0.191926s][吞吐率：5.21req/s] [内存消耗：5,403.74kb] [文件加载：52]
[ info ] [ LANG ] F:\study\www\reportSystem\ThinkPHP\thinkphp\lang\zh-cn.php
[ info ] [ ROUTE ] array (
  'type' => 'module',
  'module' => 
  array (
    0 => 'student',
    1 => 'report',
    2 => 'reportList',
  ),
)
[ info ] [ HEADER ] array (
  'host' => 'reportsystem',
  'connection' => 'keep-alive',
  'upgrade-insecure-requests' => '1',
  'user-agent' => 'Mozilla/5.0 (Windows NT 10.0; WOW64) AppleWebKit/537.36 (KHTML, like Gecko) Chrome/71.0.3578.98 Safari/537.36',
  'accept' => 'text/html,application/xhtml+xml,application/xml;q=0.9,image/webp,image/apng,*/*;q=0.8',
  'referer' => 'http://reportsystem/student/report/reportWrite',
  'accept-encoding' => 'gzip, deflate',
  'accept-language' => 'zh-CN,zh;q=0.9',
  'cookie' => 'pgv_pvi=3972531200; PHPSESSID=20vet2mn1b9lftl8pa4oonu054',
)
[ info ] [ PARAM ] array (
)
[ info ] [ SESSION ] INIT array (
  'id' => '',
  'var_session_id' => '',
  'prefix' => 'think',
  'type' => '',
  'auto_start' => true,
  'httponly' => true,
  'secure' => false,
)
[ info ] [ RUN ] app\student\controller\Report->reportList[ F:\study\www\reportSystem\ThinkPHP\app\student\controller\Report.php ]
[ info ] [ DB ] INIT mysql
[ info ] [ VIEW ] F:\study\www\reportSystem\ThinkPHP\public/../app/student\view\report\reportList.html [ array (
  0 => 'reportList',
  1 => 'reportNumber',
) ]
[ info ] [ LOG ] INIT File
[ notice ] 显示实验报告列表
[ sql ] [ DB ] CONNECT:[ UseTime:0.002280s ] mysql:host=127.0.0.1;port=3306;dbname=report_system;charset=utf8
[ sql ] [ SQL ] SHOW COLUMNS FROM `report` [ RunTime:0.002655s ]
[ sql ] [ SQL ] SELECT COUNT(*) AS tp_count FROM `report` `a` INNER JOIN `course` `b` ON `a`.`courseNo`=`b`.`courseNo` INNER JOIN `teacher` `c` ON `a`.`teacherNo`=`c`.`teacherNo` INNER JOIN `student` `d` ON `a`.`studentNo`=`d`.`studentNo` INNER JOIN `task` `e` ON `a`.`taskNo`=`e`.`taskNo` WHERE  (  a.studentNo = '201541402313' ) LIMIT 1 [ RunTime:0.001355s ]
[ sql ] [ SQL ] SELECT * FROM `report` `a` INNER JOIN `course` `b` ON `a`.`courseNo`=`b`.`courseNo` INNER JOIN `teacher` `c` ON `a`.`teacherNo`=`c`.`teacherNo` INNER JOIN `student` `d` ON `a`.`studentNo`=`d`.`studentNo` INNER JOIN `task` `e` ON `a`.`taskNo`=`e`.`taskNo` WHERE  (  a.studentNo = '201541402313' ) LIMIT 0,15 [ RunTime:0.003178s ]
[ sql ] [ SQL ] SELECT COUNT(*) AS tp_count FROM `report` `a` INNER JOIN `course` `b` ON `a`.`courseNo`=`b`.`courseNo` INNER JOIN `teacher` `c` ON `a`.`teacherNo`=`c`.`teacherNo` INNER JOIN `student` `d` ON `a`.`studentNo`=`d`.`studentNo` INNER JOIN `task` `e` ON `a`.`taskNo`=`e`.`taskNo` WHERE  (  a.studentNo = '201541402313' ) LIMIT 1 [ RunTime:0.001794s ]
---------------------------------------------------------------
[ 2019-02-23T23:28:07+08:00 ] 0.0.0.0 GET /student/report/reportShow?reportNo=51
[ info ] reportsystem/student/report/reportShow?reportNo=51 [运行时间：8.692374s][吞吐率：0.12req/s] [内存消耗：17,068.95kb] [文件加载：56]
[ info ] [ LANG ] F:\study\www\reportSystem\ThinkPHP\thinkphp\lang\zh-cn.php
[ info ] [ ROUTE ] array (
  'type' => 'module',
  'module' => 
  array (
    0 => 'student',
    1 => 'report',
    2 => 'reportShow',
  ),
)
[ info ] [ HEADER ] array (
  'host' => 'reportsystem',
  'connection' => 'keep-alive',
  'upgrade-insecure-requests' => '1',
  'user-agent' => 'Mozilla/5.0 (Windows NT 10.0; WOW64) AppleWebKit/537.36 (KHTML, like Gecko) Chrome/71.0.3578.98 Safari/537.36',
  'accept' => 'text/html,application/xhtml+xml,application/xml;q=0.9,image/webp,image/apng,*/*;q=0.8',
  'referer' => 'http://reportsystem/student/report/reportList',
  'accept-encoding' => 'gzip, deflate',
  'accept-language' => 'zh-CN,zh;q=0.9',
  'cookie' => 'pgv_pvi=3972531200; PHPSESSID=20vet2mn1b9lftl8pa4oonu054',
)
[ info ] [ PARAM ] array (
  'reportNo' => '51',
)
[ info ] [ SESSION ] INIT array (
  'id' => '',
  'var_session_id' => '',
  'prefix' => 'think',
  'type' => '',
  'auto_start' => true,
  'httponly' => true,
  'secure' => false,
)
[ info ] [ RUN ] app\student\controller\Report->reportShow[ F:\study\www\reportSystem\ThinkPHP\app\student\controller\Report.php ]
[ info ] [ DB ] INIT mysql
[ info ] [ LOG ] INIT File
[ notice ] 显示实验报告
[ sql ] [ DB ] CONNECT:[ UseTime:0.010852s ] mysql:host=127.0.0.1;port=3306;dbname=report_system;charset=utf8
[ sql ] [ SQL ] SHOW COLUMNS FROM `report` [ RunTime:0.002556s ]
[ sql ] [ SQL ] SELECT * FROM `report` WHERE  (  reportNo = '51' ) LIMIT 1 [ RunTime:0.001603s ]
---------------------------------------------------------------
[ 2019-02-23T23:28:13+08:00 ] 0.0.0.0 GET /student/report/reportShow?reportNo=45
[ info ] reportsystem/student/report/reportShow?reportNo=45 [运行时间：11.965552s][吞吐率：0.08req/s] [内存消耗：17,070.19kb] [文件加载：56]
[ info ] [ LANG ] F:\study\www\reportSystem\ThinkPHP\thinkphp\lang\zh-cn.php
[ info ] [ ROUTE ] array (
  'type' => 'module',
  'module' => 
  array (
    0 => 'student',
    1 => 'report',
    2 => 'reportShow',
  ),
)
[ info ] [ HEADER ] array (
  'host' => 'reportsystem',
  'connection' => 'keep-alive',
  'upgrade-insecure-requests' => '1',
  'user-agent' => 'Mozilla/5.0 (Windows NT 10.0; WOW64) AppleWebKit/537.36 (KHTML, like Gecko) Chrome/71.0.3578.98 Safari/537.36',
  'accept' => 'text/html,application/xhtml+xml,application/xml;q=0.9,image/webp,image/apng,*/*;q=0.8',
  'referer' => 'http://reportsystem/student/report/reportList',
  'accept-encoding' => 'gzip, deflate',
  'accept-language' => 'zh-CN,zh;q=0.9',
  'cookie' => 'pgv_pvi=3972531200; PHPSESSID=20vet2mn1b9lftl8pa4oonu054',
)
[ info ] [ PARAM ] array (
  'reportNo' => '45',
)
[ info ] [ SESSION ] INIT array (
  'id' => '',
  'var_session_id' => '',
  'prefix' => 'think',
  'type' => '',
  'auto_start' => true,
  'httponly' => true,
  'secure' => false,
)
[ info ] [ RUN ] app\student\controller\Report->reportShow[ F:\study\www\reportSystem\ThinkPHP\app\student\controller\Report.php ]
[ info ] [ DB ] INIT mysql
[ info ] [ LOG ] INIT File
[ notice ] 显示实验报告
[ sql ] [ DB ] CONNECT:[ UseTime:0.003204s ] mysql:host=127.0.0.1;port=3306;dbname=report_system;charset=utf8
[ sql ] [ SQL ] SHOW COLUMNS FROM `report` [ RunTime:0.007011s ]
[ sql ] [ SQL ] SELECT * FROM `report` WHERE  (  reportNo = '45' ) LIMIT 1 [ RunTime:0.002032s ]
---------------------------------------------------------------
[ 2019-02-23T23:28:36+08:00 ] 0.0.0.0 GET /student/report/writePage
[ info ] reportsystem/student/report/writePage [运行时间：0.149201s][吞吐率：6.70req/s] [内存消耗：5,160.42kb] [文件加载：48]
[ info ] [ LANG ] F:\study\www\reportSystem\ThinkPHP\thinkphp\lang\zh-cn.php
[ info ] [ ROUTE ] array (
  'type' => 'module',
  'module' => 
  array (
    0 => 'student',
    1 => 'report',
    2 => 'writePage',
  ),
)
[ info ] [ HEADER ] array (
  'host' => 'reportsystem',
  'connection' => 'keep-alive',
  'upgrade-insecure-requests' => '1',
  'user-agent' => 'Mozilla/5.0 (Windows NT 10.0; WOW64) AppleWebKit/537.36 (KHTML, like Gecko) Chrome/71.0.3578.98 Safari/537.36',
  'accept' => 'text/html,application/xhtml+xml,application/xml;q=0.9,image/webp,image/apng,*/*;q=0.8',
  'referer' => 'http://reportsystem/student/report/reportList',
  'accept-encoding' => 'gzip, deflate',
  'accept-language' => 'zh-CN,zh;q=0.9',
  'cookie' => 'pgv_pvi=3972531200; PHPSESSID=20vet2mn1b9lftl8pa4oonu054',
)
[ info ] [ PARAM ] array (
)
[ info ] [ SESSION ] INIT array (
  'id' => '',
  'var_session_id' => '',
  'prefix' => 'think',
  'type' => '',
  'auto_start' => true,
  'httponly' => true,
  'secure' => false,
)
[ info ] [ RUN ] app\student\controller\Report->writePage[ F:\study\www\reportSystem\ThinkPHP\app\student\controller\Report.php ]
[ info ] [ DB ] INIT mysql
[ info ] [ VIEW ] F:\study\www\reportSystem\ThinkPHP\public/../app/student\view\report\reportWrite.html [ array (
  0 => 'task',
) ]
[ info ] [ LOG ] INIT File
[ notice ] 撰写实验报告页面
[ sql ] [ DB ] CONNECT:[ UseTime:0.002094s ] mysql:host=127.0.0.1;port=3306;dbname=report_system;charset=utf8
[ sql ] [ SQL ] SHOW COLUMNS FROM `elective` [ RunTime:0.004338s ]
[ sql ] [ SQL ] SELECT * FROM `elective` `a` INNER JOIN `student` `b` ON `a`.`studentNo`=`b`.`studentNo` INNER JOIN `teacher` `c` ON `a`.`teacherNo`=`c`.`teacherNo` INNER JOIN `course` `d` ON `a`.`courseNo`=`d`.`courseNo` INNER JOIN `task` `e` ON `e`.`courseNo`=`a`.`courseNo` WHERE  (  status = 1 )  AND (  a.studentNo = '201541402313' ) [ RunTime:0.002515s ]
---------------------------------------------------------------
[ 2019-02-23T23:28:36+08:00 ] 0.0.0.0 GET /static/fontawesome-5.5.0/css/font-awesome.min.css
[ info ] reportsystem/static/fontawesome-5.5.0/css/font-awesome.min.css [运行时间：0.083851s][吞吐率：11.93req/s] [内存消耗：2,492.13kb] [文件加载：32]
[ info ] [ LANG ] F:\study\www\reportSystem\ThinkPHP\thinkphp\lang\zh-cn.php
[ info ] [ ROUTE ] array (
  'type' => 'module',
  'module' => 
  array (
    0 => 'static',
    1 => 'fontawesome-5.5.0',
    2 => 'css',
  ),
)
[ info ] [ HEADER ] array (
  'host' => 'reportsystem',
  'connection' => 'keep-alive',
  'user-agent' => 'Mozilla/5.0 (Windows NT 10.0; WOW64) AppleWebKit/537.36 (KHTML, like Gecko) Chrome/71.0.3578.98 Safari/537.36',
  'accept' => 'text/css,*/*;q=0.1',
  'referer' => 'http://reportsystem/student/report/writePage',
  'accept-encoding' => 'gzip, deflate',
  'accept-language' => 'zh-CN,zh;q=0.9',
  'cookie' => 'pgv_pvi=3972531200; PHPSESSID=20vet2mn1b9lftl8pa4oonu054',
)
[ info ] [ PARAM ] array (
)
[ info ] [ LOG ] INIT File
---------------------------------------------------------------
[ 2019-02-23T23:28:51+08:00 ] 0.0.0.0 POST /student/report/reportWrite
[ info ] reportsystem/student/report/reportWrite [运行时间：0.214134s][吞吐率：4.67req/s] [内存消耗：5,199.30kb] [文件加载：50]
[ info ] [ LANG ] F:\study\www\reportSystem\ThinkPHP\thinkphp\lang\zh-cn.php
[ info ] [ ROUTE ] array (
  'type' => 'module',
  'module' => 
  array (
    0 => 'student',
    1 => 'report',
    2 => 'reportWrite',
  ),
)
[ info ] [ HEADER ] array (
  'host' => 'reportsystem',
  'connection' => 'keep-alive',
  'content-length' => '348',
  'cache-control' => 'max-age=0',
  'origin' => 'http://reportsystem',
  'upgrade-insecure-requests' => '1',
  'content-type' => 'application/x-www-form-urlencoded',
  'user-agent' => 'Mozilla/5.0 (Windows NT 10.0; WOW64) AppleWebKit/537.36 (KHTML, like Gecko) Chrome/71.0.3578.98 Safari/537.36',
  'accept' => 'text/html,application/xhtml+xml,application/xml;q=0.9,image/webp,image/apng,*/*;q=0.8',
  'referer' => 'http://reportsystem/student/report/writePage',
  'accept-encoding' => 'gzip, deflate',
  'accept-language' => 'zh-CN,zh;q=0.9',
  'cookie' => 'pgv_pvi=3972531200; PHPSESSID=20vet2mn1b9lftl8pa4oonu054',
)
[ info ] [ PARAM ] array (
  'taskNo' => '2',
  'reportName' => '实验二 UHF900M识别多个标签实验',
  'testRequire' => '<p>tyt</p>',
  'testAnalysis' => '<p>tyt</p>',
  'testContent' => '<p>tyt</p>',
  'testScreen' => '<p>tyt</p>',
  'testCode' => '<p>tyt</p>',
  'testSummary' => '<p>tyt</p>',
  'submit' => '提交',
)
[ info ] [ SESSION ] INIT array (
  'id' => '',
  'var_session_id' => '',
  'prefix' => 'think',
  'type' => '',
  'auto_start' => true,
  'httponly' => true,
  'secure' => false,
)
[ info ] [ RUN ] app\student\controller\Report->reportWrite[ F:\study\www\reportSystem\ThinkPHP\app\student\controller\Report.php ]
[ info ] [ DB ] INIT mysql
[ info ] [ VIEW ] F:\study\www\reportSystem\ThinkPHP\thinkphp\tpl\dispatch_jump.tpl [ array (
  0 => 'code',
  1 => 'msg',
  2 => 'data',
  3 => 'url',
  4 => 'wait',
) ]
[ info ] [ LOG ] INIT File
[ notice ] 撰写实验报告
[ sql ] [ DB ] CONNECT:[ UseTime:0.002056s ] mysql:host=127.0.0.1;port=3306;dbname=report_system;charset=utf8
[ sql ] [ SQL ] SHOW COLUMNS FROM `task` [ RunTime:0.001904s ]
[ sql ] [ SQL ] SELECT * FROM `task` WHERE  (  taskNo = '2' ) LIMIT 1 [ RunTime:0.001660s ]
[ sql ] [ SQL ] SHOW COLUMNS FROM `report` [ RunTime:0.002166s ]
[ sql ] [ SQL ] INSERT INTO `report` (`courseNo` , `teacherNo` , `studentNo` , `taskNo` , `reportName` , `testRequire` , `testAnalysis` , `testContent` , `testScreen` , `testCode` , `testSummary` , `testTime`) VALUES (351 , '2012032' , '201541402313' , 2 , '实验二 UHF900M识别多个标签实验' , '<p>tyt</p>' , '<p>tyt</p>' , '<p>tyt</p>' , '<p>tyt</p>' , '<p>tyt</p>' , '<p>tyt</p>' , '1550935731') [ RunTime:0.052691s ]
---------------------------------------------------------------
[ 2019-02-23T23:28:55+08:00 ] 0.0.0.0 GET /student/report/reportList
[ info ] reportsystem/student/report/reportList [运行时间：0.194689s][吞吐率：5.14req/s] [内存消耗：5,417.39kb] [文件加载：52]
[ info ] [ LANG ] F:\study\www\reportSystem\ThinkPHP\thinkphp\lang\zh-cn.php
[ info ] [ ROUTE ] array (
  'type' => 'module',
  'module' => 
  array (
    0 => 'student',
    1 => 'report',
    2 => 'reportList',
  ),
)
[ info ] [ HEADER ] array (
  'host' => 'reportsystem',
  'connection' => 'keep-alive',
  'upgrade-insecure-requests' => '1',
  'user-agent' => 'Mozilla/5.0 (Windows NT 10.0; WOW64) AppleWebKit/537.36 (KHTML, like Gecko) Chrome/71.0.3578.98 Safari/537.36',
  'accept' => 'text/html,application/xhtml+xml,application/xml;q=0.9,image/webp,image/apng,*/*;q=0.8',
  'referer' => 'http://reportsystem/student/report/reportWrite',
  'accept-encoding' => 'gzip, deflate',
  'accept-language' => 'zh-CN,zh;q=0.9',
  'cookie' => 'pgv_pvi=3972531200; PHPSESSID=20vet2mn1b9lftl8pa4oonu054',
)
[ info ] [ PARAM ] array (
)
[ info ] [ SESSION ] INIT array (
  'id' => '',
  'var_session_id' => '',
  'prefix' => 'think',
  'type' => '',
  'auto_start' => true,
  'httponly' => true,
  'secure' => false,
)
[ info ] [ RUN ] app\student\controller\Report->reportList[ F:\study\www\reportSystem\ThinkPHP\app\student\controller\Report.php ]
[ info ] [ DB ] INIT mysql
[ info ] [ VIEW ] F:\study\www\reportSystem\ThinkPHP\public/../app/student\view\report\reportList.html [ array (
  0 => 'reportList',
  1 => 'reportNumber',
) ]
[ info ] [ LOG ] INIT File
[ notice ] 显示实验报告列表
[ sql ] [ DB ] CONNECT:[ UseTime:0.002731s ] mysql:host=127.0.0.1;port=3306;dbname=report_system;charset=utf8
[ sql ] [ SQL ] SHOW COLUMNS FROM `report` [ RunTime:0.002331s ]
[ sql ] [ SQL ] SELECT COUNT(*) AS tp_count FROM `report` `a` INNER JOIN `course` `b` ON `a`.`courseNo`=`b`.`courseNo` INNER JOIN `teacher` `c` ON `a`.`teacherNo`=`c`.`teacherNo` INNER JOIN `student` `d` ON `a`.`studentNo`=`d`.`studentNo` INNER JOIN `task` `e` ON `a`.`taskNo`=`e`.`taskNo` WHERE  (  a.studentNo = '201541402313' ) LIMIT 1 [ RunTime:0.001325s ]
[ sql ] [ SQL ] SELECT * FROM `report` `a` INNER JOIN `course` `b` ON `a`.`courseNo`=`b`.`courseNo` INNER JOIN `teacher` `c` ON `a`.`teacherNo`=`c`.`teacherNo` INNER JOIN `student` `d` ON `a`.`studentNo`=`d`.`studentNo` INNER JOIN `task` `e` ON `a`.`taskNo`=`e`.`taskNo` WHERE  (  a.studentNo = '201541402313' ) LIMIT 0,15 [ RunTime:0.003060s ]
[ sql ] [ SQL ] SELECT COUNT(*) AS tp_count FROM `report` `a` INNER JOIN `course` `b` ON `a`.`courseNo`=`b`.`courseNo` INNER JOIN `teacher` `c` ON `a`.`teacherNo`=`c`.`teacherNo` INNER JOIN `student` `d` ON `a`.`studentNo`=`d`.`studentNo` INNER JOIN `task` `e` ON `a`.`taskNo`=`e`.`taskNo` WHERE  (  a.studentNo = '201541402313' ) LIMIT 1 [ RunTime:0.001380s ]
---------------------------------------------------------------
[ 2019-02-23T23:29:10+08:00 ] 0.0.0.0 GET /student/report/reportShow?reportNo=52
[ info ] reportsystem/student/report/reportShow?reportNo=52 [运行时间：7.198657s][吞吐率：0.14req/s] [内存消耗：17,067.72kb] [文件加载：56]
[ info ] [ LANG ] F:\study\www\reportSystem\ThinkPHP\thinkphp\lang\zh-cn.php
[ info ] [ ROUTE ] array (
  'type' => 'module',
  'module' => 
  array (
    0 => 'student',
    1 => 'report',
    2 => 'reportShow',
  ),
)
[ info ] [ HEADER ] array (
  'host' => 'reportsystem',
  'connection' => 'keep-alive',
  'upgrade-insecure-requests' => '1',
  'user-agent' => 'Mozilla/5.0 (Windows NT 10.0; WOW64) AppleWebKit/537.36 (KHTML, like Gecko) Chrome/71.0.3578.98 Safari/537.36',
  'accept' => 'text/html,application/xhtml+xml,application/xml;q=0.9,image/webp,image/apng,*/*;q=0.8',
  'referer' => 'http://reportsystem/student/report/reportList',
  'accept-encoding' => 'gzip, deflate',
  'accept-language' => 'zh-CN,zh;q=0.9',
  'cookie' => 'pgv_pvi=3972531200; PHPSESSID=20vet2mn1b9lftl8pa4oonu054',
)
[ info ] [ PARAM ] array (
  'reportNo' => '52',
)
[ info ] [ SESSION ] INIT array (
  'id' => '',
  'var_session_id' => '',
  'prefix' => 'think',
  'type' => '',
  'auto_start' => true,
  'httponly' => true,
  'secure' => false,
)
[ info ] [ RUN ] app\student\controller\Report->reportShow[ F:\study\www\reportSystem\ThinkPHP\app\student\controller\Report.php ]
[ info ] [ DB ] INIT mysql
[ info ] [ LOG ] INIT File
[ notice ] 显示实验报告
[ sql ] [ DB ] CONNECT:[ UseTime:0.003985s ] mysql:host=127.0.0.1;port=3306;dbname=report_system;charset=utf8
[ sql ] [ SQL ] SHOW COLUMNS FROM `report` [ RunTime:0.006277s ]
[ sql ] [ SQL ] SELECT * FROM `report` WHERE  (  reportNo = '52' ) LIMIT 1 [ RunTime:0.002465s ]
---------------------------------------------------------------
[ 2019-02-23T23:29:30+08:00 ] 0.0.0.0 GET /index/login/logout
[ info ] reportsystem/index/login/logout [运行时间：0.104169s][吞吐率：9.60req/s] [内存消耗：2,966.37kb] [文件加载：39]
[ info ] [ LANG ] F:\study\www\reportSystem\ThinkPHP\thinkphp\lang\zh-cn.php
[ info ] [ ROUTE ] array (
  'type' => 'module',
  'module' => 
  array (
    0 => 'index',
    1 => 'login',
    2 => 'logout',
  ),
)
[ info ] [ HEADER ] array (
  'host' => 'reportsystem',
  'connection' => 'keep-alive',
  'upgrade-insecure-requests' => '1',
  'user-agent' => 'Mozilla/5.0 (Windows NT 10.0; WOW64) AppleWebKit/537.36 (KHTML, like Gecko) Chrome/71.0.3578.98 Safari/537.36',
  'accept' => 'text/html,application/xhtml+xml,application/xml;q=0.9,image/webp,image/apng,*/*;q=0.8',
  'referer' => 'http://reportsystem/student/report/reportList',
  'accept-encoding' => 'gzip, deflate',
  'accept-language' => 'zh-CN,zh;q=0.9',
  'cookie' => 'pgv_pvi=3972531200; PHPSESSID=20vet2mn1b9lftl8pa4oonu054',
)
[ info ] [ PARAM ] array (
)
[ info ] [ RUN ] app\index\controller\Login->logout[ F:\study\www\reportSystem\ThinkPHP\app\index\controller\Login.php ]
[ info ] [ SESSION ] INIT array (
  'id' => '',
  'var_session_id' => '',
  'prefix' => 'think',
  'type' => '',
  'auto_start' => true,
  'httponly' => true,
  'secure' => false,
)
[ info ] [ VIEW ] F:\study\www\reportSystem\ThinkPHP\thinkphp\tpl\dispatch_jump.tpl [ array (
  0 => 'code',
  1 => 'msg',
  2 => 'data',
  3 => 'url',
  4 => 'wait',
) ]
[ info ] [ LOG ] INIT File
---------------------------------------------------------------
[ 2019-02-23T23:29:32+08:00 ] 0.0.0.0 GET /index/index/index
[ info ] reportsystem/index/index/index [运行时间：0.098523s][吞吐率：10.15req/s] [内存消耗：2,937.30kb] [文件加载：38]
[ info ] [ LANG ] F:\study\www\reportSystem\ThinkPHP\thinkphp\lang\zh-cn.php
[ info ] [ ROUTE ] array (
  'type' => 'module',
  'module' => 
  array (
    0 => 'index',
    1 => 'index',
    2 => 'index',
  ),
)
[ info ] [ HEADER ] array (
  'host' => 'reportsystem',
  'connection' => 'keep-alive',
  'upgrade-insecure-requests' => '1',
  'user-agent' => 'Mozilla/5.0 (Windows NT 10.0; WOW64) AppleWebKit/537.36 (KHTML, like Gecko) Chrome/71.0.3578.98 Safari/537.36',
  'accept' => 'text/html,application/xhtml+xml,application/xml;q=0.9,image/webp,image/apng,*/*;q=0.8',
  'referer' => 'http://reportsystem/index/login/logout',
  'accept-encoding' => 'gzip, deflate',
  'accept-language' => 'zh-CN,zh;q=0.9',
  'cookie' => 'pgv_pvi=3972531200; PHPSESSID=20vet2mn1b9lftl8pa4oonu054',
)
[ info ] [ PARAM ] array (
)
[ info ] [ RUN ] app\index\controller\Index->index[ F:\study\www\reportSystem\ThinkPHP\app\index\controller\Index.php ]
[ info ] [ VIEW ] F:\study\www\reportSystem\ThinkPHP\public/../app/index\view\index\index.html [ array (
) ]
[ info ] [ SESSION ] INIT array (
  'id' => '',
  'var_session_id' => '',
  'prefix' => 'think',
  'type' => '',
  'auto_start' => true,
  'httponly' => true,
  'secure' => false,
)
[ info ] [ LOG ] INIT File
---------------------------------------------------------------
[ 2019-02-23T23:29:32+08:00 ] 0.0.0.0 GET /static/fontawesome-5.5.0/css/font-awesome.min.css
[ info ] reportsystem/static/fontawesome-5.5.0/css/font-awesome.min.css [运行时间：0.094857s][吞吐率：10.54req/s] [内存消耗：2,492.34kb] [文件加载：32]
[ info ] [ LANG ] F:\study\www\reportSystem\ThinkPHP\thinkphp\lang\zh-cn.php
[ info ] [ ROUTE ] array (
  'type' => 'module',
  'module' => 
  array (
    0 => 'static',
    1 => 'fontawesome-5.5.0',
    2 => 'css',
  ),
)
[ info ] [ HEADER ] array (
  'host' => 'reportsystem',
  'connection' => 'keep-alive',
  'user-agent' => 'Mozilla/5.0 (Windows NT 10.0; WOW64) AppleWebKit/537.36 (KHTML, like Gecko) Chrome/71.0.3578.98 Safari/537.36',
  'accept' => 'text/css,*/*;q=0.1',
  'referer' => 'http://reportsystem/index/index/index',
  'accept-encoding' => 'gzip, deflate',
  'accept-language' => 'zh-CN,zh;q=0.9',
  'cookie' => 'pgv_pvi=3972531200; PHPSESSID=20vet2mn1b9lftl8pa4oonu054',
)
[ info ] [ PARAM ] array (
)
[ info ] [ LOG ] INIT File
