---------------------------------------------------------------
[ 2019-02-24T00:00:04+08:00 ] 0.0.0.0 POST /admin/user/checkedUserDelete
[ info ] reportsystem/admin/user/checkedUserDelete [运行时间：0.099009s][吞吐率：10.10req/s] [内存消耗：2,477.22kb] [文件加载：32]
[ info ] [ LANG ] F:\study\www\reportSystem\ThinkPHP\thinkphp\lang\zh-cn.php
[ info ] [ ROUTE ] array (
  'type' => 'module',
  'module' => 
  array (
    0 => 'admin',
    1 => 'user',
    2 => 'checkedUserDelete',
  ),
)
[ info ] [ HEADER ] array (
  'host' => 'reportsystem',
  'connection' => 'keep-alive',
  'content-length' => '17',
  'cache-control' => 'max-age=0',
  'origin' => 'http://reportsystem',
  'upgrade-insecure-requests' => '1',
  'content-type' => 'application/x-www-form-urlencoded',
  'user-agent' => 'Mozilla/5.0 (Windows NT 10.0; WOW64) AppleWebKit/537.36 (KHTML, like Gecko) Chrome/71.0.3578.98 Safari/537.36',
  'accept' => 'text/html,application/xhtml+xml,application/xml;q=0.9,image/webp,image/apng,*/*;q=0.8',
  'referer' => 'http://reportsystem/teacher/course/courseList',
  'accept-encoding' => 'gzip, deflate',
  'accept-language' => 'zh-CN,zh;q=0.9',
  'cookie' => 'pgv_pvi=3972531200; PHPSESSID=20vet2mn1b9lftl8pa4oonu054',
)
[ info ] [ PARAM ] array (
  'ids' => 
  array (
    0 => '543',
  ),
)
[ info ] [ LOG ] INIT File
---------------------------------------------------------------
[ 2019-02-24T00:00:07+08:00 ] 0.0.0.0 GET /teacher/course/courseList
[ info ] reportsystem/teacher/course/courseList [运行时间：0.186570s][吞吐率：5.36req/s] [内存消耗：5,393.88kb] [文件加载：54]
[ info ] [ LANG ] F:\study\www\reportSystem\ThinkPHP\thinkphp\lang\zh-cn.php
[ info ] [ ROUTE ] array (
  'type' => 'module',
  'module' => 
  array (
    0 => 'teacher',
    1 => 'course',
    2 => 'courseList',
  ),
)
[ info ] [ HEADER ] array (
  'host' => 'reportsystem',
  'connection' => 'keep-alive',
  'upgrade-insecure-requests' => '1',
  'user-agent' => 'Mozilla/5.0 (Windows NT 10.0; WOW64) AppleWebKit/537.36 (KHTML, like Gecko) Chrome/71.0.3578.98 Safari/537.36',
  'accept' => 'text/html,application/xhtml+xml,application/xml;q=0.9,image/webp,image/apng,*/*;q=0.8',
  'referer' => 'http://reportsystem/teacher/index/index',
  'accept-encoding' => 'gzip, deflate',
  'accept-language' => 'zh-CN,zh;q=0.9',
  'cookie' => 'pgv_pvi=3972531200; PHPSESSID=20vet2mn1b9lftl8pa4oonu054',
)
[ info ] [ PARAM ] array (
)
[ info ] [ SESSION ] INIT array (
  'id' => '',
  'var_session_id' => '',
  'prefix' => 'think',
  'type' => '',
  'auto_start' => true,
  'httponly' => true,
  'secure' => false,
)
[ info ] [ RUN ] app\teacher\controller\Course->courseList[ F:\study\www\reportSystem\ThinkPHP\app\teacher\controller\Course.php ]
[ info ] [ DB ] INIT mysql
[ info ] [ VIEW ] F:\study\www\reportSystem\ThinkPHP\public/../app/teacher\view\course\courseList.html [ array (
  0 => 'courseList',
  1 => 'courseNumber',
) ]
[ info ] [ LOG ] INIT File
[ notice ] 显示课程列表
[ sql ] [ DB ] CONNECT:[ UseTime:0.002058s ] mysql:host=127.0.0.1;port=3306;dbname=report_system;charset=utf8
[ sql ] [ SQL ] SHOW COLUMNS FROM `teacher` [ RunTime:0.003108s ]
[ sql ] [ SQL ] SHOW COLUMNS FROM `course` [ RunTime:0.003393s ]
[ sql ] [ SQL ] SELECT COUNT(*) AS tp_count FROM `course` WHERE  (  teacherNo = '2012032' ) LIMIT 1 [ RunTime:0.001284s ]
[ sql ] [ SQL ] SELECT * FROM `course` WHERE  (  teacherNo = '2012032' ) LIMIT 0,15 [ RunTime:0.002102s ]
[ sql ] [ SQL ] SELECT COUNT(*) AS tp_count FROM `course` WHERE  (  teacherNo = '2012032' ) LIMIT 1 [ RunTime:0.001345s ]
---------------------------------------------------------------
[ 2019-02-24T00:00:07+08:00 ] 0.0.0.0 GET /static/fontawesome-5.5.0/css/font-awesome.min.css
[ info ] reportsystem/static/fontawesome-5.5.0/css/font-awesome.min.css [运行时间：0.116245s][吞吐率：8.60req/s] [内存消耗：2,476.91kb] [文件加载：32]
[ info ] [ LANG ] F:\study\www\reportSystem\ThinkPHP\thinkphp\lang\zh-cn.php
[ info ] [ ROUTE ] array (
  'type' => 'module',
  'module' => 
  array (
    0 => 'static',
    1 => 'fontawesome-5.5.0',
    2 => 'css',
  ),
)
[ info ] [ HEADER ] array (
  'host' => 'reportsystem',
  'connection' => 'keep-alive',
  'user-agent' => 'Mozilla/5.0 (Windows NT 10.0; WOW64) AppleWebKit/537.36 (KHTML, like Gecko) Chrome/71.0.3578.98 Safari/537.36',
  'accept' => 'text/css,*/*;q=0.1',
  'referer' => 'http://reportsystem/teacher/course/courseList',
  'accept-encoding' => 'gzip, deflate',
  'accept-language' => 'zh-CN,zh;q=0.9',
  'cookie' => 'pgv_pvi=3972531200; PHPSESSID=20vet2mn1b9lftl8pa4oonu054',
)
[ info ] [ PARAM ] array (
)
[ info ] [ LOG ] INIT File
---------------------------------------------------------------
[ 2019-02-24T00:02:08+08:00 ] 0.0.0.0 GET /teacher/course/courseList
[ info ] reportsystem/teacher/course/courseList [运行时间：0.333576s][吞吐率：3.00req/s] [内存消耗：5,657.17kb] [文件加载：56]
[ info ] [ LANG ] F:\study\www\reportSystem\ThinkPHP\thinkphp\lang\zh-cn.php
[ info ] [ ROUTE ] array (
  'type' => 'module',
  'module' => 
  array (
    0 => 'teacher',
    1 => 'course',
    2 => 'courseList',
  ),
)
[ info ] [ HEADER ] array (
  'host' => 'reportsystem',
  'connection' => 'keep-alive',
  'cache-control' => 'max-age=0',
  'upgrade-insecure-requests' => '1',
  'user-agent' => 'Mozilla/5.0 (Windows NT 10.0; WOW64) AppleWebKit/537.36 (KHTML, like Gecko) Chrome/71.0.3578.98 Safari/537.36',
  'accept' => 'text/html,application/xhtml+xml,application/xml;q=0.9,image/webp,image/apng,*/*;q=0.8',
  'referer' => 'http://reportsystem/teacher/index/index',
  'accept-encoding' => 'gzip, deflate',
  'accept-language' => 'zh-CN,zh;q=0.9',
  'cookie' => 'pgv_pvi=3972531200; PHPSESSID=20vet2mn1b9lftl8pa4oonu054',
)
[ info ] [ PARAM ] array (
)
[ info ] [ SESSION ] INIT array (
  'id' => '',
  'var_session_id' => '',
  'prefix' => 'think',
  'type' => '',
  'auto_start' => true,
  'httponly' => true,
  'secure' => false,
)
[ info ] [ RUN ] app\teacher\controller\Course->courseList[ F:\study\www\reportSystem\ThinkPHP\app\teacher\controller\Course.php ]
[ info ] [ DB ] INIT mysql
[ info ] [ VIEW ] F:\study\www\reportSystem\ThinkPHP\public/../app/teacher\view\course\courseList.html [ array (
  0 => 'courseList',
  1 => 'courseNumber',
) ]
[ info ] [ LOG ] INIT File
[ notice ] 显示课程列表
[ sql ] [ DB ] CONNECT:[ UseTime:0.002475s ] mysql:host=127.0.0.1;port=3306;dbname=report_system;charset=utf8
[ sql ] [ SQL ] SHOW COLUMNS FROM `teacher` [ RunTime:0.006822s ]
[ sql ] [ SQL ] SHOW COLUMNS FROM `course` [ RunTime:0.006196s ]
[ sql ] [ SQL ] SELECT COUNT(*) AS tp_count FROM `course` WHERE  (  teacherNo = '2012032' ) LIMIT 1 [ RunTime:0.001376s ]
[ sql ] [ SQL ] SELECT * FROM `course` WHERE  (  teacherNo = '2012032' ) LIMIT 0,15 [ RunTime:0.006968s ]
[ sql ] [ SQL ] SELECT COUNT(*) AS tp_count FROM `course` WHERE  (  teacherNo = '2012032' ) LIMIT 1 [ RunTime:0.002236s ]
---------------------------------------------------------------
[ 2019-02-24T00:02:08+08:00 ] 0.0.0.0 GET /static/fontawesome-5.5.0/css/font-awesome.min.css
[ info ] reportsystem/static/fontawesome-5.5.0/css/font-awesome.min.css [运行时间：0.112925s][吞吐率：8.86req/s] [内存消耗：2,476.91kb] [文件加载：32]
[ info ] [ LANG ] F:\study\www\reportSystem\ThinkPHP\thinkphp\lang\zh-cn.php
[ info ] [ ROUTE ] array (
  'type' => 'module',
  'module' => 
  array (
    0 => 'static',
    1 => 'fontawesome-5.5.0',
    2 => 'css',
  ),
)
[ info ] [ HEADER ] array (
  'host' => 'reportsystem',
  'connection' => 'keep-alive',
  'user-agent' => 'Mozilla/5.0 (Windows NT 10.0; WOW64) AppleWebKit/537.36 (KHTML, like Gecko) Chrome/71.0.3578.98 Safari/537.36',
  'accept' => 'text/css,*/*;q=0.1',
  'referer' => 'http://reportsystem/teacher/course/courseList',
  'accept-encoding' => 'gzip, deflate',
  'accept-language' => 'zh-CN,zh;q=0.9',
  'cookie' => 'pgv_pvi=3972531200; PHPSESSID=20vet2mn1b9lftl8pa4oonu054',
)
[ info ] [ PARAM ] array (
)
[ info ] [ LOG ] INIT File
---------------------------------------------------------------
[ 2019-02-24T00:02:11+08:00 ] 0.0.0.0 POST /teacher/course/courseDelete
[ info ] reportsystem/teacher/course/courseDelete [运行时间：0.110348s][吞吐率：9.06req/s] [内存消耗：3,013.16kb] [文件加载：38]
[ info ] [ LANG ] F:\study\www\reportSystem\ThinkPHP\thinkphp\lang\zh-cn.php
[ info ] [ ROUTE ] array (
  'type' => 'module',
  'module' => 
  array (
    0 => 'teacher',
    1 => 'course',
    2 => 'courseDelete',
  ),
)
[ info ] [ HEADER ] array (
  'host' => 'reportsystem',
  'connection' => 'keep-alive',
  'content-length' => '49',
  'cache-control' => 'max-age=0',
  'origin' => 'http://reportsystem',
  'upgrade-insecure-requests' => '1',
  'content-type' => 'application/x-www-form-urlencoded',
  'user-agent' => 'Mozilla/5.0 (Windows NT 10.0; WOW64) AppleWebKit/537.36 (KHTML, like Gecko) Chrome/71.0.3578.98 Safari/537.36',
  'accept' => 'text/html,application/xhtml+xml,application/xml;q=0.9,image/webp,image/apng,*/*;q=0.8',
  'referer' => 'http://reportsystem/teacher/course/courseList',
  'accept-encoding' => 'gzip, deflate',
  'accept-language' => 'zh-CN,zh;q=0.9',
  'cookie' => 'pgv_pvi=3972531200; PHPSESSID=20vet2mn1b9lftl8pa4oonu054',
)
[ info ] [ PARAM ] array (
  'fullChoose' => 'on',
  'ids' => 
  array (
    0 => '351',
    1 => '543',
  ),
)
[ info ] [ SESSION ] INIT array (
  'id' => '',
  'var_session_id' => '',
  'prefix' => 'think',
  'type' => '',
  'auto_start' => true,
  'httponly' => true,
  'secure' => false,
)
[ info ] [ RUN ] app\teacher\controller\Course->courseDelete[ F:\study\www\reportSystem\ThinkPHP\app\teacher\controller\Course.php ]
[ info ] [ LOG ] INIT File
---------------------------------------------------------------
[ 2019-02-24T00:02:16+08:00 ] 0.0.0.0 GET /teacher/course/courseList
[ info ] reportsystem/teacher/course/courseList [运行时间：0.213754s][吞吐率：4.68req/s] [内存消耗：5,394.63kb] [文件加载：54]
[ info ] [ LANG ] F:\study\www\reportSystem\ThinkPHP\thinkphp\lang\zh-cn.php
[ info ] [ ROUTE ] array (
  'type' => 'module',
  'module' => 
  array (
    0 => 'teacher',
    1 => 'course',
    2 => 'courseList',
  ),
)
[ info ] [ HEADER ] array (
  'host' => 'reportsystem',
  'connection' => 'keep-alive',
  'upgrade-insecure-requests' => '1',
  'user-agent' => 'Mozilla/5.0 (Windows NT 10.0; WOW64) AppleWebKit/537.36 (KHTML, like Gecko) Chrome/71.0.3578.98 Safari/537.36',
  'accept' => 'text/html,application/xhtml+xml,application/xml;q=0.9,image/webp,image/apng,*/*;q=0.8',
  'referer' => 'http://reportsystem/teacher/index/index',
  'accept-encoding' => 'gzip, deflate',
  'accept-language' => 'zh-CN,zh;q=0.9',
  'cookie' => 'pgv_pvi=3972531200; PHPSESSID=20vet2mn1b9lftl8pa4oonu054',
)
[ info ] [ PARAM ] array (
)
[ info ] [ SESSION ] INIT array (
  'id' => '',
  'var_session_id' => '',
  'prefix' => 'think',
  'type' => '',
  'auto_start' => true,
  'httponly' => true,
  'secure' => false,
)
[ info ] [ RUN ] app\teacher\controller\Course->courseList[ F:\study\www\reportSystem\ThinkPHP\app\teacher\controller\Course.php ]
[ info ] [ DB ] INIT mysql
[ info ] [ VIEW ] F:\study\www\reportSystem\ThinkPHP\public/../app/teacher\view\course\courseList.html [ array (
  0 => 'courseList',
  1 => 'courseNumber',
) ]
[ info ] [ LOG ] INIT File
[ notice ] 显示课程列表
[ sql ] [ DB ] CONNECT:[ UseTime:0.002295s ] mysql:host=127.0.0.1;port=3306;dbname=report_system;charset=utf8
[ sql ] [ SQL ] SHOW COLUMNS FROM `teacher` [ RunTime:0.005273s ]
[ sql ] [ SQL ] SHOW COLUMNS FROM `course` [ RunTime:0.004938s ]
[ sql ] [ SQL ] SELECT COUNT(*) AS tp_count FROM `course` WHERE  (  teacherNo = '2012032' ) LIMIT 1 [ RunTime:0.001420s ]
[ sql ] [ SQL ] SELECT * FROM `course` WHERE  (  teacherNo = '2012032' ) LIMIT 0,15 [ RunTime:0.002874s ]
[ sql ] [ SQL ] SELECT COUNT(*) AS tp_count FROM `course` WHERE  (  teacherNo = '2012032' ) LIMIT 1 [ RunTime:0.001289s ]
---------------------------------------------------------------
[ 2019-02-24T00:02:16+08:00 ] 0.0.0.0 GET /static/fontawesome-5.5.0/css/font-awesome.min.css
[ info ] reportsystem/static/fontawesome-5.5.0/css/font-awesome.min.css [运行时间：0.104113s][吞吐率：9.60req/s] [内存消耗：2,476.91kb] [文件加载：32]
[ info ] [ LANG ] F:\study\www\reportSystem\ThinkPHP\thinkphp\lang\zh-cn.php
[ info ] [ ROUTE ] array (
  'type' => 'module',
  'module' => 
  array (
    0 => 'static',
    1 => 'fontawesome-5.5.0',
    2 => 'css',
  ),
)
[ info ] [ HEADER ] array (
  'host' => 'reportsystem',
  'connection' => 'keep-alive',
  'user-agent' => 'Mozilla/5.0 (Windows NT 10.0; WOW64) AppleWebKit/537.36 (KHTML, like Gecko) Chrome/71.0.3578.98 Safari/537.36',
  'accept' => 'text/css,*/*;q=0.1',
  'referer' => 'http://reportsystem/teacher/course/courseList',
  'accept-encoding' => 'gzip, deflate',
  'accept-language' => 'zh-CN,zh;q=0.9',
  'cookie' => 'pgv_pvi=3972531200; PHPSESSID=20vet2mn1b9lftl8pa4oonu054',
)
[ info ] [ PARAM ] array (
)
[ info ] [ LOG ] INIT File
---------------------------------------------------------------
[ 2019-02-24T00:03:42+08:00 ] 0.0.0.0 GET /teacher/course/courseList
[ info ] reportsystem/teacher/course/courseList [运行时间：0.320435s][吞吐率：3.12req/s] [内存消耗：5,658.63kb] [文件加载：56]
[ info ] [ LANG ] F:\study\www\reportSystem\ThinkPHP\thinkphp\lang\zh-cn.php
[ info ] [ ROUTE ] array (
  'type' => 'module',
  'module' => 
  array (
    0 => 'teacher',
    1 => 'course',
    2 => 'courseList',
  ),
)
[ info ] [ HEADER ] array (
  'host' => 'reportsystem',
  'connection' => 'keep-alive',
  'cache-control' => 'max-age=0',
  'upgrade-insecure-requests' => '1',
  'user-agent' => 'Mozilla/5.0 (Windows NT 10.0; WOW64) AppleWebKit/537.36 (KHTML, like Gecko) Chrome/71.0.3578.98 Safari/537.36',
  'accept' => 'text/html,application/xhtml+xml,application/xml;q=0.9,image/webp,image/apng,*/*;q=0.8',
  'referer' => 'http://reportsystem/teacher/index/index',
  'accept-encoding' => 'gzip, deflate',
  'accept-language' => 'zh-CN,zh;q=0.9',
  'cookie' => 'pgv_pvi=3972531200; PHPSESSID=20vet2mn1b9lftl8pa4oonu054',
)
[ info ] [ PARAM ] array (
)
[ info ] [ SESSION ] INIT array (
  'id' => '',
  'var_session_id' => '',
  'prefix' => 'think',
  'type' => '',
  'auto_start' => true,
  'httponly' => true,
  'secure' => false,
)
[ info ] [ RUN ] app\teacher\controller\Course->courseList[ F:\study\www\reportSystem\ThinkPHP\app\teacher\controller\Course.php ]
[ info ] [ DB ] INIT mysql
[ info ] [ VIEW ] F:\study\www\reportSystem\ThinkPHP\public/../app/teacher\view\course\courseList.html [ array (
  0 => 'courseList',
  1 => 'courseNumber',
) ]
[ info ] [ LOG ] INIT File
[ notice ] 显示课程列表
[ sql ] [ DB ] CONNECT:[ UseTime:0.002240s ] mysql:host=127.0.0.1;port=3306;dbname=report_system;charset=utf8
[ sql ] [ SQL ] SHOW COLUMNS FROM `teacher` [ RunTime:0.007535s ]
[ sql ] [ SQL ] SHOW COLUMNS FROM `course` [ RunTime:0.005091s ]
[ sql ] [ SQL ] SELECT COUNT(*) AS tp_count FROM `course` WHERE  (  teacherNo = '2012032' ) LIMIT 1 [ RunTime:0.002197s ]
[ sql ] [ SQL ] SELECT * FROM `course` WHERE  (  teacherNo = '2012032' ) LIMIT 0,15 [ RunTime:0.003017s ]
[ sql ] [ SQL ] SELECT COUNT(*) AS tp_count FROM `course` WHERE  (  teacherNo = '2012032' ) LIMIT 1 [ RunTime:0.001363s ]
---------------------------------------------------------------
[ 2019-02-24T00:03:42+08:00 ] 0.0.0.0 GET /static/fontawesome-5.5.0/css/font-awesome.min.css
[ info ] reportsystem/static/fontawesome-5.5.0/css/font-awesome.min.css [运行时间：0.122014s][吞吐率：8.20req/s] [内存消耗：2,476.91kb] [文件加载：32]
[ info ] [ LANG ] F:\study\www\reportSystem\ThinkPHP\thinkphp\lang\zh-cn.php
[ info ] [ ROUTE ] array (
  'type' => 'module',
  'module' => 
  array (
    0 => 'static',
    1 => 'fontawesome-5.5.0',
    2 => 'css',
  ),
)
[ info ] [ HEADER ] array (
  'host' => 'reportsystem',
  'connection' => 'keep-alive',
  'user-agent' => 'Mozilla/5.0 (Windows NT 10.0; WOW64) AppleWebKit/537.36 (KHTML, like Gecko) Chrome/71.0.3578.98 Safari/537.36',
  'accept' => 'text/css,*/*;q=0.1',
  'referer' => 'http://reportsystem/teacher/course/courseList',
  'accept-encoding' => 'gzip, deflate',
  'accept-language' => 'zh-CN,zh;q=0.9',
  'cookie' => 'pgv_pvi=3972531200; PHPSESSID=20vet2mn1b9lftl8pa4oonu054',
)
[ info ] [ PARAM ] array (
)
[ info ] [ LOG ] INIT File
---------------------------------------------------------------
[ 2019-02-24T00:03:44+08:00 ] 0.0.0.0 POST /teacher/course/courseDelete
[ info ] reportsystem/teacher/course/courseDelete [运行时间：0.107160s][吞吐率：9.33req/s] [内存消耗：3,014.67kb] [文件加载：38]
[ info ] [ LANG ] F:\study\www\reportSystem\ThinkPHP\thinkphp\lang\zh-cn.php
[ info ] [ ROUTE ] array (
  'type' => 'module',
  'module' => 
  array (
    0 => 'teacher',
    1 => 'course',
    2 => 'courseDelete',
  ),
)
[ info ] [ HEADER ] array (
  'host' => 'reportsystem',
  'connection' => 'keep-alive',
  'content-length' => '59',
  'cache-control' => 'max-age=0',
  'origin' => 'http://reportsystem',
  'upgrade-insecure-requests' => '1',
  'content-type' => 'application/x-www-form-urlencoded',
  'user-agent' => 'Mozilla/5.0 (Windows NT 10.0; WOW64) AppleWebKit/537.36 (KHTML, like Gecko) Chrome/71.0.3578.98 Safari/537.36',
  'accept' => 'text/html,application/xhtml+xml,application/xml;q=0.9,image/webp,image/apng,*/*;q=0.8',
  'referer' => 'http://reportsystem/teacher/course/courseList',
  'accept-encoding' => 'gzip, deflate',
  'accept-language' => 'zh-CN,zh;q=0.9',
  'cookie' => 'pgv_pvi=3972531200; PHPSESSID=20vet2mn1b9lftl8pa4oonu054',
)
[ info ] [ PARAM ] array (
  'fullChoose' => 'on',
  'courseNo' => 
  array (
    0 => '351',
    1 => '543',
  ),
)
[ info ] [ SESSION ] INIT array (
  'id' => '',
  'var_session_id' => '',
  'prefix' => 'think',
  'type' => '',
  'auto_start' => true,
  'httponly' => true,
  'secure' => false,
)
[ info ] [ RUN ] app\teacher\controller\Course->courseDelete[ F:\study\www\reportSystem\ThinkPHP\app\teacher\controller\Course.php ]
[ info ] [ LOG ] INIT File
---------------------------------------------------------------
[ 2019-02-24T00:04:56+08:00 ] 0.0.0.0 GET /teacher/course/courseList
[ info ] reportsystem/teacher/course/courseList [运行时间：0.347698s][吞吐率：2.88req/s] [内存消耗：5,658.76kb] [文件加载：56]
[ info ] [ LANG ] F:\study\www\reportSystem\ThinkPHP\thinkphp\lang\zh-cn.php
[ info ] [ ROUTE ] array (
  'type' => 'module',
  'module' => 
  array (
    0 => 'teacher',
    1 => 'course',
    2 => 'courseList',
  ),
)
[ info ] [ HEADER ] array (
  'host' => 'reportsystem',
  'connection' => 'keep-alive',
  'upgrade-insecure-requests' => '1',
  'user-agent' => 'Mozilla/5.0 (Windows NT 10.0; WOW64) AppleWebKit/537.36 (KHTML, like Gecko) Chrome/71.0.3578.98 Safari/537.36',
  'accept' => 'text/html,application/xhtml+xml,application/xml;q=0.9,image/webp,image/apng,*/*;q=0.8',
  'referer' => 'http://reportsystem/teacher/index/index',
  'accept-encoding' => 'gzip, deflate',
  'accept-language' => 'zh-CN,zh;q=0.9',
  'cookie' => 'pgv_pvi=3972531200; PHPSESSID=20vet2mn1b9lftl8pa4oonu054',
)
[ info ] [ PARAM ] array (
)
[ info ] [ SESSION ] INIT array (
  'id' => '',
  'var_session_id' => '',
  'prefix' => 'think',
  'type' => '',
  'auto_start' => true,
  'httponly' => true,
  'secure' => false,
)
[ info ] [ RUN ] app\teacher\controller\Course->courseList[ F:\study\www\reportSystem\ThinkPHP\app\teacher\controller\Course.php ]
[ info ] [ DB ] INIT mysql
[ info ] [ VIEW ] F:\study\www\reportSystem\ThinkPHP\public/../app/teacher\view\course\courseList.html [ array (
  0 => 'courseList',
  1 => 'courseNumber',
) ]
[ info ] [ LOG ] INIT File
[ notice ] 显示课程列表
[ sql ] [ DB ] CONNECT:[ UseTime:0.002053s ] mysql:host=127.0.0.1;port=3306;dbname=report_system;charset=utf8
[ sql ] [ SQL ] SHOW COLUMNS FROM `teacher` [ RunTime:0.002015s ]
[ sql ] [ SQL ] SHOW COLUMNS FROM `course` [ RunTime:0.003157s ]
[ sql ] [ SQL ] SELECT COUNT(*) AS tp_count FROM `course` WHERE  (  teacherNo = '2012032' ) LIMIT 1 [ RunTime:0.001506s ]
[ sql ] [ SQL ] SELECT * FROM `course` WHERE  (  teacherNo = '2012032' ) LIMIT 0,15 [ RunTime:0.002570s ]
[ sql ] [ SQL ] SELECT COUNT(*) AS tp_count FROM `course` WHERE  (  teacherNo = '2012032' ) LIMIT 1 [ RunTime:0.001880s ]
---------------------------------------------------------------
[ 2019-02-24T00:04:56+08:00 ] 0.0.0.0 GET /static/fontawesome-5.5.0/css/font-awesome.min.css
[ info ] reportsystem/static/fontawesome-5.5.0/css/font-awesome.min.css [运行时间：0.126697s][吞吐率：7.89req/s] [内存消耗：2,476.91kb] [文件加载：32]
[ info ] [ LANG ] F:\study\www\reportSystem\ThinkPHP\thinkphp\lang\zh-cn.php
[ info ] [ ROUTE ] array (
  'type' => 'module',
  'module' => 
  array (
    0 => 'static',
    1 => 'fontawesome-5.5.0',
    2 => 'css',
  ),
)
[ info ] [ HEADER ] array (
  'host' => 'reportsystem',
  'connection' => 'keep-alive',
  'user-agent' => 'Mozilla/5.0 (Windows NT 10.0; WOW64) AppleWebKit/537.36 (KHTML, like Gecko) Chrome/71.0.3578.98 Safari/537.36',
  'accept' => 'text/css,*/*;q=0.1',
  'referer' => 'http://reportsystem/teacher/course/courseList',
  'accept-encoding' => 'gzip, deflate',
  'accept-language' => 'zh-CN,zh;q=0.9',
  'cookie' => 'pgv_pvi=3972531200; PHPSESSID=20vet2mn1b9lftl8pa4oonu054',
)
[ info ] [ PARAM ] array (
)
[ info ] [ LOG ] INIT File
---------------------------------------------------------------
[ 2019-02-24T00:04:57+08:00 ] 0.0.0.0 GET /teacher/course/courseList
[ info ] reportsystem/teacher/course/courseList [运行时间：0.237443s][吞吐率：4.21req/s] [内存消耗：5,396.59kb] [文件加载：54]
[ info ] [ LANG ] F:\study\www\reportSystem\ThinkPHP\thinkphp\lang\zh-cn.php
[ info ] [ ROUTE ] array (
  'type' => 'module',
  'module' => 
  array (
    0 => 'teacher',
    1 => 'course',
    2 => 'courseList',
  ),
)
[ info ] [ HEADER ] array (
  'host' => 'reportsystem',
  'connection' => 'keep-alive',
  'cache-control' => 'max-age=0',
  'upgrade-insecure-requests' => '1',
  'user-agent' => 'Mozilla/5.0 (Windows NT 10.0; WOW64) AppleWebKit/537.36 (KHTML, like Gecko) Chrome/71.0.3578.98 Safari/537.36',
  'accept' => 'text/html,application/xhtml+xml,application/xml;q=0.9,image/webp,image/apng,*/*;q=0.8',
  'referer' => 'http://reportsystem/teacher/index/index',
  'accept-encoding' => 'gzip, deflate',
  'accept-language' => 'zh-CN,zh;q=0.9',
  'cookie' => 'pgv_pvi=3972531200; PHPSESSID=20vet2mn1b9lftl8pa4oonu054',
)
[ info ] [ PARAM ] array (
)
[ info ] [ SESSION ] INIT array (
  'id' => '',
  'var_session_id' => '',
  'prefix' => 'think',
  'type' => '',
  'auto_start' => true,
  'httponly' => true,
  'secure' => false,
)
[ info ] [ RUN ] app\teacher\controller\Course->courseList[ F:\study\www\reportSystem\ThinkPHP\app\teacher\controller\Course.php ]
[ info ] [ DB ] INIT mysql
[ info ] [ VIEW ] F:\study\www\reportSystem\ThinkPHP\public/../app/teacher\view\course\courseList.html [ array (
  0 => 'courseList',
  1 => 'courseNumber',
) ]
[ info ] [ LOG ] INIT File
[ notice ] 显示课程列表
[ sql ] [ DB ] CONNECT:[ UseTime:0.003078s ] mysql:host=127.0.0.1;port=3306;dbname=report_system;charset=utf8
[ sql ] [ SQL ] SHOW COLUMNS FROM `teacher` [ RunTime:0.007654s ]
[ sql ] [ SQL ] SHOW COLUMNS FROM `course` [ RunTime:0.005687s ]
[ sql ] [ SQL ] SELECT COUNT(*) AS tp_count FROM `course` WHERE  (  teacherNo = '2012032' ) LIMIT 1 [ RunTime:0.001870s ]
[ sql ] [ SQL ] SELECT * FROM `course` WHERE  (  teacherNo = '2012032' ) LIMIT 0,15 [ RunTime:0.002597s ]
[ sql ] [ SQL ] SELECT COUNT(*) AS tp_count FROM `course` WHERE  (  teacherNo = '2012032' ) LIMIT 1 [ RunTime:0.002276s ]
---------------------------------------------------------------
[ 2019-02-24T00:04:58+08:00 ] 0.0.0.0 GET /static/fontawesome-5.5.0/css/font-awesome.min.css
[ info ] reportsystem/static/fontawesome-5.5.0/css/font-awesome.min.css [运行时间：0.121605s][吞吐率：8.22req/s] [内存消耗：2,476.91kb] [文件加载：32]
[ info ] [ LANG ] F:\study\www\reportSystem\ThinkPHP\thinkphp\lang\zh-cn.php
[ info ] [ ROUTE ] array (
  'type' => 'module',
  'module' => 
  array (
    0 => 'static',
    1 => 'fontawesome-5.5.0',
    2 => 'css',
  ),
)
[ info ] [ HEADER ] array (
  'host' => 'reportsystem',
  'connection' => 'keep-alive',
  'user-agent' => 'Mozilla/5.0 (Windows NT 10.0; WOW64) AppleWebKit/537.36 (KHTML, like Gecko) Chrome/71.0.3578.98 Safari/537.36',
  'accept' => 'text/css,*/*;q=0.1',
  'referer' => 'http://reportsystem/teacher/course/courseList',
  'accept-encoding' => 'gzip, deflate',
  'accept-language' => 'zh-CN,zh;q=0.9',
  'cookie' => 'pgv_pvi=3972531200; PHPSESSID=20vet2mn1b9lftl8pa4oonu054',
)
[ info ] [ PARAM ] array (
)
[ info ] [ LOG ] INIT File
---------------------------------------------------------------
[ 2019-02-24T00:07:25+08:00 ] 0.0.0.0 GET /teacher/course/courseList
[ info ] reportsystem/teacher/course/courseList [运行时间：0.344114s][吞吐率：2.91req/s] [内存消耗：5,658.95kb] [文件加载：56]
[ info ] [ LANG ] F:\study\www\reportSystem\ThinkPHP\thinkphp\lang\zh-cn.php
[ info ] [ ROUTE ] array (
  'type' => 'module',
  'module' => 
  array (
    0 => 'teacher',
    1 => 'course',
    2 => 'courseList',
  ),
)
[ info ] [ HEADER ] array (
  'host' => 'reportsystem',
  'connection' => 'keep-alive',
  'cache-control' => 'max-age=0',
  'upgrade-insecure-requests' => '1',
  'user-agent' => 'Mozilla/5.0 (Windows NT 10.0; WOW64) AppleWebKit/537.36 (KHTML, like Gecko) Chrome/71.0.3578.98 Safari/537.36',
  'accept' => 'text/html,application/xhtml+xml,application/xml;q=0.9,image/webp,image/apng,*/*;q=0.8',
  'referer' => 'http://reportsystem/teacher/index/index',
  'accept-encoding' => 'gzip, deflate',
  'accept-language' => 'zh-CN,zh;q=0.9',
  'cookie' => 'pgv_pvi=3972531200; PHPSESSID=20vet2mn1b9lftl8pa4oonu054',
)
[ info ] [ PARAM ] array (
)
[ info ] [ SESSION ] INIT array (
  'id' => '',
  'var_session_id' => '',
  'prefix' => 'think',
  'type' => '',
  'auto_start' => true,
  'httponly' => true,
  'secure' => false,
)
[ info ] [ RUN ] app\teacher\controller\Course->courseList[ F:\study\www\reportSystem\ThinkPHP\app\teacher\controller\Course.php ]
[ info ] [ DB ] INIT mysql
[ info ] [ VIEW ] F:\study\www\reportSystem\ThinkPHP\public/../app/teacher\view\course\courseList.html [ array (
  0 => 'courseList',
  1 => 'courseNumber',
) ]
[ info ] [ LOG ] INIT File
[ notice ] 显示课程列表
[ sql ] [ DB ] CONNECT:[ UseTime:0.002810s ] mysql:host=127.0.0.1;port=3306;dbname=report_system;charset=utf8
[ sql ] [ SQL ] SHOW COLUMNS FROM `teacher` [ RunTime:0.002405s ]
[ sql ] [ SQL ] SHOW COLUMNS FROM `course` [ RunTime:0.002722s ]
[ sql ] [ SQL ] SELECT COUNT(*) AS tp_count FROM `course` WHERE  (  teacherNo = '2012032' ) LIMIT 1 [ RunTime:0.001495s ]
[ sql ] [ SQL ] SELECT * FROM `course` WHERE  (  teacherNo = '2012032' ) LIMIT 0,15 [ RunTime:0.002703s ]
[ sql ] [ SQL ] SELECT COUNT(*) AS tp_count FROM `course` WHERE  (  teacherNo = '2012032' ) LIMIT 1 [ RunTime:0.001593s ]
---------------------------------------------------------------
[ 2019-02-24T00:07:25+08:00 ] 0.0.0.0 GET /static/fontawesome-5.5.0/css/font-awesome.min.css
[ info ] reportsystem/static/fontawesome-5.5.0/css/font-awesome.min.css [运行时间：0.116113s][吞吐率：8.61req/s] [内存消耗：2,476.91kb] [文件加载：32]
[ info ] [ LANG ] F:\study\www\reportSystem\ThinkPHP\thinkphp\lang\zh-cn.php
[ info ] [ ROUTE ] array (
  'type' => 'module',
  'module' => 
  array (
    0 => 'static',
    1 => 'fontawesome-5.5.0',
    2 => 'css',
  ),
)
[ info ] [ HEADER ] array (
  'host' => 'reportsystem',
  'connection' => 'keep-alive',
  'user-agent' => 'Mozilla/5.0 (Windows NT 10.0; WOW64) AppleWebKit/537.36 (KHTML, like Gecko) Chrome/71.0.3578.98 Safari/537.36',
  'accept' => 'text/css,*/*;q=0.1',
  'referer' => 'http://reportsystem/teacher/course/courseList',
  'accept-encoding' => 'gzip, deflate',
  'accept-language' => 'zh-CN,zh;q=0.9',
  'cookie' => 'pgv_pvi=3972531200; PHPSESSID=20vet2mn1b9lftl8pa4oonu054',
)
[ info ] [ PARAM ] array (
)
[ info ] [ LOG ] INIT File
---------------------------------------------------------------
[ 2019-02-24T00:31:12+08:00 ] 0.0.0.0 GET /teacher/course/courseList
[ info ] reportsystem/teacher/course/courseList [运行时间：0.306807s][吞吐率：3.26req/s] [内存消耗：5,449.47kb] [文件加载：55]
[ info ] [ LANG ] F:\study\www\reportSystem\ThinkPHP\thinkphp\lang\zh-cn.php
[ info ] [ ROUTE ] array (
  'type' => 'module',
  'module' => 
  array (
    0 => 'teacher',
    1 => 'course',
    2 => 'courseList',
  ),
)
[ info ] [ HEADER ] array (
  'host' => 'reportsystem',
  'connection' => 'keep-alive',
  'cache-control' => 'max-age=0',
  'upgrade-insecure-requests' => '1',
  'user-agent' => 'Mozilla/5.0 (Windows NT 10.0; WOW64) AppleWebKit/537.36 (KHTML, like Gecko) Chrome/71.0.3578.98 Safari/537.36',
  'accept' => 'text/html,application/xhtml+xml,application/xml;q=0.9,image/webp,image/apng,*/*;q=0.8',
  'referer' => 'http://reportsystem/teacher/index/index',
  'accept-encoding' => 'gzip, deflate',
  'accept-language' => 'zh-CN,zh;q=0.9',
  'cookie' => 'pgv_pvi=3972531200; PHPSESSID=20vet2mn1b9lftl8pa4oonu054',
)
[ info ] [ PARAM ] array (
)
[ info ] [ SESSION ] INIT array (
  'id' => '',
  'var_session_id' => '',
  'prefix' => 'think',
  'type' => '',
  'auto_start' => true,
  'httponly' => true,
  'secure' => false,
)
[ info ] [ RUN ] app\teacher\controller\Course->courseList[ F:\study\www\reportSystem\ThinkPHP\app\teacher\controller\Course.php ]
[ info ] [ DB ] INIT mysql
[ info ] [ VIEW ] F:\study\www\reportSystem\ThinkPHP\public/../app/teacher\view\course\courseList.html [ array (
  0 => 'courseList',
  1 => 'courseNumber',
) ]
[ info ] [ LOG ] INIT File
[ notice ] 显示课程列表
[ sql ] [ DB ] CONNECT:[ UseTime:0.002205s ] mysql:host=127.0.0.1;port=3306;dbname=report_system;charset=utf8
[ sql ] [ SQL ] SHOW COLUMNS FROM `teacher` [ RunTime:0.002185s ]
[ sql ] [ SQL ] SHOW COLUMNS FROM `course` [ RunTime:0.006164s ]
[ sql ] [ SQL ] SELECT COUNT(*) AS tp_count FROM `course` WHERE (  (  teacherNo = '2012032' ) ) AND `course`.`deleteTime` IS NULL LIMIT 1 [ RunTime:0.010545s ]
[ sql ] [ SQL ] SELECT * FROM `course` WHERE (  (  teacherNo = '2012032' ) ) AND `course`.`deleteTime` IS NULL LIMIT 0,15 [ RunTime:0.002271s ]
[ sql ] [ SQL ] SELECT COUNT(*) AS tp_count FROM `course` WHERE (  (  teacherNo = '2012032' ) ) AND `course`.`deleteTime` IS NULL LIMIT 1 [ RunTime:0.003222s ]
---------------------------------------------------------------
[ 2019-02-24T00:31:13+08:00 ] 0.0.0.0 GET /static/fontawesome-5.5.0/css/font-awesome.min.css
[ info ] reportsystem/static/fontawesome-5.5.0/css/font-awesome.min.css [运行时间：0.123957s][吞吐率：8.07req/s] [内存消耗：2,476.91kb] [文件加载：32]
[ info ] [ LANG ] F:\study\www\reportSystem\ThinkPHP\thinkphp\lang\zh-cn.php
[ info ] [ ROUTE ] array (
  'type' => 'module',
  'module' => 
  array (
    0 => 'static',
    1 => 'fontawesome-5.5.0',
    2 => 'css',
  ),
)
[ info ] [ HEADER ] array (
  'host' => 'reportsystem',
  'connection' => 'keep-alive',
  'user-agent' => 'Mozilla/5.0 (Windows NT 10.0; WOW64) AppleWebKit/537.36 (KHTML, like Gecko) Chrome/71.0.3578.98 Safari/537.36',
  'accept' => 'text/css,*/*;q=0.1',
  'referer' => 'http://reportsystem/teacher/course/courseList',
  'accept-encoding' => 'gzip, deflate',
  'accept-language' => 'zh-CN,zh;q=0.9',
  'cookie' => 'pgv_pvi=3972531200; PHPSESSID=20vet2mn1b9lftl8pa4oonu054',
)
[ info ] [ PARAM ] array (
)
[ info ] [ LOG ] INIT File
---------------------------------------------------------------
[ 2019-02-24T00:31:17+08:00 ] 0.0.0.0 POST /teacher/course/courseDelete
[ info ] reportsystem/teacher/course/courseDelete [运行时间：0.510537s][吞吐率：1.96req/s] [内存消耗：3,123.23kb] [文件加载：42]
[ info ] [ LANG ] F:\study\www\reportSystem\ThinkPHP\thinkphp\lang\zh-cn.php
[ info ] [ ROUTE ] array (
  'type' => 'module',
  'module' => 
  array (
    0 => 'teacher',
    1 => 'course',
    2 => 'courseDelete',
  ),
)
[ info ] [ HEADER ] array (
  'host' => 'reportsystem',
  'connection' => 'keep-alive',
  'content-length' => '22',
  'cache-control' => 'max-age=0',
  'origin' => 'http://reportsystem',
  'upgrade-insecure-requests' => '1',
  'content-type' => 'application/x-www-form-urlencoded',
  'user-agent' => 'Mozilla/5.0 (Windows NT 10.0; WOW64) AppleWebKit/537.36 (KHTML, like Gecko) Chrome/71.0.3578.98 Safari/537.36',
  'accept' => 'text/html,application/xhtml+xml,application/xml;q=0.9,image/webp,image/apng,*/*;q=0.8',
  'referer' => 'http://reportsystem/teacher/course/courseList',
  'accept-encoding' => 'gzip, deflate',
  'accept-language' => 'zh-CN,zh;q=0.9',
  'cookie' => 'pgv_pvi=3972531200; PHPSESSID=20vet2mn1b9lftl8pa4oonu054',
)
[ info ] [ PARAM ] array (
  'courseNo' => 
  array (
    0 => '351',
  ),
)
[ info ] [ SESSION ] INIT array (
  'id' => '',
  'var_session_id' => '',
  'prefix' => 'think',
  'type' => '',
  'auto_start' => true,
  'httponly' => true,
  'secure' => false,
)
[ info ] [ RUN ] app\teacher\controller\Course->courseDelete[ F:\study\www\reportSystem\ThinkPHP\app\teacher\controller\Course.php ]
[ info ] [ LOG ] INIT File
[ error ] [1]Class 'app\teacher\controller\courseModel' not found[F:\study\www\reportSystem\ThinkPHP\app\teacher\controller\Course.php:148]
---------------------------------------------------------------
[ 2019-02-24T00:32:00+08:00 ] 0.0.0.0 POST /teacher/course/courseDelete
[ info ] reportsystem/teacher/course/courseDelete [运行时间：0.184758s][吞吐率：5.41req/s] [内存消耗：5,096.78kb] [文件加载：51]
[ info ] [ LANG ] F:\study\www\reportSystem\ThinkPHP\thinkphp\lang\zh-cn.php
[ info ] [ ROUTE ] array (
  'type' => 'module',
  'module' => 
  array (
    0 => 'teacher',
    1 => 'course',
    2 => 'courseDelete',
  ),
)
[ info ] [ HEADER ] array (
  'host' => 'reportsystem',
  'connection' => 'keep-alive',
  'content-length' => '22',
  'cache-control' => 'max-age=0',
  'upgrade-insecure-requests' => '1',
  'user-agent' => 'Mozilla/5.0 (Windows NT 10.0; WOW64) AppleWebKit/537.36 (KHTML, like Gecko) Chrome/71.0.3578.98 Safari/537.36',
  'origin' => 'http://reportsystem',
  'content-type' => 'application/x-www-form-urlencoded',
  'accept' => 'text/html,application/xhtml+xml,application/xml;q=0.9,image/webp,image/apng,*/*;q=0.8',
  'referer' => 'http://reportsystem/teacher/course/courseList',
  'accept-encoding' => 'gzip, deflate',
  'accept-language' => 'zh-CN,zh;q=0.9',
  'cookie' => 'pgv_pvi=3972531200; PHPSESSID=20vet2mn1b9lftl8pa4oonu054',
)
[ info ] [ PARAM ] array (
  'courseNo' => 
  array (
    0 => '351',
  ),
)
[ info ] [ SESSION ] INIT array (
  'id' => '',
  'var_session_id' => '',
  'prefix' => 'think',
  'type' => '',
  'auto_start' => true,
  'httponly' => true,
  'secure' => false,
)
[ info ] [ RUN ] app\teacher\controller\Course->courseDelete[ F:\study\www\reportSystem\ThinkPHP\app\teacher\controller\Course.php ]
[ info ] [ DB ] INIT mysql
[ info ] [ LOG ] INIT File
[ error ] [0]method not exist:think\db\Query->destroy[F:\study\www\reportSystem\ThinkPHP\thinkphp\library\think\db\Query.php:96]
---------------------------------------------------------------
[ 2019-02-24T00:32:31+08:00 ] 0.0.0.0 POST /teacher/course/courseDelete
[ info ] reportsystem/teacher/course/courseDelete [运行时间：0.260415s][吞吐率：3.84req/s] [内存消耗：5,054.52kb] [文件加载：50]
[ info ] [ LANG ] F:\study\www\reportSystem\ThinkPHP\thinkphp\lang\zh-cn.php
[ info ] [ ROUTE ] array (
  'type' => 'module',
  'module' => 
  array (
    0 => 'teacher',
    1 => 'course',
    2 => 'courseDelete',
  ),
)
[ info ] [ HEADER ] array (
  'host' => 'reportsystem',
  'connection' => 'keep-alive',
  'content-length' => '22',
  'cache-control' => 'max-age=0',
  'upgrade-insecure-requests' => '1',
  'user-agent' => 'Mozilla/5.0 (Windows NT 10.0; WOW64) AppleWebKit/537.36 (KHTML, like Gecko) Chrome/71.0.3578.98 Safari/537.36',
  'origin' => 'http://reportsystem',
  'content-type' => 'application/x-www-form-urlencoded',
  'accept' => 'text/html,application/xhtml+xml,application/xml;q=0.9,image/webp,image/apng,*/*;q=0.8',
  'referer' => 'http://reportsystem/teacher/course/courseList',
  'accept-encoding' => 'gzip, deflate',
  'accept-language' => 'zh-CN,zh;q=0.9',
  'cookie' => 'pgv_pvi=3972531200; PHPSESSID=20vet2mn1b9lftl8pa4oonu054',
)
[ info ] [ PARAM ] array (
  'courseNo' => 
  array (
    0 => '351',
  ),
)
[ info ] [ SESSION ] INIT array (
  'id' => '',
  'var_session_id' => '',
  'prefix' => 'think',
  'type' => '',
  'auto_start' => true,
  'httponly' => true,
  'secure' => false,
)
[ info ] [ RUN ] app\teacher\controller\Course->courseDelete[ F:\study\www\reportSystem\ThinkPHP\app\teacher\controller\Course.php ]
[ info ] [ DB ] INIT mysql
[ info ] [ VIEW ] F:\study\www\reportSystem\ThinkPHP\thinkphp\tpl\dispatch_jump.tpl [ array (
  0 => 'code',
  1 => 'msg',
  2 => 'data',
  3 => 'url',
  4 => 'wait',
) ]
[ info ] [ LOG ] INIT File
[ sql ] [ DB ] CONNECT:[ UseTime:0.002372s ] mysql:host=127.0.0.1;port=3306;dbname=report_system;charset=utf8
[ sql ] [ SQL ] SHOW COLUMNS FROM `course` [ RunTime:0.006161s ]
[ sql ] [ SQL ] DELETE FROM `course`    WHERE (  (  courseNo = '351' ) ) AND `course`.`deleteTime` IS NULL [ RunTime:0.072400s ]
---------------------------------------------------------------
[ 2019-02-24T00:32:34+08:00 ] 0.0.0.0 GET /teacher/course/courseList
[ info ] reportsystem/teacher/course/courseList [运行时间：0.208507s][吞吐率：4.80req/s] [内存消耗：5,442.33kb] [文件加载：55]
[ info ] [ LANG ] F:\study\www\reportSystem\ThinkPHP\thinkphp\lang\zh-cn.php
[ info ] [ ROUTE ] array (
  'type' => 'module',
  'module' => 
  array (
    0 => 'teacher',
    1 => 'course',
    2 => 'courseList',
  ),
)
[ info ] [ HEADER ] array (
  'host' => 'reportsystem',
  'connection' => 'keep-alive',
  'upgrade-insecure-requests' => '1',
  'user-agent' => 'Mozilla/5.0 (Windows NT 10.0; WOW64) AppleWebKit/537.36 (KHTML, like Gecko) Chrome/71.0.3578.98 Safari/537.36',
  'accept' => 'text/html,application/xhtml+xml,application/xml;q=0.9,image/webp,image/apng,*/*;q=0.8',
  'referer' => 'http://reportsystem/teacher/course/courseDelete',
  'accept-encoding' => 'gzip, deflate',
  'accept-language' => 'zh-CN,zh;q=0.9',
  'cookie' => 'pgv_pvi=3972531200; PHPSESSID=20vet2mn1b9lftl8pa4oonu054',
)
[ info ] [ PARAM ] array (
)
[ info ] [ SESSION ] INIT array (
  'id' => '',
  'var_session_id' => '',
  'prefix' => 'think',
  'type' => '',
  'auto_start' => true,
  'httponly' => true,
  'secure' => false,
)
[ info ] [ RUN ] app\teacher\controller\Course->courseList[ F:\study\www\reportSystem\ThinkPHP\app\teacher\controller\Course.php ]
[ info ] [ DB ] INIT mysql
[ info ] [ VIEW ] F:\study\www\reportSystem\ThinkPHP\public/../app/teacher\view\course\courseList.html [ array (
  0 => 'courseList',
  1 => 'courseNumber',
) ]
[ info ] [ LOG ] INIT File
[ notice ] 显示课程列表
[ sql ] [ DB ] CONNECT:[ UseTime:0.002871s ] mysql:host=127.0.0.1;port=3306;dbname=report_system;charset=utf8
[ sql ] [ SQL ] SHOW COLUMNS FROM `teacher` [ RunTime:0.002375s ]
[ sql ] [ SQL ] SHOW COLUMNS FROM `course` [ RunTime:0.006146s ]
[ sql ] [ SQL ] SELECT COUNT(*) AS tp_count FROM `course` WHERE (  (  teacherNo = '2012032' ) ) AND `course`.`deleteTime` IS NULL LIMIT 1 [ RunTime:0.002644s ]
[ sql ] [ SQL ] SELECT * FROM `course` WHERE (  (  teacherNo = '2012032' ) ) AND `course`.`deleteTime` IS NULL LIMIT 0,15 [ RunTime:0.002559s ]
[ sql ] [ SQL ] SELECT COUNT(*) AS tp_count FROM `course` WHERE (  (  teacherNo = '2012032' ) ) AND `course`.`deleteTime` IS NULL LIMIT 1 [ RunTime:0.001584s ]
---------------------------------------------------------------
[ 2019-02-24T00:32:35+08:00 ] 0.0.0.0 GET /static/fontawesome-5.5.0/css/font-awesome.min.css
[ info ] reportsystem/static/fontawesome-5.5.0/css/font-awesome.min.css [运行时间：0.109375s][吞吐率：9.14req/s] [内存消耗：2,476.91kb] [文件加载：32]
[ info ] [ LANG ] F:\study\www\reportSystem\ThinkPHP\thinkphp\lang\zh-cn.php
[ info ] [ ROUTE ] array (
  'type' => 'module',
  'module' => 
  array (
    0 => 'static',
    1 => 'fontawesome-5.5.0',
    2 => 'css',
  ),
)
[ info ] [ HEADER ] array (
  'host' => 'reportsystem',
  'connection' => 'keep-alive',
  'user-agent' => 'Mozilla/5.0 (Windows NT 10.0; WOW64) AppleWebKit/537.36 (KHTML, like Gecko) Chrome/71.0.3578.98 Safari/537.36',
  'accept' => 'text/css,*/*;q=0.1',
  'referer' => 'http://reportsystem/teacher/course/courseList',
  'accept-encoding' => 'gzip, deflate',
  'accept-language' => 'zh-CN,zh;q=0.9',
  'cookie' => 'pgv_pvi=3972531200; PHPSESSID=20vet2mn1b9lftl8pa4oonu054',
)
[ info ] [ PARAM ] array (
)
[ info ] [ LOG ] INIT File
---------------------------------------------------------------
[ 2019-02-24T00:35:12+08:00 ] 0.0.0.0 GET /teacher/course/courseList
[ info ] reportsystem/teacher/course/courseList [运行时间：0.229978s][吞吐率：4.35req/s] [内存消耗：5,449.55kb] [文件加载：55]
[ info ] [ LANG ] F:\study\www\reportSystem\ThinkPHP\thinkphp\lang\zh-cn.php
[ info ] [ ROUTE ] array (
  'type' => 'module',
  'module' => 
  array (
    0 => 'teacher',
    1 => 'course',
    2 => 'courseList',
  ),
)
[ info ] [ HEADER ] array (
  'host' => 'reportsystem',
  'connection' => 'keep-alive',
  'cache-control' => 'max-age=0',
  'upgrade-insecure-requests' => '1',
  'user-agent' => 'Mozilla/5.0 (Windows NT 10.0; WOW64) AppleWebKit/537.36 (KHTML, like Gecko) Chrome/71.0.3578.98 Safari/537.36',
  'accept' => 'text/html,application/xhtml+xml,application/xml;q=0.9,image/webp,image/apng,*/*;q=0.8',
  'referer' => 'http://reportsystem/teacher/course/courseDelete',
  'accept-encoding' => 'gzip, deflate',
  'accept-language' => 'zh-CN,zh;q=0.9',
  'cookie' => 'pgv_pvi=3972531200; PHPSESSID=20vet2mn1b9lftl8pa4oonu054',
)
[ info ] [ PARAM ] array (
)
[ info ] [ SESSION ] INIT array (
  'id' => '',
  'var_session_id' => '',
  'prefix' => 'think',
  'type' => '',
  'auto_start' => true,
  'httponly' => true,
  'secure' => false,
)
[ info ] [ RUN ] app\teacher\controller\Course->courseList[ F:\study\www\reportSystem\ThinkPHP\app\teacher\controller\Course.php ]
[ info ] [ DB ] INIT mysql
[ info ] [ VIEW ] F:\study\www\reportSystem\ThinkPHP\public/../app/teacher\view\course\courseList.html [ array (
  0 => 'courseList',
  1 => 'courseNumber',
) ]
[ info ] [ LOG ] INIT File
[ notice ] 显示课程列表
[ sql ] [ DB ] CONNECT:[ UseTime:0.002415s ] mysql:host=127.0.0.1;port=3306;dbname=report_system;charset=utf8
[ sql ] [ SQL ] SHOW COLUMNS FROM `teacher` [ RunTime:0.002378s ]
[ sql ] [ SQL ] SHOW COLUMNS FROM `course` [ RunTime:0.006023s ]
[ sql ] [ SQL ] SELECT COUNT(*) AS tp_count FROM `course` WHERE (  (  teacherNo = '2012032' ) ) AND `course`.`deleteTime` IS NULL LIMIT 1 [ RunTime:0.001654s ]
[ sql ] [ SQL ] SELECT * FROM `course` WHERE (  (  teacherNo = '2012032' ) ) AND `course`.`deleteTime` IS NULL LIMIT 0,15 [ RunTime:0.003015s ]
[ sql ] [ SQL ] SELECT COUNT(*) AS tp_count FROM `course` WHERE (  (  teacherNo = '2012032' ) ) AND `course`.`deleteTime` IS NULL LIMIT 1 [ RunTime:0.001369s ]
---------------------------------------------------------------
[ 2019-02-24T00:35:12+08:00 ] 0.0.0.0 GET /static/fontawesome-5.5.0/css/font-awesome.min.css
[ info ] reportsystem/static/fontawesome-5.5.0/css/font-awesome.min.css [运行时间：0.114294s][吞吐率：8.75req/s] [内存消耗：2,476.91kb] [文件加载：32]
[ info ] [ LANG ] F:\study\www\reportSystem\ThinkPHP\thinkphp\lang\zh-cn.php
[ info ] [ ROUTE ] array (
  'type' => 'module',
  'module' => 
  array (
    0 => 'static',
    1 => 'fontawesome-5.5.0',
    2 => 'css',
  ),
)
[ info ] [ HEADER ] array (
  'host' => 'reportsystem',
  'connection' => 'keep-alive',
  'user-agent' => 'Mozilla/5.0 (Windows NT 10.0; WOW64) AppleWebKit/537.36 (KHTML, like Gecko) Chrome/71.0.3578.98 Safari/537.36',
  'accept' => 'text/css,*/*;q=0.1',
  'referer' => 'http://reportsystem/teacher/course/courseList',
  'accept-encoding' => 'gzip, deflate',
  'accept-language' => 'zh-CN,zh;q=0.9',
  'cookie' => 'pgv_pvi=3972531200; PHPSESSID=20vet2mn1b9lftl8pa4oonu054',
)
[ info ] [ PARAM ] array (
)
[ info ] [ LOG ] INIT File
---------------------------------------------------------------
[ 2019-02-24T00:35:35+08:00 ] 0.0.0.0 POST /teacher/course/courseDelete
[ info ] reportsystem/teacher/course/courseDelete [运行时间：0.297473s][吞吐率：3.36req/s] [内存消耗：5,054.84kb] [文件加载：50]
[ info ] [ LANG ] F:\study\www\reportSystem\ThinkPHP\thinkphp\lang\zh-cn.php
[ info ] [ ROUTE ] array (
  'type' => 'module',
  'module' => 
  array (
    0 => 'teacher',
    1 => 'course',
    2 => 'courseDelete',
  ),
)
[ info ] [ HEADER ] array (
  'host' => 'reportsystem',
  'connection' => 'keep-alive',
  'content-length' => '22',
  'cache-control' => 'max-age=0',
  'origin' => 'http://reportsystem',
  'upgrade-insecure-requests' => '1',
  'content-type' => 'application/x-www-form-urlencoded',
  'user-agent' => 'Mozilla/5.0 (Windows NT 10.0; WOW64) AppleWebKit/537.36 (KHTML, like Gecko) Chrome/71.0.3578.98 Safari/537.36',
  'accept' => 'text/html,application/xhtml+xml,application/xml;q=0.9,image/webp,image/apng,*/*;q=0.8',
  'referer' => 'http://reportsystem/teacher/course/courseList',
  'accept-encoding' => 'gzip, deflate',
  'accept-language' => 'zh-CN,zh;q=0.9',
  'cookie' => 'pgv_pvi=3972531200; PHPSESSID=20vet2mn1b9lftl8pa4oonu054',
)
[ info ] [ PARAM ] array (
  'courseNo' => 
  array (
    0 => '351',
  ),
)
[ info ] [ SESSION ] INIT array (
  'id' => '',
  'var_session_id' => '',
  'prefix' => 'think',
  'type' => '',
  'auto_start' => true,
  'httponly' => true,
  'secure' => false,
)
[ info ] [ RUN ] app\teacher\controller\Course->courseDelete[ F:\study\www\reportSystem\ThinkPHP\app\teacher\controller\Course.php ]
[ info ] [ DB ] INIT mysql
[ info ] [ VIEW ] F:\study\www\reportSystem\ThinkPHP\thinkphp\tpl\dispatch_jump.tpl [ array (
  0 => 'code',
  1 => 'msg',
  2 => 'data',
  3 => 'url',
  4 => 'wait',
) ]
[ info ] [ LOG ] INIT File
[ sql ] [ DB ] CONNECT:[ UseTime:0.002170s ] mysql:host=127.0.0.1;port=3306;dbname=report_system;charset=utf8
[ sql ] [ SQL ] SHOW COLUMNS FROM `course` [ RunTime:0.005128s ]
[ sql ] [ SQL ] DELETE FROM `course`    WHERE (  (  courseNo = '351' ) ) AND `course`.`deleteTime` IS NULL [ RunTime:0.048003s ]
---------------------------------------------------------------
[ 2019-02-24T00:35:38+08:00 ] 0.0.0.0 GET /teacher/course/courseList
[ info ] reportsystem/teacher/course/courseList [运行时间：0.370824s][吞吐率：2.70req/s] [内存消耗：5,442.33kb] [文件加载：55]
[ info ] [ LANG ] F:\study\www\reportSystem\ThinkPHP\thinkphp\lang\zh-cn.php
[ info ] [ ROUTE ] array (
  'type' => 'module',
  'module' => 
  array (
    0 => 'teacher',
    1 => 'course',
    2 => 'courseList',
  ),
)
[ info ] [ HEADER ] array (
  'host' => 'reportsystem',
  'connection' => 'keep-alive',
  'upgrade-insecure-requests' => '1',
  'user-agent' => 'Mozilla/5.0 (Windows NT 10.0; WOW64) AppleWebKit/537.36 (KHTML, like Gecko) Chrome/71.0.3578.98 Safari/537.36',
  'accept' => 'text/html,application/xhtml+xml,application/xml;q=0.9,image/webp,image/apng,*/*;q=0.8',
  'referer' => 'http://reportsystem/teacher/course/courseDelete',
  'accept-encoding' => 'gzip, deflate',
  'accept-language' => 'zh-CN,zh;q=0.9',
  'cookie' => 'pgv_pvi=3972531200; PHPSESSID=20vet2mn1b9lftl8pa4oonu054',
)
[ info ] [ PARAM ] array (
)
[ info ] [ SESSION ] INIT array (
  'id' => '',
  'var_session_id' => '',
  'prefix' => 'think',
  'type' => '',
  'auto_start' => true,
  'httponly' => true,
  'secure' => false,
)
[ info ] [ RUN ] app\teacher\controller\Course->courseList[ F:\study\www\reportSystem\ThinkPHP\app\teacher\controller\Course.php ]
[ info ] [ DB ] INIT mysql
[ info ] [ VIEW ] F:\study\www\reportSystem\ThinkPHP\public/../app/teacher\view\course\courseList.html [ array (
  0 => 'courseList',
  1 => 'courseNumber',
) ]
[ info ] [ LOG ] INIT File
[ notice ] 显示课程列表
[ sql ] [ DB ] CONNECT:[ UseTime:0.003788s ] mysql:host=127.0.0.1;port=3306;dbname=report_system;charset=utf8
[ sql ] [ SQL ] SHOW COLUMNS FROM `teacher` [ RunTime:0.003318s ]
[ sql ] [ SQL ] SHOW COLUMNS FROM `course` [ RunTime:0.002689s ]
[ sql ] [ SQL ] SELECT COUNT(*) AS tp_count FROM `course` WHERE (  (  teacherNo = '2012032' ) ) AND `course`.`deleteTime` IS NULL LIMIT 1 [ RunTime:0.001830s ]
[ sql ] [ SQL ] SELECT * FROM `course` WHERE (  (  teacherNo = '2012032' ) ) AND `course`.`deleteTime` IS NULL LIMIT 0,15 [ RunTime:0.003005s ]
[ sql ] [ SQL ] SELECT COUNT(*) AS tp_count FROM `course` WHERE (  (  teacherNo = '2012032' ) ) AND `course`.`deleteTime` IS NULL LIMIT 1 [ RunTime:0.001635s ]
---------------------------------------------------------------
[ 2019-02-24T00:35:39+08:00 ] 0.0.0.0 GET /static/fontawesome-5.5.0/css/font-awesome.min.css
[ info ] reportsystem/static/fontawesome-5.5.0/css/font-awesome.min.css [运行时间：0.099157s][吞吐率：10.09req/s] [内存消耗：2,476.91kb] [文件加载：32]
[ info ] [ LANG ] F:\study\www\reportSystem\ThinkPHP\thinkphp\lang\zh-cn.php
[ info ] [ ROUTE ] array (
  'type' => 'module',
  'module' => 
  array (
    0 => 'static',
    1 => 'fontawesome-5.5.0',
    2 => 'css',
  ),
)
[ info ] [ HEADER ] array (
  'host' => 'reportsystem',
  'connection' => 'keep-alive',
  'user-agent' => 'Mozilla/5.0 (Windows NT 10.0; WOW64) AppleWebKit/537.36 (KHTML, like Gecko) Chrome/71.0.3578.98 Safari/537.36',
  'accept' => 'text/css,*/*;q=0.1',
  'referer' => 'http://reportsystem/teacher/course/courseList',
  'accept-encoding' => 'gzip, deflate',
  'accept-language' => 'zh-CN,zh;q=0.9',
  'cookie' => 'pgv_pvi=3972531200; PHPSESSID=20vet2mn1b9lftl8pa4oonu054',
)
[ info ] [ PARAM ] array (
)
[ info ] [ LOG ] INIT File
---------------------------------------------------------------
[ 2019-02-24T00:39:12+08:00 ] 0.0.0.0 GET /teacher/course/courseList
[ info ] reportsystem/teacher/course/courseList [运行时间：0.230091s][吞吐率：4.35req/s] [内存消耗：5,442.67kb] [文件加载：55]
[ info ] [ LANG ] F:\study\www\reportSystem\ThinkPHP\thinkphp\lang\zh-cn.php
[ info ] [ ROUTE ] array (
  'type' => 'module',
  'module' => 
  array (
    0 => 'teacher',
    1 => 'course',
    2 => 'courseList',
  ),
)
[ info ] [ HEADER ] array (
  'host' => 'reportsystem',
  'connection' => 'keep-alive',
  'cache-control' => 'max-age=0',
  'upgrade-insecure-requests' => '1',
  'user-agent' => 'Mozilla/5.0 (Windows NT 10.0; WOW64) AppleWebKit/537.36 (KHTML, like Gecko) Chrome/71.0.3578.98 Safari/537.36',
  'accept' => 'text/html,application/xhtml+xml,application/xml;q=0.9,image/webp,image/apng,*/*;q=0.8',
  'referer' => 'http://reportsystem/teacher/course/courseDelete',
  'accept-encoding' => 'gzip, deflate',
  'accept-language' => 'zh-CN,zh;q=0.9',
  'cookie' => 'pgv_pvi=3972531200; PHPSESSID=20vet2mn1b9lftl8pa4oonu054',
)
[ info ] [ PARAM ] array (
)
[ info ] [ SESSION ] INIT array (
  'id' => '',
  'var_session_id' => '',
  'prefix' => 'think',
  'type' => '',
  'auto_start' => true,
  'httponly' => true,
  'secure' => false,
)
[ info ] [ RUN ] app\teacher\controller\Course->courseList[ F:\study\www\reportSystem\ThinkPHP\app\teacher\controller\Course.php ]
[ info ] [ DB ] INIT mysql
[ info ] [ VIEW ] F:\study\www\reportSystem\ThinkPHP\public/../app/teacher\view\course\courseList.html [ array (
  0 => 'courseList',
  1 => 'courseNumber',
) ]
[ info ] [ LOG ] INIT File
[ notice ] 显示课程列表
[ sql ] [ DB ] CONNECT:[ UseTime:0.002590s ] mysql:host=127.0.0.1;port=3306;dbname=report_system;charset=utf8
[ sql ] [ SQL ] SHOW COLUMNS FROM `teacher` [ RunTime:0.002973s ]
[ sql ] [ SQL ] SHOW COLUMNS FROM `course` [ RunTime:0.006533s ]
[ sql ] [ SQL ] SELECT COUNT(*) AS tp_count FROM `course` WHERE (  (  teacherNo = '2012032' ) ) AND `course`.`deleteTime` IS NULL LIMIT 1 [ RunTime:0.002315s ]
[ sql ] [ SQL ] SELECT * FROM `course` WHERE (  (  teacherNo = '2012032' ) ) AND `course`.`deleteTime` IS NULL LIMIT 0,15 [ RunTime:0.002736s ]
[ sql ] [ SQL ] SELECT COUNT(*) AS tp_count FROM `course` WHERE (  (  teacherNo = '2012032' ) ) AND `course`.`deleteTime` IS NULL LIMIT 1 [ RunTime:0.001550s ]
---------------------------------------------------------------
[ 2019-02-24T00:39:12+08:00 ] 0.0.0.0 GET /static/fontawesome-5.5.0/css/font-awesome.min.css
[ info ] reportsystem/static/fontawesome-5.5.0/css/font-awesome.min.css [运行时间：0.119806s][吞吐率：8.35req/s] [内存消耗：2,476.91kb] [文件加载：32]
[ info ] [ LANG ] F:\study\www\reportSystem\ThinkPHP\thinkphp\lang\zh-cn.php
[ info ] [ ROUTE ] array (
  'type' => 'module',
  'module' => 
  array (
    0 => 'static',
    1 => 'fontawesome-5.5.0',
    2 => 'css',
  ),
)
[ info ] [ HEADER ] array (
  'host' => 'reportsystem',
  'connection' => 'keep-alive',
  'user-agent' => 'Mozilla/5.0 (Windows NT 10.0; WOW64) AppleWebKit/537.36 (KHTML, like Gecko) Chrome/71.0.3578.98 Safari/537.36',
  'accept' => 'text/css,*/*;q=0.1',
  'referer' => 'http://reportsystem/teacher/course/courseList',
  'accept-encoding' => 'gzip, deflate',
  'accept-language' => 'zh-CN,zh;q=0.9',
  'cookie' => 'pgv_pvi=3972531200; PHPSESSID=20vet2mn1b9lftl8pa4oonu054',
)
[ info ] [ PARAM ] array (
)
[ info ] [ LOG ] INIT File
---------------------------------------------------------------
[ 2019-02-24T00:39:23+08:00 ] 0.0.0.0 POST /teacher/course/courseDelete
[ info ] reportsystem/teacher/course/courseDelete [运行时间：0.204982s][吞吐率：4.88req/s] [内存消耗：5,097.41kb] [文件加载：51]
[ info ] [ LANG ] F:\study\www\reportSystem\ThinkPHP\thinkphp\lang\zh-cn.php
[ info ] [ ROUTE ] array (
  'type' => 'module',
  'module' => 
  array (
    0 => 'teacher',
    1 => 'course',
    2 => 'courseDelete',
  ),
)
[ info ] [ HEADER ] array (
  'host' => 'reportsystem',
  'connection' => 'keep-alive',
  'content-length' => '36',
  'cache-control' => 'max-age=0',
  'origin' => 'http://reportsystem',
  'upgrade-insecure-requests' => '1',
  'content-type' => 'application/x-www-form-urlencoded',
  'user-agent' => 'Mozilla/5.0 (Windows NT 10.0; WOW64) AppleWebKit/537.36 (KHTML, like Gecko) Chrome/71.0.3578.98 Safari/537.36',
  'accept' => 'text/html,application/xhtml+xml,application/xml;q=0.9,image/webp,image/apng,*/*;q=0.8',
  'referer' => 'http://reportsystem/teacher/course/courseList',
  'accept-encoding' => 'gzip, deflate',
  'accept-language' => 'zh-CN,zh;q=0.9',
  'cookie' => 'pgv_pvi=3972531200; PHPSESSID=20vet2mn1b9lftl8pa4oonu054',
)
[ info ] [ PARAM ] array (
  'fullChoose' => 'on',
  'courseNo' => 
  array (
    0 => '543',
  ),
)
[ info ] [ SESSION ] INIT array (
  'id' => '',
  'var_session_id' => '',
  'prefix' => 'think',
  'type' => '',
  'auto_start' => true,
  'httponly' => true,
  'secure' => false,
)
[ info ] [ RUN ] app\teacher\controller\Course->courseDelete[ F:\study\www\reportSystem\ThinkPHP\app\teacher\controller\Course.php ]
[ info ] [ DB ] INIT mysql
[ info ] [ LOG ] INIT File
[ error ] [0]method not exist:think\db\Query->destroy[F:\study\www\reportSystem\ThinkPHP\thinkphp\library\think\db\Query.php:96]
---------------------------------------------------------------
[ 2019-02-24T00:40:28+08:00 ] 0.0.0.0 POST /teacher/course/courseDelete
[ info ] reportsystem/teacher/course/courseDelete [运行时间：0.456800s][吞吐率：2.19req/s] [内存消耗：5,218.20kb] [文件加载：52]
[ info ] [ LANG ] F:\study\www\reportSystem\ThinkPHP\thinkphp\lang\zh-cn.php
[ info ] [ ROUTE ] array (
  'type' => 'module',
  'module' => 
  array (
    0 => 'teacher',
    1 => 'course',
    2 => 'courseDelete',
  ),
)
[ info ] [ HEADER ] array (
  'host' => 'reportsystem',
  'connection' => 'keep-alive',
  'content-length' => '36',
  'cache-control' => 'max-age=0',
  'upgrade-insecure-requests' => '1',
  'user-agent' => 'Mozilla/5.0 (Windows NT 10.0; WOW64) AppleWebKit/537.36 (KHTML, like Gecko) Chrome/71.0.3578.98 Safari/537.36',
  'origin' => 'http://reportsystem',
  'content-type' => 'application/x-www-form-urlencoded',
  'accept' => 'text/html,application/xhtml+xml,application/xml;q=0.9,image/webp,image/apng,*/*;q=0.8',
  'referer' => 'http://reportsystem/teacher/course/courseList',
  'accept-encoding' => 'gzip, deflate',
  'accept-language' => 'zh-CN,zh;q=0.9',
  'cookie' => 'pgv_pvi=3972531200; PHPSESSID=20vet2mn1b9lftl8pa4oonu054',
)
[ info ] [ PARAM ] array (
  'fullChoose' => 'on',
  'courseNo' => 
  array (
    0 => '543',
  ),
)
[ info ] [ SESSION ] INIT array (
  'id' => '',
  'var_session_id' => '',
  'prefix' => 'think',
  'type' => '',
  'auto_start' => true,
  'httponly' => true,
  'secure' => false,
)
[ info ] [ RUN ] app\teacher\controller\Course->courseDelete[ F:\study\www\reportSystem\ThinkPHP\app\teacher\controller\Course.php ]
[ info ] [ DB ] INIT mysql
[ info ] [ CACHE ] INIT File
[ info ] [ VIEW ] F:\study\www\reportSystem\ThinkPHP\thinkphp\tpl\dispatch_jump.tpl [ array (
  0 => 'code',
  1 => 'msg',
  2 => 'data',
  3 => 'url',
  4 => 'wait',
) ]
[ info ] [ LOG ] INIT File
[ sql ] [ DB ] CONNECT:[ UseTime:0.002145s ] mysql:host=127.0.0.1;port=3306;dbname=report_system;charset=utf8
[ sql ] [ SQL ] SHOW COLUMNS FROM `course` [ RunTime:0.002747s ]
[ sql ] [ SQL ] SELECT * FROM `course` WHERE  `courseNo` = 543 [ RunTime:0.002836s ]
[ sql ] [ SQL ] UPDATE `course`  SET `deleteTime`=1550940028  WHERE  `courseNo` = 543 [ RunTime:0.080578s ]
---------------------------------------------------------------
[ 2019-02-24T00:40:32+08:00 ] 0.0.0.0 GET /teacher/course/courseList
[ info ] reportsystem/teacher/course/courseList [运行时间：0.227133s][吞吐率：4.40req/s] [内存消耗：5,433.56kb] [文件加载：55]
[ info ] [ LANG ] F:\study\www\reportSystem\ThinkPHP\thinkphp\lang\zh-cn.php
[ info ] [ ROUTE ] array (
  'type' => 'module',
  'module' => 
  array (
    0 => 'teacher',
    1 => 'course',
    2 => 'courseList',
  ),
)
[ info ] [ HEADER ] array (
  'host' => 'reportsystem',
  'connection' => 'keep-alive',
  'upgrade-insecure-requests' => '1',
  'user-agent' => 'Mozilla/5.0 (Windows NT 10.0; WOW64) AppleWebKit/537.36 (KHTML, like Gecko) Chrome/71.0.3578.98 Safari/537.36',
  'accept' => 'text/html,application/xhtml+xml,application/xml;q=0.9,image/webp,image/apng,*/*;q=0.8',
  'referer' => 'http://reportsystem/teacher/course/courseDelete',
  'accept-encoding' => 'gzip, deflate',
  'accept-language' => 'zh-CN,zh;q=0.9',
  'cookie' => 'pgv_pvi=3972531200; PHPSESSID=20vet2mn1b9lftl8pa4oonu054',
)
[ info ] [ PARAM ] array (
)
[ info ] [ SESSION ] INIT array (
  'id' => '',
  'var_session_id' => '',
  'prefix' => 'think',
  'type' => '',
  'auto_start' => true,
  'httponly' => true,
  'secure' => false,
)
[ info ] [ RUN ] app\teacher\controller\Course->courseList[ F:\study\www\reportSystem\ThinkPHP\app\teacher\controller\Course.php ]
[ info ] [ DB ] INIT mysql
[ info ] [ VIEW ] F:\study\www\reportSystem\ThinkPHP\public/../app/teacher\view\course\courseList.html [ array (
  0 => 'courseList',
  1 => 'courseNumber',
) ]
[ info ] [ LOG ] INIT File
[ notice ] 显示课程列表
[ sql ] [ DB ] CONNECT:[ UseTime:0.003490s ] mysql:host=127.0.0.1;port=3306;dbname=report_system;charset=utf8
[ sql ] [ SQL ] SHOW COLUMNS FROM `teacher` [ RunTime:0.002385s ]
[ sql ] [ SQL ] SHOW COLUMNS FROM `course` [ RunTime:0.006051s ]
[ sql ] [ SQL ] SELECT COUNT(*) AS tp_count FROM `course` WHERE (  (  teacherNo = '2012032' ) ) AND `course`.`deleteTime` IS NULL LIMIT 1 [ RunTime:0.001788s ]
[ sql ] [ SQL ] SELECT * FROM `course` WHERE (  (  teacherNo = '2012032' ) ) AND `course`.`deleteTime` IS NULL LIMIT 0,15 [ RunTime:0.002818s ]
[ sql ] [ SQL ] SELECT COUNT(*) AS tp_count FROM `course` WHERE (  (  teacherNo = '2012032' ) ) AND `course`.`deleteTime` IS NULL LIMIT 1 [ RunTime:0.001343s ]
---------------------------------------------------------------
[ 2019-02-24T00:40:32+08:00 ] 0.0.0.0 GET /static/fontawesome-5.5.0/css/font-awesome.min.css
[ info ] reportsystem/static/fontawesome-5.5.0/css/font-awesome.min.css [运行时间：0.129802s][吞吐率：7.70req/s] [内存消耗：2,476.91kb] [文件加载：32]
[ info ] [ LANG ] F:\study\www\reportSystem\ThinkPHP\thinkphp\lang\zh-cn.php
[ info ] [ ROUTE ] array (
  'type' => 'module',
  'module' => 
  array (
    0 => 'static',
    1 => 'fontawesome-5.5.0',
    2 => 'css',
  ),
)
[ info ] [ HEADER ] array (
  'host' => 'reportsystem',
  'connection' => 'keep-alive',
  'user-agent' => 'Mozilla/5.0 (Windows NT 10.0; WOW64) AppleWebKit/537.36 (KHTML, like Gecko) Chrome/71.0.3578.98 Safari/537.36',
  'accept' => 'text/css,*/*;q=0.1',
  'referer' => 'http://reportsystem/teacher/course/courseList',
  'accept-encoding' => 'gzip, deflate',
  'accept-language' => 'zh-CN,zh;q=0.9',
  'cookie' => 'pgv_pvi=3972531200; PHPSESSID=20vet2mn1b9lftl8pa4oonu054',
)
[ info ] [ PARAM ] array (
)
[ info ] [ LOG ] INIT File
---------------------------------------------------------------
[ 2019-02-24T00:43:57+08:00 ] 0.0.0.0 GET /teacher/course/courseList
[ info ] reportsystem/teacher/course/courseList [运行时间：0.243994s][吞吐率：4.10req/s] [内存消耗：5,448.63kb] [文件加载：55]
[ info ] [ LANG ] F:\study\www\reportSystem\ThinkPHP\thinkphp\lang\zh-cn.php
[ info ] [ ROUTE ] array (
  'type' => 'module',
  'module' => 
  array (
    0 => 'teacher',
    1 => 'course',
    2 => 'courseList',
  ),
)
[ info ] [ HEADER ] array (
  'host' => 'reportsystem',
  'connection' => 'keep-alive',
  'cache-control' => 'max-age=0',
  'upgrade-insecure-requests' => '1',
  'user-agent' => 'Mozilla/5.0 (Windows NT 10.0; WOW64) AppleWebKit/537.36 (KHTML, like Gecko) Chrome/71.0.3578.98 Safari/537.36',
  'accept' => 'text/html,application/xhtml+xml,application/xml;q=0.9,image/webp,image/apng,*/*;q=0.8',
  'referer' => 'http://reportsystem/teacher/course/courseDelete',
  'accept-encoding' => 'gzip, deflate',
  'accept-language' => 'zh-CN,zh;q=0.9',
  'cookie' => 'pgv_pvi=3972531200; PHPSESSID=20vet2mn1b9lftl8pa4oonu054',
)
[ info ] [ PARAM ] array (
)
[ info ] [ SESSION ] INIT array (
  'id' => '',
  'var_session_id' => '',
  'prefix' => 'think',
  'type' => '',
  'auto_start' => true,
  'httponly' => true,
  'secure' => false,
)
[ info ] [ RUN ] app\teacher\controller\Course->courseList[ F:\study\www\reportSystem\ThinkPHP\app\teacher\controller\Course.php ]
[ info ] [ DB ] INIT mysql
[ info ] [ VIEW ] F:\study\www\reportSystem\ThinkPHP\public/../app/teacher\view\course\courseList.html [ array (
  0 => 'courseList',
  1 => 'courseNumber',
) ]
[ info ] [ LOG ] INIT File
[ notice ] 显示课程列表
[ sql ] [ DB ] CONNECT:[ UseTime:0.002195s ] mysql:host=127.0.0.1;port=3306;dbname=report_system;charset=utf8
[ sql ] [ SQL ] SHOW COLUMNS FROM `teacher` [ RunTime:0.002707s ]
[ sql ] [ SQL ] SHOW COLUMNS FROM `course` [ RunTime:0.004503s ]
[ sql ] [ SQL ] SELECT COUNT(*) AS tp_count FROM `course` WHERE (  (  teacherNo = '2012032' ) ) AND `course`.`deleteTime` IS NULL LIMIT 1 [ RunTime:0.002098s ]
[ sql ] [ SQL ] SELECT * FROM `course` WHERE (  (  teacherNo = '2012032' ) ) AND `course`.`deleteTime` IS NULL LIMIT 0,15 [ RunTime:0.002120s ]
[ sql ] [ SQL ] SELECT COUNT(*) AS tp_count FROM `course` WHERE (  (  teacherNo = '2012032' ) ) AND `course`.`deleteTime` IS NULL LIMIT 1 [ RunTime:0.001882s ]
---------------------------------------------------------------
[ 2019-02-24T00:43:57+08:00 ] 0.0.0.0 GET /static/fontawesome-5.5.0/css/font-awesome.min.css
[ info ] reportsystem/static/fontawesome-5.5.0/css/font-awesome.min.css [运行时间：0.124647s][吞吐率：8.02req/s] [内存消耗：2,476.91kb] [文件加载：32]
[ info ] [ LANG ] F:\study\www\reportSystem\ThinkPHP\thinkphp\lang\zh-cn.php
[ info ] [ ROUTE ] array (
  'type' => 'module',
  'module' => 
  array (
    0 => 'static',
    1 => 'fontawesome-5.5.0',
    2 => 'css',
  ),
)
[ info ] [ HEADER ] array (
  'host' => 'reportsystem',
  'connection' => 'keep-alive',
  'user-agent' => 'Mozilla/5.0 (Windows NT 10.0; WOW64) AppleWebKit/537.36 (KHTML, like Gecko) Chrome/71.0.3578.98 Safari/537.36',
  'accept' => 'text/css,*/*;q=0.1',
  'referer' => 'http://reportsystem/teacher/course/courseList',
  'accept-encoding' => 'gzip, deflate',
  'accept-language' => 'zh-CN,zh;q=0.9',
  'cookie' => 'pgv_pvi=3972531200; PHPSESSID=20vet2mn1b9lftl8pa4oonu054',
)
[ info ] [ PARAM ] array (
)
[ info ] [ LOG ] INIT File
---------------------------------------------------------------
[ 2019-02-24T00:44:01+08:00 ] 0.0.0.0 POST /teacher/course/courseDelete
[ info ] reportsystem/teacher/course/courseDelete [运行时间：0.336565s][吞吐率：2.97req/s] [内存消耗：5,219.30kb] [文件加载：52]
[ info ] [ LANG ] F:\study\www\reportSystem\ThinkPHP\thinkphp\lang\zh-cn.php
[ info ] [ ROUTE ] array (
  'type' => 'module',
  'module' => 
  array (
    0 => 'teacher',
    1 => 'course',
    2 => 'courseDelete',
  ),
)
[ info ] [ HEADER ] array (
  'host' => 'reportsystem',
  'connection' => 'keep-alive',
  'content-length' => '59',
  'cache-control' => 'max-age=0',
  'origin' => 'http://reportsystem',
  'upgrade-insecure-requests' => '1',
  'content-type' => 'application/x-www-form-urlencoded',
  'user-agent' => 'Mozilla/5.0 (Windows NT 10.0; WOW64) AppleWebKit/537.36 (KHTML, like Gecko) Chrome/71.0.3578.98 Safari/537.36',
  'accept' => 'text/html,application/xhtml+xml,application/xml;q=0.9,image/webp,image/apng,*/*;q=0.8',
  'referer' => 'http://reportsystem/teacher/course/courseList',
  'accept-encoding' => 'gzip, deflate',
  'accept-language' => 'zh-CN,zh;q=0.9',
  'cookie' => 'pgv_pvi=3972531200; PHPSESSID=20vet2mn1b9lftl8pa4oonu054',
)
[ info ] [ PARAM ] array (
  'fullChoose' => 'on',
  'courseNo' => 
  array (
    0 => '351',
    1 => '543',
  ),
)
[ info ] [ SESSION ] INIT array (
  'id' => '',
  'var_session_id' => '',
  'prefix' => 'think',
  'type' => '',
  'auto_start' => true,
  'httponly' => true,
  'secure' => false,
)
[ info ] [ RUN ] app\teacher\controller\Course->courseDelete[ F:\study\www\reportSystem\ThinkPHP\app\teacher\controller\Course.php ]
[ info ] [ DB ] INIT mysql
[ info ] [ CACHE ] INIT File
[ info ] [ VIEW ] F:\study\www\reportSystem\ThinkPHP\thinkphp\tpl\dispatch_jump.tpl [ array (
  0 => 'code',
  1 => 'msg',
  2 => 'data',
  3 => 'url',
  4 => 'wait',
) ]
[ info ] [ LOG ] INIT File
[ sql ] [ DB ] CONNECT:[ UseTime:0.002050s ] mysql:host=127.0.0.1;port=3306;dbname=report_system;charset=utf8
[ sql ] [ SQL ] SHOW COLUMNS FROM `course` [ RunTime:0.007108s ]
[ sql ] [ SQL ] SELECT * FROM `course` WHERE  `courseNo` = 351 [ RunTime:0.001916s ]
[ sql ] [ SQL ] UPDATE `course`  SET `deleteTime`=1550940241  WHERE  `courseNo` = 351 [ RunTime:0.061829s ]
[ sql ] [ SQL ] SELECT * FROM `course` WHERE  `courseNo` = 543 [ RunTime:0.001225s ]
[ sql ] [ SQL ] UPDATE `course`  SET `deleteTime`=1550940241  WHERE  `courseNo` = 543 [ RunTime:0.057280s ]
---------------------------------------------------------------
[ 2019-02-24T00:44:04+08:00 ] 0.0.0.0 GET /teacher/course/courseList
[ info ] reportsystem/teacher/course/courseList [运行时间：0.202910s][吞吐率：4.93req/s] [内存消耗：5,433.56kb] [文件加载：55]
[ info ] [ LANG ] F:\study\www\reportSystem\ThinkPHP\thinkphp\lang\zh-cn.php
[ info ] [ ROUTE ] array (
  'type' => 'module',
  'module' => 
  array (
    0 => 'teacher',
    1 => 'course',
    2 => 'courseList',
  ),
)
[ info ] [ HEADER ] array (
  'host' => 'reportsystem',
  'connection' => 'keep-alive',
  'upgrade-insecure-requests' => '1',
  'user-agent' => 'Mozilla/5.0 (Windows NT 10.0; WOW64) AppleWebKit/537.36 (KHTML, like Gecko) Chrome/71.0.3578.98 Safari/537.36',
  'accept' => 'text/html,application/xhtml+xml,application/xml;q=0.9,image/webp,image/apng,*/*;q=0.8',
  'referer' => 'http://reportsystem/teacher/course/courseDelete',
  'accept-encoding' => 'gzip, deflate',
  'accept-language' => 'zh-CN,zh;q=0.9',
  'cookie' => 'pgv_pvi=3972531200; PHPSESSID=20vet2mn1b9lftl8pa4oonu054',
)
[ info ] [ PARAM ] array (
)
[ info ] [ SESSION ] INIT array (
  'id' => '',
  'var_session_id' => '',
  'prefix' => 'think',
  'type' => '',
  'auto_start' => true,
  'httponly' => true,
  'secure' => false,
)
[ info ] [ RUN ] app\teacher\controller\Course->courseList[ F:\study\www\reportSystem\ThinkPHP\app\teacher\controller\Course.php ]
[ info ] [ DB ] INIT mysql
[ info ] [ VIEW ] F:\study\www\reportSystem\ThinkPHP\public/../app/teacher\view\course\courseList.html [ array (
  0 => 'courseList',
  1 => 'courseNumber',
) ]
[ info ] [ LOG ] INIT File
[ notice ] 显示课程列表
[ sql ] [ DB ] CONNECT:[ UseTime:0.002887s ] mysql:host=127.0.0.1;port=3306;dbname=report_system;charset=utf8
[ sql ] [ SQL ] SHOW COLUMNS FROM `teacher` [ RunTime:0.001917s ]
[ sql ] [ SQL ] SHOW COLUMNS FROM `course` [ RunTime:0.005087s ]
[ sql ] [ SQL ] SELECT COUNT(*) AS tp_count FROM `course` WHERE (  (  teacherNo = '2012032' ) ) AND `course`.`deleteTime` IS NULL LIMIT 1 [ RunTime:0.001500s ]
[ sql ] [ SQL ] SELECT * FROM `course` WHERE (  (  teacherNo = '2012032' ) ) AND `course`.`deleteTime` IS NULL LIMIT 0,15 [ RunTime:0.002701s ]
[ sql ] [ SQL ] SELECT COUNT(*) AS tp_count FROM `course` WHERE (  (  teacherNo = '2012032' ) ) AND `course`.`deleteTime` IS NULL LIMIT 1 [ RunTime:0.001340s ]
---------------------------------------------------------------
[ 2019-02-24T00:44:04+08:00 ] 0.0.0.0 GET /static/fontawesome-5.5.0/css/font-awesome.min.css
[ info ] reportsystem/static/fontawesome-5.5.0/css/font-awesome.min.css [运行时间：0.100414s][吞吐率：9.96req/s] [内存消耗：2,476.91kb] [文件加载：32]
[ info ] [ LANG ] F:\study\www\reportSystem\ThinkPHP\thinkphp\lang\zh-cn.php
[ info ] [ ROUTE ] array (
  'type' => 'module',
  'module' => 
  array (
    0 => 'static',
    1 => 'fontawesome-5.5.0',
    2 => 'css',
  ),
)
[ info ] [ HEADER ] array (
  'host' => 'reportsystem',
  'connection' => 'keep-alive',
  'user-agent' => 'Mozilla/5.0 (Windows NT 10.0; WOW64) AppleWebKit/537.36 (KHTML, like Gecko) Chrome/71.0.3578.98 Safari/537.36',
  'accept' => 'text/css,*/*;q=0.1',
  'referer' => 'http://reportsystem/teacher/course/courseList',
  'accept-encoding' => 'gzip, deflate',
  'accept-language' => 'zh-CN,zh;q=0.9',
  'cookie' => 'pgv_pvi=3972531200; PHPSESSID=20vet2mn1b9lftl8pa4oonu054',
)
[ info ] [ PARAM ] array (
)
[ info ] [ LOG ] INIT File
---------------------------------------------------------------
[ 2019-02-24T00:44:21+08:00 ] 0.0.0.0 GET /teacher/course/courseList
[ info ] reportsystem/teacher/course/courseList [运行时间：0.310404s][吞吐率：3.22req/s] [内存消耗：5,433.94kb] [文件加载：55]
[ info ] [ LANG ] F:\study\www\reportSystem\ThinkPHP\thinkphp\lang\zh-cn.php
[ info ] [ ROUTE ] array (
  'type' => 'module',
  'module' => 
  array (
    0 => 'teacher',
    1 => 'course',
    2 => 'courseList',
  ),
)
[ info ] [ HEADER ] array (
  'host' => 'reportsystem',
  'connection' => 'keep-alive',
  'cache-control' => 'max-age=0',
  'upgrade-insecure-requests' => '1',
  'user-agent' => 'Mozilla/5.0 (Windows NT 10.0; WOW64) AppleWebKit/537.36 (KHTML, like Gecko) Chrome/71.0.3578.98 Safari/537.36',
  'accept' => 'text/html,application/xhtml+xml,application/xml;q=0.9,image/webp,image/apng,*/*;q=0.8',
  'referer' => 'http://reportsystem/teacher/course/courseDelete',
  'accept-encoding' => 'gzip, deflate',
  'accept-language' => 'zh-CN,zh;q=0.9',
  'cookie' => 'pgv_pvi=3972531200; PHPSESSID=20vet2mn1b9lftl8pa4oonu054',
)
[ info ] [ PARAM ] array (
)
[ info ] [ SESSION ] INIT array (
  'id' => '',
  'var_session_id' => '',
  'prefix' => 'think',
  'type' => '',
  'auto_start' => true,
  'httponly' => true,
  'secure' => false,
)
[ info ] [ RUN ] app\teacher\controller\Course->courseList[ F:\study\www\reportSystem\ThinkPHP\app\teacher\controller\Course.php ]
[ info ] [ DB ] INIT mysql
[ info ] [ VIEW ] F:\study\www\reportSystem\ThinkPHP\public/../app/teacher\view\course\courseList.html [ array (
  0 => 'courseList',
  1 => 'courseNumber',
) ]
[ info ] [ LOG ] INIT File
[ notice ] 显示课程列表
[ sql ] [ DB ] CONNECT:[ UseTime:0.002366s ] mysql:host=127.0.0.1;port=3306;dbname=report_system;charset=utf8
[ sql ] [ SQL ] SHOW COLUMNS FROM `teacher` [ RunTime:0.088993s ]
[ sql ] [ SQL ] SHOW COLUMNS FROM `course` [ RunTime:0.005702s ]
[ sql ] [ SQL ] SELECT COUNT(*) AS tp_count FROM `course` WHERE (  (  teacherNo = '2012032' ) ) AND `course`.`deleteTime` IS NULL LIMIT 1 [ RunTime:0.001554s ]
[ sql ] [ SQL ] SELECT * FROM `course` WHERE (  (  teacherNo = '2012032' ) ) AND `course`.`deleteTime` IS NULL LIMIT 0,15 [ RunTime:0.001529s ]
[ sql ] [ SQL ] SELECT COUNT(*) AS tp_count FROM `course` WHERE (  (  teacherNo = '2012032' ) ) AND `course`.`deleteTime` IS NULL LIMIT 1 [ RunTime:0.001821s ]
---------------------------------------------------------------
[ 2019-02-24T00:44:21+08:00 ] 0.0.0.0 GET /static/fontawesome-5.5.0/css/font-awesome.min.css
[ info ] reportsystem/static/fontawesome-5.5.0/css/font-awesome.min.css [运行时间：0.099995s][吞吐率：10.00req/s] [内存消耗：2,476.91kb] [文件加载：32]
[ info ] [ LANG ] F:\study\www\reportSystem\ThinkPHP\thinkphp\lang\zh-cn.php
[ info ] [ ROUTE ] array (
  'type' => 'module',
  'module' => 
  array (
    0 => 'static',
    1 => 'fontawesome-5.5.0',
    2 => 'css',
  ),
)
[ info ] [ HEADER ] array (
  'host' => 'reportsystem',
  'connection' => 'keep-alive',
  'user-agent' => 'Mozilla/5.0 (Windows NT 10.0; WOW64) AppleWebKit/537.36 (KHTML, like Gecko) Chrome/71.0.3578.98 Safari/537.36',
  'accept' => 'text/css,*/*;q=0.1',
  'referer' => 'http://reportsystem/teacher/course/courseList',
  'accept-encoding' => 'gzip, deflate',
  'accept-language' => 'zh-CN,zh;q=0.9',
  'cookie' => 'pgv_pvi=3972531200; PHPSESSID=20vet2mn1b9lftl8pa4oonu054',
)
[ info ] [ PARAM ] array (
)
[ info ] [ LOG ] INIT File
---------------------------------------------------------------
[ 2019-02-24T00:46:38+08:00 ] 0.0.0.0 GET /teacher/course/courseList
[ info ] reportsystem/teacher/course/courseList [运行时间：0.208552s][吞吐率：4.79req/s] [内存消耗：5,448.15kb] [文件加载：55]
[ info ] [ LANG ] F:\study\www\reportSystem\ThinkPHP\thinkphp\lang\zh-cn.php
[ info ] [ ROUTE ] array (
  'type' => 'module',
  'module' => 
  array (
    0 => 'teacher',
    1 => 'course',
    2 => 'courseList',
  ),
)
[ info ] [ HEADER ] array (
  'host' => 'reportsystem',
  'connection' => 'keep-alive',
  'cache-control' => 'max-age=0',
  'upgrade-insecure-requests' => '1',
  'user-agent' => 'Mozilla/5.0 (Windows NT 10.0; WOW64) AppleWebKit/537.36 (KHTML, like Gecko) Chrome/71.0.3578.98 Safari/537.36',
  'accept' => 'text/html,application/xhtml+xml,application/xml;q=0.9,image/webp,image/apng,*/*;q=0.8',
  'referer' => 'http://reportsystem/teacher/course/courseDelete',
  'accept-encoding' => 'gzip, deflate',
  'accept-language' => 'zh-CN,zh;q=0.9',
  'cookie' => 'pgv_pvi=3972531200; PHPSESSID=20vet2mn1b9lftl8pa4oonu054',
)
[ info ] [ PARAM ] array (
)
[ info ] [ SESSION ] INIT array (
  'id' => '',
  'var_session_id' => '',
  'prefix' => 'think',
  'type' => '',
  'auto_start' => true,
  'httponly' => true,
  'secure' => false,
)
[ info ] [ RUN ] app\teacher\controller\Course->courseList[ F:\study\www\reportSystem\ThinkPHP\app\teacher\controller\Course.php ]
[ info ] [ DB ] INIT mysql
[ info ] [ VIEW ] F:\study\www\reportSystem\ThinkPHP\public/../app/teacher\view\course\courseList.html [ array (
  0 => 'courseList',
  1 => 'courseNumber',
) ]
[ info ] [ LOG ] INIT File
[ notice ] 显示课程列表
[ sql ] [ DB ] CONNECT:[ UseTime:0.002152s ] mysql:host=127.0.0.1;port=3306;dbname=report_system;charset=utf8
[ sql ] [ SQL ] SHOW COLUMNS FROM `teacher` [ RunTime:0.002499s ]
[ sql ] [ SQL ] SHOW COLUMNS FROM `course` [ RunTime:0.005170s ]
[ sql ] [ SQL ] SELECT COUNT(*) AS tp_count FROM `course` WHERE (  (  teacherNo = '2012032' ) ) AND `course`.`deleteTime` IS NULL LIMIT 1 [ RunTime:0.001286s ]
[ sql ] [ SQL ] SELECT * FROM `course` WHERE (  (  teacherNo = '2012032' ) ) AND `course`.`deleteTime` IS NULL LIMIT 0,15 [ RunTime:0.003407s ]
[ sql ] [ SQL ] SELECT COUNT(*) AS tp_count FROM `course` WHERE (  (  teacherNo = '2012032' ) ) AND `course`.`deleteTime` IS NULL LIMIT 1 [ RunTime:0.001340s ]
---------------------------------------------------------------
[ 2019-02-24T00:46:38+08:00 ] 0.0.0.0 GET /static/fontawesome-5.5.0/css/font-awesome.min.css
[ info ] reportsystem/static/fontawesome-5.5.0/css/font-awesome.min.css [运行时间：0.111646s][吞吐率：8.96req/s] [内存消耗：2,476.91kb] [文件加载：32]
[ info ] [ LANG ] F:\study\www\reportSystem\ThinkPHP\thinkphp\lang\zh-cn.php
[ info ] [ ROUTE ] array (
  'type' => 'module',
  'module' => 
  array (
    0 => 'static',
    1 => 'fontawesome-5.5.0',
    2 => 'css',
  ),
)
[ info ] [ HEADER ] array (
  'host' => 'reportsystem',
  'connection' => 'keep-alive',
  'user-agent' => 'Mozilla/5.0 (Windows NT 10.0; WOW64) AppleWebKit/537.36 (KHTML, like Gecko) Chrome/71.0.3578.98 Safari/537.36',
  'accept' => 'text/css,*/*;q=0.1',
  'referer' => 'http://reportsystem/teacher/course/courseList',
  'accept-encoding' => 'gzip, deflate',
  'accept-language' => 'zh-CN,zh;q=0.9',
  'cookie' => 'pgv_pvi=3972531200; PHPSESSID=20vet2mn1b9lftl8pa4oonu054',
)
[ info ] [ PARAM ] array (
)
[ info ] [ LOG ] INIT File
