---------------------------------------------------------------
[ 2019-03-07T11:00:26+08:00 ] 0.0.0.0 GET /
[ info ] reportsystem/ [运行时间：1.816560s][吞吐率：0.55req/s] [内存消耗：2,951.43kb] [文件加载：38]
[ info ] [ LANG ] F:\study\www\reportSystem\ThinkPHP\thinkphp\lang\zh-cn.php
[ info ] [ ROUTE ] array (
  'type' => 'module',
  'module' => 
  array (
    0 => '',
    1 => NULL,
    2 => NULL,
  ),
)
[ info ] [ HEADER ] array (
  'host' => 'reportsystem',
  'connection' => 'keep-alive',
  'upgrade-insecure-requests' => '1',
  'user-agent' => 'Mozilla/5.0 (Windows NT 10.0; WOW64) AppleWebKit/537.36 (KHTML, like Gecko) Chrome/71.0.3578.98 Safari/537.36',
  'accept' => 'text/html,application/xhtml+xml,application/xml;q=0.9,image/webp,image/apng,*/*;q=0.8',
  'accept-encoding' => 'gzip, deflate',
  'accept-language' => 'zh-CN,zh;q=0.9',
  'cookie' => 'pgv_pvi=3972531200',
)
[ info ] [ PARAM ] array (
)
[ info ] [ RUN ] app\index\controller\Index->index[ F:\study\www\reportSystem\ThinkPHP\app\index\controller\Index.php ]
[ info ] [ VIEW ] F:\study\www\reportSystem\ThinkPHP\public/../app/index\view\index\index.html [ array (
) ]
[ info ] [ SESSION ] INIT array (
  'id' => '',
  'var_session_id' => '',
  'prefix' => 'think',
  'type' => '',
  'auto_start' => true,
  'httponly' => true,
  'secure' => false,
)
[ info ] [ LOG ] INIT File
---------------------------------------------------------------
[ 2019-03-07T11:00:26+08:00 ] 0.0.0.0 GET /static/fontawesome-5.5.0/css/font-awesome.min.css
[ info ] reportsystem/static/fontawesome-5.5.0/css/font-awesome.min.css [运行时间：0.439349s][吞吐率：2.28req/s] [内存消耗：2,507.37kb] [文件加载：32]
[ info ] [ LANG ] F:\study\www\reportSystem\ThinkPHP\thinkphp\lang\zh-cn.php
[ info ] [ ROUTE ] array (
  'type' => 'module',
  'module' => 
  array (
    0 => 'static',
    1 => 'fontawesome-5.5.0',
    2 => 'css',
  ),
)
[ info ] [ HEADER ] array (
  'host' => 'reportsystem',
  'connection' => 'keep-alive',
  'user-agent' => 'Mozilla/5.0 (Windows NT 10.0; WOW64) AppleWebKit/537.36 (KHTML, like Gecko) Chrome/71.0.3578.98 Safari/537.36',
  'accept' => 'text/css,*/*;q=0.1',
  'referer' => 'http://reportsystem/',
  'accept-encoding' => 'gzip, deflate',
  'accept-language' => 'zh-CN,zh;q=0.9',
  'cookie' => 'pgv_pvi=3972531200; PHPSESSID=9bs0j9rtqdnjep9usljrbda9o4',
)
[ info ] [ PARAM ] array (
)
[ info ] [ LOG ] INIT File
---------------------------------------------------------------
[ 2019-03-07T11:00:43+08:00 ] 0.0.0.0 GET /index/index/login
[ info ] reportsystem/index/index/login [运行时间：0.201357s][吞吐率：4.97req/s] [内存消耗：2,952.84kb] [文件加载：38]
[ info ] [ LANG ] F:\study\www\reportSystem\ThinkPHP\thinkphp\lang\zh-cn.php
[ info ] [ ROUTE ] array (
  'type' => 'module',
  'module' => 
  array (
    0 => 'index',
    1 => 'index',
    2 => 'login',
  ),
)
[ info ] [ HEADER ] array (
  'host' => 'reportsystem',
  'connection' => 'keep-alive',
  'upgrade-insecure-requests' => '1',
  'user-agent' => 'Mozilla/5.0 (Windows NT 10.0; WOW64) AppleWebKit/537.36 (KHTML, like Gecko) Chrome/71.0.3578.98 Safari/537.36',
  'accept' => 'text/html,application/xhtml+xml,application/xml;q=0.9,image/webp,image/apng,*/*;q=0.8',
  'referer' => 'http://reportsystem/',
  'accept-encoding' => 'gzip, deflate',
  'accept-language' => 'zh-CN,zh;q=0.9',
  'cookie' => 'pgv_pvi=3972531200; PHPSESSID=9bs0j9rtqdnjep9usljrbda9o4',
)
[ info ] [ PARAM ] array (
)
[ info ] [ RUN ] app\index\controller\Index->login[ F:\study\www\reportSystem\ThinkPHP\app\index\controller\Index.php ]
[ info ] [ SESSION ] INIT array (
  'id' => '',
  'var_session_id' => '',
  'prefix' => 'think',
  'type' => '',
  'auto_start' => true,
  'httponly' => true,
  'secure' => false,
)
[ info ] [ VIEW ] F:\study\www\reportSystem\ThinkPHP\public/../app/index\view\index\login.html [ array (
) ]
[ info ] [ LOG ] INIT File
---------------------------------------------------------------
[ 2019-03-07T11:00:43+08:00 ] 0.0.0.0 GET /static/fontawesome-5.5.0/css/font-awesome.min.css
[ info ] reportsystem/static/fontawesome-5.5.0/css/font-awesome.min.css [运行时间：0.089943s][吞吐率：11.12req/s] [内存消耗：2,507.24kb] [文件加载：32]
[ info ] [ LANG ] F:\study\www\reportSystem\ThinkPHP\thinkphp\lang\zh-cn.php
[ info ] [ ROUTE ] array (
  'type' => 'module',
  'module' => 
  array (
    0 => 'static',
    1 => 'fontawesome-5.5.0',
    2 => 'css',
  ),
)
[ info ] [ HEADER ] array (
  'host' => 'reportsystem',
  'connection' => 'keep-alive',
  'user-agent' => 'Mozilla/5.0 (Windows NT 10.0; WOW64) AppleWebKit/537.36 (KHTML, like Gecko) Chrome/71.0.3578.98 Safari/537.36',
  'accept' => 'text/css,*/*;q=0.1',
  'referer' => 'http://reportsystem/index/index/login',
  'accept-encoding' => 'gzip, deflate',
  'accept-language' => 'zh-CN,zh;q=0.9',
  'cookie' => 'pgv_pvi=3972531200; PHPSESSID=9bs0j9rtqdnjep9usljrbda9o4',
)
[ info ] [ PARAM ] array (
)
[ info ] [ LOG ] INIT File
---------------------------------------------------------------
[ 2019-03-07T11:00:53+08:00 ] 0.0.0.0 POST /index/login/login
[ info ] reportsystem/index/login/login [运行时间：1.160321s][吞吐率：0.86req/s] [内存消耗：5,038.67kb] [文件加载：50]
[ info ] [ LANG ] F:\study\www\reportSystem\ThinkPHP\thinkphp\lang\zh-cn.php
[ info ] [ ROUTE ] array (
  'type' => 'module',
  'module' => 
  array (
    0 => 'index',
    1 => 'login',
    2 => 'login',
  ),
)
[ info ] [ HEADER ] array (
  'host' => 'reportsystem',
  'connection' => 'keep-alive',
  'content-length' => '34',
  'cache-control' => 'max-age=0',
  'origin' => 'http://reportsystem',
  'upgrade-insecure-requests' => '1',
  'content-type' => 'application/x-www-form-urlencoded',
  'user-agent' => 'Mozilla/5.0 (Windows NT 10.0; WOW64) AppleWebKit/537.36 (KHTML, like Gecko) Chrome/71.0.3578.98 Safari/537.36',
  'accept' => 'text/html,application/xhtml+xml,application/xml;q=0.9,image/webp,image/apng,*/*;q=0.8',
  'referer' => 'http://reportsystem/index/index/login',
  'accept-encoding' => 'gzip, deflate',
  'accept-language' => 'zh-CN,zh;q=0.9',
  'cookie' => 'pgv_pvi=3972531200; PHPSESSID=9bs0j9rtqdnjep9usljrbda9o4',
)
[ info ] [ PARAM ] array (
  'account' => '2012032',
  'password' => 'tyttyt123',
)
[ info ] [ RUN ] app\index\controller\Login->login[ F:\study\www\reportSystem\ThinkPHP\app\index\controller\Login.php ]
[ info ] [ SESSION ] INIT array (
  'id' => '',
  'var_session_id' => '',
  'prefix' => 'think',
  'type' => '',
  'auto_start' => true,
  'httponly' => true,
  'secure' => false,
)
[ info ] [ DB ] INIT mysql
[ info ] [ VIEW ] F:\study\www\reportSystem\ThinkPHP\thinkphp\tpl\dispatch_jump.tpl [ array (
  0 => 'code',
  1 => 'msg',
  2 => 'data',
  3 => 'url',
  4 => 'wait',
) ]
[ info ] [ LOG ] INIT File
[ notice ] 登录系统
[ sql ] [ DB ] CONNECT:[ UseTime:0.132380s ] mysql:host=127.0.0.1;port=3306;dbname=report_system;charset=utf8
[ sql ] [ SQL ] SHOW COLUMNS FROM `user` [ RunTime:0.101590s ]
[ sql ] [ SQL ] SELECT * FROM `user` WHERE  (  account = '2012032' and password = '59b618b9fbe7f75cd16b45eb28e971b3' ) LIMIT 1 [ RunTime:0.034106s ]
[ sql ] [ SQL ] UPDATE `user`  SET `count`=`count`+1  WHERE  (  account = '2012032' and password = '59b618b9fbe7f75cd16b45eb28e971b3' ) [ RunTime:0.153841s ]
[ sql ] [ SQL ] UPDATE `user`  SET `lastTime`='1551927653'  WHERE  (  account = '2012032' and password = '59b618b9fbe7f75cd16b45eb28e971b3' ) [ RunTime:0.065965s ]
---------------------------------------------------------------
[ 2019-03-07T11:00:55+08:00 ] 0.0.0.0 GET /teacher/index/index
[ info ] reportsystem/teacher/index/index [运行时间：0.515652s][吞吐率：1.94req/s] [内存消耗：3,199.57kb] [文件加载：39]
[ info ] [ LANG ] F:\study\www\reportSystem\ThinkPHP\thinkphp\lang\zh-cn.php
[ info ] [ ROUTE ] array (
  'type' => 'module',
  'module' => 
  array (
    0 => 'teacher',
    1 => 'index',
    2 => 'index',
  ),
)
[ info ] [ HEADER ] array (
  'host' => 'reportsystem',
  'connection' => 'keep-alive',
  'upgrade-insecure-requests' => '1',
  'user-agent' => 'Mozilla/5.0 (Windows NT 10.0; WOW64) AppleWebKit/537.36 (KHTML, like Gecko) Chrome/71.0.3578.98 Safari/537.36',
  'accept' => 'text/html,application/xhtml+xml,application/xml;q=0.9,image/webp,image/apng,*/*;q=0.8',
  'referer' => 'http://reportsystem/index/login/login',
  'accept-encoding' => 'gzip, deflate',
  'accept-language' => 'zh-CN,zh;q=0.9',
  'cookie' => 'pgv_pvi=3972531200; PHPSESSID=9bs0j9rtqdnjep9usljrbda9o4',
)
[ info ] [ PARAM ] array (
)
[ info ] [ RUN ] app\teacher\controller\Index->index[ F:\study\www\reportSystem\ThinkPHP\app\teacher\controller\Index.php ]
[ info ] [ VIEW ] F:\study\www\reportSystem\ThinkPHP\public/../app/teacher\view\index\index.html [ array (
) ]
[ info ] [ SESSION ] INIT array (
  'id' => '',
  'var_session_id' => '',
  'prefix' => 'think',
  'type' => '',
  'auto_start' => true,
  'httponly' => true,
  'secure' => false,
)
[ info ] [ LOG ] INIT File
---------------------------------------------------------------
[ 2019-03-07T11:00:55+08:00 ] 0.0.0.0 GET /static/fontawesome-5.5.0/css/font-awesome.min.css
[ info ] reportsystem/static/fontawesome-5.5.0/css/font-awesome.min.css [运行时间：0.091566s][吞吐率：10.92req/s] [内存消耗：2,507.27kb] [文件加载：32]
[ info ] [ LANG ] F:\study\www\reportSystem\ThinkPHP\thinkphp\lang\zh-cn.php
[ info ] [ ROUTE ] array (
  'type' => 'module',
  'module' => 
  array (
    0 => 'static',
    1 => 'fontawesome-5.5.0',
    2 => 'css',
  ),
)
[ info ] [ HEADER ] array (
  'host' => 'reportsystem',
  'connection' => 'keep-alive',
  'user-agent' => 'Mozilla/5.0 (Windows NT 10.0; WOW64) AppleWebKit/537.36 (KHTML, like Gecko) Chrome/71.0.3578.98 Safari/537.36',
  'accept' => 'text/css,*/*;q=0.1',
  'referer' => 'http://reportsystem/teacher/index/index',
  'accept-encoding' => 'gzip, deflate',
  'accept-language' => 'zh-CN,zh;q=0.9',
  'cookie' => 'pgv_pvi=3972531200; PHPSESSID=9bs0j9rtqdnjep9usljrbda9o4',
)
[ info ] [ PARAM ] array (
)
[ info ] [ LOG ] INIT File
---------------------------------------------------------------
[ 2019-03-07T11:01:16+08:00 ] 0.0.0.0 GET /teacher/report/reportList
[ info ] reportsystem/teacher/report/reportList [运行时间：0.976743s][吞吐率：1.02req/s] [内存消耗：5,582.32kb] [文件加载：53]
[ info ] [ LANG ] F:\study\www\reportSystem\ThinkPHP\thinkphp\lang\zh-cn.php
[ info ] [ ROUTE ] array (
  'type' => 'module',
  'module' => 
  array (
    0 => 'teacher',
    1 => 'report',
    2 => 'reportList',
  ),
)
[ info ] [ HEADER ] array (
  'host' => 'reportsystem',
  'connection' => 'keep-alive',
  'upgrade-insecure-requests' => '1',
  'user-agent' => 'Mozilla/5.0 (Windows NT 10.0; WOW64) AppleWebKit/537.36 (KHTML, like Gecko) Chrome/71.0.3578.98 Safari/537.36',
  'accept' => 'text/html,application/xhtml+xml,application/xml;q=0.9,image/webp,image/apng,*/*;q=0.8',
  'referer' => 'http://reportsystem/teacher/index/index',
  'accept-encoding' => 'gzip, deflate',
  'accept-language' => 'zh-CN,zh;q=0.9',
  'cookie' => 'pgv_pvi=3972531200; PHPSESSID=9bs0j9rtqdnjep9usljrbda9o4',
)
[ info ] [ PARAM ] array (
)
[ info ] [ SESSION ] INIT array (
  'id' => '',
  'var_session_id' => '',
  'prefix' => 'think',
  'type' => '',
  'auto_start' => true,
  'httponly' => true,
  'secure' => false,
)
[ info ] [ RUN ] app\teacher\controller\Report->reportList[ F:\study\www\reportSystem\ThinkPHP\app\teacher\controller\Report.php ]
[ info ] [ DB ] INIT mysql
[ info ] [ VIEW ] F:\study\www\reportSystem\ThinkPHP\public/../app/teacher\view\report\reportList.html [ array (
  0 => 'reportList',
  1 => 'reportNumber',
  2 => 'courseList',
) ]
[ info ] [ LOG ] INIT File
[ notice ] 显示实验报告列表
[ sql ] [ DB ] CONNECT:[ UseTime:0.001962s ] mysql:host=127.0.0.1;port=3306;dbname=report_system;charset=utf8
[ sql ] [ SQL ] SHOW COLUMNS FROM `report` [ RunTime:0.030535s ]
[ sql ] [ SQL ] SELECT COUNT(*) AS tp_count FROM `report` `a` INNER JOIN `course` `b` ON `a`.`courseNo`=`b`.`courseNo` INNER JOIN `teacher` `c` ON `a`.`teacherNo`=`c`.`teacherNo` INNER JOIN `student` `d` ON `a`.`studentNo`=`d`.`studentNo` INNER JOIN `task` `e` ON `a`.`taskNo`=`e`.`taskNo` WHERE  (  a.teacherNo = '2012032' )  AND (  a.submitStatus = 1 ) LIMIT 1 [ RunTime:0.225615s ]
[ sql ] [ SQL ] SELECT * FROM `report` `a` INNER JOIN `course` `b` ON `a`.`courseNo`=`b`.`courseNo` INNER JOIN `teacher` `c` ON `a`.`teacherNo`=`c`.`teacherNo` INNER JOIN `student` `d` ON `a`.`studentNo`=`d`.`studentNo` INNER JOIN `task` `e` ON `a`.`taskNo`=`e`.`taskNo` WHERE  (  a.teacherNo = '2012032' )  AND (  a.submitStatus = 1 ) LIMIT 0,15 [ RunTime:0.003192s ]
[ sql ] [ SQL ] SELECT COUNT(*) AS tp_count FROM `report` `a` INNER JOIN `course` `b` ON `a`.`courseNo`=`b`.`courseNo` INNER JOIN `teacher` `c` ON `a`.`teacherNo`=`c`.`teacherNo` INNER JOIN `student` `d` ON `a`.`studentNo`=`d`.`studentNo` INNER JOIN `task` `e` ON `a`.`taskNo`=`e`.`taskNo` WHERE  (  a.teacherNo = '2012032' )  AND (  a.submitStatus = 1 ) LIMIT 1 [ RunTime:0.002048s ]
[ sql ] [ SQL ] SHOW COLUMNS FROM `course` [ RunTime:0.001813s ]
[ sql ] [ SQL ] SELECT * FROM `course` WHERE (  (  teacherNo = '2012032' ) ) AND `course`.`deleteTime` IS NULL [ RunTime:0.018120s ]
---------------------------------------------------------------
[ 2019-03-07T11:01:22+08:00 ] 0.0.0.0 GET /teacher/score/scoreShow
[ info ] reportsystem/teacher/score/scoreShow [运行时间：0.349265s][吞吐率：2.86req/s] [内存消耗：5,235.91kb] [文件加载：51]
[ info ] [ LANG ] F:\study\www\reportSystem\ThinkPHP\thinkphp\lang\zh-cn.php
[ info ] [ ROUTE ] array (
  'type' => 'module',
  'module' => 
  array (
    0 => 'teacher',
    1 => 'score',
    2 => 'scoreShow',
  ),
)
[ info ] [ HEADER ] array (
  'host' => 'reportsystem',
  'connection' => 'keep-alive',
  'upgrade-insecure-requests' => '1',
  'user-agent' => 'Mozilla/5.0 (Windows NT 10.0; WOW64) AppleWebKit/537.36 (KHTML, like Gecko) Chrome/71.0.3578.98 Safari/537.36',
  'accept' => 'text/html,application/xhtml+xml,application/xml;q=0.9,image/webp,image/apng,*/*;q=0.8',
  'referer' => 'http://reportsystem/teacher/report/reportList',
  'accept-encoding' => 'gzip, deflate',
  'accept-language' => 'zh-CN,zh;q=0.9',
  'cookie' => 'pgv_pvi=3972531200; PHPSESSID=9bs0j9rtqdnjep9usljrbda9o4',
)
[ info ] [ PARAM ] array (
)
[ info ] [ SESSION ] INIT array (
  'id' => '',
  'var_session_id' => '',
  'prefix' => 'think',
  'type' => '',
  'auto_start' => true,
  'httponly' => true,
  'secure' => false,
)
[ info ] [ RUN ] app\teacher\controller\Score->scoreShow[ F:\study\www\reportSystem\ThinkPHP\app\teacher\controller\Score.php ]
[ info ] [ DB ] INIT mysql
[ info ] [ VIEW ] F:\study\www\reportSystem\ThinkPHP\public/../app/teacher\view\score\scoreShow.html [ array (
  0 => 'courseList',
  1 => 'taskList',
  2 => 'count',
) ]
[ info ] [ LOG ] INIT File
[ notice ] 显示学生成绩分布
[ sql ] [ DB ] CONNECT:[ UseTime:0.002046s ] mysql:host=127.0.0.1;port=3306;dbname=report_system;charset=utf8
[ sql ] [ SQL ] SHOW COLUMNS FROM `course` [ RunTime:0.006126s ]
[ sql ] [ SQL ] SELECT * FROM `course` WHERE (  (  teacherNo = '2012032' ) ) AND `course`.`deleteTime` IS NULL [ RunTime:0.002722s ]
[ sql ] [ SQL ] SHOW COLUMNS FROM `task` [ RunTime:0.005909s ]
[ sql ] [ SQL ] SELECT * FROM `task` WHERE (  (  teacherNo = '2012032' ) ) AND `task`.`deleteTime` IS NULL [ RunTime:0.033464s ]
[ sql ] [ SQL ] SHOW COLUMNS FROM `report` [ RunTime:0.004908s ]
[ sql ] [ SQL ] SELECT COUNT(*) AS tp_count FROM `report` WHERE  (  score = 'A' ) LIMIT 1 [ RunTime:0.001038s ]
[ sql ] [ SQL ] SELECT COUNT(*) AS tp_count FROM `report` WHERE  (  score = 'B' ) LIMIT 1 [ RunTime:0.000673s ]
[ sql ] [ SQL ] SELECT COUNT(*) AS tp_count FROM `report` WHERE  (  score = 'C' ) LIMIT 1 [ RunTime:0.000732s ]
[ sql ] [ SQL ] SELECT COUNT(*) AS tp_count FROM `report` WHERE  (  score = 'D' ) LIMIT 1 [ RunTime:0.000846s ]
[ sql ] [ SQL ] SELECT COUNT(*) AS tp_count FROM `report` WHERE  (  score = 'E' ) LIMIT 1 [ RunTime:0.000965s ]
---------------------------------------------------------------
[ 2019-03-07T11:01:23+08:00 ] 0.0.0.0 GET /static/fontawesome-5.5.0/css/font-awesome.min.css
[ info ] reportsystem/static/fontawesome-5.5.0/css/font-awesome.min.css [运行时间：0.118883s][吞吐率：8.41req/s] [内存消耗：2,507.30kb] [文件加载：32]
[ info ] [ LANG ] F:\study\www\reportSystem\ThinkPHP\thinkphp\lang\zh-cn.php
[ info ] [ ROUTE ] array (
  'type' => 'module',
  'module' => 
  array (
    0 => 'static',
    1 => 'fontawesome-5.5.0',
    2 => 'css',
  ),
)
[ info ] [ HEADER ] array (
  'host' => 'reportsystem',
  'connection' => 'keep-alive',
  'user-agent' => 'Mozilla/5.0 (Windows NT 10.0; WOW64) AppleWebKit/537.36 (KHTML, like Gecko) Chrome/71.0.3578.98 Safari/537.36',
  'accept' => 'text/css,*/*;q=0.1',
  'referer' => 'http://reportsystem/teacher/score/scoreShow',
  'accept-encoding' => 'gzip, deflate',
  'accept-language' => 'zh-CN,zh;q=0.9',
  'cookie' => 'pgv_pvi=3972531200; PHPSESSID=9bs0j9rtqdnjep9usljrbda9o4',
)
[ info ] [ PARAM ] array (
)
[ info ] [ LOG ] INIT File
---------------------------------------------------------------
[ 2019-03-07T11:01:30+08:00 ] 0.0.0.0 POST /teacher/score/scoreShow
[ info ] reportsystem/teacher/score/scoreShow [运行时间：0.203661s][吞吐率：4.91req/s] [内存消耗：5,235.79kb] [文件加载：51]
[ info ] [ LANG ] F:\study\www\reportSystem\ThinkPHP\thinkphp\lang\zh-cn.php
[ info ] [ ROUTE ] array (
  'type' => 'module',
  'module' => 
  array (
    0 => 'teacher',
    1 => 'score',
    2 => 'scoreShow',
  ),
)
[ info ] [ HEADER ] array (
  'host' => 'reportsystem',
  'connection' => 'keep-alive',
  'content-length' => '46',
  'cache-control' => 'max-age=0',
  'origin' => 'http://reportsystem',
  'upgrade-insecure-requests' => '1',
  'content-type' => 'application/x-www-form-urlencoded',
  'user-agent' => 'Mozilla/5.0 (Windows NT 10.0; WOW64) AppleWebKit/537.36 (KHTML, like Gecko) Chrome/71.0.3578.98 Safari/537.36',
  'accept' => 'text/html,application/xhtml+xml,application/xml;q=0.9,image/webp,image/apng,*/*;q=0.8',
  'referer' => 'http://reportsystem/teacher/score/scoreShow',
  'accept-encoding' => 'gzip, deflate',
  'accept-language' => 'zh-CN,zh;q=0.9',
  'cookie' => 'pgv_pvi=3972531200; PHPSESSID=9bs0j9rtqdnjep9usljrbda9o4',
)
[ info ] [ PARAM ] array (
  'courseNo' => '-1',
  'taskNo' => '1',
  'submit' => '确定',
)
[ info ] [ SESSION ] INIT array (
  'id' => '',
  'var_session_id' => '',
  'prefix' => 'think',
  'type' => '',
  'auto_start' => true,
  'httponly' => true,
  'secure' => false,
)
[ info ] [ RUN ] app\teacher\controller\Score->scoreShow[ F:\study\www\reportSystem\ThinkPHP\app\teacher\controller\Score.php ]
[ info ] [ DB ] INIT mysql
[ info ] [ VIEW ] F:\study\www\reportSystem\ThinkPHP\public/../app/teacher\view\score\scoreShow.html [ array (
  0 => 'courseList',
  1 => 'taskList',
  2 => 'count',
) ]
[ info ] [ LOG ] INIT File
[ notice ] 显示学生成绩分布
[ sql ] [ DB ] CONNECT:[ UseTime:0.002018s ] mysql:host=127.0.0.1;port=3306;dbname=report_system;charset=utf8
[ sql ] [ SQL ] SHOW COLUMNS FROM `course` [ RunTime:0.005247s ]
[ sql ] [ SQL ] SELECT * FROM `course` WHERE (  (  teacherNo = '2012032' ) ) AND `course`.`deleteTime` IS NULL [ RunTime:0.002254s ]
[ sql ] [ SQL ] SHOW COLUMNS FROM `task` [ RunTime:0.004672s ]
[ sql ] [ SQL ] SELECT * FROM `task` WHERE (  (  teacherNo = '2012032' ) ) AND `task`.`deleteTime` IS NULL [ RunTime:0.001477s ]
[ sql ] [ SQL ] SHOW COLUMNS FROM `report` [ RunTime:0.006037s ]
[ sql ] [ SQL ] SELECT COUNT(*) AS tp_count FROM `report` WHERE  (  taskNo = '1' )  AND (  score = 'A' ) LIMIT 1 [ RunTime:0.001300s ]
[ sql ] [ SQL ] SELECT COUNT(*) AS tp_count FROM `report` WHERE  (  taskNo = '1' )  AND (  score = 'B' ) LIMIT 1 [ RunTime:0.001325s ]
[ sql ] [ SQL ] SELECT COUNT(*) AS tp_count FROM `report` WHERE  (  taskNo = '1' )  AND (  score = 'C' ) LIMIT 1 [ RunTime:0.001197s ]
[ sql ] [ SQL ] SELECT COUNT(*) AS tp_count FROM `report` WHERE  (  taskNo = '1' )  AND (  score = 'D' ) LIMIT 1 [ RunTime:0.001469s ]
[ sql ] [ SQL ] SELECT COUNT(*) AS tp_count FROM `report` WHERE  (  taskNo = '1' )  AND (  score = 'E' ) LIMIT 1 [ RunTime:0.002407s ]
---------------------------------------------------------------
[ 2019-03-07T11:01:30+08:00 ] 0.0.0.0 GET /static/fontawesome-5.5.0/css/font-awesome.min.css
[ info ] reportsystem/static/fontawesome-5.5.0/css/font-awesome.min.css [运行时间：0.087198s][吞吐率：11.47req/s] [内存消耗：2,507.30kb] [文件加载：32]
[ info ] [ LANG ] F:\study\www\reportSystem\ThinkPHP\thinkphp\lang\zh-cn.php
[ info ] [ ROUTE ] array (
  'type' => 'module',
  'module' => 
  array (
    0 => 'static',
    1 => 'fontawesome-5.5.0',
    2 => 'css',
  ),
)
[ info ] [ HEADER ] array (
  'host' => 'reportsystem',
  'connection' => 'keep-alive',
  'user-agent' => 'Mozilla/5.0 (Windows NT 10.0; WOW64) AppleWebKit/537.36 (KHTML, like Gecko) Chrome/71.0.3578.98 Safari/537.36',
  'accept' => 'text/css,*/*;q=0.1',
  'referer' => 'http://reportsystem/teacher/score/scoreShow',
  'accept-encoding' => 'gzip, deflate',
  'accept-language' => 'zh-CN,zh;q=0.9',
  'cookie' => 'pgv_pvi=3972531200; PHPSESSID=9bs0j9rtqdnjep9usljrbda9o4',
)
[ info ] [ PARAM ] array (
)
[ info ] [ LOG ] INIT File
---------------------------------------------------------------
[ 2019-03-07T11:01:33+08:00 ] 0.0.0.0 POST /teacher/score/scoreShow
[ info ] reportsystem/teacher/score/scoreShow [运行时间：0.173455s][吞吐率：5.77req/s] [内存消耗：5,235.66kb] [文件加载：51]
[ info ] [ LANG ] F:\study\www\reportSystem\ThinkPHP\thinkphp\lang\zh-cn.php
[ info ] [ ROUTE ] array (
  'type' => 'module',
  'module' => 
  array (
    0 => 'teacher',
    1 => 'score',
    2 => 'scoreShow',
  ),
)
[ info ] [ HEADER ] array (
  'host' => 'reportsystem',
  'connection' => 'keep-alive',
  'content-length' => '46',
  'cache-control' => 'max-age=0',
  'origin' => 'http://reportsystem',
  'upgrade-insecure-requests' => '1',
  'content-type' => 'application/x-www-form-urlencoded',
  'user-agent' => 'Mozilla/5.0 (Windows NT 10.0; WOW64) AppleWebKit/537.36 (KHTML, like Gecko) Chrome/71.0.3578.98 Safari/537.36',
  'accept' => 'text/html,application/xhtml+xml,application/xml;q=0.9,image/webp,image/apng,*/*;q=0.8',
  'referer' => 'http://reportsystem/teacher/score/scoreShow',
  'accept-encoding' => 'gzip, deflate',
  'accept-language' => 'zh-CN,zh;q=0.9',
  'cookie' => 'pgv_pvi=3972531200; PHPSESSID=9bs0j9rtqdnjep9usljrbda9o4',
)
[ info ] [ PARAM ] array (
  'courseNo' => '-1',
  'taskNo' => '3',
  'submit' => '确定',
)
[ info ] [ SESSION ] INIT array (
  'id' => '',
  'var_session_id' => '',
  'prefix' => 'think',
  'type' => '',
  'auto_start' => true,
  'httponly' => true,
  'secure' => false,
)
[ info ] [ RUN ] app\teacher\controller\Score->scoreShow[ F:\study\www\reportSystem\ThinkPHP\app\teacher\controller\Score.php ]
[ info ] [ DB ] INIT mysql
[ info ] [ VIEW ] F:\study\www\reportSystem\ThinkPHP\public/../app/teacher\view\score\scoreShow.html [ array (
  0 => 'courseList',
  1 => 'taskList',
  2 => 'count',
) ]
[ info ] [ LOG ] INIT File
[ notice ] 显示学生成绩分布
[ sql ] [ DB ] CONNECT:[ UseTime:0.002054s ] mysql:host=127.0.0.1;port=3306;dbname=report_system;charset=utf8
[ sql ] [ SQL ] SHOW COLUMNS FROM `course` [ RunTime:0.005153s ]
[ sql ] [ SQL ] SELECT * FROM `course` WHERE (  (  teacherNo = '2012032' ) ) AND `course`.`deleteTime` IS NULL [ RunTime:0.002247s ]
[ sql ] [ SQL ] SHOW COLUMNS FROM `task` [ RunTime:0.004298s ]
[ sql ] [ SQL ] SELECT * FROM `task` WHERE (  (  teacherNo = '2012032' ) ) AND `task`.`deleteTime` IS NULL [ RunTime:0.001132s ]
[ sql ] [ SQL ] SHOW COLUMNS FROM `report` [ RunTime:0.004499s ]
[ sql ] [ SQL ] SELECT COUNT(*) AS tp_count FROM `report` WHERE  (  taskNo = '3' )  AND (  score = 'A' ) LIMIT 1 [ RunTime:0.001725s ]
[ sql ] [ SQL ] SELECT COUNT(*) AS tp_count FROM `report` WHERE  (  taskNo = '3' )  AND (  score = 'B' ) LIMIT 1 [ RunTime:0.000983s ]
[ sql ] [ SQL ] SELECT COUNT(*) AS tp_count FROM `report` WHERE  (  taskNo = '3' )  AND (  score = 'C' ) LIMIT 1 [ RunTime:0.000924s ]
[ sql ] [ SQL ] SELECT COUNT(*) AS tp_count FROM `report` WHERE  (  taskNo = '3' )  AND (  score = 'D' ) LIMIT 1 [ RunTime:0.001148s ]
[ sql ] [ SQL ] SELECT COUNT(*) AS tp_count FROM `report` WHERE  (  taskNo = '3' )  AND (  score = 'E' ) LIMIT 1 [ RunTime:0.001076s ]
---------------------------------------------------------------
[ 2019-03-07T11:01:34+08:00 ] 0.0.0.0 GET /static/fontawesome-5.5.0/css/font-awesome.min.css
[ info ] reportsystem/static/fontawesome-5.5.0/css/font-awesome.min.css [运行时间：0.092320s][吞吐率：10.83req/s] [内存消耗：2,507.30kb] [文件加载：32]
[ info ] [ LANG ] F:\study\www\reportSystem\ThinkPHP\thinkphp\lang\zh-cn.php
[ info ] [ ROUTE ] array (
  'type' => 'module',
  'module' => 
  array (
    0 => 'static',
    1 => 'fontawesome-5.5.0',
    2 => 'css',
  ),
)
[ info ] [ HEADER ] array (
  'host' => 'reportsystem',
  'connection' => 'keep-alive',
  'user-agent' => 'Mozilla/5.0 (Windows NT 10.0; WOW64) AppleWebKit/537.36 (KHTML, like Gecko) Chrome/71.0.3578.98 Safari/537.36',
  'accept' => 'text/css,*/*;q=0.1',
  'referer' => 'http://reportsystem/teacher/score/scoreShow',
  'accept-encoding' => 'gzip, deflate',
  'accept-language' => 'zh-CN,zh;q=0.9',
  'cookie' => 'pgv_pvi=3972531200; PHPSESSID=9bs0j9rtqdnjep9usljrbda9o4',
)
[ info ] [ PARAM ] array (
)
[ info ] [ LOG ] INIT File
---------------------------------------------------------------
[ 2019-03-07T11:01:37+08:00 ] 0.0.0.0 POST /teacher/score/scoreShow
[ info ] reportsystem/teacher/score/scoreShow [运行时间：0.182076s][吞吐率：5.49req/s] [内存消耗：5,235.66kb] [文件加载：51]
[ info ] [ LANG ] F:\study\www\reportSystem\ThinkPHP\thinkphp\lang\zh-cn.php
[ info ] [ ROUTE ] array (
  'type' => 'module',
  'module' => 
  array (
    0 => 'teacher',
    1 => 'score',
    2 => 'scoreShow',
  ),
)
[ info ] [ HEADER ] array (
  'host' => 'reportsystem',
  'connection' => 'keep-alive',
  'content-length' => '46',
  'cache-control' => 'max-age=0',
  'origin' => 'http://reportsystem',
  'upgrade-insecure-requests' => '1',
  'content-type' => 'application/x-www-form-urlencoded',
  'user-agent' => 'Mozilla/5.0 (Windows NT 10.0; WOW64) AppleWebKit/537.36 (KHTML, like Gecko) Chrome/71.0.3578.98 Safari/537.36',
  'accept' => 'text/html,application/xhtml+xml,application/xml;q=0.9,image/webp,image/apng,*/*;q=0.8',
  'referer' => 'http://reportsystem/teacher/score/scoreShow',
  'accept-encoding' => 'gzip, deflate',
  'accept-language' => 'zh-CN,zh;q=0.9',
  'cookie' => 'pgv_pvi=3972531200; PHPSESSID=9bs0j9rtqdnjep9usljrbda9o4',
)
[ info ] [ PARAM ] array (
  'courseNo' => '-1',
  'taskNo' => '1',
  'submit' => '确定',
)
[ info ] [ SESSION ] INIT array (
  'id' => '',
  'var_session_id' => '',
  'prefix' => 'think',
  'type' => '',
  'auto_start' => true,
  'httponly' => true,
  'secure' => false,
)
[ info ] [ RUN ] app\teacher\controller\Score->scoreShow[ F:\study\www\reportSystem\ThinkPHP\app\teacher\controller\Score.php ]
[ info ] [ DB ] INIT mysql
[ info ] [ VIEW ] F:\study\www\reportSystem\ThinkPHP\public/../app/teacher\view\score\scoreShow.html [ array (
  0 => 'courseList',
  1 => 'taskList',
  2 => 'count',
) ]
[ info ] [ LOG ] INIT File
[ notice ] 显示学生成绩分布
[ sql ] [ DB ] CONNECT:[ UseTime:0.002573s ] mysql:host=127.0.0.1;port=3306;dbname=report_system;charset=utf8
[ sql ] [ SQL ] SHOW COLUMNS FROM `course` [ RunTime:0.004720s ]
[ sql ] [ SQL ] SELECT * FROM `course` WHERE (  (  teacherNo = '2012032' ) ) AND `course`.`deleteTime` IS NULL [ RunTime:0.002506s ]
[ sql ] [ SQL ] SHOW COLUMNS FROM `task` [ RunTime:0.005306s ]
[ sql ] [ SQL ] SELECT * FROM `task` WHERE (  (  teacherNo = '2012032' ) ) AND `task`.`deleteTime` IS NULL [ RunTime:0.001167s ]
[ sql ] [ SQL ] SHOW COLUMNS FROM `report` [ RunTime:0.005956s ]
[ sql ] [ SQL ] SELECT COUNT(*) AS tp_count FROM `report` WHERE  (  taskNo = '1' )  AND (  score = 'A' ) LIMIT 1 [ RunTime:0.000962s ]
[ sql ] [ SQL ] SELECT COUNT(*) AS tp_count FROM `report` WHERE  (  taskNo = '1' )  AND (  score = 'B' ) LIMIT 1 [ RunTime:0.000728s ]
[ sql ] [ SQL ] SELECT COUNT(*) AS tp_count FROM `report` WHERE  (  taskNo = '1' )  AND (  score = 'C' ) LIMIT 1 [ RunTime:0.000719s ]
[ sql ] [ SQL ] SELECT COUNT(*) AS tp_count FROM `report` WHERE  (  taskNo = '1' )  AND (  score = 'D' ) LIMIT 1 [ RunTime:0.000961s ]
[ sql ] [ SQL ] SELECT COUNT(*) AS tp_count FROM `report` WHERE  (  taskNo = '1' )  AND (  score = 'E' ) LIMIT 1 [ RunTime:0.001074s ]
---------------------------------------------------------------
[ 2019-03-07T11:01:37+08:00 ] 0.0.0.0 GET /static/fontawesome-5.5.0/css/font-awesome.min.css
[ info ] reportsystem/static/fontawesome-5.5.0/css/font-awesome.min.css [运行时间：0.098101s][吞吐率：10.19req/s] [内存消耗：2,507.30kb] [文件加载：32]
[ info ] [ LANG ] F:\study\www\reportSystem\ThinkPHP\thinkphp\lang\zh-cn.php
[ info ] [ ROUTE ] array (
  'type' => 'module',
  'module' => 
  array (
    0 => 'static',
    1 => 'fontawesome-5.5.0',
    2 => 'css',
  ),
)
[ info ] [ HEADER ] array (
  'host' => 'reportsystem',
  'connection' => 'keep-alive',
  'user-agent' => 'Mozilla/5.0 (Windows NT 10.0; WOW64) AppleWebKit/537.36 (KHTML, like Gecko) Chrome/71.0.3578.98 Safari/537.36',
  'accept' => 'text/css,*/*;q=0.1',
  'referer' => 'http://reportsystem/teacher/score/scoreShow',
  'accept-encoding' => 'gzip, deflate',
  'accept-language' => 'zh-CN,zh;q=0.9',
  'cookie' => 'pgv_pvi=3972531200; PHPSESSID=9bs0j9rtqdnjep9usljrbda9o4',
)
[ info ] [ PARAM ] array (
)
[ info ] [ LOG ] INIT File
---------------------------------------------------------------
[ 2019-03-07T11:02:22+08:00 ] 0.0.0.0 POST /teacher/score/scoreShow
[ info ] reportsystem/teacher/score/scoreShow [运行时间：0.343612s][吞吐率：2.91req/s] [内存消耗：5,499.38kb] [文件加载：53]
[ info ] [ LANG ] F:\study\www\reportSystem\ThinkPHP\thinkphp\lang\zh-cn.php
[ info ] [ ROUTE ] array (
  'type' => 'module',
  'module' => 
  array (
    0 => 'teacher',
    1 => 'score',
    2 => 'scoreShow',
  ),
)
[ info ] [ HEADER ] array (
  'host' => 'reportsystem',
  'connection' => 'keep-alive',
  'content-length' => '46',
  'cache-control' => 'max-age=0',
  'upgrade-insecure-requests' => '1',
  'user-agent' => 'Mozilla/5.0 (Windows NT 10.0; WOW64) AppleWebKit/537.36 (KHTML, like Gecko) Chrome/71.0.3578.98 Safari/537.36',
  'origin' => 'http://reportsystem',
  'content-type' => 'application/x-www-form-urlencoded',
  'accept' => 'text/html,application/xhtml+xml,application/xml;q=0.9,image/webp,image/apng,*/*;q=0.8',
  'referer' => 'http://reportsystem/teacher/score/scoreShow',
  'accept-encoding' => 'gzip, deflate',
  'accept-language' => 'zh-CN,zh;q=0.9',
  'cookie' => 'pgv_pvi=3972531200; PHPSESSID=9bs0j9rtqdnjep9usljrbda9o4',
)
[ info ] [ PARAM ] array (
  'courseNo' => '-1',
  'taskNo' => '1',
  'submit' => '确定',
)
[ info ] [ SESSION ] INIT array (
  'id' => '',
  'var_session_id' => '',
  'prefix' => 'think',
  'type' => '',
  'auto_start' => true,
  'httponly' => true,
  'secure' => false,
)
[ info ] [ RUN ] app\teacher\controller\Score->scoreShow[ F:\study\www\reportSystem\ThinkPHP\app\teacher\controller\Score.php ]
[ info ] [ DB ] INIT mysql
[ info ] [ VIEW ] F:\study\www\reportSystem\ThinkPHP\public/../app/teacher\view\score\scoreShow.html [ array (
  0 => 'courseList',
  1 => 'taskList',
  2 => 'count',
) ]
[ info ] [ LOG ] INIT File
[ notice ] 显示学生成绩分布
[ sql ] [ DB ] CONNECT:[ UseTime:0.002746s ] mysql:host=127.0.0.1;port=3306;dbname=report_system;charset=utf8
[ sql ] [ SQL ] SHOW COLUMNS FROM `course` [ RunTime:0.006272s ]
[ sql ] [ SQL ] SELECT * FROM `course` WHERE (  (  teacherNo = '2012032' ) ) AND `course`.`deleteTime` IS NULL [ RunTime:0.002997s ]
[ sql ] [ SQL ] SHOW COLUMNS FROM `task` [ RunTime:0.005509s ]
[ sql ] [ SQL ] SELECT * FROM `task` WHERE (  (  teacherNo = '2012032' ) ) AND `task`.`deleteTime` IS NULL [ RunTime:0.002514s ]
[ sql ] [ SQL ] SHOW COLUMNS FROM `report` [ RunTime:0.006529s ]
[ sql ] [ SQL ] SELECT COUNT(*) AS tp_count FROM `report` WHERE  (  taskNo = '1' )  AND (  score = 'A' ) LIMIT 1 [ RunTime:0.001777s ]
[ sql ] [ SQL ] SELECT COUNT(*) AS tp_count FROM `report` WHERE  (  taskNo = '1' )  AND (  score = 'B' ) LIMIT 1 [ RunTime:0.001178s ]
[ sql ] [ SQL ] SELECT COUNT(*) AS tp_count FROM `report` WHERE  (  taskNo = '1' )  AND (  score = 'C' ) LIMIT 1 [ RunTime:0.001547s ]
[ sql ] [ SQL ] SELECT COUNT(*) AS tp_count FROM `report` WHERE  (  taskNo = '1' )  AND (  score = 'D' ) LIMIT 1 [ RunTime:0.002865s ]
[ sql ] [ SQL ] SELECT COUNT(*) AS tp_count FROM `report` WHERE  (  taskNo = '1' )  AND (  score = 'E' ) LIMIT 1 [ RunTime:0.001176s ]
---------------------------------------------------------------
[ 2019-03-07T11:02:22+08:00 ] 0.0.0.0 GET /static/fontawesome-5.5.0/css/font-awesome.min.css
[ info ] reportsystem/static/fontawesome-5.5.0/css/font-awesome.min.css [运行时间：0.097780s][吞吐率：10.23req/s] [内存消耗：2,507.30kb] [文件加载：32]
[ info ] [ LANG ] F:\study\www\reportSystem\ThinkPHP\thinkphp\lang\zh-cn.php
[ info ] [ ROUTE ] array (
  'type' => 'module',
  'module' => 
  array (
    0 => 'static',
    1 => 'fontawesome-5.5.0',
    2 => 'css',
  ),
)
[ info ] [ HEADER ] array (
  'host' => 'reportsystem',
  'connection' => 'keep-alive',
  'user-agent' => 'Mozilla/5.0 (Windows NT 10.0; WOW64) AppleWebKit/537.36 (KHTML, like Gecko) Chrome/71.0.3578.98 Safari/537.36',
  'accept' => 'text/css,*/*;q=0.1',
  'referer' => 'http://reportsystem/teacher/score/scoreShow',
  'accept-encoding' => 'gzip, deflate',
  'accept-language' => 'zh-CN,zh;q=0.9',
  'cookie' => 'pgv_pvi=3972531200; PHPSESSID=9bs0j9rtqdnjep9usljrbda9o4',
)
[ info ] [ PARAM ] array (
)
[ info ] [ LOG ] INIT File
---------------------------------------------------------------
[ 2019-03-07T15:53:43+08:00 ] 0.0.0.0 GET /student/score/scoreShow
[ info ] reportsystem/student/score/scoreShow [运行时间：0.100232s][吞吐率：9.98req/s] [内存消耗：2,519.05kb] [文件加载：33]
[ info ] [ LANG ] F:\study\www\reportSystem\ThinkPHP\thinkphp\lang\zh-cn.php
[ info ] [ ROUTE ] array (
  'type' => 'module',
  'module' => 
  array (
    0 => 'student',
    1 => 'score',
    2 => 'scoreShow',
  ),
)
[ info ] [ HEADER ] array (
  'host' => 'reportsystem',
  'connection' => 'keep-alive',
  'cache-control' => 'max-age=0',
  'upgrade-insecure-requests' => '1',
  'user-agent' => 'Mozilla/5.0 (Windows NT 10.0; WOW64) AppleWebKit/537.36 (KHTML, like Gecko) Chrome/71.0.3578.98 Safari/537.36',
  'accept' => 'text/html,application/xhtml+xml,application/xml;q=0.9,image/webp,image/apng,*/*;q=0.8',
  'referer' => 'http://reportsystem/student/report/reportList',
  'accept-encoding' => 'gzip, deflate',
  'accept-language' => 'zh-CN,zh;q=0.9',
  'cookie' => 'pgv_pvi=3972531200; PHPSESSID=9bs0j9rtqdnjep9usljrbda9o4',
)
[ info ] [ PARAM ] array (
)
[ info ] [ LOG ] INIT File
---------------------------------------------------------------
[ 2019-03-07T15:54:07+08:00 ] 0.0.0.0 GET /student/index
[ info ] reportsystem/student/index [运行时间：0.105444s][吞吐率：9.48req/s] [内存消耗：2,518.23kb] [文件加载：33]
[ info ] [ LANG ] F:\study\www\reportSystem\ThinkPHP\thinkphp\lang\zh-cn.php
[ info ] [ ROUTE ] array (
  'type' => 'module',
  'module' => 
  array (
    0 => 'student',
    1 => 'index',
    2 => NULL,
  ),
)
[ info ] [ HEADER ] array (
  'host' => 'reportsystem',
  'connection' => 'keep-alive',
  'upgrade-insecure-requests' => '1',
  'user-agent' => 'Mozilla/5.0 (Windows NT 10.0; WOW64) AppleWebKit/537.36 (KHTML, like Gecko) Chrome/71.0.3578.98 Safari/537.36',
  'accept' => 'text/html,application/xhtml+xml,application/xml;q=0.9,image/webp,image/apng,*/*;q=0.8',
  'accept-encoding' => 'gzip, deflate',
  'accept-language' => 'zh-CN,zh;q=0.9',
  'cookie' => 'pgv_pvi=3972531200; PHPSESSID=9bs0j9rtqdnjep9usljrbda9o4',
)
[ info ] [ PARAM ] array (
)
[ info ] [ LOG ] INIT File
---------------------------------------------------------------
[ 2019-03-07T15:54:13+08:00 ] 0.0.0.0 GET /student/index/index
[ info ] reportsystem/student/index/index [运行时间：0.096247s][吞吐率：10.39req/s] [内存消耗：2,518.16kb] [文件加载：33]
[ info ] [ LANG ] F:\study\www\reportSystem\ThinkPHP\thinkphp\lang\zh-cn.php
[ info ] [ ROUTE ] array (
  'type' => 'module',
  'module' => 
  array (
    0 => 'student',
    1 => 'index',
    2 => 'index',
  ),
)
[ info ] [ HEADER ] array (
  'host' => 'reportsystem',
  'connection' => 'keep-alive',
  'upgrade-insecure-requests' => '1',
  'user-agent' => 'Mozilla/5.0 (Windows NT 10.0; WOW64) AppleWebKit/537.36 (KHTML, like Gecko) Chrome/71.0.3578.98 Safari/537.36',
  'accept' => 'text/html,application/xhtml+xml,application/xml;q=0.9,image/webp,image/apng,*/*;q=0.8',
  'accept-encoding' => 'gzip, deflate',
  'accept-language' => 'zh-CN,zh;q=0.9',
  'cookie' => 'pgv_pvi=3972531200; PHPSESSID=9bs0j9rtqdnjep9usljrbda9o4',
)
[ info ] [ PARAM ] array (
)
[ info ] [ LOG ] INIT File
---------------------------------------------------------------
[ 2019-03-07T15:54:48+08:00 ] 0.0.0.0 GET /index/index/index
[ info ] reportsystem/index/index/index [运行时间：0.115468s][吞吐率：8.66req/s] [内存消耗：2,952.63kb] [文件加载：38]
[ info ] [ LANG ] F:\study\www\reportSystem\ThinkPHP\thinkphp\lang\zh-cn.php
[ info ] [ ROUTE ] array (
  'type' => 'module',
  'module' => 
  array (
    0 => 'index',
    1 => 'index',
    2 => 'index',
  ),
)
[ info ] [ HEADER ] array (
  'host' => 'reportsystem',
  'connection' => 'keep-alive',
  'upgrade-insecure-requests' => '1',
  'user-agent' => 'Mozilla/5.0 (Windows NT 10.0; WOW64) AppleWebKit/537.36 (KHTML, like Gecko) Chrome/71.0.3578.98 Safari/537.36',
  'accept' => 'text/html,application/xhtml+xml,application/xml;q=0.9,image/webp,image/apng,*/*;q=0.8',
  'accept-encoding' => 'gzip, deflate',
  'accept-language' => 'zh-CN,zh;q=0.9',
  'cookie' => 'pgv_pvi=3972531200; PHPSESSID=9bs0j9rtqdnjep9usljrbda9o4',
)
[ info ] [ PARAM ] array (
)
[ info ] [ RUN ] app\index\controller\Index->index[ F:\study\www\reportSystem\ThinkPHP\app\index\controller\Index.php ]
[ info ] [ VIEW ] F:\study\www\reportSystem\ThinkPHP\public/../app/index\view\index\index.html [ array (
) ]
[ info ] [ SESSION ] INIT array (
  'id' => '',
  'var_session_id' => '',
  'prefix' => 'think',
  'type' => '',
  'auto_start' => true,
  'httponly' => true,
  'secure' => false,
)
[ info ] [ LOG ] INIT File
---------------------------------------------------------------
[ 2019-03-07T15:54:48+08:00 ] 0.0.0.0 GET /static/fontawesome-5.5.0/css/font-awesome.min.css
[ info ] reportsystem/static/fontawesome-5.5.0/css/font-awesome.min.css [运行时间：0.148208s][吞吐率：6.75req/s] [内存消耗：2,507.44kb] [文件加载：32]
[ info ] [ LANG ] F:\study\www\reportSystem\ThinkPHP\thinkphp\lang\zh-cn.php
[ info ] [ ROUTE ] array (
  'type' => 'module',
  'module' => 
  array (
    0 => 'static',
    1 => 'fontawesome-5.5.0',
    2 => 'css',
  ),
)
[ info ] [ HEADER ] array (
  'host' => 'reportsystem',
  'connection' => 'keep-alive',
  'user-agent' => 'Mozilla/5.0 (Windows NT 10.0; WOW64) AppleWebKit/537.36 (KHTML, like Gecko) Chrome/71.0.3578.98 Safari/537.36',
  'accept' => 'text/css,*/*;q=0.1',
  'referer' => 'http://reportsystem/index/index/index',
  'accept-encoding' => 'gzip, deflate',
  'accept-language' => 'zh-CN,zh;q=0.9',
  'cookie' => 'pgv_pvi=3972531200; PHPSESSID=9bs0j9rtqdnjep9usljrbda9o4',
)
[ info ] [ PARAM ] array (
)
[ info ] [ LOG ] INIT File
---------------------------------------------------------------
[ 2019-03-07T15:54:50+08:00 ] 0.0.0.0 GET /index/login/logout
[ info ] reportsystem/index/login/logout [运行时间：0.095584s][吞吐率：10.46req/s] [内存消耗：2,981.89kb] [文件加载：39]
[ info ] [ LANG ] F:\study\www\reportSystem\ThinkPHP\thinkphp\lang\zh-cn.php
[ info ] [ ROUTE ] array (
  'type' => 'module',
  'module' => 
  array (
    0 => 'index',
    1 => 'login',
    2 => 'logout',
  ),
)
[ info ] [ HEADER ] array (
  'host' => 'reportsystem',
  'connection' => 'keep-alive',
  'upgrade-insecure-requests' => '1',
  'user-agent' => 'Mozilla/5.0 (Windows NT 10.0; WOW64) AppleWebKit/537.36 (KHTML, like Gecko) Chrome/71.0.3578.98 Safari/537.36',
  'accept' => 'text/html,application/xhtml+xml,application/xml;q=0.9,image/webp,image/apng,*/*;q=0.8',
  'referer' => 'http://reportsystem/index/index/index',
  'accept-encoding' => 'gzip, deflate',
  'accept-language' => 'zh-CN,zh;q=0.9',
  'cookie' => 'pgv_pvi=3972531200; PHPSESSID=9bs0j9rtqdnjep9usljrbda9o4',
)
[ info ] [ PARAM ] array (
)
[ info ] [ RUN ] app\index\controller\Login->logout[ F:\study\www\reportSystem\ThinkPHP\app\index\controller\Login.php ]
[ info ] [ SESSION ] INIT array (
  'id' => '',
  'var_session_id' => '',
  'prefix' => 'think',
  'type' => '',
  'auto_start' => true,
  'httponly' => true,
  'secure' => false,
)
[ info ] [ VIEW ] F:\study\www\reportSystem\ThinkPHP\thinkphp\tpl\dispatch_jump.tpl [ array (
  0 => 'code',
  1 => 'msg',
  2 => 'data',
  3 => 'url',
  4 => 'wait',
) ]
[ info ] [ LOG ] INIT File
---------------------------------------------------------------
[ 2019-03-07T15:54:51+08:00 ] 0.0.0.0 GET /index/index/index
[ info ] reportsystem/index/index/index [运行时间：0.099979s][吞吐率：10.00req/s] [内存消耗：2,952.50kb] [文件加载：38]
[ info ] [ LANG ] F:\study\www\reportSystem\ThinkPHP\thinkphp\lang\zh-cn.php
[ info ] [ ROUTE ] array (
  'type' => 'module',
  'module' => 
  array (
    0 => 'index',
    1 => 'index',
    2 => 'index',
  ),
)
[ info ] [ HEADER ] array (
  'host' => 'reportsystem',
  'connection' => 'keep-alive',
  'upgrade-insecure-requests' => '1',
  'user-agent' => 'Mozilla/5.0 (Windows NT 10.0; WOW64) AppleWebKit/537.36 (KHTML, like Gecko) Chrome/71.0.3578.98 Safari/537.36',
  'accept' => 'text/html,application/xhtml+xml,application/xml;q=0.9,image/webp,image/apng,*/*;q=0.8',
  'referer' => 'http://reportsystem/index/login/logout',
  'accept-encoding' => 'gzip, deflate',
  'accept-language' => 'zh-CN,zh;q=0.9',
  'cookie' => 'pgv_pvi=3972531200; PHPSESSID=9bs0j9rtqdnjep9usljrbda9o4',
)
[ info ] [ PARAM ] array (
)
[ info ] [ RUN ] app\index\controller\Index->index[ F:\study\www\reportSystem\ThinkPHP\app\index\controller\Index.php ]
[ info ] [ VIEW ] F:\study\www\reportSystem\ThinkPHP\public/../app/index\view\index\index.html [ array (
) ]
[ info ] [ SESSION ] INIT array (
  'id' => '',
  'var_session_id' => '',
  'prefix' => 'think',
  'type' => '',
  'auto_start' => true,
  'httponly' => true,
  'secure' => false,
)
[ info ] [ LOG ] INIT File
---------------------------------------------------------------
[ 2019-03-07T15:54:52+08:00 ] 0.0.0.0 GET /static/fontawesome-5.5.0/css/font-awesome.min.css
[ info ] reportsystem/static/fontawesome-5.5.0/css/font-awesome.min.css [运行时间：0.129867s][吞吐率：7.70req/s] [内存消耗：2,507.44kb] [文件加载：32]
[ info ] [ LANG ] F:\study\www\reportSystem\ThinkPHP\thinkphp\lang\zh-cn.php
[ info ] [ ROUTE ] array (
  'type' => 'module',
  'module' => 
  array (
    0 => 'static',
    1 => 'fontawesome-5.5.0',
    2 => 'css',
  ),
)
[ info ] [ HEADER ] array (
  'host' => 'reportsystem',
  'connection' => 'keep-alive',
  'user-agent' => 'Mozilla/5.0 (Windows NT 10.0; WOW64) AppleWebKit/537.36 (KHTML, like Gecko) Chrome/71.0.3578.98 Safari/537.36',
  'accept' => 'text/css,*/*;q=0.1',
  'referer' => 'http://reportsystem/index/index/index',
  'accept-encoding' => 'gzip, deflate',
  'accept-language' => 'zh-CN,zh;q=0.9',
  'cookie' => 'pgv_pvi=3972531200; PHPSESSID=9bs0j9rtqdnjep9usljrbda9o4',
)
[ info ] [ PARAM ] array (
)
[ info ] [ LOG ] INIT File
---------------------------------------------------------------
[ 2019-03-07T15:54:53+08:00 ] 0.0.0.0 GET /index/index/login
[ info ] reportsystem/index/index/login [运行时间：0.082197s][吞吐率：12.17req/s] [内存消耗：2,952.88kb] [文件加载：38]
[ info ] [ LANG ] F:\study\www\reportSystem\ThinkPHP\thinkphp\lang\zh-cn.php
[ info ] [ ROUTE ] array (
  'type' => 'module',
  'module' => 
  array (
    0 => 'index',
    1 => 'index',
    2 => 'login',
  ),
)
[ info ] [ HEADER ] array (
  'host' => 'reportsystem',
  'connection' => 'keep-alive',
  'upgrade-insecure-requests' => '1',
  'user-agent' => 'Mozilla/5.0 (Windows NT 10.0; WOW64) AppleWebKit/537.36 (KHTML, like Gecko) Chrome/71.0.3578.98 Safari/537.36',
  'accept' => 'text/html,application/xhtml+xml,application/xml;q=0.9,image/webp,image/apng,*/*;q=0.8',
  'referer' => 'http://reportsystem/index/index/index',
  'accept-encoding' => 'gzip, deflate',
  'accept-language' => 'zh-CN,zh;q=0.9',
  'cookie' => 'pgv_pvi=3972531200; PHPSESSID=9bs0j9rtqdnjep9usljrbda9o4',
)
[ info ] [ PARAM ] array (
)
[ info ] [ RUN ] app\index\controller\Index->login[ F:\study\www\reportSystem\ThinkPHP\app\index\controller\Index.php ]
[ info ] [ SESSION ] INIT array (
  'id' => '',
  'var_session_id' => '',
  'prefix' => 'think',
  'type' => '',
  'auto_start' => true,
  'httponly' => true,
  'secure' => false,
)
[ info ] [ VIEW ] F:\study\www\reportSystem\ThinkPHP\public/../app/index\view\index\login.html [ array (
) ]
[ info ] [ LOG ] INIT File
---------------------------------------------------------------
[ 2019-03-07T15:54:53+08:00 ] 0.0.0.0 GET /static/fontawesome-5.5.0/css/font-awesome.min.css
[ info ] reportsystem/static/fontawesome-5.5.0/css/font-awesome.min.css [运行时间：0.116473s][吞吐率：8.59req/s] [内存消耗：2,507.44kb] [文件加载：32]
[ info ] [ LANG ] F:\study\www\reportSystem\ThinkPHP\thinkphp\lang\zh-cn.php
[ info ] [ ROUTE ] array (
  'type' => 'module',
  'module' => 
  array (
    0 => 'static',
    1 => 'fontawesome-5.5.0',
    2 => 'css',
  ),
)
[ info ] [ HEADER ] array (
  'host' => 'reportsystem',
  'connection' => 'keep-alive',
  'user-agent' => 'Mozilla/5.0 (Windows NT 10.0; WOW64) AppleWebKit/537.36 (KHTML, like Gecko) Chrome/71.0.3578.98 Safari/537.36',
  'accept' => 'text/css,*/*;q=0.1',
  'referer' => 'http://reportsystem/index/index/login',
  'accept-encoding' => 'gzip, deflate',
  'accept-language' => 'zh-CN,zh;q=0.9',
  'cookie' => 'pgv_pvi=3972531200; PHPSESSID=9bs0j9rtqdnjep9usljrbda9o4',
)
[ info ] [ PARAM ] array (
)
[ info ] [ LOG ] INIT File
---------------------------------------------------------------
[ 2019-03-07T15:55:03+08:00 ] 0.0.0.0 POST /index/login/login
[ info ] reportsystem/index/login/login [运行时间：0.298574s][吞吐率：3.35req/s] [内存消耗：5,038.67kb] [文件加载：50]
[ info ] [ LANG ] F:\study\www\reportSystem\ThinkPHP\thinkphp\lang\zh-cn.php
[ info ] [ ROUTE ] array (
  'type' => 'module',
  'module' => 
  array (
    0 => 'index',
    1 => 'login',
    2 => 'login',
  ),
)
[ info ] [ HEADER ] array (
  'host' => 'reportsystem',
  'connection' => 'keep-alive',
  'content-length' => '34',
  'cache-control' => 'max-age=0',
  'origin' => 'http://reportsystem',
  'upgrade-insecure-requests' => '1',
  'content-type' => 'application/x-www-form-urlencoded',
  'user-agent' => 'Mozilla/5.0 (Windows NT 10.0; WOW64) AppleWebKit/537.36 (KHTML, like Gecko) Chrome/71.0.3578.98 Safari/537.36',
  'accept' => 'text/html,application/xhtml+xml,application/xml;q=0.9,image/webp,image/apng,*/*;q=0.8',
  'referer' => 'http://reportsystem/index/index/login',
  'accept-encoding' => 'gzip, deflate',
  'accept-language' => 'zh-CN,zh;q=0.9',
  'cookie' => 'pgv_pvi=3972531200; PHPSESSID=9bs0j9rtqdnjep9usljrbda9o4',
)
[ info ] [ PARAM ] array (
  'account' => '2012032',
  'password' => 'tyttyt123',
)
[ info ] [ RUN ] app\index\controller\Login->login[ F:\study\www\reportSystem\ThinkPHP\app\index\controller\Login.php ]
[ info ] [ SESSION ] INIT array (
  'id' => '',
  'var_session_id' => '',
  'prefix' => 'think',
  'type' => '',
  'auto_start' => true,
  'httponly' => true,
  'secure' => false,
)
[ info ] [ DB ] INIT mysql
[ info ] [ VIEW ] F:\study\www\reportSystem\ThinkPHP\thinkphp\tpl\dispatch_jump.tpl [ array (
  0 => 'code',
  1 => 'msg',
  2 => 'data',
  3 => 'url',
  4 => 'wait',
) ]
[ info ] [ LOG ] INIT File
[ notice ] 登录系统
[ sql ] [ DB ] CONNECT:[ UseTime:0.012014s ] mysql:host=127.0.0.1;port=3306;dbname=report_system;charset=utf8
[ sql ] [ SQL ] SHOW COLUMNS FROM `user` [ RunTime:0.006082s ]
[ sql ] [ SQL ] SELECT * FROM `user` WHERE  (  account = '2012032' and password = '59b618b9fbe7f75cd16b45eb28e971b3' ) LIMIT 1 [ RunTime:0.001386s ]
[ sql ] [ SQL ] UPDATE `user`  SET `count`=`count`+1  WHERE  (  account = '2012032' and password = '59b618b9fbe7f75cd16b45eb28e971b3' ) [ RunTime:0.073853s ]
[ sql ] [ SQL ] UPDATE `user`  SET `lastTime`='1551945303'  WHERE  (  account = '2012032' and password = '59b618b9fbe7f75cd16b45eb28e971b3' ) [ RunTime:0.042150s ]
---------------------------------------------------------------
[ 2019-03-07T15:55:05+08:00 ] 0.0.0.0 GET /teacher/index/index
[ info ] reportsystem/teacher/index/index [运行时间：0.190744s][吞吐率：5.24req/s] [内存消耗：3,199.57kb] [文件加载：39]
[ info ] [ LANG ] F:\study\www\reportSystem\ThinkPHP\thinkphp\lang\zh-cn.php
[ info ] [ ROUTE ] array (
  'type' => 'module',
  'module' => 
  array (
    0 => 'teacher',
    1 => 'index',
    2 => 'index',
  ),
)
[ info ] [ HEADER ] array (
  'host' => 'reportsystem',
  'connection' => 'keep-alive',
  'upgrade-insecure-requests' => '1',
  'user-agent' => 'Mozilla/5.0 (Windows NT 10.0; WOW64) AppleWebKit/537.36 (KHTML, like Gecko) Chrome/71.0.3578.98 Safari/537.36',
  'accept' => 'text/html,application/xhtml+xml,application/xml;q=0.9,image/webp,image/apng,*/*;q=0.8',
  'referer' => 'http://reportsystem/index/login/login',
  'accept-encoding' => 'gzip, deflate',
  'accept-language' => 'zh-CN,zh;q=0.9',
  'cookie' => 'pgv_pvi=3972531200; PHPSESSID=9bs0j9rtqdnjep9usljrbda9o4',
)
[ info ] [ PARAM ] array (
)
[ info ] [ RUN ] app\teacher\controller\Index->index[ F:\study\www\reportSystem\ThinkPHP\app\teacher\controller\Index.php ]
[ info ] [ VIEW ] F:\study\www\reportSystem\ThinkPHP\public/../app/teacher\view\index\index.html [ array (
) ]
[ info ] [ SESSION ] INIT array (
  'id' => '',
  'var_session_id' => '',
  'prefix' => 'think',
  'type' => '',
  'auto_start' => true,
  'httponly' => true,
  'secure' => false,
)
[ info ] [ LOG ] INIT File
---------------------------------------------------------------
[ 2019-03-07T15:55:05+08:00 ] 0.0.0.0 GET /static/fontawesome-5.5.0/css/font-awesome.min.css
[ info ] reportsystem/static/fontawesome-5.5.0/css/font-awesome.min.css [运行时间：0.137426s][吞吐率：7.28req/s] [内存消耗：2,507.27kb] [文件加载：32]
[ info ] [ LANG ] F:\study\www\reportSystem\ThinkPHP\thinkphp\lang\zh-cn.php
[ info ] [ ROUTE ] array (
  'type' => 'module',
  'module' => 
  array (
    0 => 'static',
    1 => 'fontawesome-5.5.0',
    2 => 'css',
  ),
)
[ info ] [ HEADER ] array (
  'host' => 'reportsystem',
  'connection' => 'keep-alive',
  'user-agent' => 'Mozilla/5.0 (Windows NT 10.0; WOW64) AppleWebKit/537.36 (KHTML, like Gecko) Chrome/71.0.3578.98 Safari/537.36',
  'accept' => 'text/css,*/*;q=0.1',
  'referer' => 'http://reportsystem/teacher/index/index',
  'accept-encoding' => 'gzip, deflate',
  'accept-language' => 'zh-CN,zh;q=0.9',
  'cookie' => 'pgv_pvi=3972531200; PHPSESSID=9bs0j9rtqdnjep9usljrbda9o4',
)
[ info ] [ PARAM ] array (
)
[ info ] [ LOG ] INIT File
---------------------------------------------------------------
[ 2019-03-07T15:55:11+08:00 ] 0.0.0.0 GET /teacher/score/scoreShow
[ info ] reportsystem/teacher/score/scoreShow [运行时间：0.351560s][吞吐率：2.84req/s] [内存消耗：5,499.09kb] [文件加载：53]
[ info ] [ LANG ] F:\study\www\reportSystem\ThinkPHP\thinkphp\lang\zh-cn.php
[ info ] [ ROUTE ] array (
  'type' => 'module',
  'module' => 
  array (
    0 => 'teacher',
    1 => 'score',
    2 => 'scoreShow',
  ),
)
[ info ] [ HEADER ] array (
  'host' => 'reportsystem',
  'connection' => 'keep-alive',
  'upgrade-insecure-requests' => '1',
  'user-agent' => 'Mozilla/5.0 (Windows NT 10.0; WOW64) AppleWebKit/537.36 (KHTML, like Gecko) Chrome/71.0.3578.98 Safari/537.36',
  'accept' => 'text/html,application/xhtml+xml,application/xml;q=0.9,image/webp,image/apng,*/*;q=0.8',
  'referer' => 'http://reportsystem/teacher/index/index',
  'accept-encoding' => 'gzip, deflate',
  'accept-language' => 'zh-CN,zh;q=0.9',
  'cookie' => 'pgv_pvi=3972531200; PHPSESSID=9bs0j9rtqdnjep9usljrbda9o4',
)
[ info ] [ PARAM ] array (
)
[ info ] [ SESSION ] INIT array (
  'id' => '',
  'var_session_id' => '',
  'prefix' => 'think',
  'type' => '',
  'auto_start' => true,
  'httponly' => true,
  'secure' => false,
)
[ info ] [ RUN ] app\teacher\controller\Score->scoreShow[ F:\study\www\reportSystem\ThinkPHP\app\teacher\controller\Score.php ]
[ info ] [ DB ] INIT mysql
[ info ] [ VIEW ] F:\study\www\reportSystem\ThinkPHP\public/../app/teacher\view\score\scoreShow.html [ array (
  0 => 'courseList',
  1 => 'taskList',
  2 => 'count',
) ]
[ info ] [ LOG ] INIT File
[ notice ] 显示学生成绩分布
[ sql ] [ DB ] CONNECT:[ UseTime:0.001909s ] mysql:host=127.0.0.1;port=3306;dbname=report_system;charset=utf8
[ sql ] [ SQL ] SHOW COLUMNS FROM `course` [ RunTime:0.002197s ]
[ sql ] [ SQL ] SELECT * FROM `course` WHERE (  (  teacherNo = '2012032' ) ) AND `course`.`deleteTime` IS NULL [ RunTime:0.002101s ]
[ sql ] [ SQL ] SHOW COLUMNS FROM `task` [ RunTime:0.002870s ]
[ sql ] [ SQL ] SELECT * FROM `task` WHERE (  (  teacherNo = '2012032' ) ) AND `task`.`deleteTime` IS NULL [ RunTime:0.000939s ]
[ sql ] [ SQL ] SHOW COLUMNS FROM `report` [ RunTime:0.005228s ]
[ sql ] [ SQL ] SELECT COUNT(*) AS tp_count FROM `report` WHERE  (  score = 'A' ) LIMIT 1 [ RunTime:0.001443s ]
[ sql ] [ SQL ] SELECT COUNT(*) AS tp_count FROM `report` WHERE  (  score = 'B' ) LIMIT 1 [ RunTime:0.001004s ]
[ sql ] [ SQL ] SELECT COUNT(*) AS tp_count FROM `report` WHERE  (  score = 'C' ) LIMIT 1 [ RunTime:0.000910s ]
[ sql ] [ SQL ] SELECT COUNT(*) AS tp_count FROM `report` WHERE  (  score = 'D' ) LIMIT 1 [ RunTime:0.000748s ]
[ sql ] [ SQL ] SELECT COUNT(*) AS tp_count FROM `report` WHERE  (  score = 'E' ) LIMIT 1 [ RunTime:0.000966s ]
---------------------------------------------------------------
[ 2019-03-07T15:55:11+08:00 ] 0.0.0.0 GET /static/fontawesome-5.5.0/css/font-awesome.min.css
[ info ] reportsystem/static/fontawesome-5.5.0/css/font-awesome.min.css [运行时间：0.158094s][吞吐率：6.33req/s] [内存消耗：2,507.30kb] [文件加载：32]
[ info ] [ LANG ] F:\study\www\reportSystem\ThinkPHP\thinkphp\lang\zh-cn.php
[ info ] [ ROUTE ] array (
  'type' => 'module',
  'module' => 
  array (
    0 => 'static',
    1 => 'fontawesome-5.5.0',
    2 => 'css',
  ),
)
[ info ] [ HEADER ] array (
  'host' => 'reportsystem',
  'connection' => 'keep-alive',
  'user-agent' => 'Mozilla/5.0 (Windows NT 10.0; WOW64) AppleWebKit/537.36 (KHTML, like Gecko) Chrome/71.0.3578.98 Safari/537.36',
  'accept' => 'text/css,*/*;q=0.1',
  'referer' => 'http://reportsystem/teacher/score/scoreShow',
  'accept-encoding' => 'gzip, deflate',
  'accept-language' => 'zh-CN,zh;q=0.9',
  'cookie' => 'pgv_pvi=3972531200; PHPSESSID=9bs0j9rtqdnjep9usljrbda9o4',
)
[ info ] [ PARAM ] array (
)
[ info ] [ LOG ] INIT File
---------------------------------------------------------------
[ 2019-03-07T16:23:17+08:00 ] 0.0.0.0 GET /index/login/logout
[ info ] reportsystem/index/login/logout [运行时间：1.426572s][吞吐率：0.70req/s] [内存消耗：2,981.84kb] [文件加载：39]
[ info ] [ LANG ] F:\study\www\reportSystem\ThinkPHP\thinkphp\lang\zh-cn.php
[ info ] [ ROUTE ] array (
  'type' => 'module',
  'module' => 
  array (
    0 => 'index',
    1 => 'login',
    2 => 'logout',
  ),
)
[ info ] [ HEADER ] array (
  'host' => 'reportsystem',
  'connection' => 'keep-alive',
  'upgrade-insecure-requests' => '1',
  'user-agent' => 'Mozilla/5.0 (Windows NT 10.0; WOW64) AppleWebKit/537.36 (KHTML, like Gecko) Chrome/71.0.3578.98 Safari/537.36',
  'accept' => 'text/html,application/xhtml+xml,application/xml;q=0.9,image/webp,image/apng,*/*;q=0.8',
  'referer' => 'http://reportsystem/teacher/score/scoreShow',
  'accept-encoding' => 'gzip, deflate',
  'accept-language' => 'zh-CN,zh;q=0.9',
  'cookie' => 'pgv_pvi=3972531200; PHPSESSID=9bs0j9rtqdnjep9usljrbda9o4',
)
[ info ] [ PARAM ] array (
)
[ info ] [ RUN ] app\index\controller\Login->logout[ F:\study\www\reportSystem\ThinkPHP\app\index\controller\Login.php ]
[ info ] [ SESSION ] INIT array (
  'id' => '',
  'var_session_id' => '',
  'prefix' => 'think',
  'type' => '',
  'auto_start' => true,
  'httponly' => true,
  'secure' => false,
)
[ info ] [ VIEW ] F:\study\www\reportSystem\ThinkPHP\thinkphp\tpl\dispatch_jump.tpl [ array (
  0 => 'code',
  1 => 'msg',
  2 => 'data',
  3 => 'url',
  4 => 'wait',
) ]
[ info ] [ LOG ] INIT File
---------------------------------------------------------------
[ 2019-03-07T16:23:19+08:00 ] 0.0.0.0 GET /teacher/score/scoreShow
[ info ] reportsystem/teacher/score/scoreShow [运行时间：0.149869s][吞吐率：6.67req/s] [内存消耗：2,991.55kb] [文件加载：39]
[ info ] [ LANG ] F:\study\www\reportSystem\ThinkPHP\thinkphp\lang\zh-cn.php
[ info ] [ ROUTE ] array (
  'type' => 'module',
  'module' => 
  array (
    0 => 'teacher',
    1 => 'score',
    2 => 'scoreShow',
  ),
)
[ info ] [ HEADER ] array (
  'host' => 'reportsystem',
  'connection' => 'keep-alive',
  'upgrade-insecure-requests' => '1',
  'user-agent' => 'Mozilla/5.0 (Windows NT 10.0; WOW64) AppleWebKit/537.36 (KHTML, like Gecko) Chrome/71.0.3578.98 Safari/537.36',
  'accept' => 'text/html,application/xhtml+xml,application/xml;q=0.9,image/webp,image/apng,*/*;q=0.8',
  'referer' => 'http://reportsystem/teacher/index/index',
  'accept-encoding' => 'gzip, deflate',
  'accept-language' => 'zh-CN,zh;q=0.9',
  'cookie' => 'pgv_pvi=3972531200; PHPSESSID=9bs0j9rtqdnjep9usljrbda9o4',
)
[ info ] [ PARAM ] array (
)
[ info ] [ SESSION ] INIT array (
  'id' => '',
  'var_session_id' => '',
  'prefix' => 'think',
  'type' => '',
  'auto_start' => true,
  'httponly' => true,
  'secure' => false,
)
[ info ] [ VIEW ] F:\study\www\reportSystem\ThinkPHP\thinkphp\tpl\dispatch_jump.tpl [ array (
  0 => 'code',
  1 => 'msg',
  2 => 'data',
  3 => 'url',
  4 => 'wait',
) ]
[ info ] [ LOG ] INIT File
---------------------------------------------------------------
[ 2019-03-07T16:23:22+08:00 ] 0.0.0.0 GET /index/index/login
[ info ] reportsystem/index/index/login [运行时间：0.200708s][吞吐率：4.98req/s] [内存消耗：2,952.74kb] [文件加载：38]
[ info ] [ LANG ] F:\study\www\reportSystem\ThinkPHP\thinkphp\lang\zh-cn.php
[ info ] [ ROUTE ] array (
  'type' => 'module',
  'module' => 
  array (
    0 => 'index',
    1 => 'index',
    2 => 'login',
  ),
)
[ info ] [ HEADER ] array (
  'host' => 'reportsystem',
  'connection' => 'keep-alive',
  'upgrade-insecure-requests' => '1',
  'user-agent' => 'Mozilla/5.0 (Windows NT 10.0; WOW64) AppleWebKit/537.36 (KHTML, like Gecko) Chrome/71.0.3578.98 Safari/537.36',
  'accept' => 'text/html,application/xhtml+xml,application/xml;q=0.9,image/webp,image/apng,*/*;q=0.8',
  'referer' => 'http://reportsystem/teacher/score/scoreShow',
  'accept-encoding' => 'gzip, deflate',
  'accept-language' => 'zh-CN,zh;q=0.9',
  'cookie' => 'pgv_pvi=3972531200; PHPSESSID=9bs0j9rtqdnjep9usljrbda9o4',
)
[ info ] [ PARAM ] array (
)
[ info ] [ RUN ] app\index\controller\Index->login[ F:\study\www\reportSystem\ThinkPHP\app\index\controller\Index.php ]
[ info ] [ SESSION ] INIT array (
  'id' => '',
  'var_session_id' => '',
  'prefix' => 'think',
  'type' => '',
  'auto_start' => true,
  'httponly' => true,
  'secure' => false,
)
[ info ] [ VIEW ] F:\study\www\reportSystem\ThinkPHP\public/../app/index\view\index\login.html [ array (
) ]
[ info ] [ LOG ] INIT File
---------------------------------------------------------------
[ 2019-03-07T16:23:23+08:00 ] 0.0.0.0 GET /index/index/login
[ info ] reportsystem/index/index/login [运行时间：0.103322s][吞吐率：9.68req/s] [内存消耗：2,952.74kb] [文件加载：38]
[ info ] [ LANG ] F:\study\www\reportSystem\ThinkPHP\thinkphp\lang\zh-cn.php
[ info ] [ ROUTE ] array (
  'type' => 'module',
  'module' => 
  array (
    0 => 'index',
    1 => 'index',
    2 => 'login',
  ),
)
[ info ] [ HEADER ] array (
  'host' => 'reportsystem',
  'connection' => 'keep-alive',
  'upgrade-insecure-requests' => '1',
  'user-agent' => 'Mozilla/5.0 (Windows NT 10.0; WOW64) AppleWebKit/537.36 (KHTML, like Gecko) Chrome/71.0.3578.98 Safari/537.36',
  'accept' => 'text/html,application/xhtml+xml,application/xml;q=0.9,image/webp,image/apng,*/*;q=0.8',
  'referer' => 'http://reportsystem/teacher/score/scoreShow',
  'accept-encoding' => 'gzip, deflate',
  'accept-language' => 'zh-CN,zh;q=0.9',
  'cookie' => 'pgv_pvi=3972531200; PHPSESSID=9bs0j9rtqdnjep9usljrbda9o4',
)
[ info ] [ PARAM ] array (
)
[ info ] [ RUN ] app\index\controller\Index->login[ F:\study\www\reportSystem\ThinkPHP\app\index\controller\Index.php ]
[ info ] [ SESSION ] INIT array (
  'id' => '',
  'var_session_id' => '',
  'prefix' => 'think',
  'type' => '',
  'auto_start' => true,
  'httponly' => true,
  'secure' => false,
)
[ info ] [ VIEW ] F:\study\www\reportSystem\ThinkPHP\public/../app/index\view\index\login.html [ array (
) ]
[ info ] [ LOG ] INIT File
---------------------------------------------------------------
[ 2019-03-07T16:23:23+08:00 ] 0.0.0.0 GET /static/fontawesome-5.5.0/css/font-awesome.min.css
[ info ] reportsystem/static/fontawesome-5.5.0/css/font-awesome.min.css [运行时间：0.294401s][吞吐率：3.40req/s] [内存消耗：2,507.44kb] [文件加载：32]
[ info ] [ LANG ] F:\study\www\reportSystem\ThinkPHP\thinkphp\lang\zh-cn.php
[ info ] [ ROUTE ] array (
  'type' => 'module',
  'module' => 
  array (
    0 => 'static',
    1 => 'fontawesome-5.5.0',
    2 => 'css',
  ),
)
[ info ] [ HEADER ] array (
  'host' => 'reportsystem',
  'connection' => 'keep-alive',
  'user-agent' => 'Mozilla/5.0 (Windows NT 10.0; WOW64) AppleWebKit/537.36 (KHTML, like Gecko) Chrome/71.0.3578.98 Safari/537.36',
  'accept' => 'text/css,*/*;q=0.1',
  'referer' => 'http://reportsystem/index/index/login',
  'accept-encoding' => 'gzip, deflate',
  'accept-language' => 'zh-CN,zh;q=0.9',
  'cookie' => 'pgv_pvi=3972531200; PHPSESSID=9bs0j9rtqdnjep9usljrbda9o4',
)
[ info ] [ PARAM ] array (
)
[ info ] [ LOG ] INIT File
---------------------------------------------------------------
[ 2019-03-07T16:23:34+08:00 ] 0.0.0.0 POST /index/login/login
[ info ] reportsystem/index/login/login [运行时间：0.605572s][吞吐率：1.65req/s] [内存消耗：5,038.45kb] [文件加载：50]
[ info ] [ LANG ] F:\study\www\reportSystem\ThinkPHP\thinkphp\lang\zh-cn.php
[ info ] [ ROUTE ] array (
  'type' => 'module',
  'module' => 
  array (
    0 => 'index',
    1 => 'login',
    2 => 'login',
  ),
)
[ info ] [ HEADER ] array (
  'host' => 'reportsystem',
  'connection' => 'keep-alive',
  'content-length' => '39',
  'cache-control' => 'max-age=0',
  'origin' => 'http://reportsystem',
  'upgrade-insecure-requests' => '1',
  'content-type' => 'application/x-www-form-urlencoded',
  'user-agent' => 'Mozilla/5.0 (Windows NT 10.0; WOW64) AppleWebKit/537.36 (KHTML, like Gecko) Chrome/71.0.3578.98 Safari/537.36',
  'accept' => 'text/html,application/xhtml+xml,application/xml;q=0.9,image/webp,image/apng,*/*;q=0.8',
  'referer' => 'http://reportsystem/index/index/login',
  'accept-encoding' => 'gzip, deflate',
  'accept-language' => 'zh-CN,zh;q=0.9',
  'cookie' => 'pgv_pvi=3972531200; PHPSESSID=9bs0j9rtqdnjep9usljrbda9o4',
)
[ info ] [ PARAM ] array (
  'account' => '201541402313',
  'password' => 'tyttyt123',
)
[ info ] [ RUN ] app\index\controller\Login->login[ F:\study\www\reportSystem\ThinkPHP\app\index\controller\Login.php ]
[ info ] [ SESSION ] INIT array (
  'id' => '',
  'var_session_id' => '',
  'prefix' => 'think',
  'type' => '',
  'auto_start' => true,
  'httponly' => true,
  'secure' => false,
)
[ info ] [ DB ] INIT mysql
[ info ] [ VIEW ] F:\study\www\reportSystem\ThinkPHP\thinkphp\tpl\dispatch_jump.tpl [ array (
  0 => 'code',
  1 => 'msg',
  2 => 'data',
  3 => 'url',
  4 => 'wait',
) ]
[ info ] [ LOG ] INIT File
[ notice ] 登录系统
[ sql ] [ DB ] CONNECT:[ UseTime:0.002307s ] mysql:host=127.0.0.1;port=3306;dbname=report_system;charset=utf8
[ sql ] [ SQL ] SHOW COLUMNS FROM `user` [ RunTime:0.005275s ]
[ sql ] [ SQL ] SELECT * FROM `user` WHERE  (  account = '201541402313' and password = '59b618b9fbe7f75cd16b45eb28e971b3' ) LIMIT 1 [ RunTime:0.001445s ]
[ sql ] [ SQL ] UPDATE `user`  SET `count`=`count`+1  WHERE  (  account = '201541402313' and password = '59b618b9fbe7f75cd16b45eb28e971b3' ) [ RunTime:0.101856s ]
[ sql ] [ SQL ] UPDATE `user`  SET `lastTime`='1551947014'  WHERE  (  account = '201541402313' and password = '59b618b9fbe7f75cd16b45eb28e971b3' ) [ RunTime:0.062746s ]
---------------------------------------------------------------
[ 2019-03-07T16:23:36+08:00 ] 0.0.0.0 GET /index/index/index
[ info ] reportsystem/index/index/index [运行时间：0.135375s][吞吐率：7.39req/s] [内存消耗：2,953.18kb] [文件加载：38]
[ info ] [ LANG ] F:\study\www\reportSystem\ThinkPHP\thinkphp\lang\zh-cn.php
[ info ] [ ROUTE ] array (
  'type' => 'module',
  'module' => 
  array (
    0 => 'index',
    1 => 'index',
    2 => 'index',
  ),
)
[ info ] [ HEADER ] array (
  'host' => 'reportsystem',
  'connection' => 'keep-alive',
  'upgrade-insecure-requests' => '1',
  'user-agent' => 'Mozilla/5.0 (Windows NT 10.0; WOW64) AppleWebKit/537.36 (KHTML, like Gecko) Chrome/71.0.3578.98 Safari/537.36',
  'accept' => 'text/html,application/xhtml+xml,application/xml;q=0.9,image/webp,image/apng,*/*;q=0.8',
  'referer' => 'http://reportsystem/index/login/login',
  'accept-encoding' => 'gzip, deflate',
  'accept-language' => 'zh-CN,zh;q=0.9',
  'cookie' => 'pgv_pvi=3972531200; PHPSESSID=9bs0j9rtqdnjep9usljrbda9o4',
)
[ info ] [ PARAM ] array (
)
[ info ] [ RUN ] app\index\controller\Index->index[ F:\study\www\reportSystem\ThinkPHP\app\index\controller\Index.php ]
[ info ] [ VIEW ] F:\study\www\reportSystem\ThinkPHP\public/../app/index\view\index\index.html [ array (
) ]
[ info ] [ SESSION ] INIT array (
  'id' => '',
  'var_session_id' => '',
  'prefix' => 'think',
  'type' => '',
  'auto_start' => true,
  'httponly' => true,
  'secure' => false,
)
[ info ] [ LOG ] INIT File
---------------------------------------------------------------
[ 2019-03-07T16:23:37+08:00 ] 0.0.0.0 GET /static/fontawesome-5.5.0/css/font-awesome.min.css
[ info ] reportsystem/static/fontawesome-5.5.0/css/font-awesome.min.css [运行时间：0.095553s][吞吐率：10.47req/s] [内存消耗：2,507.44kb] [文件加载：32]
[ info ] [ LANG ] F:\study\www\reportSystem\ThinkPHP\thinkphp\lang\zh-cn.php
[ info ] [ ROUTE ] array (
  'type' => 'module',
  'module' => 
  array (
    0 => 'static',
    1 => 'fontawesome-5.5.0',
    2 => 'css',
  ),
)
[ info ] [ HEADER ] array (
  'host' => 'reportsystem',
  'connection' => 'keep-alive',
  'user-agent' => 'Mozilla/5.0 (Windows NT 10.0; WOW64) AppleWebKit/537.36 (KHTML, like Gecko) Chrome/71.0.3578.98 Safari/537.36',
  'accept' => 'text/css,*/*;q=0.1',
  'referer' => 'http://reportsystem/index/index/index',
  'accept-encoding' => 'gzip, deflate',
  'accept-language' => 'zh-CN,zh;q=0.9',
  'cookie' => 'pgv_pvi=3972531200; PHPSESSID=9bs0j9rtqdnjep9usljrbda9o4',
)
[ info ] [ PARAM ] array (
)
[ info ] [ LOG ] INIT File
---------------------------------------------------------------
[ 2019-03-07T16:23:45+08:00 ] 0.0.0.0 GET /index/index/toIndex
[ info ] reportsystem/index/index/toIndex [运行时间：0.134790s][吞吐率：7.42req/s] [内存消耗：2,984.28kb] [文件加载：39]
[ info ] [ LANG ] F:\study\www\reportSystem\ThinkPHP\thinkphp\lang\zh-cn.php
[ info ] [ ROUTE ] array (
  'type' => 'module',
  'module' => 
  array (
    0 => 'index',
    1 => 'index',
    2 => 'toIndex',
  ),
)
[ info ] [ HEADER ] array (
  'host' => 'reportsystem',
  'connection' => 'keep-alive',
  'upgrade-insecure-requests' => '1',
  'user-agent' => 'Mozilla/5.0 (Windows NT 10.0; WOW64) AppleWebKit/537.36 (KHTML, like Gecko) Chrome/71.0.3578.98 Safari/537.36',
  'accept' => 'text/html,application/xhtml+xml,application/xml;q=0.9,image/webp,image/apng,*/*;q=0.8',
  'referer' => 'http://reportsystem/index/index/index',
  'accept-encoding' => 'gzip, deflate',
  'accept-language' => 'zh-CN,zh;q=0.9',
  'cookie' => 'pgv_pvi=3972531200; PHPSESSID=9bs0j9rtqdnjep9usljrbda9o4',
)
[ info ] [ PARAM ] array (
)
[ info ] [ RUN ] app\index\controller\Index->toIndex[ F:\study\www\reportSystem\ThinkPHP\app\index\controller\Index.php ]
[ info ] [ SESSION ] INIT array (
  'id' => '',
  'var_session_id' => '',
  'prefix' => 'think',
  'type' => '',
  'auto_start' => true,
  'httponly' => true,
  'secure' => false,
)
[ info ] [ LOG ] INIT File
---------------------------------------------------------------
[ 2019-03-07T16:23:45+08:00 ] 0.0.0.0 GET /student/index/index
[ info ] reportsystem/student/index/index [运行时间：0.118644s][吞吐率：8.43req/s] [内存消耗：2,518.90kb] [文件加载：33]
[ info ] [ LANG ] F:\study\www\reportSystem\ThinkPHP\thinkphp\lang\zh-cn.php
[ info ] [ ROUTE ] array (
  'type' => 'module',
  'module' => 
  array (
    0 => 'student',
    1 => 'index',
    2 => 'index',
  ),
)
[ info ] [ HEADER ] array (
  'host' => 'reportsystem',
  'connection' => 'keep-alive',
  'upgrade-insecure-requests' => '1',
  'user-agent' => 'Mozilla/5.0 (Windows NT 10.0; WOW64) AppleWebKit/537.36 (KHTML, like Gecko) Chrome/71.0.3578.98 Safari/537.36',
  'accept' => 'text/html,application/xhtml+xml,application/xml;q=0.9,image/webp,image/apng,*/*;q=0.8',
  'referer' => 'http://reportsystem/index/index/index',
  'accept-encoding' => 'gzip, deflate',
  'accept-language' => 'zh-CN,zh;q=0.9',
  'cookie' => 'pgv_pvi=3972531200; PHPSESSID=9bs0j9rtqdnjep9usljrbda9o4',
)
[ info ] [ PARAM ] array (
)
[ info ] [ LOG ] INIT File
---------------------------------------------------------------
[ 2019-03-07T16:24:27+08:00 ] 0.0.0.0 GET /student/index/index
[ info ] reportsystem/student/index/index [运行时间：0.097241s][吞吐率：10.28req/s] [内存消耗：2,519.03kb] [文件加载：33]
[ info ] [ LANG ] F:\study\www\reportSystem\ThinkPHP\thinkphp\lang\zh-cn.php
[ info ] [ ROUTE ] array (
  'type' => 'module',
  'module' => 
  array (
    0 => 'student',
    1 => 'index',
    2 => 'index',
  ),
)
[ info ] [ HEADER ] array (
  'host' => 'reportsystem',
  'connection' => 'keep-alive',
  'cache-control' => 'max-age=0',
  'upgrade-insecure-requests' => '1',
  'user-agent' => 'Mozilla/5.0 (Windows NT 10.0; WOW64) AppleWebKit/537.36 (KHTML, like Gecko) Chrome/71.0.3578.98 Safari/537.36',
  'accept' => 'text/html,application/xhtml+xml,application/xml;q=0.9,image/webp,image/apng,*/*;q=0.8',
  'referer' => 'http://reportsystem/index/index/index',
  'accept-encoding' => 'gzip, deflate',
  'accept-language' => 'zh-CN,zh;q=0.9',
  'cookie' => 'pgv_pvi=3972531200; PHPSESSID=9bs0j9rtqdnjep9usljrbda9o4',
)
[ info ] [ PARAM ] array (
)
[ info ] [ LOG ] INIT File
---------------------------------------------------------------
[ 2019-03-07T16:24:29+08:00 ] 0.0.0.0 GET /index/index/index
[ info ] reportsystem/index/index/index [运行时间：0.108135s][吞吐率：9.25req/s] [内存消耗：2,953.18kb] [文件加载：38]
[ info ] [ LANG ] F:\study\www\reportSystem\ThinkPHP\thinkphp\lang\zh-cn.php
[ info ] [ ROUTE ] array (
  'type' => 'module',
  'module' => 
  array (
    0 => 'index',
    1 => 'index',
    2 => 'index',
  ),
)
[ info ] [ HEADER ] array (
  'host' => 'reportsystem',
  'connection' => 'keep-alive',
  'upgrade-insecure-requests' => '1',
  'user-agent' => 'Mozilla/5.0 (Windows NT 10.0; WOW64) AppleWebKit/537.36 (KHTML, like Gecko) Chrome/71.0.3578.98 Safari/537.36',
  'accept' => 'text/html,application/xhtml+xml,application/xml;q=0.9,image/webp,image/apng,*/*;q=0.8',
  'referer' => 'http://reportsystem/index/login/login',
  'accept-encoding' => 'gzip, deflate',
  'accept-language' => 'zh-CN,zh;q=0.9',
  'cookie' => 'pgv_pvi=3972531200; PHPSESSID=9bs0j9rtqdnjep9usljrbda9o4',
)
[ info ] [ PARAM ] array (
)
[ info ] [ RUN ] app\index\controller\Index->index[ F:\study\www\reportSystem\ThinkPHP\app\index\controller\Index.php ]
[ info ] [ VIEW ] F:\study\www\reportSystem\ThinkPHP\public/../app/index\view\index\index.html [ array (
) ]
[ info ] [ SESSION ] INIT array (
  'id' => '',
  'var_session_id' => '',
  'prefix' => 'think',
  'type' => '',
  'auto_start' => true,
  'httponly' => true,
  'secure' => false,
)
[ info ] [ LOG ] INIT File
---------------------------------------------------------------
[ 2019-03-07T16:24:29+08:00 ] 0.0.0.0 GET /static/fontawesome-5.5.0/css/font-awesome.min.css
[ info ] reportsystem/static/fontawesome-5.5.0/css/font-awesome.min.css [运行时间：0.123343s][吞吐率：8.11req/s] [内存消耗：2,507.44kb] [文件加载：32]
[ info ] [ LANG ] F:\study\www\reportSystem\ThinkPHP\thinkphp\lang\zh-cn.php
[ info ] [ ROUTE ] array (
  'type' => 'module',
  'module' => 
  array (
    0 => 'static',
    1 => 'fontawesome-5.5.0',
    2 => 'css',
  ),
)
[ info ] [ HEADER ] array (
  'host' => 'reportsystem',
  'connection' => 'keep-alive',
  'user-agent' => 'Mozilla/5.0 (Windows NT 10.0; WOW64) AppleWebKit/537.36 (KHTML, like Gecko) Chrome/71.0.3578.98 Safari/537.36',
  'accept' => 'text/css,*/*;q=0.1',
  'referer' => 'http://reportsystem/index/index/index',
  'accept-encoding' => 'gzip, deflate',
  'accept-language' => 'zh-CN,zh;q=0.9',
  'cookie' => 'pgv_pvi=3972531200; PHPSESSID=9bs0j9rtqdnjep9usljrbda9o4',
)
[ info ] [ PARAM ] array (
)
[ info ] [ LOG ] INIT File
---------------------------------------------------------------
[ 2019-03-07T16:24:31+08:00 ] 0.0.0.0 GET /index/login/logout
[ info ] reportsystem/index/login/logout [运行时间：0.102234s][吞吐率：9.78req/s] [内存消耗：2,981.89kb] [文件加载：39]
[ info ] [ LANG ] F:\study\www\reportSystem\ThinkPHP\thinkphp\lang\zh-cn.php
[ info ] [ ROUTE ] array (
  'type' => 'module',
  'module' => 
  array (
    0 => 'index',
    1 => 'login',
    2 => 'logout',
  ),
)
[ info ] [ HEADER ] array (
  'host' => 'reportsystem',
  'connection' => 'keep-alive',
  'upgrade-insecure-requests' => '1',
  'user-agent' => 'Mozilla/5.0 (Windows NT 10.0; WOW64) AppleWebKit/537.36 (KHTML, like Gecko) Chrome/71.0.3578.98 Safari/537.36',
  'accept' => 'text/html,application/xhtml+xml,application/xml;q=0.9,image/webp,image/apng,*/*;q=0.8',
  'referer' => 'http://reportsystem/index/index/index',
  'accept-encoding' => 'gzip, deflate',
  'accept-language' => 'zh-CN,zh;q=0.9',
  'cookie' => 'pgv_pvi=3972531200; PHPSESSID=9bs0j9rtqdnjep9usljrbda9o4',
)
[ info ] [ PARAM ] array (
)
[ info ] [ RUN ] app\index\controller\Login->logout[ F:\study\www\reportSystem\ThinkPHP\app\index\controller\Login.php ]
[ info ] [ SESSION ] INIT array (
  'id' => '',
  'var_session_id' => '',
  'prefix' => 'think',
  'type' => '',
  'auto_start' => true,
  'httponly' => true,
  'secure' => false,
)
[ info ] [ VIEW ] F:\study\www\reportSystem\ThinkPHP\thinkphp\tpl\dispatch_jump.tpl [ array (
  0 => 'code',
  1 => 'msg',
  2 => 'data',
  3 => 'url',
  4 => 'wait',
) ]
[ info ] [ LOG ] INIT File
---------------------------------------------------------------
[ 2019-03-07T16:24:33+08:00 ] 0.0.0.0 GET /index/index/index
[ info ] reportsystem/index/index/index [运行时间：0.098584s][吞吐率：10.14req/s] [内存消耗：2,952.50kb] [文件加载：38]
[ info ] [ LANG ] F:\study\www\reportSystem\ThinkPHP\thinkphp\lang\zh-cn.php
[ info ] [ ROUTE ] array (
  'type' => 'module',
  'module' => 
  array (
    0 => 'index',
    1 => 'index',
    2 => 'index',
  ),
)
[ info ] [ HEADER ] array (
  'host' => 'reportsystem',
  'connection' => 'keep-alive',
  'upgrade-insecure-requests' => '1',
  'user-agent' => 'Mozilla/5.0 (Windows NT 10.0; WOW64) AppleWebKit/537.36 (KHTML, like Gecko) Chrome/71.0.3578.98 Safari/537.36',
  'accept' => 'text/html,application/xhtml+xml,application/xml;q=0.9,image/webp,image/apng,*/*;q=0.8',
  'referer' => 'http://reportsystem/index/login/logout',
  'accept-encoding' => 'gzip, deflate',
  'accept-language' => 'zh-CN,zh;q=0.9',
  'cookie' => 'pgv_pvi=3972531200; PHPSESSID=9bs0j9rtqdnjep9usljrbda9o4',
)
[ info ] [ PARAM ] array (
)
[ info ] [ RUN ] app\index\controller\Index->index[ F:\study\www\reportSystem\ThinkPHP\app\index\controller\Index.php ]
[ info ] [ VIEW ] F:\study\www\reportSystem\ThinkPHP\public/../app/index\view\index\index.html [ array (
) ]
[ info ] [ SESSION ] INIT array (
  'id' => '',
  'var_session_id' => '',
  'prefix' => 'think',
  'type' => '',
  'auto_start' => true,
  'httponly' => true,
  'secure' => false,
)
[ info ] [ LOG ] INIT File
---------------------------------------------------------------
[ 2019-03-07T16:24:33+08:00 ] 0.0.0.0 GET /static/fontawesome-5.5.0/css/font-awesome.min.css
[ info ] reportsystem/static/fontawesome-5.5.0/css/font-awesome.min.css [运行时间：0.097025s][吞吐率：10.31req/s] [内存消耗：2,507.44kb] [文件加载：32]
[ info ] [ LANG ] F:\study\www\reportSystem\ThinkPHP\thinkphp\lang\zh-cn.php
[ info ] [ ROUTE ] array (
  'type' => 'module',
  'module' => 
  array (
    0 => 'static',
    1 => 'fontawesome-5.5.0',
    2 => 'css',
  ),
)
[ info ] [ HEADER ] array (
  'host' => 'reportsystem',
  'connection' => 'keep-alive',
  'user-agent' => 'Mozilla/5.0 (Windows NT 10.0; WOW64) AppleWebKit/537.36 (KHTML, like Gecko) Chrome/71.0.3578.98 Safari/537.36',
  'accept' => 'text/css,*/*;q=0.1',
  'referer' => 'http://reportsystem/index/index/index',
  'accept-encoding' => 'gzip, deflate',
  'accept-language' => 'zh-CN,zh;q=0.9',
  'cookie' => 'pgv_pvi=3972531200; PHPSESSID=9bs0j9rtqdnjep9usljrbda9o4',
)
[ info ] [ PARAM ] array (
)
[ info ] [ LOG ] INIT File
---------------------------------------------------------------
[ 2019-03-07T16:24:35+08:00 ] 0.0.0.0 GET /index/index/login
[ info ] reportsystem/index/index/login [运行时间：0.096760s][吞吐率：10.33req/s] [内存消耗：2,952.88kb] [文件加载：38]
[ info ] [ LANG ] F:\study\www\reportSystem\ThinkPHP\thinkphp\lang\zh-cn.php
[ info ] [ ROUTE ] array (
  'type' => 'module',
  'module' => 
  array (
    0 => 'index',
    1 => 'index',
    2 => 'login',
  ),
)
[ info ] [ HEADER ] array (
  'host' => 'reportsystem',
  'connection' => 'keep-alive',
  'upgrade-insecure-requests' => '1',
  'user-agent' => 'Mozilla/5.0 (Windows NT 10.0; WOW64) AppleWebKit/537.36 (KHTML, like Gecko) Chrome/71.0.3578.98 Safari/537.36',
  'accept' => 'text/html,application/xhtml+xml,application/xml;q=0.9,image/webp,image/apng,*/*;q=0.8',
  'referer' => 'http://reportsystem/index/index/index',
  'accept-encoding' => 'gzip, deflate',
  'accept-language' => 'zh-CN,zh;q=0.9',
  'cookie' => 'pgv_pvi=3972531200; PHPSESSID=9bs0j9rtqdnjep9usljrbda9o4',
)
[ info ] [ PARAM ] array (
)
[ info ] [ RUN ] app\index\controller\Index->login[ F:\study\www\reportSystem\ThinkPHP\app\index\controller\Index.php ]
[ info ] [ SESSION ] INIT array (
  'id' => '',
  'var_session_id' => '',
  'prefix' => 'think',
  'type' => '',
  'auto_start' => true,
  'httponly' => true,
  'secure' => false,
)
[ info ] [ VIEW ] F:\study\www\reportSystem\ThinkPHP\public/../app/index\view\index\login.html [ array (
) ]
[ info ] [ LOG ] INIT File
---------------------------------------------------------------
[ 2019-03-07T16:24:35+08:00 ] 0.0.0.0 GET /static/fontawesome-5.5.0/css/font-awesome.min.css
[ info ] reportsystem/static/fontawesome-5.5.0/css/font-awesome.min.css [运行时间：0.101480s][吞吐率：9.85req/s] [内存消耗：2,507.44kb] [文件加载：32]
[ info ] [ LANG ] F:\study\www\reportSystem\ThinkPHP\thinkphp\lang\zh-cn.php
[ info ] [ ROUTE ] array (
  'type' => 'module',
  'module' => 
  array (
    0 => 'static',
    1 => 'fontawesome-5.5.0',
    2 => 'css',
  ),
)
[ info ] [ HEADER ] array (
  'host' => 'reportsystem',
  'connection' => 'keep-alive',
  'user-agent' => 'Mozilla/5.0 (Windows NT 10.0; WOW64) AppleWebKit/537.36 (KHTML, like Gecko) Chrome/71.0.3578.98 Safari/537.36',
  'accept' => 'text/css,*/*;q=0.1',
  'referer' => 'http://reportsystem/index/index/login',
  'accept-encoding' => 'gzip, deflate',
  'accept-language' => 'zh-CN,zh;q=0.9',
  'cookie' => 'pgv_pvi=3972531200; PHPSESSID=9bs0j9rtqdnjep9usljrbda9o4',
)
[ info ] [ PARAM ] array (
)
[ info ] [ LOG ] INIT File
---------------------------------------------------------------
[ 2019-03-07T16:24:47+08:00 ] 0.0.0.0 POST /index/login/login
[ info ] reportsystem/index/login/login [运行时间：0.135166s][吞吐率：7.40req/s] [内存消耗：5,038.60kb] [文件加载：50]
[ info ] [ LANG ] F:\study\www\reportSystem\ThinkPHP\thinkphp\lang\zh-cn.php
[ info ] [ ROUTE ] array (
  'type' => 'module',
  'module' => 
  array (
    0 => 'index',
    1 => 'login',
    2 => 'login',
  ),
)
[ info ] [ HEADER ] array (
  'host' => 'reportsystem',
  'connection' => 'keep-alive',
  'content-length' => '45',
  'cache-control' => 'max-age=0',
  'origin' => 'http://reportsystem',
  'upgrade-insecure-requests' => '1',
  'content-type' => 'application/x-www-form-urlencoded',
  'user-agent' => 'Mozilla/5.0 (Windows NT 10.0; WOW64) AppleWebKit/537.36 (KHTML, like Gecko) Chrome/71.0.3578.98 Safari/537.36',
  'accept' => 'text/html,application/xhtml+xml,application/xml;q=0.9,image/webp,image/apng,*/*;q=0.8',
  'referer' => 'http://reportsystem/index/index/login',
  'accept-encoding' => 'gzip, deflate',
  'accept-language' => 'zh-CN,zh;q=0.9',
  'cookie' => 'pgv_pvi=3972531200; PHPSESSID=9bs0j9rtqdnjep9usljrbda9o4',
)
[ info ] [ PARAM ] array (
  'account' => '2012032',
  'password' => 'tyttyt',
  'rememberMe' => 'on',
)
[ info ] [ RUN ] app\index\controller\Login->login[ F:\study\www\reportSystem\ThinkPHP\app\index\controller\Login.php ]
[ info ] [ SESSION ] INIT array (
  'id' => '',
  'var_session_id' => '',
  'prefix' => 'think',
  'type' => '',
  'auto_start' => true,
  'httponly' => true,
  'secure' => false,
)
[ info ] [ DB ] INIT mysql
[ info ] [ VIEW ] F:\study\www\reportSystem\ThinkPHP\thinkphp\tpl\dispatch_jump.tpl [ array (
  0 => 'code',
  1 => 'msg',
  2 => 'data',
  3 => 'url',
  4 => 'wait',
) ]
[ info ] [ LOG ] INIT File
[ notice ] 登录系统
[ sql ] [ DB ] CONNECT:[ UseTime:0.001992s ] mysql:host=127.0.0.1;port=3306;dbname=report_system;charset=utf8
[ sql ] [ SQL ] SHOW COLUMNS FROM `user` [ RunTime:0.005328s ]
[ sql ] [ SQL ] SELECT * FROM `user` WHERE  (  account = '2012032' and password = 'e94452ad5190ba5fc97ec6d67eaa1d66' ) LIMIT 1 [ RunTime:0.001051s ]
[ error ] 账号或密码错误！
---------------------------------------------------------------
[ 2019-03-07T16:24:48+08:00 ] 0.0.0.0 GET /index/index/login
[ info ] reportsystem/index/index/login [运行时间：0.079531s][吞吐率：12.57req/s] [内存消耗：2,953.26kb] [文件加载：38]
[ info ] [ LANG ] F:\study\www\reportSystem\ThinkPHP\thinkphp\lang\zh-cn.php
[ info ] [ ROUTE ] array (
  'type' => 'module',
  'module' => 
  array (
    0 => 'index',
    1 => 'index',
    2 => 'login',
  ),
)
[ info ] [ HEADER ] array (
  'host' => 'reportsystem',
  'connection' => 'keep-alive',
  'upgrade-insecure-requests' => '1',
  'user-agent' => 'Mozilla/5.0 (Windows NT 10.0; WOW64) AppleWebKit/537.36 (KHTML, like Gecko) Chrome/71.0.3578.98 Safari/537.36',
  'accept' => 'text/html,application/xhtml+xml,application/xml;q=0.9,image/webp,image/apng,*/*;q=0.8',
  'referer' => 'http://reportsystem/index/index/index',
  'accept-encoding' => 'gzip, deflate',
  'accept-language' => 'zh-CN,zh;q=0.9',
  'cookie' => 'pgv_pvi=3972531200; PHPSESSID=9bs0j9rtqdnjep9usljrbda9o4',
)
[ info ] [ PARAM ] array (
)
[ info ] [ RUN ] app\index\controller\Index->login[ F:\study\www\reportSystem\ThinkPHP\app\index\controller\Index.php ]
[ info ] [ SESSION ] INIT array (
  'id' => '',
  'var_session_id' => '',
  'prefix' => 'think',
  'type' => '',
  'auto_start' => true,
  'httponly' => true,
  'secure' => false,
)
[ info ] [ VIEW ] F:\study\www\reportSystem\ThinkPHP\public/../app/index\view\index\login.html [ array (
) ]
[ info ] [ LOG ] INIT File
---------------------------------------------------------------
[ 2019-03-07T16:24:49+08:00 ] 0.0.0.0 GET /static/fontawesome-5.5.0/css/font-awesome.min.css
[ info ] reportsystem/static/fontawesome-5.5.0/css/font-awesome.min.css [运行时间：0.089451s][吞吐率：11.18req/s] [内存消耗：2,507.44kb] [文件加载：32]
[ info ] [ LANG ] F:\study\www\reportSystem\ThinkPHP\thinkphp\lang\zh-cn.php
[ info ] [ ROUTE ] array (
  'type' => 'module',
  'module' => 
  array (
    0 => 'static',
    1 => 'fontawesome-5.5.0',
    2 => 'css',
  ),
)
[ info ] [ HEADER ] array (
  'host' => 'reportsystem',
  'connection' => 'keep-alive',
  'user-agent' => 'Mozilla/5.0 (Windows NT 10.0; WOW64) AppleWebKit/537.36 (KHTML, like Gecko) Chrome/71.0.3578.98 Safari/537.36',
  'accept' => 'text/css,*/*;q=0.1',
  'referer' => 'http://reportsystem/index/index/login',
  'accept-encoding' => 'gzip, deflate',
  'accept-language' => 'zh-CN,zh;q=0.9',
  'cookie' => 'pgv_pvi=3972531200; PHPSESSID=9bs0j9rtqdnjep9usljrbda9o4',
)
[ info ] [ PARAM ] array (
)
[ info ] [ LOG ] INIT File
---------------------------------------------------------------
[ 2019-03-07T16:24:56+08:00 ] 0.0.0.0 POST /index/login/login
[ info ] reportsystem/index/login/login [运行时间：0.319947s][吞吐率：3.13req/s] [内存消耗：5,039.45kb] [文件加载：50]
[ info ] [ LANG ] F:\study\www\reportSystem\ThinkPHP\thinkphp\lang\zh-cn.php
[ info ] [ ROUTE ] array (
  'type' => 'module',
  'module' => 
  array (
    0 => 'index',
    1 => 'login',
    2 => 'login',
  ),
)
[ info ] [ HEADER ] array (
  'host' => 'reportsystem',
  'connection' => 'keep-alive',
  'content-length' => '48',
  'cache-control' => 'max-age=0',
  'origin' => 'http://reportsystem',
  'upgrade-insecure-requests' => '1',
  'content-type' => 'application/x-www-form-urlencoded',
  'user-agent' => 'Mozilla/5.0 (Windows NT 10.0; WOW64) AppleWebKit/537.36 (KHTML, like Gecko) Chrome/71.0.3578.98 Safari/537.36',
  'accept' => 'text/html,application/xhtml+xml,application/xml;q=0.9,image/webp,image/apng,*/*;q=0.8',
  'referer' => 'http://reportsystem/index/index/login',
  'accept-encoding' => 'gzip, deflate',
  'accept-language' => 'zh-CN,zh;q=0.9',
  'cookie' => 'pgv_pvi=3972531200; PHPSESSID=9bs0j9rtqdnjep9usljrbda9o4',
)
[ info ] [ PARAM ] array (
  'account' => '2012032',
  'password' => 'tyttyt123',
  'rememberMe' => 'on',
)
[ info ] [ RUN ] app\index\controller\Login->login[ F:\study\www\reportSystem\ThinkPHP\app\index\controller\Login.php ]
[ info ] [ SESSION ] INIT array (
  'id' => '',
  'var_session_id' => '',
  'prefix' => 'think',
  'type' => '',
  'auto_start' => true,
  'httponly' => true,
  'secure' => false,
)
[ info ] [ DB ] INIT mysql
[ info ] [ VIEW ] F:\study\www\reportSystem\ThinkPHP\thinkphp\tpl\dispatch_jump.tpl [ array (
  0 => 'code',
  1 => 'msg',
  2 => 'data',
  3 => 'url',
  4 => 'wait',
) ]
[ info ] [ LOG ] INIT File
[ notice ] 登录系统
[ sql ] [ DB ] CONNECT:[ UseTime:0.002371s ] mysql:host=127.0.0.1;port=3306;dbname=report_system;charset=utf8
[ sql ] [ SQL ] SHOW COLUMNS FROM `user` [ RunTime:0.004943s ]
[ sql ] [ SQL ] SELECT * FROM `user` WHERE  (  account = '2012032' and password = '59b618b9fbe7f75cd16b45eb28e971b3' ) LIMIT 1 [ RunTime:0.001125s ]
[ sql ] [ SQL ] UPDATE `user`  SET `count`=`count`+1  WHERE  (  account = '2012032' and password = '59b618b9fbe7f75cd16b45eb28e971b3' ) [ RunTime:0.091939s ]
[ sql ] [ SQL ] UPDATE `user`  SET `lastTime`='1551947096'  WHERE  (  account = '2012032' and password = '59b618b9fbe7f75cd16b45eb28e971b3' ) [ RunTime:0.063817s ]
---------------------------------------------------------------
[ 2019-03-07T16:24:58+08:00 ] 0.0.0.0 GET /teacher/index/index
[ info ] reportsystem/teacher/index/index [运行时间：0.127130s][吞吐率：7.87req/s] [内存消耗：2,943.80kb] [文件加载：37]
[ info ] [ LANG ] F:\study\www\reportSystem\ThinkPHP\thinkphp\lang\zh-cn.php
[ info ] [ ROUTE ] array (
  'type' => 'module',
  'module' => 
  array (
    0 => 'teacher',
    1 => 'index',
    2 => 'index',
  ),
)
[ info ] [ HEADER ] array (
  'host' => 'reportsystem',
  'connection' => 'keep-alive',
  'upgrade-insecure-requests' => '1',
  'user-agent' => 'Mozilla/5.0 (Windows NT 10.0; WOW64) AppleWebKit/537.36 (KHTML, like Gecko) Chrome/71.0.3578.98 Safari/537.36',
  'accept' => 'text/html,application/xhtml+xml,application/xml;q=0.9,image/webp,image/apng,*/*;q=0.8',
  'referer' => 'http://reportsystem/index/login/login',
  'accept-encoding' => 'gzip, deflate',
  'accept-language' => 'zh-CN,zh;q=0.9',
  'cookie' => 'pgv_pvi=3972531200; PHPSESSID=9bs0j9rtqdnjep9usljrbda9o4',
)
[ info ] [ PARAM ] array (
)
[ info ] [ RUN ] app\teacher\controller\Index->index[ F:\study\www\reportSystem\ThinkPHP\app\teacher\controller\Index.php ]
[ info ] [ VIEW ] F:\study\www\reportSystem\ThinkPHP\public/../app/teacher\view\index\index.html [ array (
) ]
[ info ] [ SESSION ] INIT array (
  'id' => '',
  'var_session_id' => '',
  'prefix' => 'think',
  'type' => '',
  'auto_start' => true,
  'httponly' => true,
  'secure' => false,
)
[ info ] [ LOG ] INIT File
---------------------------------------------------------------
[ 2019-03-07T16:24:58+08:00 ] 0.0.0.0 GET /static/fontawesome-5.5.0/css/font-awesome.min.css
[ info ] reportsystem/static/fontawesome-5.5.0/css/font-awesome.min.css [运行时间：0.096686s][吞吐率：10.34req/s] [内存消耗：2,507.27kb] [文件加载：32]
[ info ] [ LANG ] F:\study\www\reportSystem\ThinkPHP\thinkphp\lang\zh-cn.php
[ info ] [ ROUTE ] array (
  'type' => 'module',
  'module' => 
  array (
    0 => 'static',
    1 => 'fontawesome-5.5.0',
    2 => 'css',
  ),
)
[ info ] [ HEADER ] array (
  'host' => 'reportsystem',
  'connection' => 'keep-alive',
  'user-agent' => 'Mozilla/5.0 (Windows NT 10.0; WOW64) AppleWebKit/537.36 (KHTML, like Gecko) Chrome/71.0.3578.98 Safari/537.36',
  'accept' => 'text/css,*/*;q=0.1',
  'referer' => 'http://reportsystem/teacher/index/index',
  'accept-encoding' => 'gzip, deflate',
  'accept-language' => 'zh-CN,zh;q=0.9',
  'cookie' => 'pgv_pvi=3972531200; PHPSESSID=9bs0j9rtqdnjep9usljrbda9o4',
)
[ info ] [ PARAM ] array (
)
[ info ] [ LOG ] INIT File
