---------------------------------------------------------------
[ 2019-03-16T00:00:10+08:00 ] 0.0.0.0 GET /admin/course/courseList
[ info ] reportsystem/admin/course/courseList [运行时间：0.351534s][吞吐率：2.84req/s] [内存消耗：5,600.06kb] [文件加载：53]
[ info ] [ LANG ] F:\study\www\reportSystem\ThinkPHP\thinkphp\lang\zh-cn.php
[ info ] [ ROUTE ] array (
  'type' => 'module',
  'module' => 
  array (
    0 => 'admin',
    1 => 'course',
    2 => 'courseList',
  ),
)
[ info ] [ HEADER ] array (
  'host' => 'reportsystem',
  'connection' => 'keep-alive',
  'cache-control' => 'max-age=0',
  'upgrade-insecure-requests' => '1',
  'user-agent' => 'Mozilla/5.0 (Windows NT 10.0; WOW64) AppleWebKit/537.36 (KHTML, like Gecko) Chrome/71.0.3578.98 Safari/537.36',
  'accept' => 'text/html,application/xhtml+xml,application/xml;q=0.9,image/webp,image/apng,*/*;q=0.8',
  'referer' => 'http://reportsystem/admin/role/roleList',
  'accept-encoding' => 'gzip, deflate',
  'accept-language' => 'zh-CN,zh;q=0.9',
  'cookie' => 'pgv_pvi=3972531200; PHPSESSID=ihj7qa8haurelc974onqer3965',
)
[ info ] [ PARAM ] array (
)
[ info ] [ SESSION ] INIT array (
  'id' => '',
  'var_session_id' => '',
  'prefix' => 'think',
  'type' => '',
  'auto_start' => true,
  'httponly' => true,
  'secure' => false,
)
[ info ] [ RUN ] app\admin\controller\Course->courseList[ F:\study\www\reportSystem\ThinkPHP\app\admin\controller\Course.php ]
[ info ] [ DB ] INIT mysql
[ info ] [ VIEW ] F:\study\www\reportSystem\ThinkPHP\public/../app/admin\view\course\courseList.html [ array (
  0 => 'courseList',
  1 => 'courseNumber',
) ]
[ info ] [ LOG ] INIT File
[ sql ] [ DB ] CONNECT:[ UseTime:0.002404s ] mysql:host=127.0.0.1;port=3306;dbname=report_system;charset=utf8
[ sql ] [ SQL ] SHOW COLUMNS FROM `course` [ RunTime:0.006252s ]
[ sql ] [ SQL ] SELECT COUNT(*) AS tp_count FROM `course` LIMIT 1 [ RunTime:0.001685s ]
[ sql ] [ SQL ] SELECT * FROM `course` LIMIT 0,15 [ RunTime:0.001880s ]
[ sql ] [ SQL ] SELECT COUNT(*) AS tp_count FROM `course` LIMIT 1 [ RunTime:0.001427s ]
---------------------------------------------------------------
[ 2019-03-16T00:00:11+08:00 ] 0.0.0.0 GET /static/fontawesome-5.5.0/css/font-awesome.min.css
[ info ] reportsystem/static/fontawesome-5.5.0/css/font-awesome.min.css [运行时间：0.125039s][吞吐率：8.00req/s] [内存消耗：2,507.30kb] [文件加载：32]
[ info ] [ LANG ] F:\study\www\reportSystem\ThinkPHP\thinkphp\lang\zh-cn.php
[ info ] [ ROUTE ] array (
  'type' => 'module',
  'module' => 
  array (
    0 => 'static',
    1 => 'fontawesome-5.5.0',
    2 => 'css',
  ),
)
[ info ] [ HEADER ] array (
  'host' => 'reportsystem',
  'connection' => 'keep-alive',
  'user-agent' => 'Mozilla/5.0 (Windows NT 10.0; WOW64) AppleWebKit/537.36 (KHTML, like Gecko) Chrome/71.0.3578.98 Safari/537.36',
  'accept' => 'text/css,*/*;q=0.1',
  'referer' => 'http://reportsystem/admin/course/courseList',
  'accept-encoding' => 'gzip, deflate',
  'accept-language' => 'zh-CN,zh;q=0.9',
  'cookie' => 'pgv_pvi=3972531200; PHPSESSID=ihj7qa8haurelc974onqer3965',
)
[ info ] [ PARAM ] array (
)
[ info ] [ LOG ] INIT File
---------------------------------------------------------------
[ 2019-03-16T00:00:49+08:00 ] 0.0.0.0 GET /admin/course/courseList
[ info ] reportsystem/admin/course/courseList [运行时间：0.309421s][吞吐率：3.23req/s] [内存消耗：5,600.19kb] [文件加载：53]
[ info ] [ LANG ] F:\study\www\reportSystem\ThinkPHP\thinkphp\lang\zh-cn.php
[ info ] [ ROUTE ] array (
  'type' => 'module',
  'module' => 
  array (
    0 => 'admin',
    1 => 'course',
    2 => 'courseList',
  ),
)
[ info ] [ HEADER ] array (
  'host' => 'reportsystem',
  'connection' => 'keep-alive',
  'cache-control' => 'max-age=0',
  'upgrade-insecure-requests' => '1',
  'user-agent' => 'Mozilla/5.0 (Windows NT 10.0; WOW64) AppleWebKit/537.36 (KHTML, like Gecko) Chrome/71.0.3578.98 Safari/537.36',
  'accept' => 'text/html,application/xhtml+xml,application/xml;q=0.9,image/webp,image/apng,*/*;q=0.8',
  'referer' => 'http://reportsystem/admin/role/roleList',
  'accept-encoding' => 'gzip, deflate',
  'accept-language' => 'zh-CN,zh;q=0.9',
  'cookie' => 'pgv_pvi=3972531200; PHPSESSID=ihj7qa8haurelc974onqer3965',
)
[ info ] [ PARAM ] array (
)
[ info ] [ SESSION ] INIT array (
  'id' => '',
  'var_session_id' => '',
  'prefix' => 'think',
  'type' => '',
  'auto_start' => true,
  'httponly' => true,
  'secure' => false,
)
[ info ] [ RUN ] app\admin\controller\Course->courseList[ F:\study\www\reportSystem\ThinkPHP\app\admin\controller\Course.php ]
[ info ] [ DB ] INIT mysql
[ info ] [ VIEW ] F:\study\www\reportSystem\ThinkPHP\public/../app/admin\view\course\courseList.html [ array (
  0 => 'courseList',
  1 => 'courseNumber',
) ]
[ info ] [ LOG ] INIT File
[ sql ] [ DB ] CONNECT:[ UseTime:0.002063s ] mysql:host=127.0.0.1;port=3306;dbname=report_system;charset=utf8
[ sql ] [ SQL ] SHOW COLUMNS FROM `course` [ RunTime:0.005613s ]
[ sql ] [ SQL ] SELECT COUNT(*) AS tp_count FROM `course` LIMIT 1 [ RunTime:0.001305s ]
[ sql ] [ SQL ] SELECT * FROM `course` LIMIT 0,15 [ RunTime:0.001445s ]
[ sql ] [ SQL ] SELECT COUNT(*) AS tp_count FROM `course` LIMIT 1 [ RunTime:0.001562s ]
---------------------------------------------------------------
[ 2019-03-16T00:00:49+08:00 ] 0.0.0.0 GET /static/fontawesome-5.5.0/css/font-awesome.min.css
[ info ] reportsystem/static/fontawesome-5.5.0/css/font-awesome.min.css [运行时间：0.107674s][吞吐率：9.29req/s] [内存消耗：2,507.30kb] [文件加载：32]
[ info ] [ LANG ] F:\study\www\reportSystem\ThinkPHP\thinkphp\lang\zh-cn.php
[ info ] [ ROUTE ] array (
  'type' => 'module',
  'module' => 
  array (
    0 => 'static',
    1 => 'fontawesome-5.5.0',
    2 => 'css',
  ),
)
[ info ] [ HEADER ] array (
  'host' => 'reportsystem',
  'connection' => 'keep-alive',
  'user-agent' => 'Mozilla/5.0 (Windows NT 10.0; WOW64) AppleWebKit/537.36 (KHTML, like Gecko) Chrome/71.0.3578.98 Safari/537.36',
  'accept' => 'text/css,*/*;q=0.1',
  'referer' => 'http://reportsystem/admin/course/courseList',
  'accept-encoding' => 'gzip, deflate',
  'accept-language' => 'zh-CN,zh;q=0.9',
  'cookie' => 'pgv_pvi=3972531200; PHPSESSID=ihj7qa8haurelc974onqer3965',
)
[ info ] [ PARAM ] array (
)
[ info ] [ LOG ] INIT File
---------------------------------------------------------------
[ 2019-03-16T00:01:03+08:00 ] 0.0.0.0 GET /admin/course/courseList
[ info ] reportsystem/admin/course/courseList [运行时间：0.322571s][吞吐率：3.10req/s] [内存消耗：5,600.09kb] [文件加载：53]
[ info ] [ LANG ] F:\study\www\reportSystem\ThinkPHP\thinkphp\lang\zh-cn.php
[ info ] [ ROUTE ] array (
  'type' => 'module',
  'module' => 
  array (
    0 => 'admin',
    1 => 'course',
    2 => 'courseList',
  ),
)
[ info ] [ HEADER ] array (
  'host' => 'reportsystem',
  'connection' => 'keep-alive',
  'cache-control' => 'max-age=0',
  'upgrade-insecure-requests' => '1',
  'user-agent' => 'Mozilla/5.0 (Windows NT 10.0; WOW64) AppleWebKit/537.36 (KHTML, like Gecko) Chrome/71.0.3578.98 Safari/537.36',
  'accept' => 'text/html,application/xhtml+xml,application/xml;q=0.9,image/webp,image/apng,*/*;q=0.8',
  'referer' => 'http://reportsystem/admin/role/roleList',
  'accept-encoding' => 'gzip, deflate',
  'accept-language' => 'zh-CN,zh;q=0.9',
  'cookie' => 'pgv_pvi=3972531200; PHPSESSID=ihj7qa8haurelc974onqer3965',
)
[ info ] [ PARAM ] array (
)
[ info ] [ SESSION ] INIT array (
  'id' => '',
  'var_session_id' => '',
  'prefix' => 'think',
  'type' => '',
  'auto_start' => true,
  'httponly' => true,
  'secure' => false,
)
[ info ] [ RUN ] app\admin\controller\Course->courseList[ F:\study\www\reportSystem\ThinkPHP\app\admin\controller\Course.php ]
[ info ] [ DB ] INIT mysql
[ info ] [ VIEW ] F:\study\www\reportSystem\ThinkPHP\public/../app/admin\view\course\courseList.html [ array (
  0 => 'courseList',
  1 => 'courseNumber',
) ]
[ info ] [ LOG ] INIT File
[ sql ] [ DB ] CONNECT:[ UseTime:0.002014s ] mysql:host=127.0.0.1;port=3306;dbname=report_system;charset=utf8
[ sql ] [ SQL ] SHOW COLUMNS FROM `course` [ RunTime:0.005710s ]
[ sql ] [ SQL ] SELECT COUNT(*) AS tp_count FROM `course` LIMIT 1 [ RunTime:0.001458s ]
[ sql ] [ SQL ] SELECT * FROM `course` LIMIT 0,15 [ RunTime:0.001626s ]
[ sql ] [ SQL ] SELECT COUNT(*) AS tp_count FROM `course` LIMIT 1 [ RunTime:0.001515s ]
---------------------------------------------------------------
[ 2019-03-16T00:01:03+08:00 ] 0.0.0.0 GET /static/fontawesome-5.5.0/css/font-awesome.min.css
[ info ] reportsystem/static/fontawesome-5.5.0/css/font-awesome.min.css [运行时间：0.120932s][吞吐率：8.27req/s] [内存消耗：2,507.30kb] [文件加载：32]
[ info ] [ LANG ] F:\study\www\reportSystem\ThinkPHP\thinkphp\lang\zh-cn.php
[ info ] [ ROUTE ] array (
  'type' => 'module',
  'module' => 
  array (
    0 => 'static',
    1 => 'fontawesome-5.5.0',
    2 => 'css',
  ),
)
[ info ] [ HEADER ] array (
  'host' => 'reportsystem',
  'connection' => 'keep-alive',
  'user-agent' => 'Mozilla/5.0 (Windows NT 10.0; WOW64) AppleWebKit/537.36 (KHTML, like Gecko) Chrome/71.0.3578.98 Safari/537.36',
  'accept' => 'text/css,*/*;q=0.1',
  'referer' => 'http://reportsystem/admin/course/courseList',
  'accept-encoding' => 'gzip, deflate',
  'accept-language' => 'zh-CN,zh;q=0.9',
  'cookie' => 'pgv_pvi=3972531200; PHPSESSID=ihj7qa8haurelc974onqer3965',
)
[ info ] [ PARAM ] array (
)
[ info ] [ LOG ] INIT File
---------------------------------------------------------------
[ 2019-03-16T00:01:16+08:00 ] 0.0.0.0 GET /admin/course/courseList?page=2
[ info ] reportsystem/admin/course/courseList?page=2 [运行时间：0.199277s][吞吐率：5.02req/s] [内存消耗：5,329.67kb] [文件加载：51]
[ info ] [ LANG ] F:\study\www\reportSystem\ThinkPHP\thinkphp\lang\zh-cn.php
[ info ] [ ROUTE ] array (
  'type' => 'module',
  'module' => 
  array (
    0 => 'admin',
    1 => 'course',
    2 => 'courseList',
  ),
)
[ info ] [ HEADER ] array (
  'host' => 'reportsystem',
  'connection' => 'keep-alive',
  'upgrade-insecure-requests' => '1',
  'user-agent' => 'Mozilla/5.0 (Windows NT 10.0; WOW64) AppleWebKit/537.36 (KHTML, like Gecko) Chrome/71.0.3578.98 Safari/537.36',
  'accept' => 'text/html,application/xhtml+xml,application/xml;q=0.9,image/webp,image/apng,*/*;q=0.8',
  'referer' => 'http://reportsystem/admin/course/courseList',
  'accept-encoding' => 'gzip, deflate',
  'accept-language' => 'zh-CN,zh;q=0.9',
  'cookie' => 'pgv_pvi=3972531200; PHPSESSID=ihj7qa8haurelc974onqer3965',
)
[ info ] [ PARAM ] array (
  'page' => '2',
)
[ info ] [ SESSION ] INIT array (
  'id' => '',
  'var_session_id' => '',
  'prefix' => 'think',
  'type' => '',
  'auto_start' => true,
  'httponly' => true,
  'secure' => false,
)
[ info ] [ RUN ] app\admin\controller\Course->courseList[ F:\study\www\reportSystem\ThinkPHP\app\admin\controller\Course.php ]
[ info ] [ DB ] INIT mysql
[ info ] [ VIEW ] F:\study\www\reportSystem\ThinkPHP\public/../app/admin\view\course\courseList.html [ array (
  0 => 'courseList',
  1 => 'courseNumber',
) ]
[ info ] [ LOG ] INIT File
[ sql ] [ DB ] CONNECT:[ UseTime:0.002022s ] mysql:host=127.0.0.1;port=3306;dbname=report_system;charset=utf8
[ sql ] [ SQL ] SHOW COLUMNS FROM `course` [ RunTime:0.005659s ]
[ sql ] [ SQL ] SELECT COUNT(*) AS tp_count FROM `course` LIMIT 1 [ RunTime:0.001034s ]
[ sql ] [ SQL ] SELECT * FROM `course` LIMIT 15,15 [ RunTime:0.001927s ]
[ sql ] [ SQL ] SELECT COUNT(*) AS tp_count FROM `course` LIMIT 1 [ RunTime:0.001193s ]
---------------------------------------------------------------
[ 2019-03-16T00:01:16+08:00 ] 0.0.0.0 GET /static/fontawesome-5.5.0/css/font-awesome.min.css
[ info ] reportsystem/static/fontawesome-5.5.0/css/font-awesome.min.css [运行时间：0.095916s][吞吐率：10.43req/s] [内存消耗：2,507.30kb] [文件加载：32]
[ info ] [ LANG ] F:\study\www\reportSystem\ThinkPHP\thinkphp\lang\zh-cn.php
[ info ] [ ROUTE ] array (
  'type' => 'module',
  'module' => 
  array (
    0 => 'static',
    1 => 'fontawesome-5.5.0',
    2 => 'css',
  ),
)
[ info ] [ HEADER ] array (
  'host' => 'reportsystem',
  'connection' => 'keep-alive',
  'user-agent' => 'Mozilla/5.0 (Windows NT 10.0; WOW64) AppleWebKit/537.36 (KHTML, like Gecko) Chrome/71.0.3578.98 Safari/537.36',
  'accept' => 'text/css,*/*;q=0.1',
  'referer' => 'http://reportsystem/admin/course/courseList?page=2',
  'accept-encoding' => 'gzip, deflate',
  'accept-language' => 'zh-CN,zh;q=0.9',
  'cookie' => 'pgv_pvi=3972531200; PHPSESSID=ihj7qa8haurelc974onqer3965',
)
[ info ] [ PARAM ] array (
)
[ info ] [ LOG ] INIT File
---------------------------------------------------------------
[ 2019-03-16T00:01:19+08:00 ] 0.0.0.0 GET /admin/course/courseList?page=5
[ info ] reportsystem/admin/course/courseList?page=5 [运行时间：0.197070s][吞吐率：5.07req/s] [内存消耗：5,329.78kb] [文件加载：51]
[ info ] [ LANG ] F:\study\www\reportSystem\ThinkPHP\thinkphp\lang\zh-cn.php
[ info ] [ ROUTE ] array (
  'type' => 'module',
  'module' => 
  array (
    0 => 'admin',
    1 => 'course',
    2 => 'courseList',
  ),
)
[ info ] [ HEADER ] array (
  'host' => 'reportsystem',
  'connection' => 'keep-alive',
  'upgrade-insecure-requests' => '1',
  'user-agent' => 'Mozilla/5.0 (Windows NT 10.0; WOW64) AppleWebKit/537.36 (KHTML, like Gecko) Chrome/71.0.3578.98 Safari/537.36',
  'accept' => 'text/html,application/xhtml+xml,application/xml;q=0.9,image/webp,image/apng,*/*;q=0.8',
  'referer' => 'http://reportsystem/admin/course/courseList?page=2',
  'accept-encoding' => 'gzip, deflate',
  'accept-language' => 'zh-CN,zh;q=0.9',
  'cookie' => 'pgv_pvi=3972531200; PHPSESSID=ihj7qa8haurelc974onqer3965',
)
[ info ] [ PARAM ] array (
  'page' => '5',
)
[ info ] [ SESSION ] INIT array (
  'id' => '',
  'var_session_id' => '',
  'prefix' => 'think',
  'type' => '',
  'auto_start' => true,
  'httponly' => true,
  'secure' => false,
)
[ info ] [ RUN ] app\admin\controller\Course->courseList[ F:\study\www\reportSystem\ThinkPHP\app\admin\controller\Course.php ]
[ info ] [ DB ] INIT mysql
[ info ] [ VIEW ] F:\study\www\reportSystem\ThinkPHP\public/../app/admin\view\course\courseList.html [ array (
  0 => 'courseList',
  1 => 'courseNumber',
) ]
[ info ] [ LOG ] INIT File
[ sql ] [ DB ] CONNECT:[ UseTime:0.002119s ] mysql:host=127.0.0.1;port=3306;dbname=report_system;charset=utf8
[ sql ] [ SQL ] SHOW COLUMNS FROM `course` [ RunTime:0.003521s ]
[ sql ] [ SQL ] SELECT COUNT(*) AS tp_count FROM `course` LIMIT 1 [ RunTime:0.001414s ]
[ sql ] [ SQL ] SELECT * FROM `course` LIMIT 60,15 [ RunTime:0.001867s ]
[ sql ] [ SQL ] SELECT COUNT(*) AS tp_count FROM `course` LIMIT 1 [ RunTime:0.001573s ]
---------------------------------------------------------------
[ 2019-03-16T00:01:19+08:00 ] 0.0.0.0 GET /static/fontawesome-5.5.0/css/font-awesome.min.css
[ info ] reportsystem/static/fontawesome-5.5.0/css/font-awesome.min.css [运行时间：0.096238s][吞吐率：10.39req/s] [内存消耗：2,507.30kb] [文件加载：32]
[ info ] [ LANG ] F:\study\www\reportSystem\ThinkPHP\thinkphp\lang\zh-cn.php
[ info ] [ ROUTE ] array (
  'type' => 'module',
  'module' => 
  array (
    0 => 'static',
    1 => 'fontawesome-5.5.0',
    2 => 'css',
  ),
)
[ info ] [ HEADER ] array (
  'host' => 'reportsystem',
  'connection' => 'keep-alive',
  'user-agent' => 'Mozilla/5.0 (Windows NT 10.0; WOW64) AppleWebKit/537.36 (KHTML, like Gecko) Chrome/71.0.3578.98 Safari/537.36',
  'accept' => 'text/css,*/*;q=0.1',
  'referer' => 'http://reportsystem/admin/course/courseList?page=5',
  'accept-encoding' => 'gzip, deflate',
  'accept-language' => 'zh-CN,zh;q=0.9',
  'cookie' => 'pgv_pvi=3972531200; PHPSESSID=ihj7qa8haurelc974onqer3965',
)
[ info ] [ PARAM ] array (
)
[ info ] [ LOG ] INIT File
---------------------------------------------------------------
[ 2019-03-16T00:01:44+08:00 ] 0.0.0.0 GET /admin/course/courseList?page=5
[ info ] reportsystem/admin/course/courseList?page=5 [运行时间：0.345825s][吞吐率：2.89req/s] [内存消耗：5,600.61kb] [文件加载：53]
[ info ] [ LANG ] F:\study\www\reportSystem\ThinkPHP\thinkphp\lang\zh-cn.php
[ info ] [ ROUTE ] array (
  'type' => 'module',
  'module' => 
  array (
    0 => 'admin',
    1 => 'course',
    2 => 'courseList',
  ),
)
[ info ] [ HEADER ] array (
  'host' => 'reportsystem',
  'connection' => 'keep-alive',
  'cache-control' => 'max-age=0',
  'upgrade-insecure-requests' => '1',
  'user-agent' => 'Mozilla/5.0 (Windows NT 10.0; WOW64) AppleWebKit/537.36 (KHTML, like Gecko) Chrome/71.0.3578.98 Safari/537.36',
  'accept' => 'text/html,application/xhtml+xml,application/xml;q=0.9,image/webp,image/apng,*/*;q=0.8',
  'referer' => 'http://reportsystem/admin/course/courseList?page=2',
  'accept-encoding' => 'gzip, deflate',
  'accept-language' => 'zh-CN,zh;q=0.9',
  'cookie' => 'pgv_pvi=3972531200; PHPSESSID=ihj7qa8haurelc974onqer3965',
)
[ info ] [ PARAM ] array (
  'page' => '5',
)
[ info ] [ SESSION ] INIT array (
  'id' => '',
  'var_session_id' => '',
  'prefix' => 'think',
  'type' => '',
  'auto_start' => true,
  'httponly' => true,
  'secure' => false,
)
[ info ] [ RUN ] app\admin\controller\Course->courseList[ F:\study\www\reportSystem\ThinkPHP\app\admin\controller\Course.php ]
[ info ] [ DB ] INIT mysql
[ info ] [ VIEW ] F:\study\www\reportSystem\ThinkPHP\public/../app/admin\view\course\courseList.html [ array (
  0 => 'courseList',
  1 => 'courseNumber',
) ]
[ info ] [ LOG ] INIT File
[ sql ] [ DB ] CONNECT:[ UseTime:0.002080s ] mysql:host=127.0.0.1;port=3306;dbname=report_system;charset=utf8
[ sql ] [ SQL ] SHOW COLUMNS FROM `course` [ RunTime:0.005599s ]
[ sql ] [ SQL ] SELECT COUNT(*) AS tp_count FROM `course` LIMIT 1 [ RunTime:0.001630s ]
[ sql ] [ SQL ] SELECT * FROM `course` LIMIT 60,15 [ RunTime:0.002563s ]
[ sql ] [ SQL ] SELECT COUNT(*) AS tp_count FROM `course` LIMIT 1 [ RunTime:0.001838s ]
---------------------------------------------------------------
[ 2019-03-16T00:01:45+08:00 ] 0.0.0.0 GET /static/fontawesome-5.5.0/css/font-awesome.min.css
[ info ] reportsystem/static/fontawesome-5.5.0/css/font-awesome.min.css [运行时间：0.148225s][吞吐率：6.75req/s] [内存消耗：2,507.30kb] [文件加载：32]
[ info ] [ LANG ] F:\study\www\reportSystem\ThinkPHP\thinkphp\lang\zh-cn.php
[ info ] [ ROUTE ] array (
  'type' => 'module',
  'module' => 
  array (
    0 => 'static',
    1 => 'fontawesome-5.5.0',
    2 => 'css',
  ),
)
[ info ] [ HEADER ] array (
  'host' => 'reportsystem',
  'connection' => 'keep-alive',
  'user-agent' => 'Mozilla/5.0 (Windows NT 10.0; WOW64) AppleWebKit/537.36 (KHTML, like Gecko) Chrome/71.0.3578.98 Safari/537.36',
  'accept' => 'text/css,*/*;q=0.1',
  'referer' => 'http://reportsystem/admin/course/courseList?page=5',
  'accept-encoding' => 'gzip, deflate',
  'accept-language' => 'zh-CN,zh;q=0.9',
  'cookie' => 'pgv_pvi=3972531200; PHPSESSID=ihj7qa8haurelc974onqer3965',
)
[ info ] [ PARAM ] array (
)
[ info ] [ LOG ] INIT File
---------------------------------------------------------------
[ 2019-03-16T00:01:50+08:00 ] 0.0.0.0 GET /admin/course/courseList?page=8
[ info ] reportsystem/admin/course/courseList?page=8 [运行时间：0.203188s][吞吐率：4.92req/s] [内存消耗：5,329.80kb] [文件加载：51]
[ info ] [ LANG ] F:\study\www\reportSystem\ThinkPHP\thinkphp\lang\zh-cn.php
[ info ] [ ROUTE ] array (
  'type' => 'module',
  'module' => 
  array (
    0 => 'admin',
    1 => 'course',
    2 => 'courseList',
  ),
)
[ info ] [ HEADER ] array (
  'host' => 'reportsystem',
  'connection' => 'keep-alive',
  'upgrade-insecure-requests' => '1',
  'user-agent' => 'Mozilla/5.0 (Windows NT 10.0; WOW64) AppleWebKit/537.36 (KHTML, like Gecko) Chrome/71.0.3578.98 Safari/537.36',
  'accept' => 'text/html,application/xhtml+xml,application/xml;q=0.9,image/webp,image/apng,*/*;q=0.8',
  'referer' => 'http://reportsystem/admin/course/courseList?page=5',
  'accept-encoding' => 'gzip, deflate',
  'accept-language' => 'zh-CN,zh;q=0.9',
  'cookie' => 'pgv_pvi=3972531200; PHPSESSID=ihj7qa8haurelc974onqer3965',
)
[ info ] [ PARAM ] array (
  'page' => '8',
)
[ info ] [ SESSION ] INIT array (
  'id' => '',
  'var_session_id' => '',
  'prefix' => 'think',
  'type' => '',
  'auto_start' => true,
  'httponly' => true,
  'secure' => false,
)
[ info ] [ RUN ] app\admin\controller\Course->courseList[ F:\study\www\reportSystem\ThinkPHP\app\admin\controller\Course.php ]
[ info ] [ DB ] INIT mysql
[ info ] [ VIEW ] F:\study\www\reportSystem\ThinkPHP\public/../app/admin\view\course\courseList.html [ array (
  0 => 'courseList',
  1 => 'courseNumber',
) ]
[ info ] [ LOG ] INIT File
[ sql ] [ DB ] CONNECT:[ UseTime:0.003737s ] mysql:host=127.0.0.1;port=3306;dbname=report_system;charset=utf8
[ sql ] [ SQL ] SHOW COLUMNS FROM `course` [ RunTime:0.002757s ]
[ sql ] [ SQL ] SELECT COUNT(*) AS tp_count FROM `course` LIMIT 1 [ RunTime:0.001523s ]
[ sql ] [ SQL ] SELECT * FROM `course` LIMIT 105,15 [ RunTime:0.002455s ]
[ sql ] [ SQL ] SELECT COUNT(*) AS tp_count FROM `course` LIMIT 1 [ RunTime:0.001360s ]
---------------------------------------------------------------
[ 2019-03-16T00:01:50+08:00 ] 0.0.0.0 GET /static/fontawesome-5.5.0/css/font-awesome.min.css
[ info ] reportsystem/static/fontawesome-5.5.0/css/font-awesome.min.css [运行时间：0.128752s][吞吐率：7.77req/s] [内存消耗：2,507.30kb] [文件加载：32]
[ info ] [ LANG ] F:\study\www\reportSystem\ThinkPHP\thinkphp\lang\zh-cn.php
[ info ] [ ROUTE ] array (
  'type' => 'module',
  'module' => 
  array (
    0 => 'static',
    1 => 'fontawesome-5.5.0',
    2 => 'css',
  ),
)
[ info ] [ HEADER ] array (
  'host' => 'reportsystem',
  'connection' => 'keep-alive',
  'user-agent' => 'Mozilla/5.0 (Windows NT 10.0; WOW64) AppleWebKit/537.36 (KHTML, like Gecko) Chrome/71.0.3578.98 Safari/537.36',
  'accept' => 'text/css,*/*;q=0.1',
  'referer' => 'http://reportsystem/admin/course/courseList?page=8',
  'accept-encoding' => 'gzip, deflate',
  'accept-language' => 'zh-CN,zh;q=0.9',
  'cookie' => 'pgv_pvi=3972531200; PHPSESSID=ihj7qa8haurelc974onqer3965',
)
[ info ] [ PARAM ] array (
)
[ info ] [ LOG ] INIT File
