---------------------------------------------------------------
[ 2019-03-19T00:00:15+08:00 ] 0.0.0.0 GET /teacher/course/showTask?courseNo=351
[ info ] reportsystem/teacher/course/showTask?courseNo=351 [运行时间：0.122157s][吞吐率：8.19req/s] [内存消耗：3,090.77kb] [文件加载：40]
[ info ] [ LANG ] F:\study\www\reportSystem\ThinkPHP\thinkphp\lang\zh-cn.php
[ info ] [ ROUTE ] array (
  'type' => 'module',
  'module' => 
  array (
    0 => 'teacher',
    1 => 'course',
    2 => 'showTask',
  ),
)
[ info ] [ HEADER ] array (
  'host' => 'reportsystem',
  'connection' => 'keep-alive',
  'upgrade-insecure-requests' => '1',
  'user-agent' => 'Mozilla/5.0 (Windows NT 10.0; WOW64) AppleWebKit/537.36 (KHTML, like Gecko) Chrome/71.0.3578.98 Safari/537.36',
  'accept' => 'text/html,application/xhtml+xml,application/xml;q=0.9,image/webp,image/apng,*/*;q=0.8',
  'referer' => 'http://reportsystem/teacher/course/courseMenu',
  'accept-encoding' => 'gzip, deflate',
  'accept-language' => 'zh-CN,zh;q=0.9',
  'cookie' => 'pgv_pvi=3972531200; PHPSESSID=24trp3ofqmar2gmni2apl4lag6',
)
[ info ] [ PARAM ] array (
  'courseNo' => '351',
)
[ info ] [ SESSION ] INIT array (
  'id' => '',
  'var_session_id' => '',
  'prefix' => 'think',
  'type' => '',
  'auto_start' => true,
  'httponly' => true,
  'secure' => false,
)
[ info ] [ LOG ] INIT File
---------------------------------------------------------------
[ 2019-03-19T00:00:17+08:00 ] 0.0.0.0 GET /teacher/course/courseMenu
[ info ] reportsystem/teacher/course/courseMenu [运行时间：0.180806s][吞吐率：5.53req/s] [内存消耗：5,192.98kb] [文件加载：50]
[ info ] [ LANG ] F:\study\www\reportSystem\ThinkPHP\thinkphp\lang\zh-cn.php
[ info ] [ ROUTE ] array (
  'type' => 'module',
  'module' => 
  array (
    0 => 'teacher',
    1 => 'course',
    2 => 'courseMenu',
  ),
)
[ info ] [ HEADER ] array (
  'host' => 'reportsystem',
  'connection' => 'keep-alive',
  'upgrade-insecure-requests' => '1',
  'user-agent' => 'Mozilla/5.0 (Windows NT 10.0; WOW64) AppleWebKit/537.36 (KHTML, like Gecko) Chrome/71.0.3578.98 Safari/537.36',
  'accept' => 'text/html,application/xhtml+xml,application/xml;q=0.9,image/webp,image/apng,*/*;q=0.8',
  'referer' => 'http://reportsystem/teacher/task/taskList',
  'accept-encoding' => 'gzip, deflate',
  'accept-language' => 'zh-CN,zh;q=0.9',
  'cookie' => 'pgv_pvi=3972531200; PHPSESSID=24trp3ofqmar2gmni2apl4lag6',
)
[ info ] [ PARAM ] array (
)
[ info ] [ SESSION ] INIT array (
  'id' => '',
  'var_session_id' => '',
  'prefix' => 'think',
  'type' => '',
  'auto_start' => true,
  'httponly' => true,
  'secure' => false,
)
[ info ] [ RUN ] app\teacher\controller\Course->courseMenu[ F:\study\www\reportSystem\ThinkPHP\app\teacher\controller\Course.php ]
[ info ] [ DB ] INIT mysql
[ info ] [ VIEW ] F:\study\www\reportSystem\ThinkPHP\public/../app/teacher\view\course\courseList.html [ array (
  0 => 'courseList',
  1 => 'taskList',
) ]
[ info ] [ LOG ] INIT File
[ notice ] 显示课程列表
[ sql ] [ DB ] CONNECT:[ UseTime:0.002033s ] mysql:host=127.0.0.1;port=3306;dbname=report_system;charset=utf8
[ sql ] [ SQL ] SHOW COLUMNS FROM `course` [ RunTime:0.002454s ]
[ sql ] [ SQL ] SELECT * FROM `course` WHERE (  (  teacherNo = '2012032' ) ) AND `course`.`deleteTime` IS NULL [ RunTime:0.002594s ]
[ sql ] [ SQL ] SHOW COLUMNS FROM `task` [ RunTime:0.001861s ]
[ sql ] [ SQL ] SELECT * FROM `task` WHERE (  (  teacherNo = '2012032' ) ) AND `task`.`deleteTime` IS NULL [ RunTime:0.001058s ]
---------------------------------------------------------------
[ 2019-03-19T00:00:17+08:00 ] 0.0.0.0 GET /static/fontawesome-5.5.0/css/font-awesome.min.css
[ info ] reportsystem/static/fontawesome-5.5.0/css/font-awesome.min.css [运行时间：0.110149s][吞吐率：9.08req/s] [内存消耗：2,507.24kb] [文件加载：32]
[ info ] [ LANG ] F:\study\www\reportSystem\ThinkPHP\thinkphp\lang\zh-cn.php
[ info ] [ ROUTE ] array (
  'type' => 'module',
  'module' => 
  array (
    0 => 'static',
    1 => 'fontawesome-5.5.0',
    2 => 'css',
  ),
)
[ info ] [ HEADER ] array (
  'host' => 'reportsystem',
  'connection' => 'keep-alive',
  'user-agent' => 'Mozilla/5.0 (Windows NT 10.0; WOW64) AppleWebKit/537.36 (KHTML, like Gecko) Chrome/71.0.3578.98 Safari/537.36',
  'accept' => 'text/css,*/*;q=0.1',
  'referer' => 'http://reportsystem/teacher/course/courseMenu',
  'accept-encoding' => 'gzip, deflate',
  'accept-language' => 'zh-CN,zh;q=0.9',
  'cookie' => 'pgv_pvi=3972531200; PHPSESSID=24trp3ofqmar2gmni2apl4lag6',
)
[ info ] [ PARAM ] array (
)
[ info ] [ LOG ] INIT File
---------------------------------------------------------------
[ 2019-03-19T00:01:39+08:00 ] 0.0.0.0 GET /teacher/course/courseMenu
[ info ] reportsystem/teacher/course/courseMenu [运行时间：0.428620s][吞吐率：2.33req/s] [内存消耗：5,461.69kb] [文件加载：52]
[ info ] [ LANG ] F:\study\www\reportSystem\ThinkPHP\thinkphp\lang\zh-cn.php
[ info ] [ ROUTE ] array (
  'type' => 'module',
  'module' => 
  array (
    0 => 'teacher',
    1 => 'course',
    2 => 'courseMenu',
  ),
)
[ info ] [ HEADER ] array (
  'host' => 'reportsystem',
  'connection' => 'keep-alive',
  'cache-control' => 'max-age=0',
  'upgrade-insecure-requests' => '1',
  'user-agent' => 'Mozilla/5.0 (Windows NT 10.0; WOW64) AppleWebKit/537.36 (KHTML, like Gecko) Chrome/71.0.3578.98 Safari/537.36',
  'accept' => 'text/html,application/xhtml+xml,application/xml;q=0.9,image/webp,image/apng,*/*;q=0.8',
  'referer' => 'http://reportsystem/teacher/task/taskList',
  'accept-encoding' => 'gzip, deflate',
  'accept-language' => 'zh-CN,zh;q=0.9',
  'cookie' => 'pgv_pvi=3972531200; PHPSESSID=24trp3ofqmar2gmni2apl4lag6',
)
[ info ] [ PARAM ] array (
)
[ info ] [ SESSION ] INIT array (
  'id' => '',
  'var_session_id' => '',
  'prefix' => 'think',
  'type' => '',
  'auto_start' => true,
  'httponly' => true,
  'secure' => false,
)
[ info ] [ RUN ] app\teacher\controller\Course->courseMenu[ F:\study\www\reportSystem\ThinkPHP\app\teacher\controller\Course.php ]
[ info ] [ DB ] INIT mysql
[ info ] [ VIEW ] F:\study\www\reportSystem\ThinkPHP\public/../app/teacher\view\course\courseList.html [ array (
  0 => 'courseList',
  1 => 'taskList',
) ]
[ info ] [ LOG ] INIT File
[ notice ] 显示课程列表
[ sql ] [ DB ] CONNECT:[ UseTime:0.002360s ] mysql:host=127.0.0.1;port=3306;dbname=report_system;charset=utf8
[ sql ] [ SQL ] SHOW COLUMNS FROM `course` [ RunTime:0.002720s ]
[ sql ] [ SQL ] SELECT * FROM `course` WHERE (  (  teacherNo = '2012032' ) ) AND `course`.`deleteTime` IS NULL [ RunTime:0.003166s ]
[ sql ] [ SQL ] SHOW COLUMNS FROM `task` [ RunTime:0.005589s ]
[ sql ] [ SQL ] SELECT * FROM `task` WHERE (  (  teacherNo = '2012032' ) ) AND `task`.`deleteTime` IS NULL [ RunTime:0.002375s ]
---------------------------------------------------------------
[ 2019-03-19T00:01:39+08:00 ] 0.0.0.0 GET /static/fontawesome-5.5.0/css/font-awesome.min.css
[ info ] reportsystem/static/fontawesome-5.5.0/css/font-awesome.min.css [运行时间：0.132745s][吞吐率：7.53req/s] [内存消耗：2,507.24kb] [文件加载：32]
[ info ] [ LANG ] F:\study\www\reportSystem\ThinkPHP\thinkphp\lang\zh-cn.php
[ info ] [ ROUTE ] array (
  'type' => 'module',
  'module' => 
  array (
    0 => 'static',
    1 => 'fontawesome-5.5.0',
    2 => 'css',
  ),
)
[ info ] [ HEADER ] array (
  'host' => 'reportsystem',
  'connection' => 'keep-alive',
  'user-agent' => 'Mozilla/5.0 (Windows NT 10.0; WOW64) AppleWebKit/537.36 (KHTML, like Gecko) Chrome/71.0.3578.98 Safari/537.36',
  'accept' => 'text/css,*/*;q=0.1',
  'referer' => 'http://reportsystem/teacher/course/courseMenu',
  'accept-encoding' => 'gzip, deflate',
  'accept-language' => 'zh-CN,zh;q=0.9',
  'cookie' => 'pgv_pvi=3972531200; PHPSESSID=24trp3ofqmar2gmni2apl4lag6',
)
[ info ] [ PARAM ] array (
)
[ info ] [ LOG ] INIT File
---------------------------------------------------------------
[ 2019-03-19T00:01:50+08:00 ] 0.0.0.0 GET /teacher/course/courseMenu
[ info ] reportsystem/teacher/course/courseMenu [运行时间：0.193015s][吞吐率：5.18req/s] [内存消耗：5,193.19kb] [文件加载：50]
[ info ] [ LANG ] F:\study\www\reportSystem\ThinkPHP\thinkphp\lang\zh-cn.php
[ info ] [ ROUTE ] array (
  'type' => 'module',
  'module' => 
  array (
    0 => 'teacher',
    1 => 'course',
    2 => 'courseMenu',
  ),
)
[ info ] [ HEADER ] array (
  'host' => 'reportsystem',
  'connection' => 'keep-alive',
  'upgrade-insecure-requests' => '1',
  'user-agent' => 'Mozilla/5.0 (Windows NT 10.0; WOW64) AppleWebKit/537.36 (KHTML, like Gecko) Chrome/71.0.3578.98 Safari/537.36',
  'accept' => 'text/html,application/xhtml+xml,application/xml;q=0.9,image/webp,image/apng,*/*;q=0.8',
  'referer' => 'http://reportsystem/teacher/course/courseMenu',
  'accept-encoding' => 'gzip, deflate',
  'accept-language' => 'zh-CN,zh;q=0.9',
  'cookie' => 'pgv_pvi=3972531200; PHPSESSID=24trp3ofqmar2gmni2apl4lag6',
)
[ info ] [ PARAM ] array (
)
[ info ] [ SESSION ] INIT array (
  'id' => '',
  'var_session_id' => '',
  'prefix' => 'think',
  'type' => '',
  'auto_start' => true,
  'httponly' => true,
  'secure' => false,
)
[ info ] [ RUN ] app\teacher\controller\Course->courseMenu[ F:\study\www\reportSystem\ThinkPHP\app\teacher\controller\Course.php ]
[ info ] [ DB ] INIT mysql
[ info ] [ VIEW ] F:\study\www\reportSystem\ThinkPHP\public/../app/teacher\view\course\courseList.html [ array (
  0 => 'courseList',
  1 => 'taskList',
) ]
[ info ] [ LOG ] INIT File
[ notice ] 显示课程列表
[ sql ] [ DB ] CONNECT:[ UseTime:0.002101s ] mysql:host=127.0.0.1;port=3306;dbname=report_system;charset=utf8
[ sql ] [ SQL ] SHOW COLUMNS FROM `course` [ RunTime:0.002211s ]
[ sql ] [ SQL ] SELECT * FROM `course` WHERE (  (  teacherNo = '2012032' ) ) AND `course`.`deleteTime` IS NULL [ RunTime:0.002567s ]
[ sql ] [ SQL ] SHOW COLUMNS FROM `task` [ RunTime:0.005340s ]
[ sql ] [ SQL ] SELECT * FROM `task` WHERE (  (  teacherNo = '2012032' ) ) AND `task`.`deleteTime` IS NULL [ RunTime:0.001023s ]
---------------------------------------------------------------
[ 2019-03-19T00:01:50+08:00 ] 0.0.0.0 GET /static/fontawesome-5.5.0/css/font-awesome.min.css
[ info ] reportsystem/static/fontawesome-5.5.0/css/font-awesome.min.css [运行时间：0.098538s][吞吐率：10.15req/s] [内存消耗：2,507.24kb] [文件加载：32]
[ info ] [ LANG ] F:\study\www\reportSystem\ThinkPHP\thinkphp\lang\zh-cn.php
[ info ] [ ROUTE ] array (
  'type' => 'module',
  'module' => 
  array (
    0 => 'static',
    1 => 'fontawesome-5.5.0',
    2 => 'css',
  ),
)
[ info ] [ HEADER ] array (
  'host' => 'reportsystem',
  'connection' => 'keep-alive',
  'user-agent' => 'Mozilla/5.0 (Windows NT 10.0; WOW64) AppleWebKit/537.36 (KHTML, like Gecko) Chrome/71.0.3578.98 Safari/537.36',
  'accept' => 'text/css,*/*;q=0.1',
  'referer' => 'http://reportsystem/teacher/course/courseMenu',
  'accept-encoding' => 'gzip, deflate',
  'accept-language' => 'zh-CN,zh;q=0.9',
  'cookie' => 'pgv_pvi=3972531200; PHPSESSID=24trp3ofqmar2gmni2apl4lag6',
)
[ info ] [ PARAM ] array (
)
[ info ] [ LOG ] INIT File
---------------------------------------------------------------
[ 2019-03-19T00:03:36+08:00 ] 0.0.0.0 GET /teacher/course/courseMenu
[ info ] reportsystem/teacher/course/courseMenu [运行时间：0.305993s][吞吐率：3.27req/s] [内存消耗：5,454.50kb] [文件加载：52]
[ info ] [ LANG ] F:\study\www\reportSystem\ThinkPHP\thinkphp\lang\zh-cn.php
[ info ] [ ROUTE ] array (
  'type' => 'module',
  'module' => 
  array (
    0 => 'teacher',
    1 => 'course',
    2 => 'courseMenu',
  ),
)
[ info ] [ HEADER ] array (
  'host' => 'reportsystem',
  'connection' => 'keep-alive',
  'cache-control' => 'max-age=0',
  'upgrade-insecure-requests' => '1',
  'user-agent' => 'Mozilla/5.0 (Windows NT 10.0; WOW64) AppleWebKit/537.36 (KHTML, like Gecko) Chrome/71.0.3578.98 Safari/537.36',
  'accept' => 'text/html,application/xhtml+xml,application/xml;q=0.9,image/webp,image/apng,*/*;q=0.8',
  'referer' => 'http://reportsystem/teacher/course/courseMenu',
  'accept-encoding' => 'gzip, deflate',
  'accept-language' => 'zh-CN,zh;q=0.9',
  'cookie' => 'pgv_pvi=3972531200; PHPSESSID=24trp3ofqmar2gmni2apl4lag6',
)
[ info ] [ PARAM ] array (
)
[ info ] [ SESSION ] INIT array (
  'id' => '',
  'var_session_id' => '',
  'prefix' => 'think',
  'type' => '',
  'auto_start' => true,
  'httponly' => true,
  'secure' => false,
)
[ info ] [ RUN ] app\teacher\controller\Course->courseMenu[ F:\study\www\reportSystem\ThinkPHP\app\teacher\controller\Course.php ]
[ info ] [ DB ] INIT mysql
[ info ] [ VIEW ] F:\study\www\reportSystem\ThinkPHP\public/../app/teacher\view\course\courseList.html [ array (
  0 => 'courseList',
  1 => 'taskList',
) ]
[ info ] [ LOG ] INIT File
[ notice ] 显示课程列表
[ sql ] [ DB ] CONNECT:[ UseTime:0.002202s ] mysql:host=127.0.0.1;port=3306;dbname=report_system;charset=utf8
[ sql ] [ SQL ] SHOW COLUMNS FROM `course` [ RunTime:0.002106s ]
[ sql ] [ SQL ] SELECT * FROM `course` WHERE (  (  teacherNo = '2012032' ) ) AND `course`.`deleteTime` IS NULL [ RunTime:0.003059s ]
[ sql ] [ SQL ] SHOW COLUMNS FROM `task` [ RunTime:0.005132s ]
[ sql ] [ SQL ] SELECT * FROM `task` WHERE (  (  teacherNo = '2012032' ) ) AND `task`.`deleteTime` IS NULL [ RunTime:0.001072s ]
---------------------------------------------------------------
[ 2019-03-19T00:03:36+08:00 ] 0.0.0.0 GET /static/fontawesome-5.5.0/css/font-awesome.min.css
[ info ] reportsystem/static/fontawesome-5.5.0/css/font-awesome.min.css [运行时间：0.100614s][吞吐率：9.94req/s] [内存消耗：2,507.24kb] [文件加载：32]
[ info ] [ LANG ] F:\study\www\reportSystem\ThinkPHP\thinkphp\lang\zh-cn.php
[ info ] [ ROUTE ] array (
  'type' => 'module',
  'module' => 
  array (
    0 => 'static',
    1 => 'fontawesome-5.5.0',
    2 => 'css',
  ),
)
[ info ] [ HEADER ] array (
  'host' => 'reportsystem',
  'connection' => 'keep-alive',
  'user-agent' => 'Mozilla/5.0 (Windows NT 10.0; WOW64) AppleWebKit/537.36 (KHTML, like Gecko) Chrome/71.0.3578.98 Safari/537.36',
  'accept' => 'text/css,*/*;q=0.1',
  'referer' => 'http://reportsystem/teacher/course/courseMenu',
  'accept-encoding' => 'gzip, deflate',
  'accept-language' => 'zh-CN,zh;q=0.9',
  'cookie' => 'pgv_pvi=3972531200; PHPSESSID=24trp3ofqmar2gmni2apl4lag6',
)
[ info ] [ PARAM ] array (
)
[ info ] [ LOG ] INIT File
---------------------------------------------------------------
[ 2019-03-19T00:04:21+08:00 ] 0.0.0.0 GET /teacher/course/courseMenu
[ info ] reportsystem/teacher/course/courseMenu [运行时间：0.306925s][吞吐率：3.26req/s] [内存消耗：5,453.82kb] [文件加载：52]
[ info ] [ LANG ] F:\study\www\reportSystem\ThinkPHP\thinkphp\lang\zh-cn.php
[ info ] [ ROUTE ] array (
  'type' => 'module',
  'module' => 
  array (
    0 => 'teacher',
    1 => 'course',
    2 => 'courseMenu',
  ),
)
[ info ] [ HEADER ] array (
  'host' => 'reportsystem',
  'connection' => 'keep-alive',
  'cache-control' => 'max-age=0',
  'upgrade-insecure-requests' => '1',
  'user-agent' => 'Mozilla/5.0 (Windows NT 10.0; WOW64) AppleWebKit/537.36 (KHTML, like Gecko) Chrome/71.0.3578.98 Safari/537.36',
  'accept' => 'text/html,application/xhtml+xml,application/xml;q=0.9,image/webp,image/apng,*/*;q=0.8',
  'referer' => 'http://reportsystem/teacher/course/courseMenu',
  'accept-encoding' => 'gzip, deflate',
  'accept-language' => 'zh-CN,zh;q=0.9',
  'cookie' => 'pgv_pvi=3972531200; PHPSESSID=24trp3ofqmar2gmni2apl4lag6',
)
[ info ] [ PARAM ] array (
)
[ info ] [ SESSION ] INIT array (
  'id' => '',
  'var_session_id' => '',
  'prefix' => 'think',
  'type' => '',
  'auto_start' => true,
  'httponly' => true,
  'secure' => false,
)
[ info ] [ RUN ] app\teacher\controller\Course->courseMenu[ F:\study\www\reportSystem\ThinkPHP\app\teacher\controller\Course.php ]
[ info ] [ DB ] INIT mysql
[ info ] [ VIEW ] F:\study\www\reportSystem\ThinkPHP\public/../app/teacher\view\course\courseList.html [ array (
  0 => 'courseList',
  1 => 'taskList',
) ]
[ info ] [ LOG ] INIT File
[ notice ] 显示课程列表
[ sql ] [ DB ] CONNECT:[ UseTime:0.002038s ] mysql:host=127.0.0.1;port=3306;dbname=report_system;charset=utf8
[ sql ] [ SQL ] SHOW COLUMNS FROM `course` [ RunTime:0.002370s ]
[ sql ] [ SQL ] SELECT * FROM `course` WHERE (  (  teacherNo = '2012032' ) ) AND `course`.`deleteTime` IS NULL [ RunTime:0.003001s ]
[ sql ] [ SQL ] SHOW COLUMNS FROM `task` [ RunTime:0.005601s ]
[ sql ] [ SQL ] SELECT * FROM `task` WHERE (  (  teacherNo = '2012032' ) ) AND `task`.`deleteTime` IS NULL [ RunTime:0.002331s ]
---------------------------------------------------------------
[ 2019-03-19T00:04:21+08:00 ] 0.0.0.0 GET /static/fontawesome-5.5.0/css/font-awesome.min.css
[ info ] reportsystem/static/fontawesome-5.5.0/css/font-awesome.min.css [运行时间：0.124122s][吞吐率：8.06req/s] [内存消耗：2,507.24kb] [文件加载：32]
[ info ] [ LANG ] F:\study\www\reportSystem\ThinkPHP\thinkphp\lang\zh-cn.php
[ info ] [ ROUTE ] array (
  'type' => 'module',
  'module' => 
  array (
    0 => 'static',
    1 => 'fontawesome-5.5.0',
    2 => 'css',
  ),
)
[ info ] [ HEADER ] array (
  'host' => 'reportsystem',
  'connection' => 'keep-alive',
  'user-agent' => 'Mozilla/5.0 (Windows NT 10.0; WOW64) AppleWebKit/537.36 (KHTML, like Gecko) Chrome/71.0.3578.98 Safari/537.36',
  'accept' => 'text/css,*/*;q=0.1',
  'referer' => 'http://reportsystem/teacher/course/courseMenu',
  'accept-encoding' => 'gzip, deflate',
  'accept-language' => 'zh-CN,zh;q=0.9',
  'cookie' => 'pgv_pvi=3972531200; PHPSESSID=24trp3ofqmar2gmni2apl4lag6',
)
[ info ] [ PARAM ] array (
)
[ info ] [ LOG ] INIT File
---------------------------------------------------------------
[ 2019-03-19T00:04:46+08:00 ] 0.0.0.0 GET /teacher/course/courseMenu
[ info ] reportsystem/teacher/course/courseMenu [运行时间：0.282951s][吞吐率：3.53req/s] [内存消耗：5,453.85kb] [文件加载：52]
[ info ] [ LANG ] F:\study\www\reportSystem\ThinkPHP\thinkphp\lang\zh-cn.php
[ info ] [ ROUTE ] array (
  'type' => 'module',
  'module' => 
  array (
    0 => 'teacher',
    1 => 'course',
    2 => 'courseMenu',
  ),
)
[ info ] [ HEADER ] array (
  'host' => 'reportsystem',
  'connection' => 'keep-alive',
  'cache-control' => 'max-age=0',
  'upgrade-insecure-requests' => '1',
  'user-agent' => 'Mozilla/5.0 (Windows NT 10.0; WOW64) AppleWebKit/537.36 (KHTML, like Gecko) Chrome/71.0.3578.98 Safari/537.36',
  'accept' => 'text/html,application/xhtml+xml,application/xml;q=0.9,image/webp,image/apng,*/*;q=0.8',
  'referer' => 'http://reportsystem/teacher/course/courseMenu',
  'accept-encoding' => 'gzip, deflate',
  'accept-language' => 'zh-CN,zh;q=0.9',
  'cookie' => 'pgv_pvi=3972531200; PHPSESSID=24trp3ofqmar2gmni2apl4lag6',
)
[ info ] [ PARAM ] array (
)
[ info ] [ SESSION ] INIT array (
  'id' => '',
  'var_session_id' => '',
  'prefix' => 'think',
  'type' => '',
  'auto_start' => true,
  'httponly' => true,
  'secure' => false,
)
[ info ] [ RUN ] app\teacher\controller\Course->courseMenu[ F:\study\www\reportSystem\ThinkPHP\app\teacher\controller\Course.php ]
[ info ] [ DB ] INIT mysql
[ info ] [ VIEW ] F:\study\www\reportSystem\ThinkPHP\public/../app/teacher\view\course\courseList.html [ array (
  0 => 'courseList',
  1 => 'taskList',
) ]
[ info ] [ LOG ] INIT File
[ notice ] 显示课程列表
[ sql ] [ DB ] CONNECT:[ UseTime:0.002394s ] mysql:host=127.0.0.1;port=3306;dbname=report_system;charset=utf8
[ sql ] [ SQL ] SHOW COLUMNS FROM `course` [ RunTime:0.002171s ]
[ sql ] [ SQL ] SELECT * FROM `course` WHERE (  (  teacherNo = '2012032' ) ) AND `course`.`deleteTime` IS NULL [ RunTime:0.002066s ]
[ sql ] [ SQL ] SHOW COLUMNS FROM `task` [ RunTime:0.005020s ]
[ sql ] [ SQL ] SELECT * FROM `task` WHERE (  (  teacherNo = '2012032' ) ) AND `task`.`deleteTime` IS NULL [ RunTime:0.001180s ]
---------------------------------------------------------------
[ 2019-03-19T00:04:46+08:00 ] 0.0.0.0 GET /static/fontawesome-5.5.0/css/font-awesome.min.css
[ info ] reportsystem/static/fontawesome-5.5.0/css/font-awesome.min.css [运行时间：0.120825s][吞吐率：8.28req/s] [内存消耗：2,507.24kb] [文件加载：32]
[ info ] [ LANG ] F:\study\www\reportSystem\ThinkPHP\thinkphp\lang\zh-cn.php
[ info ] [ ROUTE ] array (
  'type' => 'module',
  'module' => 
  array (
    0 => 'static',
    1 => 'fontawesome-5.5.0',
    2 => 'css',
  ),
)
[ info ] [ HEADER ] array (
  'host' => 'reportsystem',
  'connection' => 'keep-alive',
  'user-agent' => 'Mozilla/5.0 (Windows NT 10.0; WOW64) AppleWebKit/537.36 (KHTML, like Gecko) Chrome/71.0.3578.98 Safari/537.36',
  'accept' => 'text/css,*/*;q=0.1',
  'referer' => 'http://reportsystem/teacher/course/courseMenu',
  'accept-encoding' => 'gzip, deflate',
  'accept-language' => 'zh-CN,zh;q=0.9',
  'cookie' => 'pgv_pvi=3972531200; PHPSESSID=24trp3ofqmar2gmni2apl4lag6',
)
[ info ] [ PARAM ] array (
)
[ info ] [ LOG ] INIT File
---------------------------------------------------------------
[ 2019-03-19T00:11:34+08:00 ] 0.0.0.0 GET /teacher/course/courseMenu
[ info ] reportsystem/teacher/course/courseMenu [运行时间：0.398469s][吞吐率：2.51req/s] [内存消耗：5,460.77kb] [文件加载：52]
[ info ] [ LANG ] F:\study\www\reportSystem\ThinkPHP\thinkphp\lang\zh-cn.php
[ info ] [ ROUTE ] array (
  'type' => 'module',
  'module' => 
  array (
    0 => 'teacher',
    1 => 'course',
    2 => 'courseMenu',
  ),
)
[ info ] [ HEADER ] array (
  'host' => 'reportsystem',
  'connection' => 'keep-alive',
  'cache-control' => 'max-age=0',
  'upgrade-insecure-requests' => '1',
  'user-agent' => 'Mozilla/5.0 (Windows NT 10.0; WOW64) AppleWebKit/537.36 (KHTML, like Gecko) Chrome/71.0.3578.98 Safari/537.36',
  'accept' => 'text/html,application/xhtml+xml,application/xml;q=0.9,image/webp,image/apng,*/*;q=0.8',
  'referer' => 'http://reportsystem/teacher/course/courseMenu',
  'accept-encoding' => 'gzip, deflate',
  'accept-language' => 'zh-CN,zh;q=0.9',
  'cookie' => 'pgv_pvi=3972531200; PHPSESSID=24trp3ofqmar2gmni2apl4lag6',
)
[ info ] [ PARAM ] array (
)
[ info ] [ SESSION ] INIT array (
  'id' => '',
  'var_session_id' => '',
  'prefix' => 'think',
  'type' => '',
  'auto_start' => true,
  'httponly' => true,
  'secure' => false,
)
[ info ] [ RUN ] app\teacher\controller\Course->courseMenu[ F:\study\www\reportSystem\ThinkPHP\app\teacher\controller\Course.php ]
[ info ] [ DB ] INIT mysql
[ info ] [ VIEW ] F:\study\www\reportSystem\ThinkPHP\public/../app/teacher\view\course\courseList.html [ array (
  0 => 'courseList',
  1 => 'taskList',
) ]
[ info ] [ LOG ] INIT File
[ notice ] 显示课程列表
[ sql ] [ DB ] CONNECT:[ UseTime:0.004996s ] mysql:host=127.0.0.1;port=3306;dbname=report_system;charset=utf8
[ sql ] [ SQL ] SHOW COLUMNS FROM `course` [ RunTime:0.002918s ]
[ sql ] [ SQL ] SELECT * FROM `course` WHERE (  (  teacherNo = '2012032' ) ) AND `course`.`deleteTime` IS NULL [ RunTime:0.003488s ]
[ sql ] [ SQL ] SHOW COLUMNS FROM `task` [ RunTime:0.005285s ]
[ sql ] [ SQL ] SELECT * FROM `task` WHERE (  (  teacherNo = '2012032' ) ) AND `task`.`deleteTime` IS NULL [ RunTime:0.001855s ]
---------------------------------------------------------------
[ 2019-03-19T00:11:34+08:00 ] 0.0.0.0 GET /static/fontawesome-5.5.0/css/font-awesome.min.css
[ info ] reportsystem/static/fontawesome-5.5.0/css/font-awesome.min.css [运行时间：0.135160s][吞吐率：7.40req/s] [内存消耗：2,507.24kb] [文件加载：32]
[ info ] [ LANG ] F:\study\www\reportSystem\ThinkPHP\thinkphp\lang\zh-cn.php
[ info ] [ ROUTE ] array (
  'type' => 'module',
  'module' => 
  array (
    0 => 'static',
    1 => 'fontawesome-5.5.0',
    2 => 'css',
  ),
)
[ info ] [ HEADER ] array (
  'host' => 'reportsystem',
  'connection' => 'keep-alive',
  'user-agent' => 'Mozilla/5.0 (Windows NT 10.0; WOW64) AppleWebKit/537.36 (KHTML, like Gecko) Chrome/71.0.3578.98 Safari/537.36',
  'accept' => 'text/css,*/*;q=0.1',
  'referer' => 'http://reportsystem/teacher/course/courseMenu',
  'accept-encoding' => 'gzip, deflate',
  'accept-language' => 'zh-CN,zh;q=0.9',
  'cookie' => 'pgv_pvi=3972531200; PHPSESSID=24trp3ofqmar2gmni2apl4lag6',
)
[ info ] [ PARAM ] array (
)
[ info ] [ LOG ] INIT File
---------------------------------------------------------------
[ 2019-03-19T00:11:36+08:00 ] 0.0.0.0 GET /teacher/course/showTask?courseNo=351
[ info ] reportsystem/teacher/course/showTask?courseNo=351 [运行时间：0.192107s][吞吐率：5.21req/s] [内存消耗：5,202.42kb] [文件加载：50]
[ info ] [ LANG ] F:\study\www\reportSystem\ThinkPHP\thinkphp\lang\zh-cn.php
[ info ] [ ROUTE ] array (
  'type' => 'module',
  'module' => 
  array (
    0 => 'teacher',
    1 => 'course',
    2 => 'showTask',
  ),
)
[ info ] [ HEADER ] array (
  'host' => 'reportsystem',
  'connection' => 'keep-alive',
  'upgrade-insecure-requests' => '1',
  'user-agent' => 'Mozilla/5.0 (Windows NT 10.0; WOW64) AppleWebKit/537.36 (KHTML, like Gecko) Chrome/71.0.3578.98 Safari/537.36',
  'accept' => 'text/html,application/xhtml+xml,application/xml;q=0.9,image/webp,image/apng,*/*;q=0.8',
  'referer' => 'http://reportsystem/teacher/course/courseMenu',
  'accept-encoding' => 'gzip, deflate',
  'accept-language' => 'zh-CN,zh;q=0.9',
  'cookie' => 'pgv_pvi=3972531200; PHPSESSID=24trp3ofqmar2gmni2apl4lag6',
)
[ info ] [ PARAM ] array (
  'courseNo' => '351',
)
[ info ] [ SESSION ] INIT array (
  'id' => '',
  'var_session_id' => '',
  'prefix' => 'think',
  'type' => '',
  'auto_start' => true,
  'httponly' => true,
  'secure' => false,
)
[ info ] [ RUN ] app\teacher\controller\Course->showTask[ F:\study\www\reportSystem\ThinkPHP\app\teacher\controller\Course.php ]
[ info ] [ DB ] INIT mysql
[ info ] [ VIEW ] F:\study\www\reportSystem\ThinkPHP\public/../app/teacher\view\course\courseList.html [ array (
  0 => 'courseList',
  1 => 'taskList',
) ]
[ info ] [ LOG ] INIT File
[ notice ] 显示课程列表
[ sql ] [ DB ] CONNECT:[ UseTime:0.002118s ] mysql:host=127.0.0.1;port=3306;dbname=report_system;charset=utf8
[ sql ] [ SQL ] SHOW COLUMNS FROM `course` [ RunTime:0.003081s ]
[ sql ] [ SQL ] SELECT * FROM `course` WHERE (  (  teacherNo = '2012032' ) ) AND `course`.`deleteTime` IS NULL [ RunTime:0.002476s ]
[ sql ] [ SQL ] SHOW COLUMNS FROM `task` [ RunTime:0.006080s ]
[ sql ] [ SQL ] SELECT * FROM `task` WHERE (  (  teacherNo = '2012032' )  AND (  courseNo = '351' ) ) AND `task`.`deleteTime` IS NULL [ RunTime:0.001369s ]
---------------------------------------------------------------
[ 2019-03-19T00:11:36+08:00 ] 0.0.0.0 GET /static/fontawesome-5.5.0/css/font-awesome.min.css
[ info ] reportsystem/static/fontawesome-5.5.0/css/font-awesome.min.css [运行时间：0.120878s][吞吐率：8.27req/s] [内存消耗：2,507.70kb] [文件加载：32]
[ info ] [ LANG ] F:\study\www\reportSystem\ThinkPHP\thinkphp\lang\zh-cn.php
[ info ] [ ROUTE ] array (
  'type' => 'module',
  'module' => 
  array (
    0 => 'static',
    1 => 'fontawesome-5.5.0',
    2 => 'css',
  ),
)
[ info ] [ HEADER ] array (
  'host' => 'reportsystem',
  'connection' => 'keep-alive',
  'user-agent' => 'Mozilla/5.0 (Windows NT 10.0; WOW64) AppleWebKit/537.36 (KHTML, like Gecko) Chrome/71.0.3578.98 Safari/537.36',
  'accept' => 'text/css,*/*;q=0.1',
  'referer' => 'http://reportsystem/teacher/course/showTask?courseNo=351',
  'accept-encoding' => 'gzip, deflate',
  'accept-language' => 'zh-CN,zh;q=0.9',
  'cookie' => 'pgv_pvi=3972531200; PHPSESSID=24trp3ofqmar2gmni2apl4lag6',
)
[ info ] [ PARAM ] array (
)
[ info ] [ LOG ] INIT File
---------------------------------------------------------------
[ 2019-03-19T00:11:38+08:00 ] 0.0.0.0 GET /teacher/course/showTask?courseNo=543
[ info ] reportsystem/teacher/course/showTask?courseNo=543 [运行时间：0.206363s][吞吐率：4.85req/s] [内存消耗：5,189.38kb] [文件加载：50]
[ info ] [ LANG ] F:\study\www\reportSystem\ThinkPHP\thinkphp\lang\zh-cn.php
[ info ] [ ROUTE ] array (
  'type' => 'module',
  'module' => 
  array (
    0 => 'teacher',
    1 => 'course',
    2 => 'showTask',
  ),
)
[ info ] [ HEADER ] array (
  'host' => 'reportsystem',
  'connection' => 'keep-alive',
  'upgrade-insecure-requests' => '1',
  'user-agent' => 'Mozilla/5.0 (Windows NT 10.0; WOW64) AppleWebKit/537.36 (KHTML, like Gecko) Chrome/71.0.3578.98 Safari/537.36',
  'accept' => 'text/html,application/xhtml+xml,application/xml;q=0.9,image/webp,image/apng,*/*;q=0.8',
  'referer' => 'http://reportsystem/teacher/course/showTask?courseNo=351',
  'accept-encoding' => 'gzip, deflate',
  'accept-language' => 'zh-CN,zh;q=0.9',
  'cookie' => 'pgv_pvi=3972531200; PHPSESSID=24trp3ofqmar2gmni2apl4lag6',
)
[ info ] [ PARAM ] array (
  'courseNo' => '543',
)
[ info ] [ SESSION ] INIT array (
  'id' => '',
  'var_session_id' => '',
  'prefix' => 'think',
  'type' => '',
  'auto_start' => true,
  'httponly' => true,
  'secure' => false,
)
[ info ] [ RUN ] app\teacher\controller\Course->showTask[ F:\study\www\reportSystem\ThinkPHP\app\teacher\controller\Course.php ]
[ info ] [ DB ] INIT mysql
[ info ] [ VIEW ] F:\study\www\reportSystem\ThinkPHP\public/../app/teacher\view\course\courseList.html [ array (
  0 => 'courseList',
  1 => 'taskList',
) ]
[ info ] [ LOG ] INIT File
[ notice ] 显示课程列表
[ sql ] [ DB ] CONNECT:[ UseTime:0.002055s ] mysql:host=127.0.0.1;port=3306;dbname=report_system;charset=utf8
[ sql ] [ SQL ] SHOW COLUMNS FROM `course` [ RunTime:0.002102s ]
[ sql ] [ SQL ] SELECT * FROM `course` WHERE (  (  teacherNo = '2012032' ) ) AND `course`.`deleteTime` IS NULL [ RunTime:0.004164s ]
[ sql ] [ SQL ] SHOW COLUMNS FROM `task` [ RunTime:0.005123s ]
[ sql ] [ SQL ] SELECT * FROM `task` WHERE (  (  teacherNo = '2012032' )  AND (  courseNo = '543' ) ) AND `task`.`deleteTime` IS NULL [ RunTime:0.002364s ]
---------------------------------------------------------------
[ 2019-03-19T00:11:38+08:00 ] 0.0.0.0 GET /static/fontawesome-5.5.0/css/font-awesome.min.css
[ info ] reportsystem/static/fontawesome-5.5.0/css/font-awesome.min.css [运行时间：0.102537s][吞吐率：9.75req/s] [内存消耗：2,507.70kb] [文件加载：32]
[ info ] [ LANG ] F:\study\www\reportSystem\ThinkPHP\thinkphp\lang\zh-cn.php
[ info ] [ ROUTE ] array (
  'type' => 'module',
  'module' => 
  array (
    0 => 'static',
    1 => 'fontawesome-5.5.0',
    2 => 'css',
  ),
)
[ info ] [ HEADER ] array (
  'host' => 'reportsystem',
  'connection' => 'keep-alive',
  'user-agent' => 'Mozilla/5.0 (Windows NT 10.0; WOW64) AppleWebKit/537.36 (KHTML, like Gecko) Chrome/71.0.3578.98 Safari/537.36',
  'accept' => 'text/css,*/*;q=0.1',
  'referer' => 'http://reportsystem/teacher/course/showTask?courseNo=543',
  'accept-encoding' => 'gzip, deflate',
  'accept-language' => 'zh-CN,zh;q=0.9',
  'cookie' => 'pgv_pvi=3972531200; PHPSESSID=24trp3ofqmar2gmni2apl4lag6',
)
[ info ] [ PARAM ] array (
)
[ info ] [ LOG ] INIT File
---------------------------------------------------------------
[ 2019-03-19T00:11:39+08:00 ] 0.0.0.0 GET /teacher/course/showTask?courseNo=351
[ info ] reportsystem/teacher/course/showTask?courseNo=351 [运行时间：0.195310s][吞吐率：5.12req/s] [内存消耗：5,202.35kb] [文件加载：50]
[ info ] [ LANG ] F:\study\www\reportSystem\ThinkPHP\thinkphp\lang\zh-cn.php
[ info ] [ ROUTE ] array (
  'type' => 'module',
  'module' => 
  array (
    0 => 'teacher',
    1 => 'course',
    2 => 'showTask',
  ),
)
[ info ] [ HEADER ] array (
  'host' => 'reportsystem',
  'connection' => 'keep-alive',
  'upgrade-insecure-requests' => '1',
  'user-agent' => 'Mozilla/5.0 (Windows NT 10.0; WOW64) AppleWebKit/537.36 (KHTML, like Gecko) Chrome/71.0.3578.98 Safari/537.36',
  'accept' => 'text/html,application/xhtml+xml,application/xml;q=0.9,image/webp,image/apng,*/*;q=0.8',
  'referer' => 'http://reportsystem/teacher/course/showTask?courseNo=543',
  'accept-encoding' => 'gzip, deflate',
  'accept-language' => 'zh-CN,zh;q=0.9',
  'cookie' => 'pgv_pvi=3972531200; PHPSESSID=24trp3ofqmar2gmni2apl4lag6',
)
[ info ] [ PARAM ] array (
  'courseNo' => '351',
)
[ info ] [ SESSION ] INIT array (
  'id' => '',
  'var_session_id' => '',
  'prefix' => 'think',
  'type' => '',
  'auto_start' => true,
  'httponly' => true,
  'secure' => false,
)
[ info ] [ RUN ] app\teacher\controller\Course->showTask[ F:\study\www\reportSystem\ThinkPHP\app\teacher\controller\Course.php ]
[ info ] [ DB ] INIT mysql
[ info ] [ VIEW ] F:\study\www\reportSystem\ThinkPHP\public/../app/teacher\view\course\courseList.html [ array (
  0 => 'courseList',
  1 => 'taskList',
) ]
[ info ] [ LOG ] INIT File
[ notice ] 显示课程列表
[ sql ] [ DB ] CONNECT:[ UseTime:0.002058s ] mysql:host=127.0.0.1;port=3306;dbname=report_system;charset=utf8
[ sql ] [ SQL ] SHOW COLUMNS FROM `course` [ RunTime:0.003269s ]
[ sql ] [ SQL ] SELECT * FROM `course` WHERE (  (  teacherNo = '2012032' ) ) AND `course`.`deleteTime` IS NULL [ RunTime:0.003076s ]
[ sql ] [ SQL ] SHOW COLUMNS FROM `task` [ RunTime:0.003013s ]
[ sql ] [ SQL ] SELECT * FROM `task` WHERE (  (  teacherNo = '2012032' )  AND (  courseNo = '351' ) ) AND `task`.`deleteTime` IS NULL [ RunTime:0.001283s ]
---------------------------------------------------------------
[ 2019-03-19T00:11:40+08:00 ] 0.0.0.0 GET /static/fontawesome-5.5.0/css/font-awesome.min.css
[ info ] reportsystem/static/fontawesome-5.5.0/css/font-awesome.min.css [运行时间：0.107766s][吞吐率：9.28req/s] [内存消耗：2,507.70kb] [文件加载：32]
[ info ] [ LANG ] F:\study\www\reportSystem\ThinkPHP\thinkphp\lang\zh-cn.php
[ info ] [ ROUTE ] array (
  'type' => 'module',
  'module' => 
  array (
    0 => 'static',
    1 => 'fontawesome-5.5.0',
    2 => 'css',
  ),
)
[ info ] [ HEADER ] array (
  'host' => 'reportsystem',
  'connection' => 'keep-alive',
  'user-agent' => 'Mozilla/5.0 (Windows NT 10.0; WOW64) AppleWebKit/537.36 (KHTML, like Gecko) Chrome/71.0.3578.98 Safari/537.36',
  'accept' => 'text/css,*/*;q=0.1',
  'referer' => 'http://reportsystem/teacher/course/showTask?courseNo=351',
  'accept-encoding' => 'gzip, deflate',
  'accept-language' => 'zh-CN,zh;q=0.9',
  'cookie' => 'pgv_pvi=3972531200; PHPSESSID=24trp3ofqmar2gmni2apl4lag6',
)
[ info ] [ PARAM ] array (
)
[ info ] [ LOG ] INIT File
---------------------------------------------------------------
[ 2019-03-19T00:11:41+08:00 ] 0.0.0.0 GET /teacher/course/showTask?courseNo=543
[ info ] reportsystem/teacher/course/showTask?courseNo=543 [运行时间：0.160961s][吞吐率：6.21req/s] [内存消耗：5,189.38kb] [文件加载：50]
[ info ] [ LANG ] F:\study\www\reportSystem\ThinkPHP\thinkphp\lang\zh-cn.php
[ info ] [ ROUTE ] array (
  'type' => 'module',
  'module' => 
  array (
    0 => 'teacher',
    1 => 'course',
    2 => 'showTask',
  ),
)
[ info ] [ HEADER ] array (
  'host' => 'reportsystem',
  'connection' => 'keep-alive',
  'upgrade-insecure-requests' => '1',
  'user-agent' => 'Mozilla/5.0 (Windows NT 10.0; WOW64) AppleWebKit/537.36 (KHTML, like Gecko) Chrome/71.0.3578.98 Safari/537.36',
  'accept' => 'text/html,application/xhtml+xml,application/xml;q=0.9,image/webp,image/apng,*/*;q=0.8',
  'referer' => 'http://reportsystem/teacher/course/showTask?courseNo=351',
  'accept-encoding' => 'gzip, deflate',
  'accept-language' => 'zh-CN,zh;q=0.9',
  'cookie' => 'pgv_pvi=3972531200; PHPSESSID=24trp3ofqmar2gmni2apl4lag6',
)
[ info ] [ PARAM ] array (
  'courseNo' => '543',
)
[ info ] [ SESSION ] INIT array (
  'id' => '',
  'var_session_id' => '',
  'prefix' => 'think',
  'type' => '',
  'auto_start' => true,
  'httponly' => true,
  'secure' => false,
)
[ info ] [ RUN ] app\teacher\controller\Course->showTask[ F:\study\www\reportSystem\ThinkPHP\app\teacher\controller\Course.php ]
[ info ] [ DB ] INIT mysql
[ info ] [ VIEW ] F:\study\www\reportSystem\ThinkPHP\public/../app/teacher\view\course\courseList.html [ array (
  0 => 'courseList',
  1 => 'taskList',
) ]
[ info ] [ LOG ] INIT File
[ notice ] 显示课程列表
[ sql ] [ DB ] CONNECT:[ UseTime:0.002410s ] mysql:host=127.0.0.1;port=3306;dbname=report_system;charset=utf8
[ sql ] [ SQL ] SHOW COLUMNS FROM `course` [ RunTime:0.002121s ]
[ sql ] [ SQL ] SELECT * FROM `course` WHERE (  (  teacherNo = '2012032' ) ) AND `course`.`deleteTime` IS NULL [ RunTime:0.001986s ]
[ sql ] [ SQL ] SHOW COLUMNS FROM `task` [ RunTime:0.002595s ]
[ sql ] [ SQL ] SELECT * FROM `task` WHERE (  (  teacherNo = '2012032' )  AND (  courseNo = '543' ) ) AND `task`.`deleteTime` IS NULL [ RunTime:0.001749s ]
---------------------------------------------------------------
[ 2019-03-19T00:11:41+08:00 ] 0.0.0.0 GET /static/fontawesome-5.5.0/css/font-awesome.min.css
[ info ] reportsystem/static/fontawesome-5.5.0/css/font-awesome.min.css [运行时间：0.100044s][吞吐率：10.00req/s] [内存消耗：2,507.70kb] [文件加载：32]
[ info ] [ LANG ] F:\study\www\reportSystem\ThinkPHP\thinkphp\lang\zh-cn.php
[ info ] [ ROUTE ] array (
  'type' => 'module',
  'module' => 
  array (
    0 => 'static',
    1 => 'fontawesome-5.5.0',
    2 => 'css',
  ),
)
[ info ] [ HEADER ] array (
  'host' => 'reportsystem',
  'connection' => 'keep-alive',
  'user-agent' => 'Mozilla/5.0 (Windows NT 10.0; WOW64) AppleWebKit/537.36 (KHTML, like Gecko) Chrome/71.0.3578.98 Safari/537.36',
  'accept' => 'text/css,*/*;q=0.1',
  'referer' => 'http://reportsystem/teacher/course/showTask?courseNo=543',
  'accept-encoding' => 'gzip, deflate',
  'accept-language' => 'zh-CN,zh;q=0.9',
  'cookie' => 'pgv_pvi=3972531200; PHPSESSID=24trp3ofqmar2gmni2apl4lag6',
)
[ info ] [ PARAM ] array (
)
[ info ] [ LOG ] INIT File
---------------------------------------------------------------
[ 2019-03-19T00:12:35+08:00 ] 0.0.0.0 GET /teacher/course/showTask?courseNo=543
[ info ] reportsystem/teacher/course/showTask?courseNo=543 [运行时间：0.318097s][吞吐率：3.14req/s] [内存消耗：5,448.27kb] [文件加载：52]
[ info ] [ LANG ] F:\study\www\reportSystem\ThinkPHP\thinkphp\lang\zh-cn.php
[ info ] [ ROUTE ] array (
  'type' => 'module',
  'module' => 
  array (
    0 => 'teacher',
    1 => 'course',
    2 => 'showTask',
  ),
)
[ info ] [ HEADER ] array (
  'host' => 'reportsystem',
  'connection' => 'keep-alive',
  'cache-control' => 'max-age=0',
  'upgrade-insecure-requests' => '1',
  'user-agent' => 'Mozilla/5.0 (Windows NT 10.0; WOW64) AppleWebKit/537.36 (KHTML, like Gecko) Chrome/71.0.3578.98 Safari/537.36',
  'accept' => 'text/html,application/xhtml+xml,application/xml;q=0.9,image/webp,image/apng,*/*;q=0.8',
  'referer' => 'http://reportsystem/teacher/course/showTask?courseNo=351',
  'accept-encoding' => 'gzip, deflate',
  'accept-language' => 'zh-CN,zh;q=0.9',
  'cookie' => 'pgv_pvi=3972531200; PHPSESSID=24trp3ofqmar2gmni2apl4lag6',
)
[ info ] [ PARAM ] array (
  'courseNo' => '543',
)
[ info ] [ SESSION ] INIT array (
  'id' => '',
  'var_session_id' => '',
  'prefix' => 'think',
  'type' => '',
  'auto_start' => true,
  'httponly' => true,
  'secure' => false,
)
[ info ] [ RUN ] app\teacher\controller\Course->showTask[ F:\study\www\reportSystem\ThinkPHP\app\teacher\controller\Course.php ]
[ info ] [ DB ] INIT mysql
[ info ] [ VIEW ] F:\study\www\reportSystem\ThinkPHP\public/../app/teacher\view\course\courseList.html [ array (
  0 => 'courseList',
  1 => 'taskList',
) ]
[ info ] [ LOG ] INIT File
[ notice ] 显示课程列表
[ sql ] [ DB ] CONNECT:[ UseTime:0.002143s ] mysql:host=127.0.0.1;port=3306;dbname=report_system;charset=utf8
[ sql ] [ SQL ] SHOW COLUMNS FROM `course` [ RunTime:0.002068s ]
[ sql ] [ SQL ] SELECT * FROM `course` WHERE (  (  teacherNo = '2012032' ) ) AND `course`.`deleteTime` IS NULL [ RunTime:0.003483s ]
[ sql ] [ SQL ] SHOW COLUMNS FROM `task` [ RunTime:0.002816s ]
[ sql ] [ SQL ] SELECT * FROM `task` WHERE (  (  teacherNo = '2012032' )  AND (  courseNo = '543' ) ) AND `task`.`deleteTime` IS NULL [ RunTime:0.001202s ]
---------------------------------------------------------------
[ 2019-03-19T00:12:35+08:00 ] 0.0.0.0 GET /static/fontawesome-5.5.0/css/font-awesome.min.css
[ info ] reportsystem/static/fontawesome-5.5.0/css/font-awesome.min.css [运行时间：0.104904s][吞吐率：9.53req/s] [内存消耗：2,507.70kb] [文件加载：32]
[ info ] [ LANG ] F:\study\www\reportSystem\ThinkPHP\thinkphp\lang\zh-cn.php
[ info ] [ ROUTE ] array (
  'type' => 'module',
  'module' => 
  array (
    0 => 'static',
    1 => 'fontawesome-5.5.0',
    2 => 'css',
  ),
)
[ info ] [ HEADER ] array (
  'host' => 'reportsystem',
  'connection' => 'keep-alive',
  'user-agent' => 'Mozilla/5.0 (Windows NT 10.0; WOW64) AppleWebKit/537.36 (KHTML, like Gecko) Chrome/71.0.3578.98 Safari/537.36',
  'accept' => 'text/css,*/*;q=0.1',
  'referer' => 'http://reportsystem/teacher/course/showTask?courseNo=543',
  'accept-encoding' => 'gzip, deflate',
  'accept-language' => 'zh-CN,zh;q=0.9',
  'cookie' => 'pgv_pvi=3972531200; PHPSESSID=24trp3ofqmar2gmni2apl4lag6',
)
[ info ] [ PARAM ] array (
)
[ info ] [ LOG ] INIT File
---------------------------------------------------------------
[ 2019-03-19T00:12:37+08:00 ] 0.0.0.0 GET /teacher/course/courseMenu
[ info ] reportsystem/teacher/course/courseMenu [运行时间：0.177995s][吞吐率：5.62req/s] [内存消耗：5,201.77kb] [文件加载：50]
[ info ] [ LANG ] F:\study\www\reportSystem\ThinkPHP\thinkphp\lang\zh-cn.php
[ info ] [ ROUTE ] array (
  'type' => 'module',
  'module' => 
  array (
    0 => 'teacher',
    1 => 'course',
    2 => 'courseMenu',
  ),
)
[ info ] [ HEADER ] array (
  'host' => 'reportsystem',
  'connection' => 'keep-alive',
  'upgrade-insecure-requests' => '1',
  'user-agent' => 'Mozilla/5.0 (Windows NT 10.0; WOW64) AppleWebKit/537.36 (KHTML, like Gecko) Chrome/71.0.3578.98 Safari/537.36',
  'accept' => 'text/html,application/xhtml+xml,application/xml;q=0.9,image/webp,image/apng,*/*;q=0.8',
  'referer' => 'http://reportsystem/teacher/course/showTask?courseNo=543',
  'accept-encoding' => 'gzip, deflate',
  'accept-language' => 'zh-CN,zh;q=0.9',
  'cookie' => 'pgv_pvi=3972531200; PHPSESSID=24trp3ofqmar2gmni2apl4lag6',
)
[ info ] [ PARAM ] array (
)
[ info ] [ SESSION ] INIT array (
  'id' => '',
  'var_session_id' => '',
  'prefix' => 'think',
  'type' => '',
  'auto_start' => true,
  'httponly' => true,
  'secure' => false,
)
[ info ] [ RUN ] app\teacher\controller\Course->courseMenu[ F:\study\www\reportSystem\ThinkPHP\app\teacher\controller\Course.php ]
[ info ] [ DB ] INIT mysql
[ info ] [ VIEW ] F:\study\www\reportSystem\ThinkPHP\public/../app/teacher\view\course\courseList.html [ array (
  0 => 'courseList',
  1 => 'taskList',
) ]
[ info ] [ LOG ] INIT File
[ notice ] 显示课程列表
[ sql ] [ DB ] CONNECT:[ UseTime:0.002243s ] mysql:host=127.0.0.1;port=3306;dbname=report_system;charset=utf8
[ sql ] [ SQL ] SHOW COLUMNS FROM `course` [ RunTime:0.002307s ]
[ sql ] [ SQL ] SELECT * FROM `course` WHERE (  (  teacherNo = '2012032' ) ) AND `course`.`deleteTime` IS NULL [ RunTime:0.002301s ]
[ sql ] [ SQL ] SHOW COLUMNS FROM `task` [ RunTime:0.002670s ]
[ sql ] [ SQL ] SELECT * FROM `task` WHERE (  (  teacherNo = '2012032' ) ) AND `task`.`deleteTime` IS NULL [ RunTime:0.001179s ]
---------------------------------------------------------------
[ 2019-03-19T00:12:37+08:00 ] 0.0.0.0 GET /static/fontawesome-5.5.0/css/font-awesome.min.css
[ info ] reportsystem/static/fontawesome-5.5.0/css/font-awesome.min.css [运行时间：0.103996s][吞吐率：9.62req/s] [内存消耗：2,507.24kb] [文件加载：32]
[ info ] [ LANG ] F:\study\www\reportSystem\ThinkPHP\thinkphp\lang\zh-cn.php
[ info ] [ ROUTE ] array (
  'type' => 'module',
  'module' => 
  array (
    0 => 'static',
    1 => 'fontawesome-5.5.0',
    2 => 'css',
  ),
)
[ info ] [ HEADER ] array (
  'host' => 'reportsystem',
  'connection' => 'keep-alive',
  'user-agent' => 'Mozilla/5.0 (Windows NT 10.0; WOW64) AppleWebKit/537.36 (KHTML, like Gecko) Chrome/71.0.3578.98 Safari/537.36',
  'accept' => 'text/css,*/*;q=0.1',
  'referer' => 'http://reportsystem/teacher/course/courseMenu',
  'accept-encoding' => 'gzip, deflate',
  'accept-language' => 'zh-CN,zh;q=0.9',
  'cookie' => 'pgv_pvi=3972531200; PHPSESSID=24trp3ofqmar2gmni2apl4lag6',
)
[ info ] [ PARAM ] array (
)
[ info ] [ LOG ] INIT File
---------------------------------------------------------------
[ 2019-03-19T00:12:38+08:00 ] 0.0.0.0 GET /teacher/course/courseMenu
[ info ] reportsystem/teacher/course/courseMenu [运行时间：0.157611s][吞吐率：6.34req/s] [内存消耗：5,201.91kb] [文件加载：50]
[ info ] [ LANG ] F:\study\www\reportSystem\ThinkPHP\thinkphp\lang\zh-cn.php
[ info ] [ ROUTE ] array (
  'type' => 'module',
  'module' => 
  array (
    0 => 'teacher',
    1 => 'course',
    2 => 'courseMenu',
  ),
)
[ info ] [ HEADER ] array (
  'host' => 'reportsystem',
  'connection' => 'keep-alive',
  'upgrade-insecure-requests' => '1',
  'user-agent' => 'Mozilla/5.0 (Windows NT 10.0; WOW64) AppleWebKit/537.36 (KHTML, like Gecko) Chrome/71.0.3578.98 Safari/537.36',
  'accept' => 'text/html,application/xhtml+xml,application/xml;q=0.9,image/webp,image/apng,*/*;q=0.8',
  'referer' => 'http://reportsystem/teacher/course/courseMenu',
  'accept-encoding' => 'gzip, deflate',
  'accept-language' => 'zh-CN,zh;q=0.9',
  'cookie' => 'pgv_pvi=3972531200; PHPSESSID=24trp3ofqmar2gmni2apl4lag6',
)
[ info ] [ PARAM ] array (
)
[ info ] [ SESSION ] INIT array (
  'id' => '',
  'var_session_id' => '',
  'prefix' => 'think',
  'type' => '',
  'auto_start' => true,
  'httponly' => true,
  'secure' => false,
)
[ info ] [ RUN ] app\teacher\controller\Course->courseMenu[ F:\study\www\reportSystem\ThinkPHP\app\teacher\controller\Course.php ]
[ info ] [ DB ] INIT mysql
[ info ] [ VIEW ] F:\study\www\reportSystem\ThinkPHP\public/../app/teacher\view\course\courseList.html [ array (
  0 => 'courseList',
  1 => 'taskList',
) ]
[ info ] [ LOG ] INIT File
[ notice ] 显示课程列表
[ sql ] [ DB ] CONNECT:[ UseTime:0.002403s ] mysql:host=127.0.0.1;port=3306;dbname=report_system;charset=utf8
[ sql ] [ SQL ] SHOW COLUMNS FROM `course` [ RunTime:0.002356s ]
[ sql ] [ SQL ] SELECT * FROM `course` WHERE (  (  teacherNo = '2012032' ) ) AND `course`.`deleteTime` IS NULL [ RunTime:0.002277s ]
[ sql ] [ SQL ] SHOW COLUMNS FROM `task` [ RunTime:0.002051s ]
[ sql ] [ SQL ] SELECT * FROM `task` WHERE (  (  teacherNo = '2012032' ) ) AND `task`.`deleteTime` IS NULL [ RunTime:0.001295s ]
---------------------------------------------------------------
[ 2019-03-19T00:12:38+08:00 ] 0.0.0.0 GET /static/fontawesome-5.5.0/css/font-awesome.min.css
[ info ] reportsystem/static/fontawesome-5.5.0/css/font-awesome.min.css [运行时间：0.088578s][吞吐率：11.29req/s] [内存消耗：2,507.24kb] [文件加载：32]
[ info ] [ LANG ] F:\study\www\reportSystem\ThinkPHP\thinkphp\lang\zh-cn.php
[ info ] [ ROUTE ] array (
  'type' => 'module',
  'module' => 
  array (
    0 => 'static',
    1 => 'fontawesome-5.5.0',
    2 => 'css',
  ),
)
[ info ] [ HEADER ] array (
  'host' => 'reportsystem',
  'connection' => 'keep-alive',
  'user-agent' => 'Mozilla/5.0 (Windows NT 10.0; WOW64) AppleWebKit/537.36 (KHTML, like Gecko) Chrome/71.0.3578.98 Safari/537.36',
  'accept' => 'text/css,*/*;q=0.1',
  'referer' => 'http://reportsystem/teacher/course/courseMenu',
  'accept-encoding' => 'gzip, deflate',
  'accept-language' => 'zh-CN,zh;q=0.9',
  'cookie' => 'pgv_pvi=3972531200; PHPSESSID=24trp3ofqmar2gmni2apl4lag6',
)
[ info ] [ PARAM ] array (
)
[ info ] [ LOG ] INIT File
---------------------------------------------------------------
[ 2019-03-19T00:12:39+08:00 ] 0.0.0.0 GET /teacher/course/showTaskDetail?taskNo=1
[ info ] reportsystem/teacher/course/showTaskDetail?taskNo=1 [运行时间：0.116455s][吞吐率：8.59req/s] [内存消耗：3,099.22kb] [文件加载：40]
[ info ] [ LANG ] F:\study\www\reportSystem\ThinkPHP\thinkphp\lang\zh-cn.php
[ info ] [ ROUTE ] array (
  'type' => 'module',
  'module' => 
  array (
    0 => 'teacher',
    1 => 'course',
    2 => 'showTaskDetail',
  ),
)
[ info ] [ HEADER ] array (
  'host' => 'reportsystem',
  'connection' => 'keep-alive',
  'upgrade-insecure-requests' => '1',
  'user-agent' => 'Mozilla/5.0 (Windows NT 10.0; WOW64) AppleWebKit/537.36 (KHTML, like Gecko) Chrome/71.0.3578.98 Safari/537.36',
  'accept' => 'text/html,application/xhtml+xml,application/xml;q=0.9,image/webp,image/apng,*/*;q=0.8',
  'referer' => 'http://reportsystem/teacher/course/courseMenu',
  'accept-encoding' => 'gzip, deflate',
  'accept-language' => 'zh-CN,zh;q=0.9',
  'cookie' => 'pgv_pvi=3972531200; PHPSESSID=24trp3ofqmar2gmni2apl4lag6',
)
[ info ] [ PARAM ] array (
  'taskNo' => '1',
)
[ info ] [ SESSION ] INIT array (
  'id' => '',
  'var_session_id' => '',
  'prefix' => 'think',
  'type' => '',
  'auto_start' => true,
  'httponly' => true,
  'secure' => false,
)
[ info ] [ LOG ] INIT File
---------------------------------------------------------------
[ 2019-03-19T00:12:41+08:00 ] 0.0.0.0 GET /teacher/course/courseMenu
[ info ] reportsystem/teacher/course/courseMenu [运行时间：0.220379s][吞吐率：4.54req/s] [内存消耗：5,201.91kb] [文件加载：50]
[ info ] [ LANG ] F:\study\www\reportSystem\ThinkPHP\thinkphp\lang\zh-cn.php
[ info ] [ ROUTE ] array (
  'type' => 'module',
  'module' => 
  array (
    0 => 'teacher',
    1 => 'course',
    2 => 'courseMenu',
  ),
)
[ info ] [ HEADER ] array (
  'host' => 'reportsystem',
  'connection' => 'keep-alive',
  'upgrade-insecure-requests' => '1',
  'user-agent' => 'Mozilla/5.0 (Windows NT 10.0; WOW64) AppleWebKit/537.36 (KHTML, like Gecko) Chrome/71.0.3578.98 Safari/537.36',
  'accept' => 'text/html,application/xhtml+xml,application/xml;q=0.9,image/webp,image/apng,*/*;q=0.8',
  'referer' => 'http://reportsystem/teacher/course/courseMenu',
  'accept-encoding' => 'gzip, deflate',
  'accept-language' => 'zh-CN,zh;q=0.9',
  'cookie' => 'pgv_pvi=3972531200; PHPSESSID=24trp3ofqmar2gmni2apl4lag6',
)
[ info ] [ PARAM ] array (
)
[ info ] [ SESSION ] INIT array (
  'id' => '',
  'var_session_id' => '',
  'prefix' => 'think',
  'type' => '',
  'auto_start' => true,
  'httponly' => true,
  'secure' => false,
)
[ info ] [ RUN ] app\teacher\controller\Course->courseMenu[ F:\study\www\reportSystem\ThinkPHP\app\teacher\controller\Course.php ]
[ info ] [ DB ] INIT mysql
[ info ] [ VIEW ] F:\study\www\reportSystem\ThinkPHP\public/../app/teacher\view\course\courseList.html [ array (
  0 => 'courseList',
  1 => 'taskList',
) ]
[ info ] [ LOG ] INIT File
[ notice ] 显示课程列表
[ sql ] [ DB ] CONNECT:[ UseTime:0.002796s ] mysql:host=127.0.0.1;port=3306;dbname=report_system;charset=utf8
[ sql ] [ SQL ] SHOW COLUMNS FROM `course` [ RunTime:0.002884s ]
[ sql ] [ SQL ] SELECT * FROM `course` WHERE (  (  teacherNo = '2012032' ) ) AND `course`.`deleteTime` IS NULL [ RunTime:0.003242s ]
[ sql ] [ SQL ] SHOW COLUMNS FROM `task` [ RunTime:0.002469s ]
[ sql ] [ SQL ] SELECT * FROM `task` WHERE (  (  teacherNo = '2012032' ) ) AND `task`.`deleteTime` IS NULL [ RunTime:0.002345s ]
---------------------------------------------------------------
[ 2019-03-19T00:12:41+08:00 ] 0.0.0.0 GET /static/fontawesome-5.5.0/css/font-awesome.min.css
[ info ] reportsystem/static/fontawesome-5.5.0/css/font-awesome.min.css [运行时间：0.113581s][吞吐率：8.80req/s] [内存消耗：2,507.24kb] [文件加载：32]
[ info ] [ LANG ] F:\study\www\reportSystem\ThinkPHP\thinkphp\lang\zh-cn.php
[ info ] [ ROUTE ] array (
  'type' => 'module',
  'module' => 
  array (
    0 => 'static',
    1 => 'fontawesome-5.5.0',
    2 => 'css',
  ),
)
[ info ] [ HEADER ] array (
  'host' => 'reportsystem',
  'connection' => 'keep-alive',
  'user-agent' => 'Mozilla/5.0 (Windows NT 10.0; WOW64) AppleWebKit/537.36 (KHTML, like Gecko) Chrome/71.0.3578.98 Safari/537.36',
  'accept' => 'text/css,*/*;q=0.1',
  'referer' => 'http://reportsystem/teacher/course/courseMenu',
  'accept-encoding' => 'gzip, deflate',
  'accept-language' => 'zh-CN,zh;q=0.9',
  'cookie' => 'pgv_pvi=3972531200; PHPSESSID=24trp3ofqmar2gmni2apl4lag6',
)
[ info ] [ PARAM ] array (
)
[ info ] [ LOG ] INIT File
---------------------------------------------------------------
[ 2019-03-19T00:12:42+08:00 ] 0.0.0.0 GET /teacher/course/showTask?courseNo=351
[ info ] reportsystem/teacher/course/showTask?courseNo=351 [运行时间：0.163947s][吞吐率：6.10req/s] [内存消耗：5,202.39kb] [文件加载：50]
[ info ] [ LANG ] F:\study\www\reportSystem\ThinkPHP\thinkphp\lang\zh-cn.php
[ info ] [ ROUTE ] array (
  'type' => 'module',
  'module' => 
  array (
    0 => 'teacher',
    1 => 'course',
    2 => 'showTask',
  ),
)
[ info ] [ HEADER ] array (
  'host' => 'reportsystem',
  'connection' => 'keep-alive',
  'upgrade-insecure-requests' => '1',
  'user-agent' => 'Mozilla/5.0 (Windows NT 10.0; WOW64) AppleWebKit/537.36 (KHTML, like Gecko) Chrome/71.0.3578.98 Safari/537.36',
  'accept' => 'text/html,application/xhtml+xml,application/xml;q=0.9,image/webp,image/apng,*/*;q=0.8',
  'referer' => 'http://reportsystem/teacher/course/courseMenu',
  'accept-encoding' => 'gzip, deflate',
  'accept-language' => 'zh-CN,zh;q=0.9',
  'cookie' => 'pgv_pvi=3972531200; PHPSESSID=24trp3ofqmar2gmni2apl4lag6',
)
[ info ] [ PARAM ] array (
  'courseNo' => '351',
)
[ info ] [ SESSION ] INIT array (
  'id' => '',
  'var_session_id' => '',
  'prefix' => 'think',
  'type' => '',
  'auto_start' => true,
  'httponly' => true,
  'secure' => false,
)
[ info ] [ RUN ] app\teacher\controller\Course->showTask[ F:\study\www\reportSystem\ThinkPHP\app\teacher\controller\Course.php ]
[ info ] [ DB ] INIT mysql
[ info ] [ VIEW ] F:\study\www\reportSystem\ThinkPHP\public/../app/teacher\view\course\courseList.html [ array (
  0 => 'courseList',
  1 => 'taskList',
) ]
[ info ] [ LOG ] INIT File
[ notice ] 显示课程列表
[ sql ] [ DB ] CONNECT:[ UseTime:0.002362s ] mysql:host=127.0.0.1;port=3306;dbname=report_system;charset=utf8
[ sql ] [ SQL ] SHOW COLUMNS FROM `course` [ RunTime:0.002124s ]
[ sql ] [ SQL ] SELECT * FROM `course` WHERE (  (  teacherNo = '2012032' ) ) AND `course`.`deleteTime` IS NULL [ RunTime:0.002078s ]
[ sql ] [ SQL ] SHOW COLUMNS FROM `task` [ RunTime:0.002037s ]
[ sql ] [ SQL ] SELECT * FROM `task` WHERE (  (  teacherNo = '2012032' )  AND (  courseNo = '351' ) ) AND `task`.`deleteTime` IS NULL [ RunTime:0.001121s ]
---------------------------------------------------------------
[ 2019-03-19T00:12:42+08:00 ] 0.0.0.0 GET /static/fontawesome-5.5.0/css/font-awesome.min.css
[ info ] reportsystem/static/fontawesome-5.5.0/css/font-awesome.min.css [运行时间：0.108347s][吞吐率：9.23req/s] [内存消耗：2,507.70kb] [文件加载：32]
[ info ] [ LANG ] F:\study\www\reportSystem\ThinkPHP\thinkphp\lang\zh-cn.php
[ info ] [ ROUTE ] array (
  'type' => 'module',
  'module' => 
  array (
    0 => 'static',
    1 => 'fontawesome-5.5.0',
    2 => 'css',
  ),
)
[ info ] [ HEADER ] array (
  'host' => 'reportsystem',
  'connection' => 'keep-alive',
  'user-agent' => 'Mozilla/5.0 (Windows NT 10.0; WOW64) AppleWebKit/537.36 (KHTML, like Gecko) Chrome/71.0.3578.98 Safari/537.36',
  'accept' => 'text/css,*/*;q=0.1',
  'referer' => 'http://reportsystem/teacher/course/showTask?courseNo=351',
  'accept-encoding' => 'gzip, deflate',
  'accept-language' => 'zh-CN,zh;q=0.9',
  'cookie' => 'pgv_pvi=3972531200; PHPSESSID=24trp3ofqmar2gmni2apl4lag6',
)
[ info ] [ PARAM ] array (
)
[ info ] [ LOG ] INIT File
---------------------------------------------------------------
[ 2019-03-19T00:12:44+08:00 ] 0.0.0.0 GET /teacher/course/showTask?courseNo=543
[ info ] reportsystem/teacher/course/showTask?courseNo=543 [运行时间：0.179336s][吞吐率：5.58req/s] [内存消耗：5,189.45kb] [文件加载：50]
[ info ] [ LANG ] F:\study\www\reportSystem\ThinkPHP\thinkphp\lang\zh-cn.php
[ info ] [ ROUTE ] array (
  'type' => 'module',
  'module' => 
  array (
    0 => 'teacher',
    1 => 'course',
    2 => 'showTask',
  ),
)
[ info ] [ HEADER ] array (
  'host' => 'reportsystem',
  'connection' => 'keep-alive',
  'upgrade-insecure-requests' => '1',
  'user-agent' => 'Mozilla/5.0 (Windows NT 10.0; WOW64) AppleWebKit/537.36 (KHTML, like Gecko) Chrome/71.0.3578.98 Safari/537.36',
  'accept' => 'text/html,application/xhtml+xml,application/xml;q=0.9,image/webp,image/apng,*/*;q=0.8',
  'referer' => 'http://reportsystem/teacher/course/showTask?courseNo=351',
  'accept-encoding' => 'gzip, deflate',
  'accept-language' => 'zh-CN,zh;q=0.9',
  'cookie' => 'pgv_pvi=3972531200; PHPSESSID=24trp3ofqmar2gmni2apl4lag6',
)
[ info ] [ PARAM ] array (
  'courseNo' => '543',
)
[ info ] [ SESSION ] INIT array (
  'id' => '',
  'var_session_id' => '',
  'prefix' => 'think',
  'type' => '',
  'auto_start' => true,
  'httponly' => true,
  'secure' => false,
)
[ info ] [ RUN ] app\teacher\controller\Course->showTask[ F:\study\www\reportSystem\ThinkPHP\app\teacher\controller\Course.php ]
[ info ] [ DB ] INIT mysql
[ info ] [ VIEW ] F:\study\www\reportSystem\ThinkPHP\public/../app/teacher\view\course\courseList.html [ array (
  0 => 'courseList',
  1 => 'taskList',
) ]
[ info ] [ LOG ] INIT File
[ notice ] 显示课程列表
[ sql ] [ DB ] CONNECT:[ UseTime:0.002205s ] mysql:host=127.0.0.1;port=3306;dbname=report_system;charset=utf8
[ sql ] [ SQL ] SHOW COLUMNS FROM `course` [ RunTime:0.003284s ]
[ sql ] [ SQL ] SELECT * FROM `course` WHERE (  (  teacherNo = '2012032' ) ) AND `course`.`deleteTime` IS NULL [ RunTime:0.002933s ]
[ sql ] [ SQL ] SHOW COLUMNS FROM `task` [ RunTime:0.002233s ]
[ sql ] [ SQL ] SELECT * FROM `task` WHERE (  (  teacherNo = '2012032' )  AND (  courseNo = '543' ) ) AND `task`.`deleteTime` IS NULL [ RunTime:0.001225s ]
---------------------------------------------------------------
[ 2019-03-19T00:12:44+08:00 ] 0.0.0.0 GET /static/fontawesome-5.5.0/css/font-awesome.min.css
[ info ] reportsystem/static/fontawesome-5.5.0/css/font-awesome.min.css [运行时间：0.096444s][吞吐率：10.37req/s] [内存消耗：2,507.70kb] [文件加载：32]
[ info ] [ LANG ] F:\study\www\reportSystem\ThinkPHP\thinkphp\lang\zh-cn.php
[ info ] [ ROUTE ] array (
  'type' => 'module',
  'module' => 
  array (
    0 => 'static',
    1 => 'fontawesome-5.5.0',
    2 => 'css',
  ),
)
[ info ] [ HEADER ] array (
  'host' => 'reportsystem',
  'connection' => 'keep-alive',
  'user-agent' => 'Mozilla/5.0 (Windows NT 10.0; WOW64) AppleWebKit/537.36 (KHTML, like Gecko) Chrome/71.0.3578.98 Safari/537.36',
  'accept' => 'text/css,*/*;q=0.1',
  'referer' => 'http://reportsystem/teacher/course/showTask?courseNo=543',
  'accept-encoding' => 'gzip, deflate',
  'accept-language' => 'zh-CN,zh;q=0.9',
  'cookie' => 'pgv_pvi=3972531200; PHPSESSID=24trp3ofqmar2gmni2apl4lag6',
)
[ info ] [ PARAM ] array (
)
[ info ] [ LOG ] INIT File
---------------------------------------------------------------
[ 2019-03-19T00:12:45+08:00 ] 0.0.0.0 GET /teacher/course/showTask?courseNo=351
[ info ] reportsystem/teacher/course/showTask?courseNo=351 [运行时间：0.186840s][吞吐率：5.35req/s] [内存消耗：5,202.32kb] [文件加载：50]
[ info ] [ LANG ] F:\study\www\reportSystem\ThinkPHP\thinkphp\lang\zh-cn.php
[ info ] [ ROUTE ] array (
  'type' => 'module',
  'module' => 
  array (
    0 => 'teacher',
    1 => 'course',
    2 => 'showTask',
  ),
)
[ info ] [ HEADER ] array (
  'host' => 'reportsystem',
  'connection' => 'keep-alive',
  'upgrade-insecure-requests' => '1',
  'user-agent' => 'Mozilla/5.0 (Windows NT 10.0; WOW64) AppleWebKit/537.36 (KHTML, like Gecko) Chrome/71.0.3578.98 Safari/537.36',
  'accept' => 'text/html,application/xhtml+xml,application/xml;q=0.9,image/webp,image/apng,*/*;q=0.8',
  'referer' => 'http://reportsystem/teacher/course/showTask?courseNo=543',
  'accept-encoding' => 'gzip, deflate',
  'accept-language' => 'zh-CN,zh;q=0.9',
  'cookie' => 'pgv_pvi=3972531200; PHPSESSID=24trp3ofqmar2gmni2apl4lag6',
)
[ info ] [ PARAM ] array (
  'courseNo' => '351',
)
[ info ] [ SESSION ] INIT array (
  'id' => '',
  'var_session_id' => '',
  'prefix' => 'think',
  'type' => '',
  'auto_start' => true,
  'httponly' => true,
  'secure' => false,
)
[ info ] [ RUN ] app\teacher\controller\Course->showTask[ F:\study\www\reportSystem\ThinkPHP\app\teacher\controller\Course.php ]
[ info ] [ DB ] INIT mysql
[ info ] [ VIEW ] F:\study\www\reportSystem\ThinkPHP\public/../app/teacher\view\course\courseList.html [ array (
  0 => 'courseList',
  1 => 'taskList',
) ]
[ info ] [ LOG ] INIT File
[ notice ] 显示课程列表
[ sql ] [ DB ] CONNECT:[ UseTime:0.002593s ] mysql:host=127.0.0.1;port=3306;dbname=report_system;charset=utf8
[ sql ] [ SQL ] SHOW COLUMNS FROM `course` [ RunTime:0.001948s ]
[ sql ] [ SQL ] SELECT * FROM `course` WHERE (  (  teacherNo = '2012032' ) ) AND `course`.`deleteTime` IS NULL [ RunTime:0.002290s ]
[ sql ] [ SQL ] SHOW COLUMNS FROM `task` [ RunTime:0.002708s ]
[ sql ] [ SQL ] SELECT * FROM `task` WHERE (  (  teacherNo = '2012032' )  AND (  courseNo = '351' ) ) AND `task`.`deleteTime` IS NULL [ RunTime:0.001182s ]
---------------------------------------------------------------
[ 2019-03-19T00:12:45+08:00 ] 0.0.0.0 GET /static/fontawesome-5.5.0/css/font-awesome.min.css
[ info ] reportsystem/static/fontawesome-5.5.0/css/font-awesome.min.css [运行时间：0.103676s][吞吐率：9.65req/s] [内存消耗：2,507.70kb] [文件加载：32]
[ info ] [ LANG ] F:\study\www\reportSystem\ThinkPHP\thinkphp\lang\zh-cn.php
[ info ] [ ROUTE ] array (
  'type' => 'module',
  'module' => 
  array (
    0 => 'static',
    1 => 'fontawesome-5.5.0',
    2 => 'css',
  ),
)
[ info ] [ HEADER ] array (
  'host' => 'reportsystem',
  'connection' => 'keep-alive',
  'user-agent' => 'Mozilla/5.0 (Windows NT 10.0; WOW64) AppleWebKit/537.36 (KHTML, like Gecko) Chrome/71.0.3578.98 Safari/537.36',
  'accept' => 'text/css,*/*;q=0.1',
  'referer' => 'http://reportsystem/teacher/course/showTask?courseNo=351',
  'accept-encoding' => 'gzip, deflate',
  'accept-language' => 'zh-CN,zh;q=0.9',
  'cookie' => 'pgv_pvi=3972531200; PHPSESSID=24trp3ofqmar2gmni2apl4lag6',
)
[ info ] [ PARAM ] array (
)
[ info ] [ LOG ] INIT File
---------------------------------------------------------------
[ 2019-03-19T00:12:46+08:00 ] 0.0.0.0 GET /teacher/course/showTask?courseNo=543
[ info ] reportsystem/teacher/course/showTask?courseNo=543 [运行时间：0.154859s][吞吐率：6.46req/s] [内存消耗：5,189.45kb] [文件加载：50]
[ info ] [ LANG ] F:\study\www\reportSystem\ThinkPHP\thinkphp\lang\zh-cn.php
[ info ] [ ROUTE ] array (
  'type' => 'module',
  'module' => 
  array (
    0 => 'teacher',
    1 => 'course',
    2 => 'showTask',
  ),
)
[ info ] [ HEADER ] array (
  'host' => 'reportsystem',
  'connection' => 'keep-alive',
  'upgrade-insecure-requests' => '1',
  'user-agent' => 'Mozilla/5.0 (Windows NT 10.0; WOW64) AppleWebKit/537.36 (KHTML, like Gecko) Chrome/71.0.3578.98 Safari/537.36',
  'accept' => 'text/html,application/xhtml+xml,application/xml;q=0.9,image/webp,image/apng,*/*;q=0.8',
  'referer' => 'http://reportsystem/teacher/course/showTask?courseNo=351',
  'accept-encoding' => 'gzip, deflate',
  'accept-language' => 'zh-CN,zh;q=0.9',
  'cookie' => 'pgv_pvi=3972531200; PHPSESSID=24trp3ofqmar2gmni2apl4lag6',
)
[ info ] [ PARAM ] array (
  'courseNo' => '543',
)
[ info ] [ SESSION ] INIT array (
  'id' => '',
  'var_session_id' => '',
  'prefix' => 'think',
  'type' => '',
  'auto_start' => true,
  'httponly' => true,
  'secure' => false,
)
[ info ] [ RUN ] app\teacher\controller\Course->showTask[ F:\study\www\reportSystem\ThinkPHP\app\teacher\controller\Course.php ]
[ info ] [ DB ] INIT mysql
[ info ] [ VIEW ] F:\study\www\reportSystem\ThinkPHP\public/../app/teacher\view\course\courseList.html [ array (
  0 => 'courseList',
  1 => 'taskList',
) ]
[ info ] [ LOG ] INIT File
[ notice ] 显示课程列表
[ sql ] [ DB ] CONNECT:[ UseTime:0.002490s ] mysql:host=127.0.0.1;port=3306;dbname=report_system;charset=utf8
[ sql ] [ SQL ] SHOW COLUMNS FROM `course` [ RunTime:0.002085s ]
[ sql ] [ SQL ] SELECT * FROM `course` WHERE (  (  teacherNo = '2012032' ) ) AND `course`.`deleteTime` IS NULL [ RunTime:0.002314s ]
[ sql ] [ SQL ] SHOW COLUMNS FROM `task` [ RunTime:0.003209s ]
[ sql ] [ SQL ] SELECT * FROM `task` WHERE (  (  teacherNo = '2012032' )  AND (  courseNo = '543' ) ) AND `task`.`deleteTime` IS NULL [ RunTime:0.001231s ]
---------------------------------------------------------------
[ 2019-03-19T00:12:46+08:00 ] 0.0.0.0 GET /static/fontawesome-5.5.0/css/font-awesome.min.css
[ info ] reportsystem/static/fontawesome-5.5.0/css/font-awesome.min.css [运行时间：0.096074s][吞吐率：10.41req/s] [内存消耗：2,507.70kb] [文件加载：32]
[ info ] [ LANG ] F:\study\www\reportSystem\ThinkPHP\thinkphp\lang\zh-cn.php
[ info ] [ ROUTE ] array (
  'type' => 'module',
  'module' => 
  array (
    0 => 'static',
    1 => 'fontawesome-5.5.0',
    2 => 'css',
  ),
)
[ info ] [ HEADER ] array (
  'host' => 'reportsystem',
  'connection' => 'keep-alive',
  'user-agent' => 'Mozilla/5.0 (Windows NT 10.0; WOW64) AppleWebKit/537.36 (KHTML, like Gecko) Chrome/71.0.3578.98 Safari/537.36',
  'accept' => 'text/css,*/*;q=0.1',
  'referer' => 'http://reportsystem/teacher/course/showTask?courseNo=543',
  'accept-encoding' => 'gzip, deflate',
  'accept-language' => 'zh-CN,zh;q=0.9',
  'cookie' => 'pgv_pvi=3972531200; PHPSESSID=24trp3ofqmar2gmni2apl4lag6',
)
[ info ] [ PARAM ] array (
)
[ info ] [ LOG ] INIT File
---------------------------------------------------------------
[ 2019-03-19T00:12:47+08:00 ] 0.0.0.0 GET /teacher/course/courseMenu
[ info ] reportsystem/teacher/course/courseMenu [运行时间：0.173242s][吞吐率：5.77req/s] [内存消耗：5,201.77kb] [文件加载：50]
[ info ] [ LANG ] F:\study\www\reportSystem\ThinkPHP\thinkphp\lang\zh-cn.php
[ info ] [ ROUTE ] array (
  'type' => 'module',
  'module' => 
  array (
    0 => 'teacher',
    1 => 'course',
    2 => 'courseMenu',
  ),
)
[ info ] [ HEADER ] array (
  'host' => 'reportsystem',
  'connection' => 'keep-alive',
  'upgrade-insecure-requests' => '1',
  'user-agent' => 'Mozilla/5.0 (Windows NT 10.0; WOW64) AppleWebKit/537.36 (KHTML, like Gecko) Chrome/71.0.3578.98 Safari/537.36',
  'accept' => 'text/html,application/xhtml+xml,application/xml;q=0.9,image/webp,image/apng,*/*;q=0.8',
  'referer' => 'http://reportsystem/teacher/course/showTask?courseNo=543',
  'accept-encoding' => 'gzip, deflate',
  'accept-language' => 'zh-CN,zh;q=0.9',
  'cookie' => 'pgv_pvi=3972531200; PHPSESSID=24trp3ofqmar2gmni2apl4lag6',
)
[ info ] [ PARAM ] array (
)
[ info ] [ SESSION ] INIT array (
  'id' => '',
  'var_session_id' => '',
  'prefix' => 'think',
  'type' => '',
  'auto_start' => true,
  'httponly' => true,
  'secure' => false,
)
[ info ] [ RUN ] app\teacher\controller\Course->courseMenu[ F:\study\www\reportSystem\ThinkPHP\app\teacher\controller\Course.php ]
[ info ] [ DB ] INIT mysql
[ info ] [ VIEW ] F:\study\www\reportSystem\ThinkPHP\public/../app/teacher\view\course\courseList.html [ array (
  0 => 'courseList',
  1 => 'taskList',
) ]
[ info ] [ LOG ] INIT File
[ notice ] 显示课程列表
[ sql ] [ DB ] CONNECT:[ UseTime:0.002540s ] mysql:host=127.0.0.1;port=3306;dbname=report_system;charset=utf8
[ sql ] [ SQL ] SHOW COLUMNS FROM `course` [ RunTime:0.004274s ]
[ sql ] [ SQL ] SELECT * FROM `course` WHERE (  (  teacherNo = '2012032' ) ) AND `course`.`deleteTime` IS NULL [ RunTime:0.002378s ]
[ sql ] [ SQL ] SHOW COLUMNS FROM `task` [ RunTime:0.002500s ]
[ sql ] [ SQL ] SELECT * FROM `task` WHERE (  (  teacherNo = '2012032' ) ) AND `task`.`deleteTime` IS NULL [ RunTime:0.001779s ]
---------------------------------------------------------------
[ 2019-03-19T00:12:48+08:00 ] 0.0.0.0 GET /static/fontawesome-5.5.0/css/font-awesome.min.css
[ info ] reportsystem/static/fontawesome-5.5.0/css/font-awesome.min.css [运行时间：0.112505s][吞吐率：8.89req/s] [内存消耗：2,507.24kb] [文件加载：32]
[ info ] [ LANG ] F:\study\www\reportSystem\ThinkPHP\thinkphp\lang\zh-cn.php
[ info ] [ ROUTE ] array (
  'type' => 'module',
  'module' => 
  array (
    0 => 'static',
    1 => 'fontawesome-5.5.0',
    2 => 'css',
  ),
)
[ info ] [ HEADER ] array (
  'host' => 'reportsystem',
  'connection' => 'keep-alive',
  'user-agent' => 'Mozilla/5.0 (Windows NT 10.0; WOW64) AppleWebKit/537.36 (KHTML, like Gecko) Chrome/71.0.3578.98 Safari/537.36',
  'accept' => 'text/css,*/*;q=0.1',
  'referer' => 'http://reportsystem/teacher/course/courseMenu',
  'accept-encoding' => 'gzip, deflate',
  'accept-language' => 'zh-CN,zh;q=0.9',
  'cookie' => 'pgv_pvi=3972531200; PHPSESSID=24trp3ofqmar2gmni2apl4lag6',
)
[ info ] [ PARAM ] array (
)
[ info ] [ LOG ] INIT File
---------------------------------------------------------------
[ 2019-03-19T00:12:50+08:00 ] 0.0.0.0 GET /teacher/course/showTask?courseNo=351
[ info ] reportsystem/teacher/course/showTask?courseNo=351 [运行时间：0.176799s][吞吐率：5.66req/s] [内存消耗：5,202.39kb] [文件加载：50]
[ info ] [ LANG ] F:\study\www\reportSystem\ThinkPHP\thinkphp\lang\zh-cn.php
[ info ] [ ROUTE ] array (
  'type' => 'module',
  'module' => 
  array (
    0 => 'teacher',
    1 => 'course',
    2 => 'showTask',
  ),
)
[ info ] [ HEADER ] array (
  'host' => 'reportsystem',
  'connection' => 'keep-alive',
  'upgrade-insecure-requests' => '1',
  'user-agent' => 'Mozilla/5.0 (Windows NT 10.0; WOW64) AppleWebKit/537.36 (KHTML, like Gecko) Chrome/71.0.3578.98 Safari/537.36',
  'accept' => 'text/html,application/xhtml+xml,application/xml;q=0.9,image/webp,image/apng,*/*;q=0.8',
  'referer' => 'http://reportsystem/teacher/course/courseMenu',
  'accept-encoding' => 'gzip, deflate',
  'accept-language' => 'zh-CN,zh;q=0.9',
  'cookie' => 'pgv_pvi=3972531200; PHPSESSID=24trp3ofqmar2gmni2apl4lag6',
)
[ info ] [ PARAM ] array (
  'courseNo' => '351',
)
[ info ] [ SESSION ] INIT array (
  'id' => '',
  'var_session_id' => '',
  'prefix' => 'think',
  'type' => '',
  'auto_start' => true,
  'httponly' => true,
  'secure' => false,
)
[ info ] [ RUN ] app\teacher\controller\Course->showTask[ F:\study\www\reportSystem\ThinkPHP\app\teacher\controller\Course.php ]
[ info ] [ DB ] INIT mysql
[ info ] [ VIEW ] F:\study\www\reportSystem\ThinkPHP\public/../app/teacher\view\course\courseList.html [ array (
  0 => 'courseList',
  1 => 'taskList',
) ]
[ info ] [ LOG ] INIT File
[ notice ] 显示课程列表
[ sql ] [ DB ] CONNECT:[ UseTime:0.002216s ] mysql:host=127.0.0.1;port=3306;dbname=report_system;charset=utf8
[ sql ] [ SQL ] SHOW COLUMNS FROM `course` [ RunTime:0.003168s ]
[ sql ] [ SQL ] SELECT * FROM `course` WHERE (  (  teacherNo = '2012032' ) ) AND `course`.`deleteTime` IS NULL [ RunTime:0.003059s ]
[ sql ] [ SQL ] SHOW COLUMNS FROM `task` [ RunTime:0.002077s ]
[ sql ] [ SQL ] SELECT * FROM `task` WHERE (  (  teacherNo = '2012032' )  AND (  courseNo = '351' ) ) AND `task`.`deleteTime` IS NULL [ RunTime:0.001172s ]
---------------------------------------------------------------
[ 2019-03-19T00:12:50+08:00 ] 0.0.0.0 GET /static/fontawesome-5.5.0/css/font-awesome.min.css
[ info ] reportsystem/static/fontawesome-5.5.0/css/font-awesome.min.css [运行时间：0.094436s][吞吐率：10.59req/s] [内存消耗：2,507.70kb] [文件加载：32]
[ info ] [ LANG ] F:\study\www\reportSystem\ThinkPHP\thinkphp\lang\zh-cn.php
[ info ] [ ROUTE ] array (
  'type' => 'module',
  'module' => 
  array (
    0 => 'static',
    1 => 'fontawesome-5.5.0',
    2 => 'css',
  ),
)
[ info ] [ HEADER ] array (
  'host' => 'reportsystem',
  'connection' => 'keep-alive',
  'user-agent' => 'Mozilla/5.0 (Windows NT 10.0; WOW64) AppleWebKit/537.36 (KHTML, like Gecko) Chrome/71.0.3578.98 Safari/537.36',
  'accept' => 'text/css,*/*;q=0.1',
  'referer' => 'http://reportsystem/teacher/course/showTask?courseNo=351',
  'accept-encoding' => 'gzip, deflate',
  'accept-language' => 'zh-CN,zh;q=0.9',
  'cookie' => 'pgv_pvi=3972531200; PHPSESSID=24trp3ofqmar2gmni2apl4lag6',
)
[ info ] [ PARAM ] array (
)
[ info ] [ LOG ] INIT File
---------------------------------------------------------------
[ 2019-03-19T00:12:51+08:00 ] 0.0.0.0 GET /teacher/course/showTask?courseNo=543
[ info ] reportsystem/teacher/course/showTask?courseNo=543 [运行时间：0.174219s][吞吐率：5.74req/s] [内存消耗：5,189.45kb] [文件加载：50]
[ info ] [ LANG ] F:\study\www\reportSystem\ThinkPHP\thinkphp\lang\zh-cn.php
[ info ] [ ROUTE ] array (
  'type' => 'module',
  'module' => 
  array (
    0 => 'teacher',
    1 => 'course',
    2 => 'showTask',
  ),
)
[ info ] [ HEADER ] array (
  'host' => 'reportsystem',
  'connection' => 'keep-alive',
  'upgrade-insecure-requests' => '1',
  'user-agent' => 'Mozilla/5.0 (Windows NT 10.0; WOW64) AppleWebKit/537.36 (KHTML, like Gecko) Chrome/71.0.3578.98 Safari/537.36',
  'accept' => 'text/html,application/xhtml+xml,application/xml;q=0.9,image/webp,image/apng,*/*;q=0.8',
  'referer' => 'http://reportsystem/teacher/course/showTask?courseNo=351',
  'accept-encoding' => 'gzip, deflate',
  'accept-language' => 'zh-CN,zh;q=0.9',
  'cookie' => 'pgv_pvi=3972531200; PHPSESSID=24trp3ofqmar2gmni2apl4lag6',
)
[ info ] [ PARAM ] array (
  'courseNo' => '543',
)
[ info ] [ SESSION ] INIT array (
  'id' => '',
  'var_session_id' => '',
  'prefix' => 'think',
  'type' => '',
  'auto_start' => true,
  'httponly' => true,
  'secure' => false,
)
[ info ] [ RUN ] app\teacher\controller\Course->showTask[ F:\study\www\reportSystem\ThinkPHP\app\teacher\controller\Course.php ]
[ info ] [ DB ] INIT mysql
[ info ] [ VIEW ] F:\study\www\reportSystem\ThinkPHP\public/../app/teacher\view\course\courseList.html [ array (
  0 => 'courseList',
  1 => 'taskList',
) ]
[ info ] [ LOG ] INIT File
[ notice ] 显示课程列表
[ sql ] [ DB ] CONNECT:[ UseTime:0.002558s ] mysql:host=127.0.0.1;port=3306;dbname=report_system;charset=utf8
[ sql ] [ SQL ] SHOW COLUMNS FROM `course` [ RunTime:0.002140s ]
[ sql ] [ SQL ] SELECT * FROM `course` WHERE (  (  teacherNo = '2012032' ) ) AND `course`.`deleteTime` IS NULL [ RunTime:0.002351s ]
[ sql ] [ SQL ] SHOW COLUMNS FROM `task` [ RunTime:0.001813s ]
[ sql ] [ SQL ] SELECT * FROM `task` WHERE (  (  teacherNo = '2012032' )  AND (  courseNo = '543' ) ) AND `task`.`deleteTime` IS NULL [ RunTime:0.001312s ]
---------------------------------------------------------------
[ 2019-03-19T00:12:51+08:00 ] 0.0.0.0 GET /static/fontawesome-5.5.0/css/font-awesome.min.css
[ info ] reportsystem/static/fontawesome-5.5.0/css/font-awesome.min.css [运行时间：0.096282s][吞吐率：10.39req/s] [内存消耗：2,507.70kb] [文件加载：32]
[ info ] [ LANG ] F:\study\www\reportSystem\ThinkPHP\thinkphp\lang\zh-cn.php
[ info ] [ ROUTE ] array (
  'type' => 'module',
  'module' => 
  array (
    0 => 'static',
    1 => 'fontawesome-5.5.0',
    2 => 'css',
  ),
)
[ info ] [ HEADER ] array (
  'host' => 'reportsystem',
  'connection' => 'keep-alive',
  'user-agent' => 'Mozilla/5.0 (Windows NT 10.0; WOW64) AppleWebKit/537.36 (KHTML, like Gecko) Chrome/71.0.3578.98 Safari/537.36',
  'accept' => 'text/css,*/*;q=0.1',
  'referer' => 'http://reportsystem/teacher/course/showTask?courseNo=543',
  'accept-encoding' => 'gzip, deflate',
  'accept-language' => 'zh-CN,zh;q=0.9',
  'cookie' => 'pgv_pvi=3972531200; PHPSESSID=24trp3ofqmar2gmni2apl4lag6',
)
[ info ] [ PARAM ] array (
)
[ info ] [ LOG ] INIT File
---------------------------------------------------------------
[ 2019-03-19T00:12:52+08:00 ] 0.0.0.0 GET /teacher/course/courseMenu
[ info ] reportsystem/teacher/course/courseMenu [运行时间：0.184741s][吞吐率：5.41req/s] [内存消耗：5,201.77kb] [文件加载：50]
[ info ] [ LANG ] F:\study\www\reportSystem\ThinkPHP\thinkphp\lang\zh-cn.php
[ info ] [ ROUTE ] array (
  'type' => 'module',
  'module' => 
  array (
    0 => 'teacher',
    1 => 'course',
    2 => 'courseMenu',
  ),
)
[ info ] [ HEADER ] array (
  'host' => 'reportsystem',
  'connection' => 'keep-alive',
  'upgrade-insecure-requests' => '1',
  'user-agent' => 'Mozilla/5.0 (Windows NT 10.0; WOW64) AppleWebKit/537.36 (KHTML, like Gecko) Chrome/71.0.3578.98 Safari/537.36',
  'accept' => 'text/html,application/xhtml+xml,application/xml;q=0.9,image/webp,image/apng,*/*;q=0.8',
  'referer' => 'http://reportsystem/teacher/course/showTask?courseNo=543',
  'accept-encoding' => 'gzip, deflate',
  'accept-language' => 'zh-CN,zh;q=0.9',
  'cookie' => 'pgv_pvi=3972531200; PHPSESSID=24trp3ofqmar2gmni2apl4lag6',
)
[ info ] [ PARAM ] array (
)
[ info ] [ SESSION ] INIT array (
  'id' => '',
  'var_session_id' => '',
  'prefix' => 'think',
  'type' => '',
  'auto_start' => true,
  'httponly' => true,
  'secure' => false,
)
[ info ] [ RUN ] app\teacher\controller\Course->courseMenu[ F:\study\www\reportSystem\ThinkPHP\app\teacher\controller\Course.php ]
[ info ] [ DB ] INIT mysql
[ info ] [ VIEW ] F:\study\www\reportSystem\ThinkPHP\public/../app/teacher\view\course\courseList.html [ array (
  0 => 'courseList',
  1 => 'taskList',
) ]
[ info ] [ LOG ] INIT File
[ notice ] 显示课程列表
[ sql ] [ DB ] CONNECT:[ UseTime:0.002648s ] mysql:host=127.0.0.1;port=3306;dbname=report_system;charset=utf8
[ sql ] [ SQL ] SHOW COLUMNS FROM `course` [ RunTime:0.003064s ]
[ sql ] [ SQL ] SELECT * FROM `course` WHERE (  (  teacherNo = '2012032' ) ) AND `course`.`deleteTime` IS NULL [ RunTime:0.002756s ]
[ sql ] [ SQL ] SHOW COLUMNS FROM `task` [ RunTime:0.003473s ]
[ sql ] [ SQL ] SELECT * FROM `task` WHERE (  (  teacherNo = '2012032' ) ) AND `task`.`deleteTime` IS NULL [ RunTime:0.002272s ]
---------------------------------------------------------------
[ 2019-03-19T00:12:52+08:00 ] 0.0.0.0 GET /static/fontawesome-5.5.0/css/font-awesome.min.css
[ info ] reportsystem/static/fontawesome-5.5.0/css/font-awesome.min.css [运行时间：0.092306s][吞吐率：10.83req/s] [内存消耗：2,507.24kb] [文件加载：32]
[ info ] [ LANG ] F:\study\www\reportSystem\ThinkPHP\thinkphp\lang\zh-cn.php
[ info ] [ ROUTE ] array (
  'type' => 'module',
  'module' => 
  array (
    0 => 'static',
    1 => 'fontawesome-5.5.0',
    2 => 'css',
  ),
)
[ info ] [ HEADER ] array (
  'host' => 'reportsystem',
  'connection' => 'keep-alive',
  'user-agent' => 'Mozilla/5.0 (Windows NT 10.0; WOW64) AppleWebKit/537.36 (KHTML, like Gecko) Chrome/71.0.3578.98 Safari/537.36',
  'accept' => 'text/css,*/*;q=0.1',
  'referer' => 'http://reportsystem/teacher/course/courseMenu',
  'accept-encoding' => 'gzip, deflate',
  'accept-language' => 'zh-CN,zh;q=0.9',
  'cookie' => 'pgv_pvi=3972531200; PHPSESSID=24trp3ofqmar2gmni2apl4lag6',
)
[ info ] [ PARAM ] array (
)
[ info ] [ LOG ] INIT File
---------------------------------------------------------------
[ 2019-03-19T00:12:54+08:00 ] 0.0.0.0 GET /teacher/course/courseMenu
[ info ] reportsystem/teacher/course/courseMenu [运行时间：0.179864s][吞吐率：5.56req/s] [内存消耗：5,201.91kb] [文件加载：50]
[ info ] [ LANG ] F:\study\www\reportSystem\ThinkPHP\thinkphp\lang\zh-cn.php
[ info ] [ ROUTE ] array (
  'type' => 'module',
  'module' => 
  array (
    0 => 'teacher',
    1 => 'course',
    2 => 'courseMenu',
  ),
)
[ info ] [ HEADER ] array (
  'host' => 'reportsystem',
  'connection' => 'keep-alive',
  'upgrade-insecure-requests' => '1',
  'user-agent' => 'Mozilla/5.0 (Windows NT 10.0; WOW64) AppleWebKit/537.36 (KHTML, like Gecko) Chrome/71.0.3578.98 Safari/537.36',
  'accept' => 'text/html,application/xhtml+xml,application/xml;q=0.9,image/webp,image/apng,*/*;q=0.8',
  'referer' => 'http://reportsystem/teacher/course/courseMenu',
  'accept-encoding' => 'gzip, deflate',
  'accept-language' => 'zh-CN,zh;q=0.9',
  'cookie' => 'pgv_pvi=3972531200; PHPSESSID=24trp3ofqmar2gmni2apl4lag6',
)
[ info ] [ PARAM ] array (
)
[ info ] [ SESSION ] INIT array (
  'id' => '',
  'var_session_id' => '',
  'prefix' => 'think',
  'type' => '',
  'auto_start' => true,
  'httponly' => true,
  'secure' => false,
)
[ info ] [ RUN ] app\teacher\controller\Course->courseMenu[ F:\study\www\reportSystem\ThinkPHP\app\teacher\controller\Course.php ]
[ info ] [ DB ] INIT mysql
[ info ] [ VIEW ] F:\study\www\reportSystem\ThinkPHP\public/../app/teacher\view\course\courseList.html [ array (
  0 => 'courseList',
  1 => 'taskList',
) ]
[ info ] [ LOG ] INIT File
[ notice ] 显示课程列表
[ sql ] [ DB ] CONNECT:[ UseTime:0.002103s ] mysql:host=127.0.0.1;port=3306;dbname=report_system;charset=utf8
[ sql ] [ SQL ] SHOW COLUMNS FROM `course` [ RunTime:0.002328s ]
[ sql ] [ SQL ] SELECT * FROM `course` WHERE (  (  teacherNo = '2012032' ) ) AND `course`.`deleteTime` IS NULL [ RunTime:0.002465s ]
[ sql ] [ SQL ] SHOW COLUMNS FROM `task` [ RunTime:0.002145s ]
[ sql ] [ SQL ] SELECT * FROM `task` WHERE (  (  teacherNo = '2012032' ) ) AND `task`.`deleteTime` IS NULL [ RunTime:0.001343s ]
---------------------------------------------------------------
[ 2019-03-19T00:12:54+08:00 ] 0.0.0.0 GET /static/fontawesome-5.5.0/css/font-awesome.min.css
[ info ] reportsystem/static/fontawesome-5.5.0/css/font-awesome.min.css [运行时间：0.098742s][吞吐率：10.13req/s] [内存消耗：2,507.24kb] [文件加载：32]
[ info ] [ LANG ] F:\study\www\reportSystem\ThinkPHP\thinkphp\lang\zh-cn.php
[ info ] [ ROUTE ] array (
  'type' => 'module',
  'module' => 
  array (
    0 => 'static',
    1 => 'fontawesome-5.5.0',
    2 => 'css',
  ),
)
[ info ] [ HEADER ] array (
  'host' => 'reportsystem',
  'connection' => 'keep-alive',
  'user-agent' => 'Mozilla/5.0 (Windows NT 10.0; WOW64) AppleWebKit/537.36 (KHTML, like Gecko) Chrome/71.0.3578.98 Safari/537.36',
  'accept' => 'text/css,*/*;q=0.1',
  'referer' => 'http://reportsystem/teacher/course/courseMenu',
  'accept-encoding' => 'gzip, deflate',
  'accept-language' => 'zh-CN,zh;q=0.9',
  'cookie' => 'pgv_pvi=3972531200; PHPSESSID=24trp3ofqmar2gmni2apl4lag6',
)
[ info ] [ PARAM ] array (
)
[ info ] [ LOG ] INIT File
---------------------------------------------------------------
[ 2019-03-19T00:12:55+08:00 ] 0.0.0.0 GET /teacher/course/showTask?courseNo=543
[ info ] reportsystem/teacher/course/showTask?courseNo=543 [运行时间：0.191763s][吞吐率：5.21req/s] [内存消耗：5,189.47kb] [文件加载：50]
[ info ] [ LANG ] F:\study\www\reportSystem\ThinkPHP\thinkphp\lang\zh-cn.php
[ info ] [ ROUTE ] array (
  'type' => 'module',
  'module' => 
  array (
    0 => 'teacher',
    1 => 'course',
    2 => 'showTask',
  ),
)
[ info ] [ HEADER ] array (
  'host' => 'reportsystem',
  'connection' => 'keep-alive',
  'upgrade-insecure-requests' => '1',
  'user-agent' => 'Mozilla/5.0 (Windows NT 10.0; WOW64) AppleWebKit/537.36 (KHTML, like Gecko) Chrome/71.0.3578.98 Safari/537.36',
  'accept' => 'text/html,application/xhtml+xml,application/xml;q=0.9,image/webp,image/apng,*/*;q=0.8',
  'referer' => 'http://reportsystem/teacher/course/courseMenu',
  'accept-encoding' => 'gzip, deflate',
  'accept-language' => 'zh-CN,zh;q=0.9',
  'cookie' => 'pgv_pvi=3972531200; PHPSESSID=24trp3ofqmar2gmni2apl4lag6',
)
[ info ] [ PARAM ] array (
  'courseNo' => '543',
)
[ info ] [ SESSION ] INIT array (
  'id' => '',
  'var_session_id' => '',
  'prefix' => 'think',
  'type' => '',
  'auto_start' => true,
  'httponly' => true,
  'secure' => false,
)
[ info ] [ RUN ] app\teacher\controller\Course->showTask[ F:\study\www\reportSystem\ThinkPHP\app\teacher\controller\Course.php ]
[ info ] [ DB ] INIT mysql
[ info ] [ VIEW ] F:\study\www\reportSystem\ThinkPHP\public/../app/teacher\view\course\courseList.html [ array (
  0 => 'courseList',
  1 => 'taskList',
) ]
[ info ] [ LOG ] INIT File
[ notice ] 显示课程列表
[ sql ] [ DB ] CONNECT:[ UseTime:0.002320s ] mysql:host=127.0.0.1;port=3306;dbname=report_system;charset=utf8
[ sql ] [ SQL ] SHOW COLUMNS FROM `course` [ RunTime:0.002932s ]
[ sql ] [ SQL ] SELECT * FROM `course` WHERE (  (  teacherNo = '2012032' ) ) AND `course`.`deleteTime` IS NULL [ RunTime:0.002399s ]
[ sql ] [ SQL ] SHOW COLUMNS FROM `task` [ RunTime:0.002603s ]
[ sql ] [ SQL ] SELECT * FROM `task` WHERE (  (  teacherNo = '2012032' )  AND (  courseNo = '543' ) ) AND `task`.`deleteTime` IS NULL [ RunTime:0.001632s ]
---------------------------------------------------------------
[ 2019-03-19T00:12:55+08:00 ] 0.0.0.0 GET /static/fontawesome-5.5.0/css/font-awesome.min.css
[ info ] reportsystem/static/fontawesome-5.5.0/css/font-awesome.min.css [运行时间：0.104560s][吞吐率：9.56req/s] [内存消耗：2,507.70kb] [文件加载：32]
[ info ] [ LANG ] F:\study\www\reportSystem\ThinkPHP\thinkphp\lang\zh-cn.php
[ info ] [ ROUTE ] array (
  'type' => 'module',
  'module' => 
  array (
    0 => 'static',
    1 => 'fontawesome-5.5.0',
    2 => 'css',
  ),
)
[ info ] [ HEADER ] array (
  'host' => 'reportsystem',
  'connection' => 'keep-alive',
  'user-agent' => 'Mozilla/5.0 (Windows NT 10.0; WOW64) AppleWebKit/537.36 (KHTML, like Gecko) Chrome/71.0.3578.98 Safari/537.36',
  'accept' => 'text/css,*/*;q=0.1',
  'referer' => 'http://reportsystem/teacher/course/showTask?courseNo=543',
  'accept-encoding' => 'gzip, deflate',
  'accept-language' => 'zh-CN,zh;q=0.9',
  'cookie' => 'pgv_pvi=3972531200; PHPSESSID=24trp3ofqmar2gmni2apl4lag6',
)
[ info ] [ PARAM ] array (
)
[ info ] [ LOG ] INIT File
---------------------------------------------------------------
[ 2019-03-19T00:12:56+08:00 ] 0.0.0.0 GET /teacher/course/courseMenu
[ info ] reportsystem/teacher/course/courseMenu [运行时间：0.174348s][吞吐率：5.74req/s] [内存消耗：5,201.77kb] [文件加载：50]
[ info ] [ LANG ] F:\study\www\reportSystem\ThinkPHP\thinkphp\lang\zh-cn.php
[ info ] [ ROUTE ] array (
  'type' => 'module',
  'module' => 
  array (
    0 => 'teacher',
    1 => 'course',
    2 => 'courseMenu',
  ),
)
[ info ] [ HEADER ] array (
  'host' => 'reportsystem',
  'connection' => 'keep-alive',
  'upgrade-insecure-requests' => '1',
  'user-agent' => 'Mozilla/5.0 (Windows NT 10.0; WOW64) AppleWebKit/537.36 (KHTML, like Gecko) Chrome/71.0.3578.98 Safari/537.36',
  'accept' => 'text/html,application/xhtml+xml,application/xml;q=0.9,image/webp,image/apng,*/*;q=0.8',
  'referer' => 'http://reportsystem/teacher/course/showTask?courseNo=543',
  'accept-encoding' => 'gzip, deflate',
  'accept-language' => 'zh-CN,zh;q=0.9',
  'cookie' => 'pgv_pvi=3972531200; PHPSESSID=24trp3ofqmar2gmni2apl4lag6',
)
[ info ] [ PARAM ] array (
)
[ info ] [ SESSION ] INIT array (
  'id' => '',
  'var_session_id' => '',
  'prefix' => 'think',
  'type' => '',
  'auto_start' => true,
  'httponly' => true,
  'secure' => false,
)
[ info ] [ RUN ] app\teacher\controller\Course->courseMenu[ F:\study\www\reportSystem\ThinkPHP\app\teacher\controller\Course.php ]
[ info ] [ DB ] INIT mysql
[ info ] [ VIEW ] F:\study\www\reportSystem\ThinkPHP\public/../app/teacher\view\course\courseList.html [ array (
  0 => 'courseList',
  1 => 'taskList',
) ]
[ info ] [ LOG ] INIT File
[ notice ] 显示课程列表
[ sql ] [ DB ] CONNECT:[ UseTime:0.011639s ] mysql:host=127.0.0.1;port=3306;dbname=report_system;charset=utf8
[ sql ] [ SQL ] SHOW COLUMNS FROM `course` [ RunTime:0.002358s ]
[ sql ] [ SQL ] SELECT * FROM `course` WHERE (  (  teacherNo = '2012032' ) ) AND `course`.`deleteTime` IS NULL [ RunTime:0.003014s ]
[ sql ] [ SQL ] SHOW COLUMNS FROM `task` [ RunTime:0.002020s ]
[ sql ] [ SQL ] SELECT * FROM `task` WHERE (  (  teacherNo = '2012032' ) ) AND `task`.`deleteTime` IS NULL [ RunTime:0.001586s ]
---------------------------------------------------------------
[ 2019-03-19T00:12:56+08:00 ] 0.0.0.0 GET /static/fontawesome-5.5.0/css/font-awesome.min.css
[ info ] reportsystem/static/fontawesome-5.5.0/css/font-awesome.min.css [运行时间：0.117131s][吞吐率：8.54req/s] [内存消耗：2,507.24kb] [文件加载：32]
[ info ] [ LANG ] F:\study\www\reportSystem\ThinkPHP\thinkphp\lang\zh-cn.php
[ info ] [ ROUTE ] array (
  'type' => 'module',
  'module' => 
  array (
    0 => 'static',
    1 => 'fontawesome-5.5.0',
    2 => 'css',
  ),
)
[ info ] [ HEADER ] array (
  'host' => 'reportsystem',
  'connection' => 'keep-alive',
  'user-agent' => 'Mozilla/5.0 (Windows NT 10.0; WOW64) AppleWebKit/537.36 (KHTML, like Gecko) Chrome/71.0.3578.98 Safari/537.36',
  'accept' => 'text/css,*/*;q=0.1',
  'referer' => 'http://reportsystem/teacher/course/courseMenu',
  'accept-encoding' => 'gzip, deflate',
  'accept-language' => 'zh-CN,zh;q=0.9',
  'cookie' => 'pgv_pvi=3972531200; PHPSESSID=24trp3ofqmar2gmni2apl4lag6',
)
[ info ] [ PARAM ] array (
)
[ info ] [ LOG ] INIT File
---------------------------------------------------------------
[ 2019-03-19T00:54:02+08:00 ] 0.0.0.0 GET /teacher/course/courseMenu
[ info ] reportsystem/teacher/course/courseMenu [运行时间：3.889154s][吞吐率：0.26req/s] [内存消耗：5,201.77kb] [文件加载：50]
[ info ] [ LANG ] F:\study\www\reportSystem\ThinkPHP\thinkphp\lang\zh-cn.php
[ info ] [ ROUTE ] array (
  'type' => 'module',
  'module' => 
  array (
    0 => 'teacher',
    1 => 'course',
    2 => 'courseMenu',
  ),
)
[ info ] [ HEADER ] array (
  'host' => 'reportsystem',
  'connection' => 'keep-alive',
  'upgrade-insecure-requests' => '1',
  'user-agent' => 'Mozilla/5.0 (Windows NT 10.0; WOW64) AppleWebKit/537.36 (KHTML, like Gecko) Chrome/71.0.3578.98 Safari/537.36',
  'accept' => 'text/html,application/xhtml+xml,application/xml;q=0.9,image/webp,image/apng,*/*;q=0.8',
  'referer' => 'http://reportsystem/teacher/course/showTask?courseNo=543',
  'accept-encoding' => 'gzip, deflate',
  'accept-language' => 'zh-CN,zh;q=0.9',
  'cookie' => 'pgv_pvi=3972531200; PHPSESSID=24trp3ofqmar2gmni2apl4lag6',
)
[ info ] [ PARAM ] array (
)
[ info ] [ SESSION ] INIT array (
  'id' => '',
  'var_session_id' => '',
  'prefix' => 'think',
  'type' => '',
  'auto_start' => true,
  'httponly' => true,
  'secure' => false,
)
[ info ] [ RUN ] app\teacher\controller\Course->courseMenu[ F:\study\www\reportSystem\ThinkPHP\app\teacher\controller\Course.php ]
[ info ] [ DB ] INIT mysql
[ info ] [ VIEW ] F:\study\www\reportSystem\ThinkPHP\public/../app/teacher\view\course\courseList.html [ array (
  0 => 'courseList',
  1 => 'taskList',
) ]
[ info ] [ LOG ] INIT File
[ notice ] 显示课程列表
[ sql ] [ DB ] CONNECT:[ UseTime:0.003805s ] mysql:host=127.0.0.1;port=3306;dbname=report_system;charset=utf8
[ sql ] [ SQL ] SHOW COLUMNS FROM `course` [ RunTime:0.004492s ]
[ sql ] [ SQL ] SELECT * FROM `course` WHERE (  (  teacherNo = '2012032' ) ) AND `course`.`deleteTime` IS NULL [ RunTime:0.002858s ]
[ sql ] [ SQL ] SHOW COLUMNS FROM `task` [ RunTime:0.002793s ]
[ sql ] [ SQL ] SELECT * FROM `task` WHERE (  (  teacherNo = '2012032' ) ) AND `task`.`deleteTime` IS NULL [ RunTime:0.001405s ]
