---------------------------------------------------------------
[ 2019-03-20T23:47:10+08:00 ] 0.0.0.0 GET /
[ info ] reportsystem/ [运行时间：2.238690s][吞吐率：0.45req/s] [内存消耗：3,200.98kb] [文件加载：40]
[ info ] [ LANG ] F:\study\www\reportSystem\ThinkPHP\thinkphp\lang\zh-cn.php
[ info ] [ ROUTE ] array (
  'type' => 'module',
  'module' => 
  array (
    0 => '',
    1 => NULL,
    2 => NULL,
  ),
)
[ info ] [ HEADER ] array (
  'host' => 'reportsystem',
  'connection' => 'keep-alive',
  'upgrade-insecure-requests' => '1',
  'user-agent' => 'Mozilla/5.0 (Windows NT 10.0; WOW64) AppleWebKit/537.36 (KHTML, like Gecko) Chrome/71.0.3578.98 Safari/537.36',
  'accept' => 'text/html,application/xhtml+xml,application/xml;q=0.9,image/webp,image/apng,*/*;q=0.8',
  'accept-encoding' => 'gzip, deflate',
  'accept-language' => 'zh-CN,zh;q=0.9',
  'cookie' => 'pgv_pvi=3972531200',
)
[ info ] [ PARAM ] array (
)
[ info ] [ RUN ] app\index\controller\Index->index[ F:\study\www\reportSystem\ThinkPHP\app\index\controller\Index.php ]
[ info ] [ VIEW ] F:\study\www\reportSystem\ThinkPHP\public/../app/index\view\index\index.html [ array (
) ]
[ info ] [ SESSION ] INIT array (
  'id' => '',
  'var_session_id' => '',
  'prefix' => 'think',
  'type' => '',
  'auto_start' => true,
  'httponly' => true,
  'secure' => false,
)
[ info ] [ LOG ] INIT File
---------------------------------------------------------------
[ 2019-03-20T23:47:11+08:00 ] 0.0.0.0 GET /static/fontawesome-5.5.0/css/font-awesome.min.css
[ info ] reportsystem/static/fontawesome-5.5.0/css/font-awesome.min.css [运行时间：0.466474s][吞吐率：2.14req/s] [内存消耗：2,507.37kb] [文件加载：32]
[ info ] [ LANG ] F:\study\www\reportSystem\ThinkPHP\thinkphp\lang\zh-cn.php
[ info ] [ ROUTE ] array (
  'type' => 'module',
  'module' => 
  array (
    0 => 'static',
    1 => 'fontawesome-5.5.0',
    2 => 'css',
  ),
)
[ info ] [ HEADER ] array (
  'host' => 'reportsystem',
  'connection' => 'keep-alive',
  'user-agent' => 'Mozilla/5.0 (Windows NT 10.0; WOW64) AppleWebKit/537.36 (KHTML, like Gecko) Chrome/71.0.3578.98 Safari/537.36',
  'accept' => 'text/css,*/*;q=0.1',
  'referer' => 'http://reportsystem/',
  'accept-encoding' => 'gzip, deflate',
  'accept-language' => 'zh-CN,zh;q=0.9',
  'cookie' => 'pgv_pvi=3972531200; PHPSESSID=009k9cut1uguqkn15s2k5ddji7',
)
[ info ] [ PARAM ] array (
)
[ info ] [ LOG ] INIT File
---------------------------------------------------------------
[ 2019-03-20T23:47:14+08:00 ] 0.0.0.0 GET /index/index/login
[ info ] reportsystem/index/index/login [运行时间：0.176737s][吞吐率：5.66req/s] [内存消耗：2,952.84kb] [文件加载：38]
[ info ] [ LANG ] F:\study\www\reportSystem\ThinkPHP\thinkphp\lang\zh-cn.php
[ info ] [ ROUTE ] array (
  'type' => 'module',
  'module' => 
  array (
    0 => 'index',
    1 => 'index',
    2 => 'login',
  ),
)
[ info ] [ HEADER ] array (
  'host' => 'reportsystem',
  'connection' => 'keep-alive',
  'upgrade-insecure-requests' => '1',
  'user-agent' => 'Mozilla/5.0 (Windows NT 10.0; WOW64) AppleWebKit/537.36 (KHTML, like Gecko) Chrome/71.0.3578.98 Safari/537.36',
  'accept' => 'text/html,application/xhtml+xml,application/xml;q=0.9,image/webp,image/apng,*/*;q=0.8',
  'referer' => 'http://reportsystem/',
  'accept-encoding' => 'gzip, deflate',
  'accept-language' => 'zh-CN,zh;q=0.9',
  'cookie' => 'pgv_pvi=3972531200; PHPSESSID=009k9cut1uguqkn15s2k5ddji7',
)
[ info ] [ PARAM ] array (
)
[ info ] [ RUN ] app\index\controller\Index->login[ F:\study\www\reportSystem\ThinkPHP\app\index\controller\Index.php ]
[ info ] [ SESSION ] INIT array (
  'id' => '',
  'var_session_id' => '',
  'prefix' => 'think',
  'type' => '',
  'auto_start' => true,
  'httponly' => true,
  'secure' => false,
)
[ info ] [ VIEW ] F:\study\www\reportSystem\ThinkPHP\public/../app/index\view\index\login.html [ array (
) ]
[ info ] [ LOG ] INIT File
---------------------------------------------------------------
[ 2019-03-20T23:47:14+08:00 ] 0.0.0.0 GET /static/fontawesome-5.5.0/css/font-awesome.min.css
[ info ] reportsystem/static/fontawesome-5.5.0/css/font-awesome.min.css [运行时间：0.102335s][吞吐率：9.77req/s] [内存消耗：2,507.44kb] [文件加载：32]
[ info ] [ LANG ] F:\study\www\reportSystem\ThinkPHP\thinkphp\lang\zh-cn.php
[ info ] [ ROUTE ] array (
  'type' => 'module',
  'module' => 
  array (
    0 => 'static',
    1 => 'fontawesome-5.5.0',
    2 => 'css',
  ),
)
[ info ] [ HEADER ] array (
  'host' => 'reportsystem',
  'connection' => 'keep-alive',
  'user-agent' => 'Mozilla/5.0 (Windows NT 10.0; WOW64) AppleWebKit/537.36 (KHTML, like Gecko) Chrome/71.0.3578.98 Safari/537.36',
  'accept' => 'text/css,*/*;q=0.1',
  'referer' => 'http://reportsystem/index/index/login',
  'accept-encoding' => 'gzip, deflate',
  'accept-language' => 'zh-CN,zh;q=0.9',
  'cookie' => 'pgv_pvi=3972531200; PHPSESSID=009k9cut1uguqkn15s2k5ddji7',
)
[ info ] [ PARAM ] array (
)
[ info ] [ LOG ] INIT File
---------------------------------------------------------------
[ 2019-03-20T23:47:23+08:00 ] 0.0.0.0 POST /index/login/login
[ info ] reportsystem/index/login/login [运行时间：1.166903s][吞吐率：0.86req/s] [内存消耗：5,039.70kb] [文件加载：50]
[ info ] [ LANG ] F:\study\www\reportSystem\ThinkPHP\thinkphp\lang\zh-cn.php
[ info ] [ ROUTE ] array (
  'type' => 'module',
  'module' => 
  array (
    0 => 'index',
    1 => 'login',
    2 => 'login',
  ),
)
[ info ] [ HEADER ] array (
  'host' => 'reportsystem',
  'connection' => 'keep-alive',
  'content-length' => '48',
  'cache-control' => 'max-age=0',
  'origin' => 'http://reportsystem',
  'upgrade-insecure-requests' => '1',
  'content-type' => 'application/x-www-form-urlencoded',
  'user-agent' => 'Mozilla/5.0 (Windows NT 10.0; WOW64) AppleWebKit/537.36 (KHTML, like Gecko) Chrome/71.0.3578.98 Safari/537.36',
  'accept' => 'text/html,application/xhtml+xml,application/xml;q=0.9,image/webp,image/apng,*/*;q=0.8',
  'referer' => 'http://reportsystem/index/index/login',
  'accept-encoding' => 'gzip, deflate',
  'accept-language' => 'zh-CN,zh;q=0.9',
  'cookie' => 'pgv_pvi=3972531200; PHPSESSID=009k9cut1uguqkn15s2k5ddji7',
)
[ info ] [ PARAM ] array (
  'account' => '2012032',
  'password' => 'tyttyt123',
  'rememberMe' => 'on',
)
[ info ] [ RUN ] app\index\controller\Login->login[ F:\study\www\reportSystem\ThinkPHP\app\index\controller\Login.php ]
[ info ] [ SESSION ] INIT array (
  'id' => '',
  'var_session_id' => '',
  'prefix' => 'think',
  'type' => '',
  'auto_start' => true,
  'httponly' => true,
  'secure' => false,
)
[ info ] [ DB ] INIT mysql
[ info ] [ VIEW ] F:\study\www\reportSystem\ThinkPHP\thinkphp\tpl\dispatch_jump.tpl [ array (
  0 => 'code',
  1 => 'msg',
  2 => 'data',
  3 => 'url',
  4 => 'wait',
) ]
[ info ] [ LOG ] INIT File
[ notice ] 登录系统
[ sql ] [ DB ] CONNECT:[ UseTime:0.162028s ] mysql:host=127.0.0.1;port=3306;dbname=report_system;charset=utf8
[ sql ] [ SQL ] SHOW COLUMNS FROM `user` [ RunTime:0.101136s ]
[ sql ] [ SQL ] SELECT * FROM `user` WHERE  (  account = '2012032' and password = '59b618b9fbe7f75cd16b45eb28e971b3' ) LIMIT 1 [ RunTime:0.023513s ]
[ sql ] [ SQL ] UPDATE `user`  SET `count`=`count`+1  WHERE  (  account = '2012032' and password = '59b618b9fbe7f75cd16b45eb28e971b3' ) [ RunTime:0.153833s ]
[ sql ] [ SQL ] UPDATE `user`  SET `lastTime`='1553096843'  WHERE  (  account = '2012032' and password = '59b618b9fbe7f75cd16b45eb28e971b3' ) [ RunTime:0.064972s ]
---------------------------------------------------------------
[ 2019-03-20T23:47:25+08:00 ] 0.0.0.0 GET /teacher/index/index
[ info ] reportsystem/teacher/index/index [运行时间：0.318606s][吞吐率：3.14req/s] [内存消耗：3,200.12kb] [文件加载：39]
[ info ] [ LANG ] F:\study\www\reportSystem\ThinkPHP\thinkphp\lang\zh-cn.php
[ info ] [ ROUTE ] array (
  'type' => 'module',
  'module' => 
  array (
    0 => 'teacher',
    1 => 'index',
    2 => 'index',
  ),
)
[ info ] [ HEADER ] array (
  'host' => 'reportsystem',
  'connection' => 'keep-alive',
  'upgrade-insecure-requests' => '1',
  'user-agent' => 'Mozilla/5.0 (Windows NT 10.0; WOW64) AppleWebKit/537.36 (KHTML, like Gecko) Chrome/71.0.3578.98 Safari/537.36',
  'accept' => 'text/html,application/xhtml+xml,application/xml;q=0.9,image/webp,image/apng,*/*;q=0.8',
  'referer' => 'http://reportsystem/index/login/login',
  'accept-encoding' => 'gzip, deflate',
  'accept-language' => 'zh-CN,zh;q=0.9',
  'cookie' => 'pgv_pvi=3972531200; PHPSESSID=009k9cut1uguqkn15s2k5ddji7',
)
[ info ] [ PARAM ] array (
)
[ info ] [ RUN ] app\teacher\controller\Index->index[ F:\study\www\reportSystem\ThinkPHP\app\teacher\controller\Index.php ]
[ info ] [ VIEW ] F:\study\www\reportSystem\ThinkPHP\public/../app/teacher\view\index\index.html [ array (
) ]
[ info ] [ SESSION ] INIT array (
  'id' => '',
  'var_session_id' => '',
  'prefix' => 'think',
  'type' => '',
  'auto_start' => true,
  'httponly' => true,
  'secure' => false,
)
[ info ] [ LOG ] INIT File
---------------------------------------------------------------
[ 2019-03-20T23:47:25+08:00 ] 0.0.0.0 GET /static/fontawesome-5.5.0/css/font-awesome.min.css
[ info ] reportsystem/static/fontawesome-5.5.0/css/font-awesome.min.css [运行时间：0.084810s][吞吐率：11.79req/s] [内存消耗：2,507.27kb] [文件加载：32]
[ info ] [ LANG ] F:\study\www\reportSystem\ThinkPHP\thinkphp\lang\zh-cn.php
[ info ] [ ROUTE ] array (
  'type' => 'module',
  'module' => 
  array (
    0 => 'static',
    1 => 'fontawesome-5.5.0',
    2 => 'css',
  ),
)
[ info ] [ HEADER ] array (
  'host' => 'reportsystem',
  'connection' => 'keep-alive',
  'user-agent' => 'Mozilla/5.0 (Windows NT 10.0; WOW64) AppleWebKit/537.36 (KHTML, like Gecko) Chrome/71.0.3578.98 Safari/537.36',
  'accept' => 'text/css,*/*;q=0.1',
  'referer' => 'http://reportsystem/teacher/index/index',
  'accept-encoding' => 'gzip, deflate',
  'accept-language' => 'zh-CN,zh;q=0.9',
  'cookie' => 'pgv_pvi=3972531200; PHPSESSID=009k9cut1uguqkn15s2k5ddji7',
)
[ info ] [ PARAM ] array (
)
[ info ] [ LOG ] INIT File
---------------------------------------------------------------
[ 2019-03-20T23:47:34+08:00 ] 0.0.0.0 GET /teacher/course/courseMenu
[ info ] reportsystem/teacher/course/courseMenu [运行时间：0.496755s][吞吐率：2.01req/s] [内存消耗：5,202.12kb] [文件加载：50]
[ info ] [ LANG ] F:\study\www\reportSystem\ThinkPHP\thinkphp\lang\zh-cn.php
[ info ] [ ROUTE ] array (
  'type' => 'module',
  'module' => 
  array (
    0 => 'teacher',
    1 => 'course',
    2 => 'courseMenu',
  ),
)
[ info ] [ HEADER ] array (
  'host' => 'reportsystem',
  'connection' => 'keep-alive',
  'upgrade-insecure-requests' => '1',
  'user-agent' => 'Mozilla/5.0 (Windows NT 10.0; WOW64) AppleWebKit/537.36 (KHTML, like Gecko) Chrome/71.0.3578.98 Safari/537.36',
  'accept' => 'text/html,application/xhtml+xml,application/xml;q=0.9,image/webp,image/apng,*/*;q=0.8',
  'referer' => 'http://reportsystem/teacher/index/index',
  'accept-encoding' => 'gzip, deflate',
  'accept-language' => 'zh-CN,zh;q=0.9',
  'cookie' => 'pgv_pvi=3972531200; PHPSESSID=009k9cut1uguqkn15s2k5ddji7',
)
[ info ] [ PARAM ] array (
)
[ info ] [ SESSION ] INIT array (
  'id' => '',
  'var_session_id' => '',
  'prefix' => 'think',
  'type' => '',
  'auto_start' => true,
  'httponly' => true,
  'secure' => false,
)
[ info ] [ RUN ] app\teacher\controller\Course->courseMenu[ F:\study\www\reportSystem\ThinkPHP\app\teacher\controller\Course.php ]
[ info ] [ DB ] INIT mysql
[ info ] [ VIEW ] F:\study\www\reportSystem\ThinkPHP\public/../app/teacher\view\course\courseList.html [ array (
  0 => 'courseList',
  1 => 'taskList',
) ]
[ info ] [ LOG ] INIT File
[ notice ] 显示课程列表
[ sql ] [ DB ] CONNECT:[ UseTime:0.002088s ] mysql:host=127.0.0.1;port=3306;dbname=report_system;charset=utf8
[ sql ] [ SQL ] SHOW COLUMNS FROM `course` [ RunTime:0.011995s ]
[ sql ] [ SQL ] SELECT * FROM `course` WHERE (  (  teacherNo = '2012032' ) ) AND `course`.`deleteTime` IS NULL [ RunTime:0.011954s ]
[ sql ] [ SQL ] SHOW COLUMNS FROM `task` [ RunTime:0.004703s ]
[ sql ] [ SQL ] SELECT * FROM `task` WHERE (  (  teacherNo = '2012032' ) ) AND `task`.`deleteTime` IS NULL [ RunTime:0.024357s ]
---------------------------------------------------------------
[ 2019-03-20T23:47:34+08:00 ] 0.0.0.0 GET /static/fontawesome-5.5.0/css/font-awesome.min.css
[ info ] reportsystem/static/fontawesome-5.5.0/css/font-awesome.min.css [运行时间：0.100341s][吞吐率：9.97req/s] [内存消耗：2,507.24kb] [文件加载：32]
[ info ] [ LANG ] F:\study\www\reportSystem\ThinkPHP\thinkphp\lang\zh-cn.php
[ info ] [ ROUTE ] array (
  'type' => 'module',
  'module' => 
  array (
    0 => 'static',
    1 => 'fontawesome-5.5.0',
    2 => 'css',
  ),
)
[ info ] [ HEADER ] array (
  'host' => 'reportsystem',
  'connection' => 'keep-alive',
  'user-agent' => 'Mozilla/5.0 (Windows NT 10.0; WOW64) AppleWebKit/537.36 (KHTML, like Gecko) Chrome/71.0.3578.98 Safari/537.36',
  'accept' => 'text/css,*/*;q=0.1',
  'referer' => 'http://reportsystem/teacher/course/courseMenu',
  'accept-encoding' => 'gzip, deflate',
  'accept-language' => 'zh-CN,zh;q=0.9',
  'cookie' => 'pgv_pvi=3972531200; PHPSESSID=009k9cut1uguqkn15s2k5ddji7',
)
[ info ] [ PARAM ] array (
)
[ info ] [ LOG ] INIT File
---------------------------------------------------------------
[ 2019-03-20T23:51:11+08:00 ] 0.0.0.0 GET /teacher/course/courseMenu
[ info ] reportsystem/teacher/course/courseMenu [运行时间：0.296313s][吞吐率：3.37req/s] [内存消耗：5,461.20kb] [文件加载：52]
[ info ] [ LANG ] F:\study\www\reportSystem\ThinkPHP\thinkphp\lang\zh-cn.php
[ info ] [ ROUTE ] array (
  'type' => 'module',
  'module' => 
  array (
    0 => 'teacher',
    1 => 'course',
    2 => 'courseMenu',
  ),
)
[ info ] [ HEADER ] array (
  'host' => 'reportsystem',
  'connection' => 'keep-alive',
  'cache-control' => 'max-age=0',
  'upgrade-insecure-requests' => '1',
  'user-agent' => 'Mozilla/5.0 (Windows NT 10.0; WOW64) AppleWebKit/537.36 (KHTML, like Gecko) Chrome/71.0.3578.98 Safari/537.36',
  'accept' => 'text/html,application/xhtml+xml,application/xml;q=0.9,image/webp,image/apng,*/*;q=0.8',
  'referer' => 'http://reportsystem/teacher/index/index',
  'accept-encoding' => 'gzip, deflate',
  'accept-language' => 'zh-CN,zh;q=0.9',
  'cookie' => 'pgv_pvi=3972531200; PHPSESSID=009k9cut1uguqkn15s2k5ddji7',
)
[ info ] [ PARAM ] array (
)
[ info ] [ SESSION ] INIT array (
  'id' => '',
  'var_session_id' => '',
  'prefix' => 'think',
  'type' => '',
  'auto_start' => true,
  'httponly' => true,
  'secure' => false,
)
[ info ] [ RUN ] app\teacher\controller\Course->courseMenu[ F:\study\www\reportSystem\ThinkPHP\app\teacher\controller\Course.php ]
[ info ] [ DB ] INIT mysql
[ info ] [ VIEW ] F:\study\www\reportSystem\ThinkPHP\public/../app/teacher\view\course\courseList.html [ array (
  0 => 'courseList',
  1 => 'taskList',
) ]
[ info ] [ LOG ] INIT File
[ notice ] 显示课程列表
[ sql ] [ DB ] CONNECT:[ UseTime:0.002897s ] mysql:host=127.0.0.1;port=3306;dbname=report_system;charset=utf8
[ sql ] [ SQL ] SHOW COLUMNS FROM `course` [ RunTime:0.004299s ]
[ sql ] [ SQL ] SELECT * FROM `course` WHERE (  (  teacherNo = '2012032' ) ) AND `course`.`deleteTime` IS NULL [ RunTime:0.002092s ]
[ sql ] [ SQL ] SHOW COLUMNS FROM `task` [ RunTime:0.005208s ]
[ sql ] [ SQL ] SELECT * FROM `task` WHERE (  (  teacherNo = '2012032' ) ) AND `task`.`deleteTime` IS NULL [ RunTime:0.001007s ]
---------------------------------------------------------------
[ 2019-03-20T23:51:11+08:00 ] 0.0.0.0 GET /static/fontawesome-5.5.0/css/font-awesome.min.css
[ info ] reportsystem/static/fontawesome-5.5.0/css/font-awesome.min.css [运行时间：0.101222s][吞吐率：9.88req/s] [内存消耗：2,507.24kb] [文件加载：32]
[ info ] [ LANG ] F:\study\www\reportSystem\ThinkPHP\thinkphp\lang\zh-cn.php
[ info ] [ ROUTE ] array (
  'type' => 'module',
  'module' => 
  array (
    0 => 'static',
    1 => 'fontawesome-5.5.0',
    2 => 'css',
  ),
)
[ info ] [ HEADER ] array (
  'host' => 'reportsystem',
  'connection' => 'keep-alive',
  'user-agent' => 'Mozilla/5.0 (Windows NT 10.0; WOW64) AppleWebKit/537.36 (KHTML, like Gecko) Chrome/71.0.3578.98 Safari/537.36',
  'accept' => 'text/css,*/*;q=0.1',
  'referer' => 'http://reportsystem/teacher/course/courseMenu',
  'accept-encoding' => 'gzip, deflate',
  'accept-language' => 'zh-CN,zh;q=0.9',
  'cookie' => 'pgv_pvi=3972531200; PHPSESSID=009k9cut1uguqkn15s2k5ddji7',
)
[ info ] [ PARAM ] array (
)
[ info ] [ LOG ] INIT File
---------------------------------------------------------------
[ 2019-03-20T23:51:24+08:00 ] 0.0.0.0 GET /teacher/course/courseMenu
[ info ] reportsystem/teacher/course/courseMenu [运行时间：0.286457s][吞吐率：3.49req/s] [内存消耗：5,461.02kb] [文件加载：52]
[ info ] [ LANG ] F:\study\www\reportSystem\ThinkPHP\thinkphp\lang\zh-cn.php
[ info ] [ ROUTE ] array (
  'type' => 'module',
  'module' => 
  array (
    0 => 'teacher',
    1 => 'course',
    2 => 'courseMenu',
  ),
)
[ info ] [ HEADER ] array (
  'host' => 'reportsystem',
  'connection' => 'keep-alive',
  'cache-control' => 'max-age=0',
  'upgrade-insecure-requests' => '1',
  'user-agent' => 'Mozilla/5.0 (Windows NT 10.0; WOW64) AppleWebKit/537.36 (KHTML, like Gecko) Chrome/71.0.3578.98 Safari/537.36',
  'accept' => 'text/html,application/xhtml+xml,application/xml;q=0.9,image/webp,image/apng,*/*;q=0.8',
  'referer' => 'http://reportsystem/teacher/index/index',
  'accept-encoding' => 'gzip, deflate',
  'accept-language' => 'zh-CN,zh;q=0.9',
  'cookie' => 'pgv_pvi=3972531200; PHPSESSID=009k9cut1uguqkn15s2k5ddji7',
)
[ info ] [ PARAM ] array (
)
[ info ] [ SESSION ] INIT array (
  'id' => '',
  'var_session_id' => '',
  'prefix' => 'think',
  'type' => '',
  'auto_start' => true,
  'httponly' => true,
  'secure' => false,
)
[ info ] [ RUN ] app\teacher\controller\Course->courseMenu[ F:\study\www\reportSystem\ThinkPHP\app\teacher\controller\Course.php ]
[ info ] [ DB ] INIT mysql
[ info ] [ VIEW ] F:\study\www\reportSystem\ThinkPHP\public/../app/teacher\view\course\courseList.html [ array (
  0 => 'courseList',
  1 => 'taskList',
) ]
[ info ] [ LOG ] INIT File
[ notice ] 显示课程列表
[ sql ] [ DB ] CONNECT:[ UseTime:0.002098s ] mysql:host=127.0.0.1;port=3306;dbname=report_system;charset=utf8
[ sql ] [ SQL ] SHOW COLUMNS FROM `course` [ RunTime:0.006560s ]
[ sql ] [ SQL ] SELECT * FROM `course` WHERE (  (  teacherNo = '2012032' ) ) AND `course`.`deleteTime` IS NULL [ RunTime:0.002407s ]
[ sql ] [ SQL ] SHOW COLUMNS FROM `task` [ RunTime:0.005362s ]
[ sql ] [ SQL ] SELECT * FROM `task` WHERE (  (  teacherNo = '2012032' ) ) AND `task`.`deleteTime` IS NULL [ RunTime:0.001138s ]
---------------------------------------------------------------
[ 2019-03-20T23:51:24+08:00 ] 0.0.0.0 GET /static/fontawesome-5.5.0/css/font-awesome.min.css
[ info ] reportsystem/static/fontawesome-5.5.0/css/font-awesome.min.css [运行时间：0.127024s][吞吐率：7.87req/s] [内存消耗：2,507.24kb] [文件加载：32]
[ info ] [ LANG ] F:\study\www\reportSystem\ThinkPHP\thinkphp\lang\zh-cn.php
[ info ] [ ROUTE ] array (
  'type' => 'module',
  'module' => 
  array (
    0 => 'static',
    1 => 'fontawesome-5.5.0',
    2 => 'css',
  ),
)
[ info ] [ HEADER ] array (
  'host' => 'reportsystem',
  'connection' => 'keep-alive',
  'user-agent' => 'Mozilla/5.0 (Windows NT 10.0; WOW64) AppleWebKit/537.36 (KHTML, like Gecko) Chrome/71.0.3578.98 Safari/537.36',
  'accept' => 'text/css,*/*;q=0.1',
  'referer' => 'http://reportsystem/teacher/course/courseMenu',
  'accept-encoding' => 'gzip, deflate',
  'accept-language' => 'zh-CN,zh;q=0.9',
  'cookie' => 'pgv_pvi=3972531200; PHPSESSID=009k9cut1uguqkn15s2k5ddji7',
)
[ info ] [ PARAM ] array (
)
[ info ] [ LOG ] INIT File
---------------------------------------------------------------
[ 2019-03-20T23:51:52+08:00 ] 0.0.0.0 GET /teacher/course/courseMenu
[ info ] reportsystem/teacher/course/courseMenu [运行时间：0.259205s][吞吐率：3.86req/s] [内存消耗：5,461.21kb] [文件加载：52]
[ info ] [ LANG ] F:\study\www\reportSystem\ThinkPHP\thinkphp\lang\zh-cn.php
[ info ] [ ROUTE ] array (
  'type' => 'module',
  'module' => 
  array (
    0 => 'teacher',
    1 => 'course',
    2 => 'courseMenu',
  ),
)
[ info ] [ HEADER ] array (
  'host' => 'reportsystem',
  'connection' => 'keep-alive',
  'cache-control' => 'max-age=0',
  'upgrade-insecure-requests' => '1',
  'user-agent' => 'Mozilla/5.0 (Windows NT 10.0; WOW64) AppleWebKit/537.36 (KHTML, like Gecko) Chrome/71.0.3578.98 Safari/537.36',
  'accept' => 'text/html,application/xhtml+xml,application/xml;q=0.9,image/webp,image/apng,*/*;q=0.8',
  'referer' => 'http://reportsystem/teacher/index/index',
  'accept-encoding' => 'gzip, deflate',
  'accept-language' => 'zh-CN,zh;q=0.9',
  'cookie' => 'pgv_pvi=3972531200; PHPSESSID=009k9cut1uguqkn15s2k5ddji7',
)
[ info ] [ PARAM ] array (
)
[ info ] [ SESSION ] INIT array (
  'id' => '',
  'var_session_id' => '',
  'prefix' => 'think',
  'type' => '',
  'auto_start' => true,
  'httponly' => true,
  'secure' => false,
)
[ info ] [ RUN ] app\teacher\controller\Course->courseMenu[ F:\study\www\reportSystem\ThinkPHP\app\teacher\controller\Course.php ]
[ info ] [ DB ] INIT mysql
[ info ] [ VIEW ] F:\study\www\reportSystem\ThinkPHP\public/../app/teacher\view\course\courseList.html [ array (
  0 => 'courseList',
  1 => 'taskList',
) ]
[ info ] [ LOG ] INIT File
[ notice ] 显示课程列表
[ sql ] [ DB ] CONNECT:[ UseTime:0.002034s ] mysql:host=127.0.0.1;port=3306;dbname=report_system;charset=utf8
[ sql ] [ SQL ] SHOW COLUMNS FROM `course` [ RunTime:0.004719s ]
[ sql ] [ SQL ] SELECT * FROM `course` WHERE (  (  teacherNo = '2012032' ) ) AND `course`.`deleteTime` IS NULL [ RunTime:0.002410s ]
[ sql ] [ SQL ] SHOW COLUMNS FROM `task` [ RunTime:0.004557s ]
[ sql ] [ SQL ] SELECT * FROM `task` WHERE (  (  teacherNo = '2012032' ) ) AND `task`.`deleteTime` IS NULL [ RunTime:0.000983s ]
---------------------------------------------------------------
[ 2019-03-20T23:51:52+08:00 ] 0.0.0.0 GET /static/fontawesome-5.5.0/css/font-awesome.min.css
[ info ] reportsystem/static/fontawesome-5.5.0/css/font-awesome.min.css [运行时间：0.081230s][吞吐率：12.31req/s] [内存消耗：2,507.24kb] [文件加载：32]
[ info ] [ LANG ] F:\study\www\reportSystem\ThinkPHP\thinkphp\lang\zh-cn.php
[ info ] [ ROUTE ] array (
  'type' => 'module',
  'module' => 
  array (
    0 => 'static',
    1 => 'fontawesome-5.5.0',
    2 => 'css',
  ),
)
[ info ] [ HEADER ] array (
  'host' => 'reportsystem',
  'connection' => 'keep-alive',
  'user-agent' => 'Mozilla/5.0 (Windows NT 10.0; WOW64) AppleWebKit/537.36 (KHTML, like Gecko) Chrome/71.0.3578.98 Safari/537.36',
  'accept' => 'text/css,*/*;q=0.1',
  'referer' => 'http://reportsystem/teacher/course/courseMenu',
  'accept-encoding' => 'gzip, deflate',
  'accept-language' => 'zh-CN,zh;q=0.9',
  'cookie' => 'pgv_pvi=3972531200; PHPSESSID=009k9cut1uguqkn15s2k5ddji7',
)
[ info ] [ PARAM ] array (
)
[ info ] [ LOG ] INIT File
---------------------------------------------------------------
[ 2019-03-20T23:57:07+08:00 ] 0.0.0.0 GET /teacher/course/courseMenu
[ info ] reportsystem/teacher/course/courseMenu [运行时间：2.305005s][吞吐率：0.43req/s] [内存消耗：5,461.21kb] [文件加载：52]
[ info ] [ LANG ] F:\study\www\reportSystem\ThinkPHP\thinkphp\lang\zh-cn.php
[ info ] [ ROUTE ] array (
  'type' => 'module',
  'module' => 
  array (
    0 => 'teacher',
    1 => 'course',
    2 => 'courseMenu',
  ),
)
[ info ] [ HEADER ] array (
  'host' => 'reportsystem',
  'connection' => 'keep-alive',
  'cache-control' => 'max-age=0',
  'upgrade-insecure-requests' => '1',
  'user-agent' => 'Mozilla/5.0 (Windows NT 10.0; WOW64) AppleWebKit/537.36 (KHTML, like Gecko) Chrome/71.0.3578.98 Safari/537.36',
  'accept' => 'text/html,application/xhtml+xml,application/xml;q=0.9,image/webp,image/apng,*/*;q=0.8',
  'referer' => 'http://reportsystem/teacher/index/index',
  'accept-encoding' => 'gzip, deflate',
  'accept-language' => 'zh-CN,zh;q=0.9',
  'cookie' => 'pgv_pvi=3972531200; PHPSESSID=009k9cut1uguqkn15s2k5ddji7',
)
[ info ] [ PARAM ] array (
)
[ info ] [ SESSION ] INIT array (
  'id' => '',
  'var_session_id' => '',
  'prefix' => 'think',
  'type' => '',
  'auto_start' => true,
  'httponly' => true,
  'secure' => false,
)
[ info ] [ RUN ] app\teacher\controller\Course->courseMenu[ F:\study\www\reportSystem\ThinkPHP\app\teacher\controller\Course.php ]
[ info ] [ DB ] INIT mysql
[ info ] [ VIEW ] F:\study\www\reportSystem\ThinkPHP\public/../app/teacher\view\course\courseList.html [ array (
  0 => 'courseList',
  1 => 'taskList',
) ]
[ info ] [ LOG ] INIT File
[ notice ] 显示课程列表
[ sql ] [ DB ] CONNECT:[ UseTime:0.002579s ] mysql:host=127.0.0.1;port=3306;dbname=report_system;charset=utf8
[ sql ] [ SQL ] SHOW COLUMNS FROM `course` [ RunTime:0.005175s ]
[ sql ] [ SQL ] SELECT * FROM `course` WHERE (  (  teacherNo = '2012032' ) ) AND `course`.`deleteTime` IS NULL [ RunTime:0.002288s ]
[ sql ] [ SQL ] SHOW COLUMNS FROM `task` [ RunTime:0.004967s ]
[ sql ] [ SQL ] SELECT * FROM `task` WHERE (  (  teacherNo = '2012032' ) ) AND `task`.`deleteTime` IS NULL [ RunTime:0.001595s ]
---------------------------------------------------------------
[ 2019-03-20T23:57:08+08:00 ] 0.0.0.0 GET /static/fontawesome-5.5.0/css/font-awesome.min.css
[ info ] reportsystem/static/fontawesome-5.5.0/css/font-awesome.min.css [运行时间：0.286147s][吞吐率：3.49req/s] [内存消耗：2,507.24kb] [文件加载：32]
[ info ] [ LANG ] F:\study\www\reportSystem\ThinkPHP\thinkphp\lang\zh-cn.php
[ info ] [ ROUTE ] array (
  'type' => 'module',
  'module' => 
  array (
    0 => 'static',
    1 => 'fontawesome-5.5.0',
    2 => 'css',
  ),
)
[ info ] [ HEADER ] array (
  'host' => 'reportsystem',
  'connection' => 'keep-alive',
  'user-agent' => 'Mozilla/5.0 (Windows NT 10.0; WOW64) AppleWebKit/537.36 (KHTML, like Gecko) Chrome/71.0.3578.98 Safari/537.36',
  'accept' => 'text/css,*/*;q=0.1',
  'referer' => 'http://reportsystem/teacher/course/courseMenu',
  'accept-encoding' => 'gzip, deflate',
  'accept-language' => 'zh-CN,zh;q=0.9',
  'cookie' => 'pgv_pvi=3972531200; PHPSESSID=009k9cut1uguqkn15s2k5ddji7',
)
[ info ] [ PARAM ] array (
)
[ info ] [ LOG ] INIT File
---------------------------------------------------------------
[ 2019-03-20T23:57:31+08:00 ] 0.0.0.0 GET /teacher/course/courseMenu
[ info ] reportsystem/teacher/course/courseMenu [运行时间：0.332625s][吞吐率：3.01req/s] [内存消耗：5,461.12kb] [文件加载：52]
[ info ] [ LANG ] F:\study\www\reportSystem\ThinkPHP\thinkphp\lang\zh-cn.php
[ info ] [ ROUTE ] array (
  'type' => 'module',
  'module' => 
  array (
    0 => 'teacher',
    1 => 'course',
    2 => 'courseMenu',
  ),
)
[ info ] [ HEADER ] array (
  'host' => 'reportsystem',
  'connection' => 'keep-alive',
  'cache-control' => 'max-age=0',
  'upgrade-insecure-requests' => '1',
  'user-agent' => 'Mozilla/5.0 (Windows NT 10.0; WOW64) AppleWebKit/537.36 (KHTML, like Gecko) Chrome/71.0.3578.98 Safari/537.36',
  'accept' => 'text/html,application/xhtml+xml,application/xml;q=0.9,image/webp,image/apng,*/*;q=0.8',
  'referer' => 'http://reportsystem/teacher/index/index',
  'accept-encoding' => 'gzip, deflate',
  'accept-language' => 'zh-CN,zh;q=0.9',
  'cookie' => 'pgv_pvi=3972531200; PHPSESSID=009k9cut1uguqkn15s2k5ddji7',
)
[ info ] [ PARAM ] array (
)
[ info ] [ SESSION ] INIT array (
  'id' => '',
  'var_session_id' => '',
  'prefix' => 'think',
  'type' => '',
  'auto_start' => true,
  'httponly' => true,
  'secure' => false,
)
[ info ] [ RUN ] app\teacher\controller\Course->courseMenu[ F:\study\www\reportSystem\ThinkPHP\app\teacher\controller\Course.php ]
[ info ] [ DB ] INIT mysql
[ info ] [ VIEW ] F:\study\www\reportSystem\ThinkPHP\public/../app/teacher\view\course\courseList.html [ array (
  0 => 'courseList',
  1 => 'taskList',
) ]
[ info ] [ LOG ] INIT File
[ notice ] 显示课程列表
[ sql ] [ DB ] CONNECT:[ UseTime:0.003213s ] mysql:host=127.0.0.1;port=3306;dbname=report_system;charset=utf8
[ sql ] [ SQL ] SHOW COLUMNS FROM `course` [ RunTime:0.005548s ]
[ sql ] [ SQL ] SELECT * FROM `course` WHERE (  (  teacherNo = '2012032' ) ) AND `course`.`deleteTime` IS NULL [ RunTime:0.004251s ]
[ sql ] [ SQL ] SHOW COLUMNS FROM `task` [ RunTime:0.005874s ]
[ sql ] [ SQL ] SELECT * FROM `task` WHERE (  (  teacherNo = '2012032' ) ) AND `task`.`deleteTime` IS NULL [ RunTime:0.001613s ]
---------------------------------------------------------------
[ 2019-03-20T23:57:31+08:00 ] 0.0.0.0 GET /static/fontawesome-5.5.0/css/font-awesome.min.css
[ info ] reportsystem/static/fontawesome-5.5.0/css/font-awesome.min.css [运行时间：0.096919s][吞吐率：10.32req/s] [内存消耗：2,507.24kb] [文件加载：32]
[ info ] [ LANG ] F:\study\www\reportSystem\ThinkPHP\thinkphp\lang\zh-cn.php
[ info ] [ ROUTE ] array (
  'type' => 'module',
  'module' => 
  array (
    0 => 'static',
    1 => 'fontawesome-5.5.0',
    2 => 'css',
  ),
)
[ info ] [ HEADER ] array (
  'host' => 'reportsystem',
  'connection' => 'keep-alive',
  'user-agent' => 'Mozilla/5.0 (Windows NT 10.0; WOW64) AppleWebKit/537.36 (KHTML, like Gecko) Chrome/71.0.3578.98 Safari/537.36',
  'accept' => 'text/css,*/*;q=0.1',
  'referer' => 'http://reportsystem/teacher/course/courseMenu',
  'accept-encoding' => 'gzip, deflate',
  'accept-language' => 'zh-CN,zh;q=0.9',
  'cookie' => 'pgv_pvi=3972531200; PHPSESSID=009k9cut1uguqkn15s2k5ddji7',
)
[ info ] [ PARAM ] array (
)
[ info ] [ LOG ] INIT File
---------------------------------------------------------------
[ 2019-03-20T23:57:35+08:00 ] 0.0.0.0 GET /static/fontawesome-5.5.0/css/font-awesome.min.css
[ info ] reportsystem/static/fontawesome-5.5.0/css/font-awesome.min.css [运行时间：0.112332s][吞吐率：8.90req/s] [内存消耗：2,507.24kb] [文件加载：32]
[ info ] [ LANG ] F:\study\www\reportSystem\ThinkPHP\thinkphp\lang\zh-cn.php
[ info ] [ ROUTE ] array (
  'type' => 'module',
  'module' => 
  array (
    0 => 'static',
    1 => 'fontawesome-5.5.0',
    2 => 'css',
  ),
)
[ info ] [ HEADER ] array (
  'host' => 'reportsystem',
  'connection' => 'keep-alive',
  'user-agent' => 'Mozilla/5.0 (Windows NT 10.0; WOW64) AppleWebKit/537.36 (KHTML, like Gecko) Chrome/71.0.3578.98 Safari/537.36',
  'accept' => 'text/css,*/*;q=0.1',
  'referer' => 'http://reportsystem/teacher/course/courseMenu',
  'accept-encoding' => 'gzip, deflate',
  'accept-language' => 'zh-CN,zh;q=0.9',
  'cookie' => 'pgv_pvi=3972531200; PHPSESSID=009k9cut1uguqkn15s2k5ddji7',
)
[ info ] [ PARAM ] array (
)
[ info ] [ LOG ] INIT File
---------------------------------------------------------------
[ 2019-03-20T23:58:14+08:00 ] 0.0.0.0 GET /teacher/course/courseMenu
[ info ] reportsystem/teacher/course/courseMenu [运行时间：0.299461s][吞吐率：3.34req/s] [内存消耗：5,461.15kb] [文件加载：52]
[ info ] [ LANG ] F:\study\www\reportSystem\ThinkPHP\thinkphp\lang\zh-cn.php
[ info ] [ ROUTE ] array (
  'type' => 'module',
  'module' => 
  array (
    0 => 'teacher',
    1 => 'course',
    2 => 'courseMenu',
  ),
)
[ info ] [ HEADER ] array (
  'host' => 'reportsystem',
  'connection' => 'keep-alive',
  'cache-control' => 'max-age=0',
  'upgrade-insecure-requests' => '1',
  'user-agent' => 'Mozilla/5.0 (Windows NT 10.0; WOW64) AppleWebKit/537.36 (KHTML, like Gecko) Chrome/71.0.3578.98 Safari/537.36',
  'accept' => 'text/html,application/xhtml+xml,application/xml;q=0.9,image/webp,image/apng,*/*;q=0.8',
  'referer' => 'http://reportsystem/teacher/index/index',
  'accept-encoding' => 'gzip, deflate',
  'accept-language' => 'zh-CN,zh;q=0.9',
  'cookie' => 'pgv_pvi=3972531200; PHPSESSID=009k9cut1uguqkn15s2k5ddji7',
)
[ info ] [ PARAM ] array (
)
[ info ] [ SESSION ] INIT array (
  'id' => '',
  'var_session_id' => '',
  'prefix' => 'think',
  'type' => '',
  'auto_start' => true,
  'httponly' => true,
  'secure' => false,
)
[ info ] [ RUN ] app\teacher\controller\Course->courseMenu[ F:\study\www\reportSystem\ThinkPHP\app\teacher\controller\Course.php ]
[ info ] [ DB ] INIT mysql
[ info ] [ VIEW ] F:\study\www\reportSystem\ThinkPHP\public/../app/teacher\view\course\courseList.html [ array (
  0 => 'courseList',
  1 => 'taskList',
) ]
[ info ] [ LOG ] INIT File
[ notice ] 显示课程列表
[ sql ] [ DB ] CONNECT:[ UseTime:0.002591s ] mysql:host=127.0.0.1;port=3306;dbname=report_system;charset=utf8
[ sql ] [ SQL ] SHOW COLUMNS FROM `course` [ RunTime:0.006385s ]
[ sql ] [ SQL ] SELECT * FROM `course` WHERE (  (  teacherNo = '2012032' ) ) AND `course`.`deleteTime` IS NULL [ RunTime:0.002558s ]
[ sql ] [ SQL ] SHOW COLUMNS FROM `task` [ RunTime:0.004888s ]
[ sql ] [ SQL ] SELECT * FROM `task` WHERE (  (  teacherNo = '2012032' ) ) AND `task`.`deleteTime` IS NULL [ RunTime:0.002254s ]
---------------------------------------------------------------
[ 2019-03-20T23:58:14+08:00 ] 0.0.0.0 GET /static/fontawesome-5.5.0/css/font-awesome.min.css
[ info ] reportsystem/static/fontawesome-5.5.0/css/font-awesome.min.css [运行时间：0.136548s][吞吐率：7.32req/s] [内存消耗：2,507.24kb] [文件加载：32]
[ info ] [ LANG ] F:\study\www\reportSystem\ThinkPHP\thinkphp\lang\zh-cn.php
[ info ] [ ROUTE ] array (
  'type' => 'module',
  'module' => 
  array (
    0 => 'static',
    1 => 'fontawesome-5.5.0',
    2 => 'css',
  ),
)
[ info ] [ HEADER ] array (
  'host' => 'reportsystem',
  'connection' => 'keep-alive',
  'user-agent' => 'Mozilla/5.0 (Windows NT 10.0; WOW64) AppleWebKit/537.36 (KHTML, like Gecko) Chrome/71.0.3578.98 Safari/537.36',
  'accept' => 'text/css,*/*;q=0.1',
  'referer' => 'http://reportsystem/teacher/course/courseMenu',
  'accept-encoding' => 'gzip, deflate',
  'accept-language' => 'zh-CN,zh;q=0.9',
  'cookie' => 'pgv_pvi=3972531200; PHPSESSID=009k9cut1uguqkn15s2k5ddji7',
)
[ info ] [ PARAM ] array (
)
[ info ] [ LOG ] INIT File
---------------------------------------------------------------
[ 2019-03-20T23:58:44+08:00 ] 0.0.0.0 GET /teacher/course/courseMenu
[ info ] reportsystem/teacher/course/courseMenu [运行时间：0.319625s][吞吐率：3.13req/s] [内存消耗：5,461.12kb] [文件加载：52]
[ info ] [ LANG ] F:\study\www\reportSystem\ThinkPHP\thinkphp\lang\zh-cn.php
[ info ] [ ROUTE ] array (
  'type' => 'module',
  'module' => 
  array (
    0 => 'teacher',
    1 => 'course',
    2 => 'courseMenu',
  ),
)
[ info ] [ HEADER ] array (
  'host' => 'reportsystem',
  'connection' => 'keep-alive',
  'cache-control' => 'max-age=0',
  'upgrade-insecure-requests' => '1',
  'user-agent' => 'Mozilla/5.0 (Windows NT 10.0; WOW64) AppleWebKit/537.36 (KHTML, like Gecko) Chrome/71.0.3578.98 Safari/537.36',
  'accept' => 'text/html,application/xhtml+xml,application/xml;q=0.9,image/webp,image/apng,*/*;q=0.8',
  'referer' => 'http://reportsystem/teacher/index/index',
  'accept-encoding' => 'gzip, deflate',
  'accept-language' => 'zh-CN,zh;q=0.9',
  'cookie' => 'pgv_pvi=3972531200; PHPSESSID=009k9cut1uguqkn15s2k5ddji7',
)
[ info ] [ PARAM ] array (
)
[ info ] [ SESSION ] INIT array (
  'id' => '',
  'var_session_id' => '',
  'prefix' => 'think',
  'type' => '',
  'auto_start' => true,
  'httponly' => true,
  'secure' => false,
)
[ info ] [ RUN ] app\teacher\controller\Course->courseMenu[ F:\study\www\reportSystem\ThinkPHP\app\teacher\controller\Course.php ]
[ info ] [ DB ] INIT mysql
[ info ] [ VIEW ] F:\study\www\reportSystem\ThinkPHP\public/../app/teacher\view\course\courseList.html [ array (
  0 => 'courseList',
  1 => 'taskList',
) ]
[ info ] [ LOG ] INIT File
[ notice ] 显示课程列表
[ sql ] [ DB ] CONNECT:[ UseTime:0.002742s ] mysql:host=127.0.0.1;port=3306;dbname=report_system;charset=utf8
[ sql ] [ SQL ] SHOW COLUMNS FROM `course` [ RunTime:0.005650s ]
[ sql ] [ SQL ] SELECT * FROM `course` WHERE (  (  teacherNo = '2012032' ) ) AND `course`.`deleteTime` IS NULL [ RunTime:0.003048s ]
[ sql ] [ SQL ] SHOW COLUMNS FROM `task` [ RunTime:0.005426s ]
[ sql ] [ SQL ] SELECT * FROM `task` WHERE (  (  teacherNo = '2012032' ) ) AND `task`.`deleteTime` IS NULL [ RunTime:0.001841s ]
---------------------------------------------------------------
[ 2019-03-20T23:58:44+08:00 ] 0.0.0.0 GET /static/fontawesome-5.5.0/css/font-awesome.min.css
[ info ] reportsystem/static/fontawesome-5.5.0/css/font-awesome.min.css [运行时间：0.120030s][吞吐率：8.33req/s] [内存消耗：2,507.24kb] [文件加载：32]
[ info ] [ LANG ] F:\study\www\reportSystem\ThinkPHP\thinkphp\lang\zh-cn.php
[ info ] [ ROUTE ] array (
  'type' => 'module',
  'module' => 
  array (
    0 => 'static',
    1 => 'fontawesome-5.5.0',
    2 => 'css',
  ),
)
[ info ] [ HEADER ] array (
  'host' => 'reportsystem',
  'connection' => 'keep-alive',
  'user-agent' => 'Mozilla/5.0 (Windows NT 10.0; WOW64) AppleWebKit/537.36 (KHTML, like Gecko) Chrome/71.0.3578.98 Safari/537.36',
  'accept' => 'text/css,*/*;q=0.1',
  'referer' => 'http://reportsystem/teacher/course/courseMenu',
  'accept-encoding' => 'gzip, deflate',
  'accept-language' => 'zh-CN,zh;q=0.9',
  'cookie' => 'pgv_pvi=3972531200; PHPSESSID=009k9cut1uguqkn15s2k5ddji7',
)
[ info ] [ PARAM ] array (
)
[ info ] [ LOG ] INIT File
---------------------------------------------------------------
[ 2019-03-20T23:59:00+08:00 ] 0.0.0.0 GET /teacher/course/courseMenu
[ info ] reportsystem/teacher/course/courseMenu [运行时间：0.331999s][吞吐率：3.01req/s] [内存消耗：5,461.12kb] [文件加载：52]
[ info ] [ LANG ] F:\study\www\reportSystem\ThinkPHP\thinkphp\lang\zh-cn.php
[ info ] [ ROUTE ] array (
  'type' => 'module',
  'module' => 
  array (
    0 => 'teacher',
    1 => 'course',
    2 => 'courseMenu',
  ),
)
[ info ] [ HEADER ] array (
  'host' => 'reportsystem',
  'connection' => 'keep-alive',
  'cache-control' => 'max-age=0',
  'upgrade-insecure-requests' => '1',
  'user-agent' => 'Mozilla/5.0 (Windows NT 10.0; WOW64) AppleWebKit/537.36 (KHTML, like Gecko) Chrome/71.0.3578.98 Safari/537.36',
  'accept' => 'text/html,application/xhtml+xml,application/xml;q=0.9,image/webp,image/apng,*/*;q=0.8',
  'referer' => 'http://reportsystem/teacher/index/index',
  'accept-encoding' => 'gzip, deflate',
  'accept-language' => 'zh-CN,zh;q=0.9',
  'cookie' => 'pgv_pvi=3972531200; PHPSESSID=009k9cut1uguqkn15s2k5ddji7',
)
[ info ] [ PARAM ] array (
)
[ info ] [ SESSION ] INIT array (
  'id' => '',
  'var_session_id' => '',
  'prefix' => 'think',
  'type' => '',
  'auto_start' => true,
  'httponly' => true,
  'secure' => false,
)
[ info ] [ RUN ] app\teacher\controller\Course->courseMenu[ F:\study\www\reportSystem\ThinkPHP\app\teacher\controller\Course.php ]
[ info ] [ DB ] INIT mysql
[ info ] [ VIEW ] F:\study\www\reportSystem\ThinkPHP\public/../app/teacher\view\course\courseList.html [ array (
  0 => 'courseList',
  1 => 'taskList',
) ]
[ info ] [ LOG ] INIT File
[ notice ] 显示课程列表
[ sql ] [ DB ] CONNECT:[ UseTime:0.002362s ] mysql:host=127.0.0.1;port=3306;dbname=report_system;charset=utf8
[ sql ] [ SQL ] SHOW COLUMNS FROM `course` [ RunTime:0.007250s ]
[ sql ] [ SQL ] SELECT * FROM `course` WHERE (  (  teacherNo = '2012032' ) ) AND `course`.`deleteTime` IS NULL [ RunTime:0.002250s ]
[ sql ] [ SQL ] SHOW COLUMNS FROM `task` [ RunTime:0.006233s ]
[ sql ] [ SQL ] SELECT * FROM `task` WHERE (  (  teacherNo = '2012032' ) ) AND `task`.`deleteTime` IS NULL [ RunTime:0.001733s ]
---------------------------------------------------------------
[ 2019-03-20T23:59:00+08:00 ] 0.0.0.0 GET /static/fontawesome-5.5.0/css/font-awesome.min.css
[ info ] reportsystem/static/fontawesome-5.5.0/css/font-awesome.min.css [运行时间：0.159779s][吞吐率：6.26req/s] [内存消耗：2,507.24kb] [文件加载：32]
[ info ] [ LANG ] F:\study\www\reportSystem\ThinkPHP\thinkphp\lang\zh-cn.php
[ info ] [ ROUTE ] array (
  'type' => 'module',
  'module' => 
  array (
    0 => 'static',
    1 => 'fontawesome-5.5.0',
    2 => 'css',
  ),
)
[ info ] [ HEADER ] array (
  'host' => 'reportsystem',
  'connection' => 'keep-alive',
  'user-agent' => 'Mozilla/5.0 (Windows NT 10.0; WOW64) AppleWebKit/537.36 (KHTML, like Gecko) Chrome/71.0.3578.98 Safari/537.36',
  'accept' => 'text/css,*/*;q=0.1',
  'referer' => 'http://reportsystem/teacher/course/courseMenu',
  'accept-encoding' => 'gzip, deflate',
  'accept-language' => 'zh-CN,zh;q=0.9',
  'cookie' => 'pgv_pvi=3972531200; PHPSESSID=009k9cut1uguqkn15s2k5ddji7',
)
[ info ] [ PARAM ] array (
)
[ info ] [ LOG ] INIT File
---------------------------------------------------------------
[ 2019-03-20T23:59:25+08:00 ] 0.0.0.0 GET /teacher/course/courseMenu
[ info ] reportsystem/teacher/course/courseMenu [运行时间：0.354298s][吞吐率：2.82req/s] [内存消耗：5,461.15kb] [文件加载：52]
[ info ] [ LANG ] F:\study\www\reportSystem\ThinkPHP\thinkphp\lang\zh-cn.php
[ info ] [ ROUTE ] array (
  'type' => 'module',
  'module' => 
  array (
    0 => 'teacher',
    1 => 'course',
    2 => 'courseMenu',
  ),
)
[ info ] [ HEADER ] array (
  'host' => 'reportsystem',
  'connection' => 'keep-alive',
  'cache-control' => 'max-age=0',
  'upgrade-insecure-requests' => '1',
  'user-agent' => 'Mozilla/5.0 (Windows NT 10.0; WOW64) AppleWebKit/537.36 (KHTML, like Gecko) Chrome/71.0.3578.98 Safari/537.36',
  'accept' => 'text/html,application/xhtml+xml,application/xml;q=0.9,image/webp,image/apng,*/*;q=0.8',
  'referer' => 'http://reportsystem/teacher/index/index',
  'accept-encoding' => 'gzip, deflate',
  'accept-language' => 'zh-CN,zh;q=0.9',
  'cookie' => 'pgv_pvi=3972531200; PHPSESSID=009k9cut1uguqkn15s2k5ddji7',
)
[ info ] [ PARAM ] array (
)
[ info ] [ SESSION ] INIT array (
  'id' => '',
  'var_session_id' => '',
  'prefix' => 'think',
  'type' => '',
  'auto_start' => true,
  'httponly' => true,
  'secure' => false,
)
[ info ] [ RUN ] app\teacher\controller\Course->courseMenu[ F:\study\www\reportSystem\ThinkPHP\app\teacher\controller\Course.php ]
[ info ] [ DB ] INIT mysql
[ info ] [ VIEW ] F:\study\www\reportSystem\ThinkPHP\public/../app/teacher\view\course\courseList.html [ array (
  0 => 'courseList',
  1 => 'taskList',
) ]
[ info ] [ LOG ] INIT File
[ notice ] 显示课程列表
[ sql ] [ DB ] CONNECT:[ UseTime:0.003284s ] mysql:host=127.0.0.1;port=3306;dbname=report_system;charset=utf8
[ sql ] [ SQL ] SHOW COLUMNS FROM `course` [ RunTime:0.006164s ]
[ sql ] [ SQL ] SELECT * FROM `course` WHERE (  (  teacherNo = '2012032' ) ) AND `course`.`deleteTime` IS NULL [ RunTime:0.002739s ]
[ sql ] [ SQL ] SHOW COLUMNS FROM `task` [ RunTime:0.005721s ]
[ sql ] [ SQL ] SELECT * FROM `task` WHERE (  (  teacherNo = '2012032' ) ) AND `task`.`deleteTime` IS NULL [ RunTime:0.001738s ]
---------------------------------------------------------------
[ 2019-03-20T23:59:25+08:00 ] 0.0.0.0 GET /static/fontawesome-5.5.0/css/font-awesome.min.css
[ info ] reportsystem/static/fontawesome-5.5.0/css/font-awesome.min.css [运行时间：0.134384s][吞吐率：7.44req/s] [内存消耗：2,507.24kb] [文件加载：32]
[ info ] [ LANG ] F:\study\www\reportSystem\ThinkPHP\thinkphp\lang\zh-cn.php
[ info ] [ ROUTE ] array (
  'type' => 'module',
  'module' => 
  array (
    0 => 'static',
    1 => 'fontawesome-5.5.0',
    2 => 'css',
  ),
)
[ info ] [ HEADER ] array (
  'host' => 'reportsystem',
  'connection' => 'keep-alive',
  'user-agent' => 'Mozilla/5.0 (Windows NT 10.0; WOW64) AppleWebKit/537.36 (KHTML, like Gecko) Chrome/71.0.3578.98 Safari/537.36',
  'accept' => 'text/css,*/*;q=0.1',
  'referer' => 'http://reportsystem/teacher/course/courseMenu',
  'accept-encoding' => 'gzip, deflate',
  'accept-language' => 'zh-CN,zh;q=0.9',
  'cookie' => 'pgv_pvi=3972531200; PHPSESSID=009k9cut1uguqkn15s2k5ddji7',
)
[ info ] [ PARAM ] array (
)
[ info ] [ LOG ] INIT File
