---------------------------------------------------------------
[ 2019-03-31T22:42:17+08:00 ] 0.0.0.0 GET /teacher/task/taskDelete?taskNo=27
[ info ] reportsystem/teacher/task/taskDelete?taskNo=27 [运行时间：0.265674s][吞吐率：3.76req/s] [内存消耗：5,336.11kb] [文件加载：53]
[ info ] [ LANG ] F:\study\www\reportSystem\ThinkPHP\thinkphp\lang\zh-cn.php
[ info ] [ ROUTE ] array (
  'type' => 'module',
  'module' => 
  array (
    0 => 'teacher',
    1 => 'task',
    2 => 'taskDelete',
  ),
)
[ info ] [ HEADER ] array (
  'host' => 'reportsystem',
  'connection' => 'keep-alive',
  'cache-control' => 'max-age=0',
  'upgrade-insecure-requests' => '1',
  'user-agent' => 'Mozilla/5.0 (Windows NT 10.0; WOW64) AppleWebKit/537.36 (KHTML, like Gecko) Chrome/71.0.3578.98 Safari/537.36',
  'accept' => 'text/html,application/xhtml+xml,application/xml;q=0.9,image/webp,image/apng,*/*;q=0.8',
  'referer' => 'http://reportsystem/teacher/task/detailPage?taskNo=27',
  'accept-encoding' => 'gzip, deflate',
  'accept-language' => 'zh-CN,zh;q=0.9',
  'cookie' => 'pgv_pvi=3972531200; PHPSESSID=h8eq9mkdrdc7dj9r1cnvvn6lo0',
)
[ info ] [ PARAM ] array (
  'taskNo' => '27',
)
[ info ] [ SESSION ] INIT array (
  'id' => '',
  'var_session_id' => '',
  'prefix' => 'think',
  'type' => '',
  'auto_start' => true,
  'httponly' => true,
  'secure' => false,
)
[ info ] [ RUN ] app\teacher\controller\Task->taskDelete[ F:\study\www\reportSystem\ThinkPHP\app\teacher\controller\Task.php ]
[ info ] [ DB ] INIT mysql
[ info ] [ CACHE ] INIT File
[ info ] [ VIEW ] F:\study\www\reportSystem\ThinkPHP\thinkphp\tpl\dispatch_jump.tpl [ array (
  0 => 'code',
  1 => 'msg',
  2 => 'data',
  3 => 'url',
  4 => 'wait',
) ]
[ info ] [ LOG ] INIT File
[ log ] 实验课程删除
[ sql ] [ DB ] CONNECT:[ UseTime:0.002521s ] mysql:host=127.0.0.1;port=3306;dbname=report_system;charset=utf8
[ sql ] [ SQL ] SHOW COLUMNS FROM `task` [ RunTime:0.003389s ]
[ sql ] [ SQL ] SELECT * FROM `task` WHERE  `taskNo` = 27 [ RunTime:0.003037s ]
[ sql ] [ SQL ] UPDATE `task`  SET `deleteTime`=1554043337  WHERE  `taskNo` = 27 [ RunTime:0.034667s ]
---------------------------------------------------------------
[ 2019-03-31T22:42:18+08:00 ] 0.0.0.0 GET /teacher/course/courseMenu
[ info ] reportsystem/teacher/course/courseMenu [运行时间：0.196849s][吞吐率：5.08req/s] [内存消耗：5,207.54kb] [文件加载：51]
[ info ] [ LANG ] F:\study\www\reportSystem\ThinkPHP\thinkphp\lang\zh-cn.php
[ info ] [ ROUTE ] array (
  'type' => 'module',
  'module' => 
  array (
    0 => 'teacher',
    1 => 'course',
    2 => 'courseMenu',
  ),
)
[ info ] [ HEADER ] array (
  'host' => 'reportsystem',
  'connection' => 'keep-alive',
  'upgrade-insecure-requests' => '1',
  'user-agent' => 'Mozilla/5.0 (Windows NT 10.0; WOW64) AppleWebKit/537.36 (KHTML, like Gecko) Chrome/71.0.3578.98 Safari/537.36',
  'accept' => 'text/html,application/xhtml+xml,application/xml;q=0.9,image/webp,image/apng,*/*;q=0.8',
  'referer' => 'http://reportsystem/teacher/task/taskDelete?taskNo=27',
  'accept-encoding' => 'gzip, deflate',
  'accept-language' => 'zh-CN,zh;q=0.9',
  'cookie' => 'pgv_pvi=3972531200; PHPSESSID=h8eq9mkdrdc7dj9r1cnvvn6lo0',
)
[ info ] [ PARAM ] array (
)
[ info ] [ SESSION ] INIT array (
  'id' => '',
  'var_session_id' => '',
  'prefix' => 'think',
  'type' => '',
  'auto_start' => true,
  'httponly' => true,
  'secure' => false,
)
[ info ] [ RUN ] app\teacher\controller\Course->courseMenu[ F:\study\www\reportSystem\ThinkPHP\app\teacher\controller\Course.php ]
[ info ] [ DB ] INIT mysql
[ info ] [ VIEW ] F:\study\www\reportSystem\ThinkPHP\public/../app/teacher\view\course\courseMenu.html [ array (
  0 => 'courseList',
  1 => 'taskList',
) ]
[ info ] [ LOG ] INIT File
[ notice ] 显示课程列表
[ sql ] [ DB ] CONNECT:[ UseTime:0.002924s ] mysql:host=127.0.0.1;port=3306;dbname=report_system;charset=utf8
[ sql ] [ SQL ] SHOW COLUMNS FROM `course` [ RunTime:0.003871s ]
[ sql ] [ SQL ] SELECT * FROM `course` WHERE (  (  teacherNo = '2012032' ) ) AND `course`.`deleteTime` IS NULL [ RunTime:0.002779s ]
[ sql ] [ SQL ] SHOW COLUMNS FROM `task` [ RunTime:0.002543s ]
[ sql ] [ SQL ] SELECT * FROM `task` WHERE (  (  teacherNo = '2012032' ) ) AND `task`.`deleteTime` IS NULL [ RunTime:0.002093s ]
---------------------------------------------------------------
[ 2019-03-31T22:42:18+08:00 ] 0.0.0.0 GET /static/fontawesome-5.5.0/css/font-awesome.min.css
[ info ] reportsystem/static/fontawesome-5.5.0/css/font-awesome.min.css [运行时间：0.139762s][吞吐率：7.16req/s] [内存消耗：2,507.48kb] [文件加载：32]
[ info ] [ LANG ] F:\study\www\reportSystem\ThinkPHP\thinkphp\lang\zh-cn.php
[ info ] [ ROUTE ] array (
  'type' => 'module',
  'module' => 
  array (
    0 => 'static',
    1 => 'fontawesome-5.5.0',
    2 => 'css',
  ),
)
[ info ] [ HEADER ] array (
  'host' => 'reportsystem',
  'connection' => 'keep-alive',
  'user-agent' => 'Mozilla/5.0 (Windows NT 10.0; WOW64) AppleWebKit/537.36 (KHTML, like Gecko) Chrome/71.0.3578.98 Safari/537.36',
  'accept' => 'text/css,*/*;q=0.1',
  'referer' => 'http://reportsystem/teacher/course/courseMenu',
  'accept-encoding' => 'gzip, deflate',
  'accept-language' => 'zh-CN,zh;q=0.9',
  'cookie' => 'pgv_pvi=3972531200; PHPSESSID=h8eq9mkdrdc7dj9r1cnvvn6lo0',
)
[ info ] [ PARAM ] array (
)
[ info ] [ LOG ] INIT File
---------------------------------------------------------------
[ 2019-03-31T22:42:19+08:00 ] 0.0.0.0 GET /teacher/task/detailPage?taskNo=28
[ info ] reportsystem/teacher/task/detailPage?taskNo=28 [运行时间：0.186428s][吞吐率：5.36req/s] [内存消耗：5,352.48kb] [文件加载：52]
[ info ] [ LANG ] F:\study\www\reportSystem\ThinkPHP\thinkphp\lang\zh-cn.php
[ info ] [ ROUTE ] array (
  'type' => 'module',
  'module' => 
  array (
    0 => 'teacher',
    1 => 'task',
    2 => 'detailPage',
  ),
)
[ info ] [ HEADER ] array (
  'host' => 'reportsystem',
  'connection' => 'keep-alive',
  'upgrade-insecure-requests' => '1',
  'user-agent' => 'Mozilla/5.0 (Windows NT 10.0; WOW64) AppleWebKit/537.36 (KHTML, like Gecko) Chrome/71.0.3578.98 Safari/537.36',
  'accept' => 'text/html,application/xhtml+xml,application/xml;q=0.9,image/webp,image/apng,*/*;q=0.8',
  'referer' => 'http://reportsystem/teacher/course/courseMenu',
  'accept-encoding' => 'gzip, deflate',
  'accept-language' => 'zh-CN,zh;q=0.9',
  'cookie' => 'pgv_pvi=3972531200; PHPSESSID=h8eq9mkdrdc7dj9r1cnvvn6lo0',
)
[ info ] [ PARAM ] array (
  'taskNo' => '28',
)
[ info ] [ SESSION ] INIT array (
  'id' => '',
  'var_session_id' => '',
  'prefix' => 'think',
  'type' => '',
  'auto_start' => true,
  'httponly' => true,
  'secure' => false,
)
[ info ] [ RUN ] app\teacher\controller\Task->detailPage[ F:\study\www\reportSystem\ThinkPHP\app\teacher\controller\Task.php ]
[ info ] [ DB ] INIT mysql
[ info ] [ VIEW ] F:\study\www\reportSystem\ThinkPHP\public/../app/teacher\view\task\taskDetail.html [ array (
  0 => 'task',
  1 => 'courseList',
  2 => 'guideList',
) ]
[ info ] [ LOG ] INIT File
[ notice ] 详细实验任务页面
[ sql ] [ DB ] CONNECT:[ UseTime:0.003843s ] mysql:host=127.0.0.1;port=3306;dbname=report_system;charset=utf8
[ sql ] [ SQL ] SHOW COLUMNS FROM `task` [ RunTime:0.003165s ]
[ sql ] [ SQL ] SELECT * FROM `task` WHERE (  (  teacherNo = '2012032' )  AND (  taskNo = '28' ) ) AND `task`.`deleteTime` IS NULL LIMIT 1 [ RunTime:0.001844s ]
[ sql ] [ SQL ] SHOW COLUMNS FROM `course` [ RunTime:0.003067s ]
[ sql ] [ SQL ] SELECT * FROM `course` WHERE (  (  teacherNo = '2012032' ) ) AND `course`.`deleteTime` IS NULL [ RunTime:0.004528s ]
[ sql ] [ SQL ] SHOW COLUMNS FROM `guide` [ RunTime:0.002532s ]
[ sql ] [ SQL ] SELECT * FROM `guide` WHERE (  (  teacherNo = '2012032' ) ) AND `guide`.`deleteTime` IS NULL [ RunTime:0.001493s ]
---------------------------------------------------------------
[ 2019-03-31T22:42:19+08:00 ] 0.0.0.0 GET /static/fontawesome-5.5.0/css/font-awesome.min.css
[ info ] reportsystem/static/fontawesome-5.5.0/css/font-awesome.min.css [运行时间：0.112232s][吞吐率：8.91req/s] [内存消耗：2,507.61kb] [文件加载：32]
[ info ] [ LANG ] F:\study\www\reportSystem\ThinkPHP\thinkphp\lang\zh-cn.php
[ info ] [ ROUTE ] array (
  'type' => 'module',
  'module' => 
  array (
    0 => 'static',
    1 => 'fontawesome-5.5.0',
    2 => 'css',
  ),
)
[ info ] [ HEADER ] array (
  'host' => 'reportsystem',
  'connection' => 'keep-alive',
  'user-agent' => 'Mozilla/5.0 (Windows NT 10.0; WOW64) AppleWebKit/537.36 (KHTML, like Gecko) Chrome/71.0.3578.98 Safari/537.36',
  'accept' => 'text/css,*/*;q=0.1',
  'referer' => 'http://reportsystem/teacher/task/detailPage?taskNo=28',
  'accept-encoding' => 'gzip, deflate',
  'accept-language' => 'zh-CN,zh;q=0.9',
  'cookie' => 'pgv_pvi=3972531200; PHPSESSID=h8eq9mkdrdc7dj9r1cnvvn6lo0',
)
[ info ] [ PARAM ] array (
)
[ info ] [ LOG ] INIT File
---------------------------------------------------------------
[ 2019-03-31T22:42:20+08:00 ] 0.0.0.0 POST /teacher/task/taskDetail
[ info ] reportsystem/teacher/task/taskDetail [运行时间：0.106320s][吞吐率：9.41req/s] [内存消耗：3,112.86kb] [文件加载：40]
[ info ] [ LANG ] F:\study\www\reportSystem\ThinkPHP\thinkphp\lang\zh-cn.php
[ info ] [ ROUTE ] array (
  'type' => 'module',
  'module' => 
  array (
    0 => 'teacher',
    1 => 'task',
    2 => 'taskDetail',
  ),
)
[ info ] [ HEADER ] array (
  'host' => 'reportsystem',
  'connection' => 'keep-alive',
  'content-length' => '430',
  'cache-control' => 'max-age=0',
  'origin' => 'http://reportsystem',
  'upgrade-insecure-requests' => '1',
  'content-type' => 'multipart/form-data; boundary=----WebKitFormBoundaryWz4V5BLwD26yICqU',
  'user-agent' => 'Mozilla/5.0 (Windows NT 10.0; WOW64) AppleWebKit/537.36 (KHTML, like Gecko) Chrome/71.0.3578.98 Safari/537.36',
  'accept' => 'text/html,application/xhtml+xml,application/xml;q=0.9,image/webp,image/apng,*/*;q=0.8',
  'referer' => 'http://reportsystem/teacher/task/detailPage?taskNo=28',
  'accept-encoding' => 'gzip, deflate',
  'accept-language' => 'zh-CN,zh;q=0.9',
  'cookie' => 'pgv_pvi=3972531200; PHPSESSID=h8eq9mkdrdc7dj9r1cnvvn6lo0',
)
[ info ] [ PARAM ] array (
  'taskNo' => '28',
  'courseNo' => '351',
  'taskImg' => '',
  'delete' => '删除',
)
[ info ] [ SESSION ] INIT array (
  'id' => '',
  'var_session_id' => '',
  'prefix' => 'think',
  'type' => '',
  'auto_start' => true,
  'httponly' => true,
  'secure' => false,
)
[ info ] [ RUN ] app\teacher\controller\Task->taskDetail[ F:\study\www\reportSystem\ThinkPHP\app\teacher\controller\Task.php ]
[ info ] [ LOG ] INIT File
[ notice ] 实验任务操作
---------------------------------------------------------------
[ 2019-03-31T22:42:21+08:00 ] 0.0.0.0 GET /teacher/task/taskDelete?taskNo=28
[ info ] reportsystem/teacher/task/taskDelete?taskNo=28 [运行时间：0.234538s][吞吐率：4.26req/s] [内存消耗：5,335.92kb] [文件加载：53]
[ info ] [ LANG ] F:\study\www\reportSystem\ThinkPHP\thinkphp\lang\zh-cn.php
[ info ] [ ROUTE ] array (
  'type' => 'module',
  'module' => 
  array (
    0 => 'teacher',
    1 => 'task',
    2 => 'taskDelete',
  ),
)
[ info ] [ HEADER ] array (
  'host' => 'reportsystem',
  'connection' => 'keep-alive',
  'cache-control' => 'max-age=0',
  'upgrade-insecure-requests' => '1',
  'user-agent' => 'Mozilla/5.0 (Windows NT 10.0; WOW64) AppleWebKit/537.36 (KHTML, like Gecko) Chrome/71.0.3578.98 Safari/537.36',
  'accept' => 'text/html,application/xhtml+xml,application/xml;q=0.9,image/webp,image/apng,*/*;q=0.8',
  'referer' => 'http://reportsystem/teacher/task/detailPage?taskNo=28',
  'accept-encoding' => 'gzip, deflate',
  'accept-language' => 'zh-CN,zh;q=0.9',
  'cookie' => 'pgv_pvi=3972531200; PHPSESSID=h8eq9mkdrdc7dj9r1cnvvn6lo0',
)
[ info ] [ PARAM ] array (
  'taskNo' => '28',
)
[ info ] [ SESSION ] INIT array (
  'id' => '',
  'var_session_id' => '',
  'prefix' => 'think',
  'type' => '',
  'auto_start' => true,
  'httponly' => true,
  'secure' => false,
)
[ info ] [ RUN ] app\teacher\controller\Task->taskDelete[ F:\study\www\reportSystem\ThinkPHP\app\teacher\controller\Task.php ]
[ info ] [ DB ] INIT mysql
[ info ] [ CACHE ] INIT File
[ info ] [ VIEW ] F:\study\www\reportSystem\ThinkPHP\thinkphp\tpl\dispatch_jump.tpl [ array (
  0 => 'code',
  1 => 'msg',
  2 => 'data',
  3 => 'url',
  4 => 'wait',
) ]
[ info ] [ LOG ] INIT File
[ log ] 实验课程删除
[ sql ] [ DB ] CONNECT:[ UseTime:0.002312s ] mysql:host=127.0.0.1;port=3306;dbname=report_system;charset=utf8
[ sql ] [ SQL ] SHOW COLUMNS FROM `task` [ RunTime:0.002852s ]
[ sql ] [ SQL ] SELECT * FROM `task` WHERE  `taskNo` = 28 [ RunTime:0.002334s ]
[ sql ] [ SQL ] UPDATE `task`  SET `deleteTime`=1554043341  WHERE  `taskNo` = 28 [ RunTime:0.048242s ]
---------------------------------------------------------------
[ 2019-03-31T22:42:22+08:00 ] 0.0.0.0 GET /teacher/course/courseMenu
[ info ] reportsystem/teacher/course/courseMenu [运行时间：0.176244s][吞吐率：5.67req/s] [内存消耗：5,201.02kb] [文件加载：51]
[ info ] [ LANG ] F:\study\www\reportSystem\ThinkPHP\thinkphp\lang\zh-cn.php
[ info ] [ ROUTE ] array (
  'type' => 'module',
  'module' => 
  array (
    0 => 'teacher',
    1 => 'course',
    2 => 'courseMenu',
  ),
)
[ info ] [ HEADER ] array (
  'host' => 'reportsystem',
  'connection' => 'keep-alive',
  'upgrade-insecure-requests' => '1',
  'user-agent' => 'Mozilla/5.0 (Windows NT 10.0; WOW64) AppleWebKit/537.36 (KHTML, like Gecko) Chrome/71.0.3578.98 Safari/537.36',
  'accept' => 'text/html,application/xhtml+xml,application/xml;q=0.9,image/webp,image/apng,*/*;q=0.8',
  'referer' => 'http://reportsystem/teacher/task/taskDelete?taskNo=28',
  'accept-encoding' => 'gzip, deflate',
  'accept-language' => 'zh-CN,zh;q=0.9',
  'cookie' => 'pgv_pvi=3972531200; PHPSESSID=h8eq9mkdrdc7dj9r1cnvvn6lo0',
)
[ info ] [ PARAM ] array (
)
[ info ] [ SESSION ] INIT array (
  'id' => '',
  'var_session_id' => '',
  'prefix' => 'think',
  'type' => '',
  'auto_start' => true,
  'httponly' => true,
  'secure' => false,
)
[ info ] [ RUN ] app\teacher\controller\Course->courseMenu[ F:\study\www\reportSystem\ThinkPHP\app\teacher\controller\Course.php ]
[ info ] [ DB ] INIT mysql
[ info ] [ VIEW ] F:\study\www\reportSystem\ThinkPHP\public/../app/teacher\view\course\courseMenu.html [ array (
  0 => 'courseList',
  1 => 'taskList',
) ]
[ info ] [ LOG ] INIT File
[ notice ] 显示课程列表
[ sql ] [ DB ] CONNECT:[ UseTime:0.002290s ] mysql:host=127.0.0.1;port=3306;dbname=report_system;charset=utf8
[ sql ] [ SQL ] SHOW COLUMNS FROM `course` [ RunTime:0.003433s ]
[ sql ] [ SQL ] SELECT * FROM `course` WHERE (  (  teacherNo = '2012032' ) ) AND `course`.`deleteTime` IS NULL [ RunTime:0.002577s ]
[ sql ] [ SQL ] SHOW COLUMNS FROM `task` [ RunTime:0.002928s ]
[ sql ] [ SQL ] SELECT * FROM `task` WHERE (  (  teacherNo = '2012032' ) ) AND `task`.`deleteTime` IS NULL [ RunTime:0.001721s ]
---------------------------------------------------------------
[ 2019-03-31T22:42:22+08:00 ] 0.0.0.0 GET /static/fontawesome-5.5.0/css/font-awesome.min.css
[ info ] reportsystem/static/fontawesome-5.5.0/css/font-awesome.min.css [运行时间：0.116254s][吞吐率：8.60req/s] [内存消耗：2,507.48kb] [文件加载：32]
[ info ] [ LANG ] F:\study\www\reportSystem\ThinkPHP\thinkphp\lang\zh-cn.php
[ info ] [ ROUTE ] array (
  'type' => 'module',
  'module' => 
  array (
    0 => 'static',
    1 => 'fontawesome-5.5.0',
    2 => 'css',
  ),
)
[ info ] [ HEADER ] array (
  'host' => 'reportsystem',
  'connection' => 'keep-alive',
  'user-agent' => 'Mozilla/5.0 (Windows NT 10.0; WOW64) AppleWebKit/537.36 (KHTML, like Gecko) Chrome/71.0.3578.98 Safari/537.36',
  'accept' => 'text/css,*/*;q=0.1',
  'referer' => 'http://reportsystem/teacher/course/courseMenu',
  'accept-encoding' => 'gzip, deflate',
  'accept-language' => 'zh-CN,zh;q=0.9',
  'cookie' => 'pgv_pvi=3972531200; PHPSESSID=h8eq9mkdrdc7dj9r1cnvvn6lo0',
)
[ info ] [ PARAM ] array (
)
[ info ] [ LOG ] INIT File
---------------------------------------------------------------
[ 2019-03-31T22:42:25+08:00 ] 0.0.0.0 GET /student/task/taskList
[ info ] reportsystem/student/task/taskList [运行时间：0.192438s][吞吐率：5.20req/s] [内存消耗：5,366.49kb] [文件加载：52]
[ info ] [ LANG ] F:\study\www\reportSystem\ThinkPHP\thinkphp\lang\zh-cn.php
[ info ] [ ROUTE ] array (
  'type' => 'module',
  'module' => 
  array (
    0 => 'student',
    1 => 'task',
    2 => 'taskList',
  ),
)
[ info ] [ HEADER ] array (
  'host' => 'reportsystem',
  'user-agent' => 'Mozilla/5.0 (Windows NT 10.0; Win64; x64; rv:66.0) Gecko/20100101 Firefox/66.0',
  'accept' => 'text/html,application/xhtml+xml,application/xml;q=0.9,*/*;q=0.8',
  'accept-language' => 'zh-CN,zh;q=0.8,zh-TW;q=0.7,zh-HK;q=0.5,en-US;q=0.3,en;q=0.2',
  'accept-encoding' => 'gzip, deflate',
  'referer' => 'http://reportsystem/student/index/index',
  'connection' => 'keep-alive',
  'cookie' => 'PHPSESSID=vnnu2m7sd52sdn0mbkaibhnoh5',
  'upgrade-insecure-requests' => '1',
  'cache-control' => 'max-age=0',
)
[ info ] [ PARAM ] array (
)
[ info ] [ SESSION ] INIT array (
  'id' => '',
  'var_session_id' => '',
  'prefix' => 'think',
  'type' => '',
  'auto_start' => true,
  'httponly' => true,
  'secure' => false,
)
[ info ] [ RUN ] app\student\controller\Task->taskList[ F:\study\www\reportSystem\ThinkPHP\app\student\controller\Task.php ]
[ info ] [ DB ] INIT mysql
[ info ] [ VIEW ] F:\study\www\reportSystem\ThinkPHP\public/../app/student\view\task\taskList.html [ array (
  0 => 'taskList',
  1 => 'taskNumber',
) ]
[ info ] [ LOG ] INIT File
[ notice ] 显示实验任务列表
[ sql ] [ DB ] CONNECT:[ UseTime:0.002366s ] mysql:host=127.0.0.1;port=3306;dbname=report_system;charset=utf8
[ sql ] [ SQL ] SHOW COLUMNS FROM `elective` [ RunTime:0.003997s ]
[ sql ] [ SQL ] SELECT COUNT(*) AS tp_count FROM `elective` `a` INNER JOIN `student` `b` ON `a`.`studentNo`=`b`.`studentNo` INNER JOIN `teacher` `c` ON `a`.`teacherNo`=`c`.`teacherNo` INNER JOIN `course` `d` ON `a`.`courseNo`=`d`.`courseNo` INNER JOIN `task` `e` ON `e`.`courseNo`=`a`.`courseNo` WHERE  (  status = 1 )  AND (  a.studentNo = '201541402313' ) LIMIT 1 [ RunTime:0.002321s ]
[ sql ] [ SQL ] SELECT * FROM `elective` `a` INNER JOIN `student` `b` ON `a`.`studentNo`=`b`.`studentNo` INNER JOIN `teacher` `c` ON `a`.`teacherNo`=`c`.`teacherNo` INNER JOIN `course` `d` ON `a`.`courseNo`=`d`.`courseNo` INNER JOIN `task` `e` ON `e`.`courseNo`=`a`.`courseNo` WHERE  (  status = 1 )  AND (  a.studentNo = '201541402313' ) LIMIT 0,15 [ RunTime:0.003956s ]
[ sql ] [ SQL ] SELECT COUNT(*) AS tp_count FROM `elective` `a` INNER JOIN `student` `b` ON `a`.`studentNo`=`b`.`studentNo` INNER JOIN `teacher` `c` ON `a`.`teacherNo`=`c`.`teacherNo` INNER JOIN `course` `d` ON `a`.`courseNo`=`d`.`courseNo` INNER JOIN `task` `e` ON `e`.`courseNo`=`a`.`courseNo` WHERE  (  status = 1 )  AND (  a.studentNo = '201541402313' ) LIMIT 1 [ RunTime:0.001812s ]
---------------------------------------------------------------
[ 2019-03-31T22:42:25+08:00 ] 0.0.0.0 GET /static/fontawesome-5.5.0/css/font-awesome.min.css
[ info ] reportsystem/static/fontawesome-5.5.0/css/font-awesome.min.css [运行时间：0.191343s][吞吐率：5.23req/s] [内存消耗：2,507.76kb] [文件加载：32]
[ info ] [ LANG ] F:\study\www\reportSystem\ThinkPHP\thinkphp\lang\zh-cn.php
[ info ] [ ROUTE ] array (
  'type' => 'module',
  'module' => 
  array (
    0 => 'static',
    1 => 'fontawesome-5.5.0',
    2 => 'css',
  ),
)
[ info ] [ HEADER ] array (
  'host' => 'reportsystem',
  'user-agent' => 'Mozilla/5.0 (Windows NT 10.0; Win64; x64; rv:66.0) Gecko/20100101 Firefox/66.0',
  'accept' => 'text/css,*/*;q=0.1',
  'accept-language' => 'zh-CN,zh;q=0.8,zh-TW;q=0.7,zh-HK;q=0.5,en-US;q=0.3,en;q=0.2',
  'accept-encoding' => 'gzip, deflate',
  'referer' => 'http://reportsystem/student/task/taskList',
  'connection' => 'keep-alive',
  'cookie' => 'PHPSESSID=vnnu2m7sd52sdn0mbkaibhnoh5',
  'cache-control' => 'max-age=0',
)
[ info ] [ PARAM ] array (
)
[ info ] [ LOG ] INIT File
---------------------------------------------------------------
[ 2019-03-31T22:42:34+08:00 ] 0.0.0.0 GET /student/task/taskList
[ info ] reportsystem/student/task/taskList [运行时间：0.179332s][吞吐率：5.58req/s] [内存消耗：5,366.49kb] [文件加载：52]
[ info ] [ LANG ] F:\study\www\reportSystem\ThinkPHP\thinkphp\lang\zh-cn.php
[ info ] [ ROUTE ] array (
  'type' => 'module',
  'module' => 
  array (
    0 => 'student',
    1 => 'task',
    2 => 'taskList',
  ),
)
[ info ] [ HEADER ] array (
  'host' => 'reportsystem',
  'user-agent' => 'Mozilla/5.0 (Windows NT 10.0; Win64; x64; rv:66.0) Gecko/20100101 Firefox/66.0',
  'accept' => 'text/html,application/xhtml+xml,application/xml;q=0.9,*/*;q=0.8',
  'accept-language' => 'zh-CN,zh;q=0.8,zh-TW;q=0.7,zh-HK;q=0.5,en-US;q=0.3,en;q=0.2',
  'accept-encoding' => 'gzip, deflate',
  'referer' => 'http://reportsystem/student/index/index',
  'connection' => 'keep-alive',
  'cookie' => 'PHPSESSID=vnnu2m7sd52sdn0mbkaibhnoh5',
  'upgrade-insecure-requests' => '1',
  'cache-control' => 'max-age=0',
)
[ info ] [ PARAM ] array (
)
[ info ] [ SESSION ] INIT array (
  'id' => '',
  'var_session_id' => '',
  'prefix' => 'think',
  'type' => '',
  'auto_start' => true,
  'httponly' => true,
  'secure' => false,
)
[ info ] [ RUN ] app\student\controller\Task->taskList[ F:\study\www\reportSystem\ThinkPHP\app\student\controller\Task.php ]
[ info ] [ DB ] INIT mysql
[ info ] [ VIEW ] F:\study\www\reportSystem\ThinkPHP\public/../app/student\view\task\taskList.html [ array (
  0 => 'taskList',
  1 => 'taskNumber',
) ]
[ info ] [ LOG ] INIT File
[ notice ] 显示实验任务列表
[ sql ] [ DB ] CONNECT:[ UseTime:0.002076s ] mysql:host=127.0.0.1;port=3306;dbname=report_system;charset=utf8
[ sql ] [ SQL ] SHOW COLUMNS FROM `elective` [ RunTime:0.001808s ]
[ sql ] [ SQL ] SELECT COUNT(*) AS tp_count FROM `elective` `a` INNER JOIN `student` `b` ON `a`.`studentNo`=`b`.`studentNo` INNER JOIN `teacher` `c` ON `a`.`teacherNo`=`c`.`teacherNo` INNER JOIN `course` `d` ON `a`.`courseNo`=`d`.`courseNo` INNER JOIN `task` `e` ON `e`.`courseNo`=`a`.`courseNo` WHERE  (  status = 1 )  AND (  a.studentNo = '201541402313' ) LIMIT 1 [ RunTime:0.001488s ]
[ sql ] [ SQL ] SELECT * FROM `elective` `a` INNER JOIN `student` `b` ON `a`.`studentNo`=`b`.`studentNo` INNER JOIN `teacher` `c` ON `a`.`teacherNo`=`c`.`teacherNo` INNER JOIN `course` `d` ON `a`.`courseNo`=`d`.`courseNo` INNER JOIN `task` `e` ON `e`.`courseNo`=`a`.`courseNo` WHERE  (  status = 1 )  AND (  a.studentNo = '201541402313' ) LIMIT 0,15 [ RunTime:0.004727s ]
[ sql ] [ SQL ] SELECT COUNT(*) AS tp_count FROM `elective` `a` INNER JOIN `student` `b` ON `a`.`studentNo`=`b`.`studentNo` INNER JOIN `teacher` `c` ON `a`.`teacherNo`=`c`.`teacherNo` INNER JOIN `course` `d` ON `a`.`courseNo`=`d`.`courseNo` INNER JOIN `task` `e` ON `e`.`courseNo`=`a`.`courseNo` WHERE  (  status = 1 )  AND (  a.studentNo = '201541402313' ) LIMIT 1 [ RunTime:0.002371s ]
---------------------------------------------------------------
[ 2019-03-31T22:42:34+08:00 ] 0.0.0.0 GET /static/fontawesome-5.5.0/css/font-awesome.min.css
[ info ] reportsystem/static/fontawesome-5.5.0/css/font-awesome.min.css [运行时间：0.162036s][吞吐率：6.17req/s] [内存消耗：2,507.76kb] [文件加载：32]
[ info ] [ LANG ] F:\study\www\reportSystem\ThinkPHP\thinkphp\lang\zh-cn.php
[ info ] [ ROUTE ] array (
  'type' => 'module',
  'module' => 
  array (
    0 => 'static',
    1 => 'fontawesome-5.5.0',
    2 => 'css',
  ),
)
[ info ] [ HEADER ] array (
  'host' => 'reportsystem',
  'user-agent' => 'Mozilla/5.0 (Windows NT 10.0; Win64; x64; rv:66.0) Gecko/20100101 Firefox/66.0',
  'accept' => 'text/css,*/*;q=0.1',
  'accept-language' => 'zh-CN,zh;q=0.8,zh-TW;q=0.7,zh-HK;q=0.5,en-US;q=0.3,en;q=0.2',
  'accept-encoding' => 'gzip, deflate',
  'referer' => 'http://reportsystem/student/task/taskList',
  'connection' => 'keep-alive',
  'cookie' => 'PHPSESSID=vnnu2m7sd52sdn0mbkaibhnoh5',
  'cache-control' => 'max-age=0',
)
[ info ] [ PARAM ] array (
)
[ info ] [ LOG ] INIT File
---------------------------------------------------------------
[ 2019-03-31T22:42:42+08:00 ] 0.0.0.0 GET /teacher/course/courseMenu
[ info ] reportsystem/teacher/course/courseMenu [运行时间：0.215002s][吞吐率：4.65req/s] [内存消耗：5,201.49kb] [文件加载：51]
[ info ] [ LANG ] F:\study\www\reportSystem\ThinkPHP\thinkphp\lang\zh-cn.php
[ info ] [ ROUTE ] array (
  'type' => 'module',
  'module' => 
  array (
    0 => 'teacher',
    1 => 'course',
    2 => 'courseMenu',
  ),
)
[ info ] [ HEADER ] array (
  'host' => 'reportsystem',
  'connection' => 'keep-alive',
  'cache-control' => 'max-age=0',
  'upgrade-insecure-requests' => '1',
  'user-agent' => 'Mozilla/5.0 (Windows NT 10.0; WOW64) AppleWebKit/537.36 (KHTML, like Gecko) Chrome/71.0.3578.98 Safari/537.36',
  'accept' => 'text/html,application/xhtml+xml,application/xml;q=0.9,image/webp,image/apng,*/*;q=0.8',
  'referer' => 'http://reportsystem/teacher/task/taskDelete?taskNo=28',
  'accept-encoding' => 'gzip, deflate',
  'accept-language' => 'zh-CN,zh;q=0.9',
  'cookie' => 'pgv_pvi=3972531200; PHPSESSID=h8eq9mkdrdc7dj9r1cnvvn6lo0',
)
[ info ] [ PARAM ] array (
)
[ info ] [ SESSION ] INIT array (
  'id' => '',
  'var_session_id' => '',
  'prefix' => 'think',
  'type' => '',
  'auto_start' => true,
  'httponly' => true,
  'secure' => false,
)
[ info ] [ RUN ] app\teacher\controller\Course->courseMenu[ F:\study\www\reportSystem\ThinkPHP\app\teacher\controller\Course.php ]
[ info ] [ DB ] INIT mysql
[ info ] [ VIEW ] F:\study\www\reportSystem\ThinkPHP\public/../app/teacher\view\course\courseMenu.html [ array (
  0 => 'courseList',
  1 => 'taskList',
) ]
[ info ] [ LOG ] INIT File
[ notice ] 显示课程列表
[ sql ] [ DB ] CONNECT:[ UseTime:0.002851s ] mysql:host=127.0.0.1;port=3306;dbname=report_system;charset=utf8
[ sql ] [ SQL ] SHOW COLUMNS FROM `course` [ RunTime:0.002794s ]
[ sql ] [ SQL ] SELECT * FROM `course` WHERE (  (  teacherNo = '2012032' ) ) AND `course`.`deleteTime` IS NULL [ RunTime:0.002638s ]
[ sql ] [ SQL ] SHOW COLUMNS FROM `task` [ RunTime:0.002067s ]
[ sql ] [ SQL ] SELECT * FROM `task` WHERE (  (  teacherNo = '2012032' ) ) AND `task`.`deleteTime` IS NULL [ RunTime:0.001432s ]
---------------------------------------------------------------
[ 2019-03-31T22:42:42+08:00 ] 0.0.0.0 GET /static/fontawesome-5.5.0/css/font-awesome.min.css
[ info ] reportsystem/static/fontawesome-5.5.0/css/font-awesome.min.css [运行时间：0.114647s][吞吐率：8.72req/s] [内存消耗：2,507.48kb] [文件加载：32]
[ info ] [ LANG ] F:\study\www\reportSystem\ThinkPHP\thinkphp\lang\zh-cn.php
[ info ] [ ROUTE ] array (
  'type' => 'module',
  'module' => 
  array (
    0 => 'static',
    1 => 'fontawesome-5.5.0',
    2 => 'css',
  ),
)
[ info ] [ HEADER ] array (
  'host' => 'reportsystem',
  'connection' => 'keep-alive',
  'user-agent' => 'Mozilla/5.0 (Windows NT 10.0; WOW64) AppleWebKit/537.36 (KHTML, like Gecko) Chrome/71.0.3578.98 Safari/537.36',
  'accept' => 'text/css,*/*;q=0.1',
  'referer' => 'http://reportsystem/teacher/course/courseMenu',
  'accept-encoding' => 'gzip, deflate',
  'accept-language' => 'zh-CN,zh;q=0.9',
  'cookie' => 'pgv_pvi=3972531200; PHPSESSID=h8eq9mkdrdc7dj9r1cnvvn6lo0',
)
[ info ] [ PARAM ] array (
)
[ info ] [ LOG ] INIT File
---------------------------------------------------------------
[ 2019-03-31T22:46:01+08:00 ] 0.0.0.0 GET /teacher/course/courseMenu
[ info ] reportsystem/teacher/course/courseMenu [运行时间：0.184557s][吞吐率：5.42req/s] [内存消耗：5,194.16kb] [文件加载：51]
[ info ] [ LANG ] F:\study\www\reportSystem\ThinkPHP\thinkphp\lang\zh-cn.php
[ info ] [ ROUTE ] array (
  'type' => 'module',
  'module' => 
  array (
    0 => 'teacher',
    1 => 'course',
    2 => 'courseMenu',
  ),
)
[ info ] [ HEADER ] array (
  'host' => 'reportsystem',
  'connection' => 'keep-alive',
  'cache-control' => 'max-age=0',
  'upgrade-insecure-requests' => '1',
  'user-agent' => 'Mozilla/5.0 (Windows NT 10.0; WOW64) AppleWebKit/537.36 (KHTML, like Gecko) Chrome/71.0.3578.98 Safari/537.36',
  'accept' => 'text/html,application/xhtml+xml,application/xml;q=0.9,image/webp,image/apng,*/*;q=0.8',
  'referer' => 'http://reportsystem/teacher/task/taskDelete?taskNo=28',
  'accept-encoding' => 'gzip, deflate',
  'accept-language' => 'zh-CN,zh;q=0.9',
  'cookie' => 'pgv_pvi=3972531200; PHPSESSID=h8eq9mkdrdc7dj9r1cnvvn6lo0',
)
[ info ] [ PARAM ] array (
)
[ info ] [ SESSION ] INIT array (
  'id' => '',
  'var_session_id' => '',
  'prefix' => 'think',
  'type' => '',
  'auto_start' => true,
  'httponly' => true,
  'secure' => false,
)
[ info ] [ RUN ] app\teacher\controller\Course->courseMenu[ F:\study\www\reportSystem\ThinkPHP\app\teacher\controller\Course.php ]
[ info ] [ DB ] INIT mysql
[ info ] [ VIEW ] F:\study\www\reportSystem\ThinkPHP\public/../app/teacher\view\course\courseMenu.html [ array (
  0 => 'courseList',
  1 => 'taskList',
) ]
[ info ] [ LOG ] INIT File
[ notice ] 显示课程列表
[ sql ] [ DB ] CONNECT:[ UseTime:0.003222s ] mysql:host=127.0.0.1;port=3306;dbname=report_system;charset=utf8
[ sql ] [ SQL ] SHOW COLUMNS FROM `course` [ RunTime:0.002376s ]
[ sql ] [ SQL ] SELECT * FROM `course` WHERE (  (  teacherNo = '2012032' ) ) AND `course`.`deleteTime` IS NULL [ RunTime:0.002787s ]
[ sql ] [ SQL ] SHOW COLUMNS FROM `task` [ RunTime:0.006629s ]
[ sql ] [ SQL ] SELECT * FROM `task` WHERE (  (  teacherNo = '2012032' ) ) AND `task`.`deleteTime` IS NULL [ RunTime:0.001017s ]
---------------------------------------------------------------
[ 2019-03-31T22:46:01+08:00 ] 0.0.0.0 GET /static/fontawesome-5.5.0/css/font-awesome.min.css
[ info ] reportsystem/static/fontawesome-5.5.0/css/font-awesome.min.css [运行时间：0.090715s][吞吐率：11.02req/s] [内存消耗：2,507.48kb] [文件加载：32]
[ info ] [ LANG ] F:\study\www\reportSystem\ThinkPHP\thinkphp\lang\zh-cn.php
[ info ] [ ROUTE ] array (
  'type' => 'module',
  'module' => 
  array (
    0 => 'static',
    1 => 'fontawesome-5.5.0',
    2 => 'css',
  ),
)
[ info ] [ HEADER ] array (
  'host' => 'reportsystem',
  'connection' => 'keep-alive',
  'user-agent' => 'Mozilla/5.0 (Windows NT 10.0; WOW64) AppleWebKit/537.36 (KHTML, like Gecko) Chrome/71.0.3578.98 Safari/537.36',
  'accept' => 'text/css,*/*;q=0.1',
  'referer' => 'http://reportsystem/teacher/course/courseMenu',
  'accept-encoding' => 'gzip, deflate',
  'accept-language' => 'zh-CN,zh;q=0.9',
  'cookie' => 'pgv_pvi=3972531200; PHPSESSID=h8eq9mkdrdc7dj9r1cnvvn6lo0',
)
[ info ] [ PARAM ] array (
)
[ info ] [ LOG ] INIT File
---------------------------------------------------------------
[ 2019-03-31T22:46:04+08:00 ] 0.0.0.0 GET /teacher/task/addPage
[ info ] reportsystem/teacher/task/addPage [运行时间：0.273183s][吞吐率：3.66req/s] [内存消耗：5,272.00kb] [文件加载：51]
[ info ] [ LANG ] F:\study\www\reportSystem\ThinkPHP\thinkphp\lang\zh-cn.php
[ info ] [ ROUTE ] array (
  'type' => 'module',
  'module' => 
  array (
    0 => 'teacher',
    1 => 'task',
    2 => 'addPage',
  ),
)
[ info ] [ HEADER ] array (
  'host' => 'reportsystem',
  'connection' => 'keep-alive',
  'upgrade-insecure-requests' => '1',
  'user-agent' => 'Mozilla/5.0 (Windows NT 10.0; WOW64) AppleWebKit/537.36 (KHTML, like Gecko) Chrome/71.0.3578.98 Safari/537.36',
  'accept' => 'text/html,application/xhtml+xml,application/xml;q=0.9,image/webp,image/apng,*/*;q=0.8',
  'referer' => 'http://reportsystem/teacher/course/courseMenu',
  'accept-encoding' => 'gzip, deflate',
  'accept-language' => 'zh-CN,zh;q=0.9',
  'cookie' => 'pgv_pvi=3972531200; PHPSESSID=h8eq9mkdrdc7dj9r1cnvvn6lo0',
)
[ info ] [ PARAM ] array (
)
[ info ] [ SESSION ] INIT array (
  'id' => '',
  'var_session_id' => '',
  'prefix' => 'think',
  'type' => '',
  'auto_start' => true,
  'httponly' => true,
  'secure' => false,
)
[ info ] [ RUN ] app\teacher\controller\Task->addPage[ F:\study\www\reportSystem\ThinkPHP\app\teacher\controller\Task.php ]
[ info ] [ DB ] INIT mysql
[ info ] [ VIEW ] F:\study\www\reportSystem\ThinkPHP\public/../app/teacher\view\task\taskAdd.html [ array (
  0 => 'courseList',
  1 => 'guideList',
) ]
[ info ] [ LOG ] INIT File
[ notice ] 添加实验任务页面
[ sql ] [ DB ] CONNECT:[ UseTime:0.002114s ] mysql:host=127.0.0.1;port=3306;dbname=report_system;charset=utf8
[ sql ] [ SQL ] SHOW COLUMNS FROM `course` [ RunTime:0.002576s ]
[ sql ] [ SQL ] SELECT * FROM `course` WHERE (  (  teacherNo = '2012032' ) ) AND `course`.`deleteTime` IS NULL [ RunTime:0.004692s ]
[ sql ] [ SQL ] SHOW COLUMNS FROM `guide` [ RunTime:0.002548s ]
[ sql ] [ SQL ] SELECT * FROM `guide` WHERE (  (  teacherNo = '2012032' ) ) AND `guide`.`deleteTime` IS NULL [ RunTime:0.001979s ]
---------------------------------------------------------------
[ 2019-03-31T22:46:05+08:00 ] 0.0.0.0 GET /static/fontawesome-5.5.0/css/font-awesome.min.css
[ info ] reportsystem/static/fontawesome-5.5.0/css/font-awesome.min.css [运行时间：0.095317s][吞吐率：10.49req/s] [内存消耗：2,507.71kb] [文件加载：32]
[ info ] [ LANG ] F:\study\www\reportSystem\ThinkPHP\thinkphp\lang\zh-cn.php
[ info ] [ ROUTE ] array (
  'type' => 'module',
  'module' => 
  array (
    0 => 'static',
    1 => 'fontawesome-5.5.0',
    2 => 'css',
  ),
)
[ info ] [ HEADER ] array (
  'host' => 'reportsystem',
  'connection' => 'keep-alive',
  'user-agent' => 'Mozilla/5.0 (Windows NT 10.0; WOW64) AppleWebKit/537.36 (KHTML, like Gecko) Chrome/71.0.3578.98 Safari/537.36',
  'accept' => 'text/css,*/*;q=0.1',
  'referer' => 'http://reportsystem/teacher/task/addPage',
  'accept-encoding' => 'gzip, deflate',
  'accept-language' => 'zh-CN,zh;q=0.9',
  'cookie' => 'pgv_pvi=3972531200; PHPSESSID=h8eq9mkdrdc7dj9r1cnvvn6lo0',
)
[ info ] [ PARAM ] array (
)
[ info ] [ LOG ] INIT File
---------------------------------------------------------------
[ 2019-03-31T22:46:28+08:00 ] 0.0.0.0 POST /teacher/task/taskAdd
[ info ] reportsystem/teacher/task/taskAdd [运行时间：0.295036s][吞吐率：3.39req/s] [内存消耗：5,409.99kb] [文件加载：54]
[ info ] [ LANG ] F:\study\www\reportSystem\ThinkPHP\thinkphp\lang\zh-cn.php
[ info ] [ ROUTE ] array (
  'type' => 'module',
  'module' => 
  array (
    0 => 'teacher',
    1 => 'task',
    2 => 'taskAdd',
  ),
)
[ info ] [ HEADER ] array (
  'host' => 'reportsystem',
  'connection' => 'keep-alive',
  'content-length' => '1017',
  'cache-control' => 'max-age=0',
  'origin' => 'http://reportsystem',
  'upgrade-insecure-requests' => '1',
  'content-type' => 'multipart/form-data; boundary=----WebKitFormBoundarytkBy778rMgfH7UEz',
  'user-agent' => 'Mozilla/5.0 (Windows NT 10.0; WOW64) AppleWebKit/537.36 (KHTML, like Gecko) Chrome/71.0.3578.98 Safari/537.36',
  'accept' => 'text/html,application/xhtml+xml,application/xml;q=0.9,image/webp,image/apng,*/*;q=0.8',
  'referer' => 'http://reportsystem/teacher/task/addPage',
  'accept-encoding' => 'gzip, deflate',
  'accept-language' => 'zh-CN,zh;q=0.9',
  'cookie' => 'pgv_pvi=3972531200; PHPSESSID=h8eq9mkdrdc7dj9r1cnvvn6lo0',
)
[ info ] [ PARAM ] array (
  'taskName' => '实验1 无线传感器',
  'courseNo' => '351',
  'startTime' => '2019-03-01T00:00',
  'endTime' => '2019-03-31T09:09',
  'taskImg' => '',
  'guideNo' => '24',
  'reviewType' => '1',
  'taskDescribe' => '1',
)
[ info ] [ SESSION ] INIT array (
  'id' => '',
  'var_session_id' => '',
  'prefix' => 'think',
  'type' => '',
  'auto_start' => true,
  'httponly' => true,
  'secure' => false,
)
[ info ] [ RUN ] app\teacher\controller\Task->taskAdd[ F:\study\www\reportSystem\ThinkPHP\app\teacher\controller\Task.php ]
[ info ] [ DB ] INIT mysql
[ info ] [ CACHE ] INIT File
[ info ] [ VIEW ] F:\study\www\reportSystem\ThinkPHP\thinkphp\tpl\dispatch_jump.tpl [ array (
  0 => 'code',
  1 => 'msg',
  2 => 'data',
  3 => 'url',
  4 => 'wait',
) ]
[ info ] [ LOG ] INIT File
[ log ] 编辑实验任务
[ sql ] [ DB ] CONNECT:[ UseTime:0.002486s ] mysql:host=127.0.0.1;port=3306;dbname=report_system;charset=utf8
[ sql ] [ SQL ] SHOW COLUMNS FROM `task` [ RunTime:0.005754s ]
[ sql ] [ SQL ] INSERT INTO `task` (`teacherNo` , `taskName` , `courseNo` , `startTime` , `endTime` , `taskImg` , `guideNo` , `reviewType` , `taskDescribe` , `status`) VALUES (2012032 , '实验1 无线传感器' , 351 , '1551369600' , '1553994540' , '/uploads/default/taskImg.jpg' , 24 , 1 , '1' , 1) [ RunTime:0.041943s ]
[ sql ] [ SQL ] SHOW COLUMNS FROM `guide` [ RunTime:0.004076s ]
[ sql ] [ SQL ] UPDATE `guide`  SET `taskNo`=1  WHERE  `guideNo` = 24 [ RunTime:0.031940s ]
---------------------------------------------------------------
[ 2019-03-31T22:46:29+08:00 ] 0.0.0.0 GET /teacher/course/courseMenu
[ info ] reportsystem/teacher/course/courseMenu [运行时间：0.181601s][吞吐率：5.51req/s] [内存消耗：5,200.48kb] [文件加载：51]
[ info ] [ LANG ] F:\study\www\reportSystem\ThinkPHP\thinkphp\lang\zh-cn.php
[ info ] [ ROUTE ] array (
  'type' => 'module',
  'module' => 
  array (
    0 => 'teacher',
    1 => 'course',
    2 => 'courseMenu',
  ),
)
[ info ] [ HEADER ] array (
  'host' => 'reportsystem',
  'connection' => 'keep-alive',
  'upgrade-insecure-requests' => '1',
  'user-agent' => 'Mozilla/5.0 (Windows NT 10.0; WOW64) AppleWebKit/537.36 (KHTML, like Gecko) Chrome/71.0.3578.98 Safari/537.36',
  'accept' => 'text/html,application/xhtml+xml,application/xml;q=0.9,image/webp,image/apng,*/*;q=0.8',
  'referer' => 'http://reportsystem/teacher/task/taskAdd',
  'accept-encoding' => 'gzip, deflate',
  'accept-language' => 'zh-CN,zh;q=0.9',
  'cookie' => 'pgv_pvi=3972531200; PHPSESSID=h8eq9mkdrdc7dj9r1cnvvn6lo0',
)
[ info ] [ PARAM ] array (
)
[ info ] [ SESSION ] INIT array (
  'id' => '',
  'var_session_id' => '',
  'prefix' => 'think',
  'type' => '',
  'auto_start' => true,
  'httponly' => true,
  'secure' => false,
)
[ info ] [ RUN ] app\teacher\controller\Course->courseMenu[ F:\study\www\reportSystem\ThinkPHP\app\teacher\controller\Course.php ]
[ info ] [ DB ] INIT mysql
[ info ] [ VIEW ] F:\study\www\reportSystem\ThinkPHP\public/../app/teacher\view\course\courseMenu.html [ array (
  0 => 'courseList',
  1 => 'taskList',
) ]
[ info ] [ LOG ] INIT File
[ notice ] 显示课程列表
[ sql ] [ DB ] CONNECT:[ UseTime:0.003087s ] mysql:host=127.0.0.1;port=3306;dbname=report_system;charset=utf8
[ sql ] [ SQL ] SHOW COLUMNS FROM `course` [ RunTime:0.002534s ]
[ sql ] [ SQL ] SELECT * FROM `course` WHERE (  (  teacherNo = '2012032' ) ) AND `course`.`deleteTime` IS NULL [ RunTime:0.002311s ]
[ sql ] [ SQL ] SHOW COLUMNS FROM `task` [ RunTime:0.005594s ]
[ sql ] [ SQL ] SELECT * FROM `task` WHERE (  (  teacherNo = '2012032' ) ) AND `task`.`deleteTime` IS NULL [ RunTime:0.001192s ]
---------------------------------------------------------------
[ 2019-03-31T22:46:29+08:00 ] 0.0.0.0 GET /static/fontawesome-5.5.0/css/font-awesome.min.css
[ info ] reportsystem/static/fontawesome-5.5.0/css/font-awesome.min.css [运行时间：0.113692s][吞吐率：8.80req/s] [内存消耗：2,507.48kb] [文件加载：32]
[ info ] [ LANG ] F:\study\www\reportSystem\ThinkPHP\thinkphp\lang\zh-cn.php
[ info ] [ ROUTE ] array (
  'type' => 'module',
  'module' => 
  array (
    0 => 'static',
    1 => 'fontawesome-5.5.0',
    2 => 'css',
  ),
)
[ info ] [ HEADER ] array (
  'host' => 'reportsystem',
  'connection' => 'keep-alive',
  'user-agent' => 'Mozilla/5.0 (Windows NT 10.0; WOW64) AppleWebKit/537.36 (KHTML, like Gecko) Chrome/71.0.3578.98 Safari/537.36',
  'accept' => 'text/css,*/*;q=0.1',
  'referer' => 'http://reportsystem/teacher/course/courseMenu',
  'accept-encoding' => 'gzip, deflate',
  'accept-language' => 'zh-CN,zh;q=0.9',
  'cookie' => 'pgv_pvi=3972531200; PHPSESSID=h8eq9mkdrdc7dj9r1cnvvn6lo0',
)
[ info ] [ PARAM ] array (
)
[ info ] [ LOG ] INIT File
---------------------------------------------------------------
[ 2019-03-31T22:46:48+08:00 ] 0.0.0.0 GET /student/task/taskList
[ info ] reportsystem/student/task/taskList [运行时间：0.170575s][吞吐率：5.86req/s] [内存消耗：5,254.23kb] [文件加载：52]
[ info ] [ LANG ] F:\study\www\reportSystem\ThinkPHP\thinkphp\lang\zh-cn.php
[ info ] [ ROUTE ] array (
  'type' => 'module',
  'module' => 
  array (
    0 => 'student',
    1 => 'task',
    2 => 'taskList',
  ),
)
[ info ] [ HEADER ] array (
  'host' => 'reportsystem',
  'user-agent' => 'Mozilla/5.0 (Windows NT 10.0; Win64; x64; rv:66.0) Gecko/20100101 Firefox/66.0',
  'accept' => 'text/html,application/xhtml+xml,application/xml;q=0.9,*/*;q=0.8',
  'accept-language' => 'zh-CN,zh;q=0.8,zh-TW;q=0.7,zh-HK;q=0.5,en-US;q=0.3,en;q=0.2',
  'accept-encoding' => 'gzip, deflate',
  'referer' => 'http://reportsystem/student/index/index',
  'connection' => 'keep-alive',
  'cookie' => 'PHPSESSID=vnnu2m7sd52sdn0mbkaibhnoh5',
  'upgrade-insecure-requests' => '1',
  'cache-control' => 'max-age=0',
)
[ info ] [ PARAM ] array (
)
[ info ] [ SESSION ] INIT array (
  'id' => '',
  'var_session_id' => '',
  'prefix' => 'think',
  'type' => '',
  'auto_start' => true,
  'httponly' => true,
  'secure' => false,
)
[ info ] [ RUN ] app\student\controller\Task->taskList[ F:\study\www\reportSystem\ThinkPHP\app\student\controller\Task.php ]
[ info ] [ DB ] INIT mysql
[ info ] [ VIEW ] F:\study\www\reportSystem\ThinkPHP\public/../app/student\view\task\taskList.html [ array (
  0 => 'taskList',
  1 => 'taskNumber',
) ]
[ info ] [ LOG ] INIT File
[ notice ] 显示实验任务列表
[ sql ] [ DB ] CONNECT:[ UseTime:0.001994s ] mysql:host=127.0.0.1;port=3306;dbname=report_system;charset=utf8
[ sql ] [ SQL ] SHOW COLUMNS FROM `elective` [ RunTime:0.001938s ]
[ sql ] [ SQL ] SELECT COUNT(*) AS tp_count FROM `elective` `a` INNER JOIN `student` `b` ON `a`.`studentNo`=`b`.`studentNo` INNER JOIN `teacher` `c` ON `a`.`teacherNo`=`c`.`teacherNo` INNER JOIN `course` `d` ON `a`.`courseNo`=`d`.`courseNo` INNER JOIN `task` `e` ON `e`.`courseNo`=`a`.`courseNo` WHERE  (  status = 1 )  AND (  a.studentNo = '201541402313' ) LIMIT 1 [ RunTime:0.001371s ]
[ sql ] [ SQL ] SELECT * FROM `elective` `a` INNER JOIN `student` `b` ON `a`.`studentNo`=`b`.`studentNo` INNER JOIN `teacher` `c` ON `a`.`teacherNo`=`c`.`teacherNo` INNER JOIN `course` `d` ON `a`.`courseNo`=`d`.`courseNo` INNER JOIN `task` `e` ON `e`.`courseNo`=`a`.`courseNo` WHERE  (  status = 1 )  AND (  a.studentNo = '201541402313' ) LIMIT 0,15 [ RunTime:0.003419s ]
[ sql ] [ SQL ] SELECT COUNT(*) AS tp_count FROM `elective` `a` INNER JOIN `student` `b` ON `a`.`studentNo`=`b`.`studentNo` INNER JOIN `teacher` `c` ON `a`.`teacherNo`=`c`.`teacherNo` INNER JOIN `course` `d` ON `a`.`courseNo`=`d`.`courseNo` INNER JOIN `task` `e` ON `e`.`courseNo`=`a`.`courseNo` WHERE  (  status = 1 )  AND (  a.studentNo = '201541402313' ) LIMIT 1 [ RunTime:0.001645s ]
---------------------------------------------------------------
[ 2019-03-31T22:46:48+08:00 ] 0.0.0.0 GET /static/fontawesome-5.5.0/css/font-awesome.min.css
[ info ] reportsystem/static/fontawesome-5.5.0/css/font-awesome.min.css [运行时间：0.247822s][吞吐率：4.04req/s] [内存消耗：2,507.76kb] [文件加载：32]
[ info ] [ LANG ] F:\study\www\reportSystem\ThinkPHP\thinkphp\lang\zh-cn.php
[ info ] [ ROUTE ] array (
  'type' => 'module',
  'module' => 
  array (
    0 => 'static',
    1 => 'fontawesome-5.5.0',
    2 => 'css',
  ),
)
[ info ] [ HEADER ] array (
  'host' => 'reportsystem',
  'user-agent' => 'Mozilla/5.0 (Windows NT 10.0; Win64; x64; rv:66.0) Gecko/20100101 Firefox/66.0',
  'accept' => 'text/css,*/*;q=0.1',
  'accept-language' => 'zh-CN,zh;q=0.8,zh-TW;q=0.7,zh-HK;q=0.5,en-US;q=0.3,en;q=0.2',
  'accept-encoding' => 'gzip, deflate',
  'referer' => 'http://reportsystem/student/task/taskList',
  'connection' => 'keep-alive',
  'cookie' => 'PHPSESSID=vnnu2m7sd52sdn0mbkaibhnoh5',
  'cache-control' => 'max-age=0',
)
[ info ] [ PARAM ] array (
)
[ info ] [ LOG ] INIT File
---------------------------------------------------------------
[ 2019-03-31T22:46:55+08:00 ] 0.0.0.0 GET /teacher/task/detailPage?taskNo=1
[ info ] reportsystem/teacher/task/detailPage?taskNo=1 [运行时间：0.210479s][吞吐率：4.75req/s] [内存消耗：5,352.53kb] [文件加载：52]
[ info ] [ LANG ] F:\study\www\reportSystem\ThinkPHP\thinkphp\lang\zh-cn.php
[ info ] [ ROUTE ] array (
  'type' => 'module',
  'module' => 
  array (
    0 => 'teacher',
    1 => 'task',
    2 => 'detailPage',
  ),
)
[ info ] [ HEADER ] array (
  'host' => 'reportsystem',
  'connection' => 'keep-alive',
  'upgrade-insecure-requests' => '1',
  'user-agent' => 'Mozilla/5.0 (Windows NT 10.0; WOW64) AppleWebKit/537.36 (KHTML, like Gecko) Chrome/71.0.3578.98 Safari/537.36',
  'accept' => 'text/html,application/xhtml+xml,application/xml;q=0.9,image/webp,image/apng,*/*;q=0.8',
  'referer' => 'http://reportsystem/teacher/course/courseMenu',
  'accept-encoding' => 'gzip, deflate',
  'accept-language' => 'zh-CN,zh;q=0.9',
  'cookie' => 'pgv_pvi=3972531200; PHPSESSID=h8eq9mkdrdc7dj9r1cnvvn6lo0',
)
[ info ] [ PARAM ] array (
  'taskNo' => '1',
)
[ info ] [ SESSION ] INIT array (
  'id' => '',
  'var_session_id' => '',
  'prefix' => 'think',
  'type' => '',
  'auto_start' => true,
  'httponly' => true,
  'secure' => false,
)
[ info ] [ RUN ] app\teacher\controller\Task->detailPage[ F:\study\www\reportSystem\ThinkPHP\app\teacher\controller\Task.php ]
[ info ] [ DB ] INIT mysql
[ info ] [ VIEW ] F:\study\www\reportSystem\ThinkPHP\public/../app/teacher\view\task\taskDetail.html [ array (
  0 => 'task',
  1 => 'courseList',
  2 => 'guideList',
) ]
[ info ] [ LOG ] INIT File
[ notice ] 详细实验任务页面
[ sql ] [ DB ] CONNECT:[ UseTime:0.002214s ] mysql:host=127.0.0.1;port=3306;dbname=report_system;charset=utf8
[ sql ] [ SQL ] SHOW COLUMNS FROM `task` [ RunTime:0.005613s ]
[ sql ] [ SQL ] SELECT * FROM `task` WHERE (  (  teacherNo = '2012032' )  AND (  taskNo = '1' ) ) AND `task`.`deleteTime` IS NULL LIMIT 1 [ RunTime:0.001230s ]
[ sql ] [ SQL ] SHOW COLUMNS FROM `course` [ RunTime:0.003583s ]
[ sql ] [ SQL ] SELECT * FROM `course` WHERE (  (  teacherNo = '2012032' ) ) AND `course`.`deleteTime` IS NULL [ RunTime:0.001863s ]
[ sql ] [ SQL ] SHOW COLUMNS FROM `guide` [ RunTime:0.001957s ]
[ sql ] [ SQL ] SELECT * FROM `guide` WHERE (  (  teacherNo = '2012032' ) ) AND `guide`.`deleteTime` IS NULL [ RunTime:0.001338s ]
---------------------------------------------------------------
[ 2019-03-31T22:46:55+08:00 ] 0.0.0.0 GET /static/fontawesome-5.5.0/css/font-awesome.min.css
[ info ] reportsystem/static/fontawesome-5.5.0/css/font-awesome.min.css [运行时间：0.119040s][吞吐率：8.40req/s] [内存消耗：2,507.63kb] [文件加载：32]
[ info ] [ LANG ] F:\study\www\reportSystem\ThinkPHP\thinkphp\lang\zh-cn.php
[ info ] [ ROUTE ] array (
  'type' => 'module',
  'module' => 
  array (
    0 => 'static',
    1 => 'fontawesome-5.5.0',
    2 => 'css',
  ),
)
[ info ] [ HEADER ] array (
  'host' => 'reportsystem',
  'connection' => 'keep-alive',
  'user-agent' => 'Mozilla/5.0 (Windows NT 10.0; WOW64) AppleWebKit/537.36 (KHTML, like Gecko) Chrome/71.0.3578.98 Safari/537.36',
  'accept' => 'text/css,*/*;q=0.1',
  'referer' => 'http://reportsystem/teacher/task/detailPage?taskNo=1',
  'accept-encoding' => 'gzip, deflate',
  'accept-language' => 'zh-CN,zh;q=0.9',
  'cookie' => 'pgv_pvi=3972531200; PHPSESSID=h8eq9mkdrdc7dj9r1cnvvn6lo0',
)
[ info ] [ PARAM ] array (
)
[ info ] [ LOG ] INIT File
---------------------------------------------------------------
[ 2019-03-31T22:46:56+08:00 ] 0.0.0.0 POST /teacher/task/taskDetail
[ info ] reportsystem/teacher/task/taskDetail [运行时间：0.104231s][吞吐率：9.59req/s] [内存消耗：3,112.85kb] [文件加载：40]
[ info ] [ LANG ] F:\study\www\reportSystem\ThinkPHP\thinkphp\lang\zh-cn.php
[ info ] [ ROUTE ] array (
  'type' => 'module',
  'module' => 
  array (
    0 => 'teacher',
    1 => 'task',
    2 => 'taskDetail',
  ),
)
[ info ] [ HEADER ] array (
  'host' => 'reportsystem',
  'connection' => 'keep-alive',
  'content-length' => '429',
  'cache-control' => 'max-age=0',
  'origin' => 'http://reportsystem',
  'upgrade-insecure-requests' => '1',
  'content-type' => 'multipart/form-data; boundary=----WebKitFormBoundaryLE3JdbtTI8fQxVa4',
  'user-agent' => 'Mozilla/5.0 (Windows NT 10.0; WOW64) AppleWebKit/537.36 (KHTML, like Gecko) Chrome/71.0.3578.98 Safari/537.36',
  'accept' => 'text/html,application/xhtml+xml,application/xml;q=0.9,image/webp,image/apng,*/*;q=0.8',
  'referer' => 'http://reportsystem/teacher/task/detailPage?taskNo=1',
  'accept-encoding' => 'gzip, deflate',
  'accept-language' => 'zh-CN,zh;q=0.9',
  'cookie' => 'pgv_pvi=3972531200; PHPSESSID=h8eq9mkdrdc7dj9r1cnvvn6lo0',
)
[ info ] [ PARAM ] array (
  'taskNo' => '1',
  'courseNo' => '351',
  'taskImg' => '',
  'delete' => '删除',
)
[ info ] [ SESSION ] INIT array (
  'id' => '',
  'var_session_id' => '',
  'prefix' => 'think',
  'type' => '',
  'auto_start' => true,
  'httponly' => true,
  'secure' => false,
)
[ info ] [ RUN ] app\teacher\controller\Task->taskDetail[ F:\study\www\reportSystem\ThinkPHP\app\teacher\controller\Task.php ]
[ info ] [ LOG ] INIT File
[ notice ] 实验任务操作
---------------------------------------------------------------
[ 2019-03-31T22:46:56+08:00 ] 0.0.0.0 GET /teacher/task/taskDelete?taskNo=1
[ info ] reportsystem/teacher/task/taskDelete?taskNo=1 [运行时间：0.242082s][吞吐率：4.13req/s] [内存消耗：5,335.91kb] [文件加载：53]
[ info ] [ LANG ] F:\study\www\reportSystem\ThinkPHP\thinkphp\lang\zh-cn.php
[ info ] [ ROUTE ] array (
  'type' => 'module',
  'module' => 
  array (
    0 => 'teacher',
    1 => 'task',
    2 => 'taskDelete',
  ),
)
[ info ] [ HEADER ] array (
  'host' => 'reportsystem',
  'connection' => 'keep-alive',
  'cache-control' => 'max-age=0',
  'upgrade-insecure-requests' => '1',
  'user-agent' => 'Mozilla/5.0 (Windows NT 10.0; WOW64) AppleWebKit/537.36 (KHTML, like Gecko) Chrome/71.0.3578.98 Safari/537.36',
  'accept' => 'text/html,application/xhtml+xml,application/xml;q=0.9,image/webp,image/apng,*/*;q=0.8',
  'referer' => 'http://reportsystem/teacher/task/detailPage?taskNo=1',
  'accept-encoding' => 'gzip, deflate',
  'accept-language' => 'zh-CN,zh;q=0.9',
  'cookie' => 'pgv_pvi=3972531200; PHPSESSID=h8eq9mkdrdc7dj9r1cnvvn6lo0',
)
[ info ] [ PARAM ] array (
  'taskNo' => '1',
)
[ info ] [ SESSION ] INIT array (
  'id' => '',
  'var_session_id' => '',
  'prefix' => 'think',
  'type' => '',
  'auto_start' => true,
  'httponly' => true,
  'secure' => false,
)
[ info ] [ RUN ] app\teacher\controller\Task->taskDelete[ F:\study\www\reportSystem\ThinkPHP\app\teacher\controller\Task.php ]
[ info ] [ DB ] INIT mysql
[ info ] [ CACHE ] INIT File
[ info ] [ VIEW ] F:\study\www\reportSystem\ThinkPHP\thinkphp\tpl\dispatch_jump.tpl [ array (
  0 => 'code',
  1 => 'msg',
  2 => 'data',
  3 => 'url',
  4 => 'wait',
) ]
[ info ] [ LOG ] INIT File
[ log ] 实验课程删除
[ sql ] [ DB ] CONNECT:[ UseTime:0.001999s ] mysql:host=127.0.0.1;port=3306;dbname=report_system;charset=utf8
[ sql ] [ SQL ] SHOW COLUMNS FROM `task` [ RunTime:0.003240s ]
[ sql ] [ SQL ] SELECT * FROM `task` WHERE  `taskNo` = 1 [ RunTime:0.001219s ]
[ sql ] [ SQL ] UPDATE `task`  SET `deleteTime`=1554043616  WHERE  `taskNo` = 1 [ RunTime:0.065248s ]
---------------------------------------------------------------
[ 2019-03-31T22:46:58+08:00 ] 0.0.0.0 GET /teacher/course/courseMenu
[ info ] reportsystem/teacher/course/courseMenu [运行时间：0.172795s][吞吐率：5.79req/s] [内存消耗：5,193.73kb] [文件加载：51]
[ info ] [ LANG ] F:\study\www\reportSystem\ThinkPHP\thinkphp\lang\zh-cn.php
[ info ] [ ROUTE ] array (
  'type' => 'module',
  'module' => 
  array (
    0 => 'teacher',
    1 => 'course',
    2 => 'courseMenu',
  ),
)
[ info ] [ HEADER ] array (
  'host' => 'reportsystem',
  'connection' => 'keep-alive',
  'upgrade-insecure-requests' => '1',
  'user-agent' => 'Mozilla/5.0 (Windows NT 10.0; WOW64) AppleWebKit/537.36 (KHTML, like Gecko) Chrome/71.0.3578.98 Safari/537.36',
  'accept' => 'text/html,application/xhtml+xml,application/xml;q=0.9,image/webp,image/apng,*/*;q=0.8',
  'referer' => 'http://reportsystem/teacher/task/taskDelete?taskNo=1',
  'accept-encoding' => 'gzip, deflate',
  'accept-language' => 'zh-CN,zh;q=0.9',
  'cookie' => 'pgv_pvi=3972531200; PHPSESSID=h8eq9mkdrdc7dj9r1cnvvn6lo0',
)
[ info ] [ PARAM ] array (
)
[ info ] [ SESSION ] INIT array (
  'id' => '',
  'var_session_id' => '',
  'prefix' => 'think',
  'type' => '',
  'auto_start' => true,
  'httponly' => true,
  'secure' => false,
)
[ info ] [ RUN ] app\teacher\controller\Course->courseMenu[ F:\study\www\reportSystem\ThinkPHP\app\teacher\controller\Course.php ]
[ info ] [ DB ] INIT mysql
[ info ] [ VIEW ] F:\study\www\reportSystem\ThinkPHP\public/../app/teacher\view\course\courseMenu.html [ array (
  0 => 'courseList',
  1 => 'taskList',
) ]
[ info ] [ LOG ] INIT File
[ notice ] 显示课程列表
[ sql ] [ DB ] CONNECT:[ UseTime:0.002273s ] mysql:host=127.0.0.1;port=3306;dbname=report_system;charset=utf8
[ sql ] [ SQL ] SHOW COLUMNS FROM `course` [ RunTime:0.002075s ]
[ sql ] [ SQL ] SELECT * FROM `course` WHERE (  (  teacherNo = '2012032' ) ) AND `course`.`deleteTime` IS NULL [ RunTime:0.002621s ]
[ sql ] [ SQL ] SHOW COLUMNS FROM `task` [ RunTime:0.002130s ]
[ sql ] [ SQL ] SELECT * FROM `task` WHERE (  (  teacherNo = '2012032' ) ) AND `task`.`deleteTime` IS NULL [ RunTime:0.001166s ]
---------------------------------------------------------------
[ 2019-03-31T22:46:58+08:00 ] 0.0.0.0 GET /static/fontawesome-5.5.0/css/font-awesome.min.css
[ info ] reportsystem/static/fontawesome-5.5.0/css/font-awesome.min.css [运行时间：0.095360s][吞吐率：10.49req/s] [内存消耗：2,507.48kb] [文件加载：32]
[ info ] [ LANG ] F:\study\www\reportSystem\ThinkPHP\thinkphp\lang\zh-cn.php
[ info ] [ ROUTE ] array (
  'type' => 'module',
  'module' => 
  array (
    0 => 'static',
    1 => 'fontawesome-5.5.0',
    2 => 'css',
  ),
)
[ info ] [ HEADER ] array (
  'host' => 'reportsystem',
  'connection' => 'keep-alive',
  'user-agent' => 'Mozilla/5.0 (Windows NT 10.0; WOW64) AppleWebKit/537.36 (KHTML, like Gecko) Chrome/71.0.3578.98 Safari/537.36',
  'accept' => 'text/css,*/*;q=0.1',
  'referer' => 'http://reportsystem/teacher/course/courseMenu',
  'accept-encoding' => 'gzip, deflate',
  'accept-language' => 'zh-CN,zh;q=0.9',
  'cookie' => 'pgv_pvi=3972531200; PHPSESSID=h8eq9mkdrdc7dj9r1cnvvn6lo0',
)
[ info ] [ PARAM ] array (
)
[ info ] [ LOG ] INIT File
---------------------------------------------------------------
[ 2019-03-31T22:47:10+08:00 ] 0.0.0.0 GET /student/task/taskList
[ info ] reportsystem/student/task/taskList [运行时间：0.194213s][吞吐率：5.15req/s] [内存消耗：5,254.23kb] [文件加载：52]
[ info ] [ LANG ] F:\study\www\reportSystem\ThinkPHP\thinkphp\lang\zh-cn.php
[ info ] [ ROUTE ] array (
  'type' => 'module',
  'module' => 
  array (
    0 => 'student',
    1 => 'task',
    2 => 'taskList',
  ),
)
[ info ] [ HEADER ] array (
  'host' => 'reportsystem',
  'user-agent' => 'Mozilla/5.0 (Windows NT 10.0; Win64; x64; rv:66.0) Gecko/20100101 Firefox/66.0',
  'accept' => 'text/html,application/xhtml+xml,application/xml;q=0.9,*/*;q=0.8',
  'accept-language' => 'zh-CN,zh;q=0.8,zh-TW;q=0.7,zh-HK;q=0.5,en-US;q=0.3,en;q=0.2',
  'accept-encoding' => 'gzip, deflate',
  'referer' => 'http://reportsystem/student/index/index',
  'connection' => 'keep-alive',
  'cookie' => 'PHPSESSID=vnnu2m7sd52sdn0mbkaibhnoh5',
  'upgrade-insecure-requests' => '1',
  'cache-control' => 'max-age=0',
)
[ info ] [ PARAM ] array (
)
[ info ] [ SESSION ] INIT array (
  'id' => '',
  'var_session_id' => '',
  'prefix' => 'think',
  'type' => '',
  'auto_start' => true,
  'httponly' => true,
  'secure' => false,
)
[ info ] [ RUN ] app\student\controller\Task->taskList[ F:\study\www\reportSystem\ThinkPHP\app\student\controller\Task.php ]
[ info ] [ DB ] INIT mysql
[ info ] [ VIEW ] F:\study\www\reportSystem\ThinkPHP\public/../app/student\view\task\taskList.html [ array (
  0 => 'taskList',
  1 => 'taskNumber',
) ]
[ info ] [ LOG ] INIT File
[ notice ] 显示实验任务列表
[ sql ] [ DB ] CONNECT:[ UseTime:0.002165s ] mysql:host=127.0.0.1;port=3306;dbname=report_system;charset=utf8
[ sql ] [ SQL ] SHOW COLUMNS FROM `elective` [ RunTime:0.001923s ]
[ sql ] [ SQL ] SELECT COUNT(*) AS tp_count FROM `elective` `a` INNER JOIN `student` `b` ON `a`.`studentNo`=`b`.`studentNo` INNER JOIN `teacher` `c` ON `a`.`teacherNo`=`c`.`teacherNo` INNER JOIN `course` `d` ON `a`.`courseNo`=`d`.`courseNo` INNER JOIN `task` `e` ON `e`.`courseNo`=`a`.`courseNo` WHERE  (  status = 1 )  AND (  a.studentNo = '201541402313' ) LIMIT 1 [ RunTime:0.006419s ]
[ sql ] [ SQL ] SELECT * FROM `elective` `a` INNER JOIN `student` `b` ON `a`.`studentNo`=`b`.`studentNo` INNER JOIN `teacher` `c` ON `a`.`teacherNo`=`c`.`teacherNo` INNER JOIN `course` `d` ON `a`.`courseNo`=`d`.`courseNo` INNER JOIN `task` `e` ON `e`.`courseNo`=`a`.`courseNo` WHERE  (  status = 1 )  AND (  a.studentNo = '201541402313' ) LIMIT 0,15 [ RunTime:0.002584s ]
[ sql ] [ SQL ] SELECT COUNT(*) AS tp_count FROM `elective` `a` INNER JOIN `student` `b` ON `a`.`studentNo`=`b`.`studentNo` INNER JOIN `teacher` `c` ON `a`.`teacherNo`=`c`.`teacherNo` INNER JOIN `course` `d` ON `a`.`courseNo`=`d`.`courseNo` INNER JOIN `task` `e` ON `e`.`courseNo`=`a`.`courseNo` WHERE  (  status = 1 )  AND (  a.studentNo = '201541402313' ) LIMIT 1 [ RunTime:0.002156s ]
---------------------------------------------------------------
[ 2019-03-31T22:47:10+08:00 ] 0.0.0.0 GET /static/fontawesome-5.5.0/css/font-awesome.min.css
[ info ] reportsystem/static/fontawesome-5.5.0/css/font-awesome.min.css [运行时间：0.213002s][吞吐率：4.69req/s] [内存消耗：2,507.76kb] [文件加载：32]
[ info ] [ LANG ] F:\study\www\reportSystem\ThinkPHP\thinkphp\lang\zh-cn.php
[ info ] [ ROUTE ] array (
  'type' => 'module',
  'module' => 
  array (
    0 => 'static',
    1 => 'fontawesome-5.5.0',
    2 => 'css',
  ),
)
[ info ] [ HEADER ] array (
  'host' => 'reportsystem',
  'user-agent' => 'Mozilla/5.0 (Windows NT 10.0; Win64; x64; rv:66.0) Gecko/20100101 Firefox/66.0',
  'accept' => 'text/css,*/*;q=0.1',
  'accept-language' => 'zh-CN,zh;q=0.8,zh-TW;q=0.7,zh-HK;q=0.5,en-US;q=0.3,en;q=0.2',
  'accept-encoding' => 'gzip, deflate',
  'referer' => 'http://reportsystem/student/task/taskList',
  'connection' => 'keep-alive',
  'cookie' => 'PHPSESSID=vnnu2m7sd52sdn0mbkaibhnoh5',
  'cache-control' => 'max-age=0',
)
[ info ] [ PARAM ] array (
)
[ info ] [ LOG ] INIT File
---------------------------------------------------------------
[ 2019-03-31T22:48:54+08:00 ] 0.0.0.0 GET /student/task/taskList
[ info ] reportsystem/student/task/taskList [运行时间：0.199836s][吞吐率：5.00req/s] [内存消耗：5,241.45kb] [文件加载：52]
[ info ] [ LANG ] F:\study\www\reportSystem\ThinkPHP\thinkphp\lang\zh-cn.php
[ info ] [ ROUTE ] array (
  'type' => 'module',
  'module' => 
  array (
    0 => 'student',
    1 => 'task',
    2 => 'taskList',
  ),
)
[ info ] [ HEADER ] array (
  'host' => 'reportsystem',
  'user-agent' => 'Mozilla/5.0 (Windows NT 10.0; Win64; x64; rv:66.0) Gecko/20100101 Firefox/66.0',
  'accept' => 'text/html,application/xhtml+xml,application/xml;q=0.9,*/*;q=0.8',
  'accept-language' => 'zh-CN,zh;q=0.8,zh-TW;q=0.7,zh-HK;q=0.5,en-US;q=0.3,en;q=0.2',
  'accept-encoding' => 'gzip, deflate',
  'referer' => 'http://reportsystem/student/index/index',
  'connection' => 'keep-alive',
  'cookie' => 'PHPSESSID=vnnu2m7sd52sdn0mbkaibhnoh5',
  'upgrade-insecure-requests' => '1',
  'cache-control' => 'max-age=0',
)
[ info ] [ PARAM ] array (
)
[ info ] [ SESSION ] INIT array (
  'id' => '',
  'var_session_id' => '',
  'prefix' => 'think',
  'type' => '',
  'auto_start' => true,
  'httponly' => true,
  'secure' => false,
)
[ info ] [ RUN ] app\student\controller\Task->taskList[ F:\study\www\reportSystem\ThinkPHP\app\student\controller\Task.php ]
[ info ] [ DB ] INIT mysql
[ info ] [ VIEW ] F:\study\www\reportSystem\ThinkPHP\public/../app/student\view\task\taskList.html [ array (
  0 => 'taskList',
  1 => 'taskNumber',
) ]
[ info ] [ LOG ] INIT File
[ notice ] 显示实验任务列表
[ sql ] [ DB ] CONNECT:[ UseTime:0.002106s ] mysql:host=127.0.0.1;port=3306;dbname=report_system;charset=utf8
[ sql ] [ SQL ] SHOW COLUMNS FROM `elective` [ RunTime:0.002233s ]
[ sql ] [ SQL ] SELECT COUNT(*) AS tp_count FROM `elective` `a` INNER JOIN `student` `b` ON `a`.`studentNo`=`b`.`studentNo` INNER JOIN `teacher` `c` ON `a`.`teacherNo`=`c`.`teacherNo` INNER JOIN `course` `d` ON `a`.`courseNo`=`d`.`courseNo` INNER JOIN `task` `e` ON `e`.`courseNo`=`a`.`courseNo` WHERE  (  status = 1 )  AND (  a.studentNo = '201541402313' ) LIMIT 1 [ RunTime:0.004851s ]
[ sql ] [ SQL ] SELECT * FROM `elective` `a` INNER JOIN `student` `b` ON `a`.`studentNo`=`b`.`studentNo` INNER JOIN `teacher` `c` ON `a`.`teacherNo`=`c`.`teacherNo` INNER JOIN `course` `d` ON `a`.`courseNo`=`d`.`courseNo` INNER JOIN `task` `e` ON `e`.`courseNo`=`a`.`courseNo` WHERE  (  status = 1 )  AND (  a.studentNo = '201541402313' ) LIMIT 0,15 [ RunTime:0.002520s ]
[ sql ] [ SQL ] SELECT COUNT(*) AS tp_count FROM `elective` `a` INNER JOIN `student` `b` ON `a`.`studentNo`=`b`.`studentNo` INNER JOIN `teacher` `c` ON `a`.`teacherNo`=`c`.`teacherNo` INNER JOIN `course` `d` ON `a`.`courseNo`=`d`.`courseNo` INNER JOIN `task` `e` ON `e`.`courseNo`=`a`.`courseNo` WHERE  (  status = 1 )  AND (  a.studentNo = '201541402313' ) LIMIT 1 [ RunTime:0.002676s ]
---------------------------------------------------------------
[ 2019-03-31T22:48:54+08:00 ] 0.0.0.0 GET /static/fontawesome-5.5.0/css/font-awesome.min.css
[ info ] reportsystem/static/fontawesome-5.5.0/css/font-awesome.min.css [运行时间：0.225912s][吞吐率：4.43req/s] [内存消耗：2,507.76kb] [文件加载：32]
[ info ] [ LANG ] F:\study\www\reportSystem\ThinkPHP\thinkphp\lang\zh-cn.php
[ info ] [ ROUTE ] array (
  'type' => 'module',
  'module' => 
  array (
    0 => 'static',
    1 => 'fontawesome-5.5.0',
    2 => 'css',
  ),
)
[ info ] [ HEADER ] array (
  'host' => 'reportsystem',
  'user-agent' => 'Mozilla/5.0 (Windows NT 10.0; Win64; x64; rv:66.0) Gecko/20100101 Firefox/66.0',
  'accept' => 'text/css,*/*;q=0.1',
  'accept-language' => 'zh-CN,zh;q=0.8,zh-TW;q=0.7,zh-HK;q=0.5,en-US;q=0.3,en;q=0.2',
  'accept-encoding' => 'gzip, deflate',
  'referer' => 'http://reportsystem/student/task/taskList',
  'connection' => 'keep-alive',
  'cookie' => 'PHPSESSID=vnnu2m7sd52sdn0mbkaibhnoh5',
  'cache-control' => 'max-age=0',
)
[ info ] [ PARAM ] array (
)
[ info ] [ LOG ] INIT File
---------------------------------------------------------------
[ 2019-03-31T22:49:03+08:00 ] 0.0.0.0 GET /teacher/task/addPage
[ info ] reportsystem/teacher/task/addPage [运行时间：0.194404s][吞吐率：5.14req/s] [内存消耗：5,272.62kb] [文件加载：51]
[ info ] [ LANG ] F:\study\www\reportSystem\ThinkPHP\thinkphp\lang\zh-cn.php
[ info ] [ ROUTE ] array (
  'type' => 'module',
  'module' => 
  array (
    0 => 'teacher',
    1 => 'task',
    2 => 'addPage',
  ),
)
[ info ] [ HEADER ] array (
  'host' => 'reportsystem',
  'connection' => 'keep-alive',
  'upgrade-insecure-requests' => '1',
  'user-agent' => 'Mozilla/5.0 (Windows NT 10.0; WOW64) AppleWebKit/537.36 (KHTML, like Gecko) Chrome/71.0.3578.98 Safari/537.36',
  'accept' => 'text/html,application/xhtml+xml,application/xml;q=0.9,image/webp,image/apng,*/*;q=0.8',
  'referer' => 'http://reportsystem/teacher/course/courseMenu',
  'accept-encoding' => 'gzip, deflate',
  'accept-language' => 'zh-CN,zh;q=0.9',
  'cookie' => 'pgv_pvi=3972531200; PHPSESSID=h8eq9mkdrdc7dj9r1cnvvn6lo0',
)
[ info ] [ PARAM ] array (
)
[ info ] [ SESSION ] INIT array (
  'id' => '',
  'var_session_id' => '',
  'prefix' => 'think',
  'type' => '',
  'auto_start' => true,
  'httponly' => true,
  'secure' => false,
)
[ info ] [ RUN ] app\teacher\controller\Task->addPage[ F:\study\www\reportSystem\ThinkPHP\app\teacher\controller\Task.php ]
[ info ] [ DB ] INIT mysql
[ info ] [ VIEW ] F:\study\www\reportSystem\ThinkPHP\public/../app/teacher\view\task\taskAdd.html [ array (
  0 => 'courseList',
  1 => 'guideList',
) ]
[ info ] [ LOG ] INIT File
[ notice ] 添加实验任务页面
[ sql ] [ DB ] CONNECT:[ UseTime:0.002251s ] mysql:host=127.0.0.1;port=3306;dbname=report_system;charset=utf8
[ sql ] [ SQL ] SHOW COLUMNS FROM `course` [ RunTime:0.003247s ]
[ sql ] [ SQL ] SELECT * FROM `course` WHERE (  (  teacherNo = '2012032' ) ) AND `course`.`deleteTime` IS NULL [ RunTime:0.001959s ]
[ sql ] [ SQL ] SHOW COLUMNS FROM `guide` [ RunTime:0.002683s ]
[ sql ] [ SQL ] SELECT * FROM `guide` WHERE (  (  teacherNo = '2012032' ) ) AND `guide`.`deleteTime` IS NULL [ RunTime:0.002785s ]
---------------------------------------------------------------
[ 2019-03-31T22:49:03+08:00 ] 0.0.0.0 GET /static/fontawesome-5.5.0/css/font-awesome.min.css
[ info ] reportsystem/static/fontawesome-5.5.0/css/font-awesome.min.css [运行时间：0.095610s][吞吐率：10.46req/s] [内存消耗：2,507.71kb] [文件加载：32]
[ info ] [ LANG ] F:\study\www\reportSystem\ThinkPHP\thinkphp\lang\zh-cn.php
[ info ] [ ROUTE ] array (
  'type' => 'module',
  'module' => 
  array (
    0 => 'static',
    1 => 'fontawesome-5.5.0',
    2 => 'css',
  ),
)
[ info ] [ HEADER ] array (
  'host' => 'reportsystem',
  'connection' => 'keep-alive',
  'user-agent' => 'Mozilla/5.0 (Windows NT 10.0; WOW64) AppleWebKit/537.36 (KHTML, like Gecko) Chrome/71.0.3578.98 Safari/537.36',
  'accept' => 'text/css,*/*;q=0.1',
  'referer' => 'http://reportsystem/teacher/task/addPage',
  'accept-encoding' => 'gzip, deflate',
  'accept-language' => 'zh-CN,zh;q=0.9',
  'cookie' => 'pgv_pvi=3972531200; PHPSESSID=h8eq9mkdrdc7dj9r1cnvvn6lo0',
)
[ info ] [ PARAM ] array (
)
[ info ] [ LOG ] INIT File
---------------------------------------------------------------
[ 2019-03-31T22:49:26+08:00 ] 0.0.0.0 POST /teacher/task/taskAdd
[ info ] reportsystem/teacher/task/taskAdd [运行时间：0.402379s][吞吐率：2.49req/s] [内存消耗：5,410.30kb] [文件加载：54]
[ info ] [ LANG ] F:\study\www\reportSystem\ThinkPHP\thinkphp\lang\zh-cn.php
[ info ] [ ROUTE ] array (
  'type' => 'module',
  'module' => 
  array (
    0 => 'teacher',
    1 => 'task',
    2 => 'taskAdd',
  ),
)
[ info ] [ HEADER ] array (
  'host' => 'reportsystem',
  'connection' => 'keep-alive',
  'content-length' => '1017',
  'cache-control' => 'max-age=0',
  'origin' => 'http://reportsystem',
  'upgrade-insecure-requests' => '1',
  'content-type' => 'multipart/form-data; boundary=----WebKitFormBoundary3Oqy0Jh75qSP5r3H',
  'user-agent' => 'Mozilla/5.0 (Windows NT 10.0; WOW64) AppleWebKit/537.36 (KHTML, like Gecko) Chrome/71.0.3578.98 Safari/537.36',
  'accept' => 'text/html,application/xhtml+xml,application/xml;q=0.9,image/webp,image/apng,*/*;q=0.8',
  'referer' => 'http://reportsystem/teacher/task/addPage',
  'accept-encoding' => 'gzip, deflate',
  'accept-language' => 'zh-CN,zh;q=0.9',
  'cookie' => 'pgv_pvi=3972531200; PHPSESSID=h8eq9mkdrdc7dj9r1cnvvn6lo0',
)
[ info ] [ PARAM ] array (
  'taskName' => '实验1 无线传感器',
  'courseNo' => '351',
  'startTime' => '2019-03-31T00:00',
  'endTime' => '2019-03-31T00:00',
  'taskImg' => '',
  'guideNo' => '24',
  'reviewType' => '1',
  'taskDescribe' => '1',
)
[ info ] [ SESSION ] INIT array (
  'id' => '',
  'var_session_id' => '',
  'prefix' => 'think',
  'type' => '',
  'auto_start' => true,
  'httponly' => true,
  'secure' => false,
)
[ info ] [ RUN ] app\teacher\controller\Task->taskAdd[ F:\study\www\reportSystem\ThinkPHP\app\teacher\controller\Task.php ]
[ info ] [ DB ] INIT mysql
[ info ] [ CACHE ] INIT File
[ info ] [ VIEW ] F:\study\www\reportSystem\ThinkPHP\thinkphp\tpl\dispatch_jump.tpl [ array (
  0 => 'code',
  1 => 'msg',
  2 => 'data',
  3 => 'url',
  4 => 'wait',
) ]
[ info ] [ LOG ] INIT File
[ log ] 编辑实验任务
[ sql ] [ DB ] CONNECT:[ UseTime:0.002365s ] mysql:host=127.0.0.1;port=3306;dbname=report_system;charset=utf8
[ sql ] [ SQL ] SHOW COLUMNS FROM `task` [ RunTime:0.006006s ]
[ sql ] [ SQL ] INSERT INTO `task` (`teacherNo` , `taskName` , `courseNo` , `startTime` , `endTime` , `taskImg` , `guideNo` , `reviewType` , `taskDescribe` , `status`) VALUES (2012032 , '实验1 无线传感器' , 351 , '1553961600' , '1553961600' , '/uploads/default/taskImg.jpg' , 24 , 1 , '1' , 1) [ RunTime:0.084667s ]
[ sql ] [ SQL ] SHOW COLUMNS FROM `guide` [ RunTime:0.002453s ]
[ sql ] [ SQL ] UPDATE `guide`  SET `taskNo`=1  WHERE  `guideNo` = 24 [ RunTime:0.076886s ]
---------------------------------------------------------------
[ 2019-03-31T22:49:30+08:00 ] 0.0.0.0 GET /teacher/course/courseMenu
[ info ] reportsystem/teacher/course/courseMenu [运行时间：0.187489s][吞吐率：5.33req/s] [内存消耗：5,200.48kb] [文件加载：51]
[ info ] [ LANG ] F:\study\www\reportSystem\ThinkPHP\thinkphp\lang\zh-cn.php
[ info ] [ ROUTE ] array (
  'type' => 'module',
  'module' => 
  array (
    0 => 'teacher',
    1 => 'course',
    2 => 'courseMenu',
  ),
)
[ info ] [ HEADER ] array (
  'host' => 'reportsystem',
  'connection' => 'keep-alive',
  'upgrade-insecure-requests' => '1',
  'user-agent' => 'Mozilla/5.0 (Windows NT 10.0; WOW64) AppleWebKit/537.36 (KHTML, like Gecko) Chrome/71.0.3578.98 Safari/537.36',
  'accept' => 'text/html,application/xhtml+xml,application/xml;q=0.9,image/webp,image/apng,*/*;q=0.8',
  'referer' => 'http://reportsystem/teacher/task/taskAdd',
  'accept-encoding' => 'gzip, deflate',
  'accept-language' => 'zh-CN,zh;q=0.9',
  'cookie' => 'pgv_pvi=3972531200; PHPSESSID=h8eq9mkdrdc7dj9r1cnvvn6lo0',
)
[ info ] [ PARAM ] array (
)
[ info ] [ SESSION ] INIT array (
  'id' => '',
  'var_session_id' => '',
  'prefix' => 'think',
  'type' => '',
  'auto_start' => true,
  'httponly' => true,
  'secure' => false,
)
[ info ] [ RUN ] app\teacher\controller\Course->courseMenu[ F:\study\www\reportSystem\ThinkPHP\app\teacher\controller\Course.php ]
[ info ] [ DB ] INIT mysql
[ info ] [ VIEW ] F:\study\www\reportSystem\ThinkPHP\public/../app/teacher\view\course\courseMenu.html [ array (
  0 => 'courseList',
  1 => 'taskList',
) ]
[ info ] [ LOG ] INIT File
[ notice ] 显示课程列表
[ sql ] [ DB ] CONNECT:[ UseTime:0.002038s ] mysql:host=127.0.0.1;port=3306;dbname=report_system;charset=utf8
[ sql ] [ SQL ] SHOW COLUMNS FROM `course` [ RunTime:0.002548s ]
[ sql ] [ SQL ] SELECT * FROM `course` WHERE (  (  teacherNo = '2012032' ) ) AND `course`.`deleteTime` IS NULL [ RunTime:0.002538s ]
[ sql ] [ SQL ] SHOW COLUMNS FROM `task` [ RunTime:0.005375s ]
[ sql ] [ SQL ] SELECT * FROM `task` WHERE (  (  teacherNo = '2012032' ) ) AND `task`.`deleteTime` IS NULL [ RunTime:0.001263s ]
---------------------------------------------------------------
[ 2019-03-31T22:49:30+08:00 ] 0.0.0.0 GET /static/fontawesome-5.5.0/css/font-awesome.min.css
[ info ] reportsystem/static/fontawesome-5.5.0/css/font-awesome.min.css [运行时间：0.104767s][吞吐率：9.54req/s] [内存消耗：2,507.48kb] [文件加载：32]
[ info ] [ LANG ] F:\study\www\reportSystem\ThinkPHP\thinkphp\lang\zh-cn.php
[ info ] [ ROUTE ] array (
  'type' => 'module',
  'module' => 
  array (
    0 => 'static',
    1 => 'fontawesome-5.5.0',
    2 => 'css',
  ),
)
[ info ] [ HEADER ] array (
  'host' => 'reportsystem',
  'connection' => 'keep-alive',
  'user-agent' => 'Mozilla/5.0 (Windows NT 10.0; WOW64) AppleWebKit/537.36 (KHTML, like Gecko) Chrome/71.0.3578.98 Safari/537.36',
  'accept' => 'text/css,*/*;q=0.1',
  'referer' => 'http://reportsystem/teacher/course/courseMenu',
  'accept-encoding' => 'gzip, deflate',
  'accept-language' => 'zh-CN,zh;q=0.9',
  'cookie' => 'pgv_pvi=3972531200; PHPSESSID=h8eq9mkdrdc7dj9r1cnvvn6lo0',
)
[ info ] [ PARAM ] array (
)
[ info ] [ LOG ] INIT File
---------------------------------------------------------------
[ 2019-03-31T22:49:35+08:00 ] 0.0.0.0 GET /student/task/taskList
[ info ] reportsystem/student/task/taskList [运行时间：0.207141s][吞吐率：4.83req/s] [内存消耗：5,254.23kb] [文件加载：52]
[ info ] [ LANG ] F:\study\www\reportSystem\ThinkPHP\thinkphp\lang\zh-cn.php
[ info ] [ ROUTE ] array (
  'type' => 'module',
  'module' => 
  array (
    0 => 'student',
    1 => 'task',
    2 => 'taskList',
  ),
)
[ info ] [ HEADER ] array (
  'host' => 'reportsystem',
  'user-agent' => 'Mozilla/5.0 (Windows NT 10.0; Win64; x64; rv:66.0) Gecko/20100101 Firefox/66.0',
  'accept' => 'text/html,application/xhtml+xml,application/xml;q=0.9,*/*;q=0.8',
  'accept-language' => 'zh-CN,zh;q=0.8,zh-TW;q=0.7,zh-HK;q=0.5,en-US;q=0.3,en;q=0.2',
  'accept-encoding' => 'gzip, deflate',
  'referer' => 'http://reportsystem/student/index/index',
  'connection' => 'keep-alive',
  'cookie' => 'PHPSESSID=vnnu2m7sd52sdn0mbkaibhnoh5',
  'upgrade-insecure-requests' => '1',
  'cache-control' => 'max-age=0',
)
[ info ] [ PARAM ] array (
)
[ info ] [ SESSION ] INIT array (
  'id' => '',
  'var_session_id' => '',
  'prefix' => 'think',
  'type' => '',
  'auto_start' => true,
  'httponly' => true,
  'secure' => false,
)
[ info ] [ RUN ] app\student\controller\Task->taskList[ F:\study\www\reportSystem\ThinkPHP\app\student\controller\Task.php ]
[ info ] [ DB ] INIT mysql
[ info ] [ VIEW ] F:\study\www\reportSystem\ThinkPHP\public/../app/student\view\task\taskList.html [ array (
  0 => 'taskList',
  1 => 'taskNumber',
) ]
[ info ] [ LOG ] INIT File
[ notice ] 显示实验任务列表
[ sql ] [ DB ] CONNECT:[ UseTime:0.002027s ] mysql:host=127.0.0.1;port=3306;dbname=report_system;charset=utf8
[ sql ] [ SQL ] SHOW COLUMNS FROM `elective` [ RunTime:0.002880s ]
[ sql ] [ SQL ] SELECT COUNT(*) AS tp_count FROM `elective` `a` INNER JOIN `student` `b` ON `a`.`studentNo`=`b`.`studentNo` INNER JOIN `teacher` `c` ON `a`.`teacherNo`=`c`.`teacherNo` INNER JOIN `course` `d` ON `a`.`courseNo`=`d`.`courseNo` INNER JOIN `task` `e` ON `e`.`courseNo`=`a`.`courseNo` WHERE  (  status = 1 )  AND (  a.studentNo = '201541402313' ) LIMIT 1 [ RunTime:0.005056s ]
[ sql ] [ SQL ] SELECT * FROM `elective` `a` INNER JOIN `student` `b` ON `a`.`studentNo`=`b`.`studentNo` INNER JOIN `teacher` `c` ON `a`.`teacherNo`=`c`.`teacherNo` INNER JOIN `course` `d` ON `a`.`courseNo`=`d`.`courseNo` INNER JOIN `task` `e` ON `e`.`courseNo`=`a`.`courseNo` WHERE  (  status = 1 )  AND (  a.studentNo = '201541402313' ) LIMIT 0,15 [ RunTime:0.002938s ]
[ sql ] [ SQL ] SELECT COUNT(*) AS tp_count FROM `elective` `a` INNER JOIN `student` `b` ON `a`.`studentNo`=`b`.`studentNo` INNER JOIN `teacher` `c` ON `a`.`teacherNo`=`c`.`teacherNo` INNER JOIN `course` `d` ON `a`.`courseNo`=`d`.`courseNo` INNER JOIN `task` `e` ON `e`.`courseNo`=`a`.`courseNo` WHERE  (  status = 1 )  AND (  a.studentNo = '201541402313' ) LIMIT 1 [ RunTime:0.001950s ]
---------------------------------------------------------------
[ 2019-03-31T22:49:35+08:00 ] 0.0.0.0 GET /static/fontawesome-5.5.0/css/font-awesome.min.css
[ info ] reportsystem/static/fontawesome-5.5.0/css/font-awesome.min.css [运行时间：0.200403s][吞吐率：4.99req/s] [内存消耗：2,507.76kb] [文件加载：32]
[ info ] [ LANG ] F:\study\www\reportSystem\ThinkPHP\thinkphp\lang\zh-cn.php
[ info ] [ ROUTE ] array (
  'type' => 'module',
  'module' => 
  array (
    0 => 'static',
    1 => 'fontawesome-5.5.0',
    2 => 'css',
  ),
)
[ info ] [ HEADER ] array (
  'host' => 'reportsystem',
  'user-agent' => 'Mozilla/5.0 (Windows NT 10.0; Win64; x64; rv:66.0) Gecko/20100101 Firefox/66.0',
  'accept' => 'text/css,*/*;q=0.1',
  'accept-language' => 'zh-CN,zh;q=0.8,zh-TW;q=0.7,zh-HK;q=0.5,en-US;q=0.3,en;q=0.2',
  'accept-encoding' => 'gzip, deflate',
  'referer' => 'http://reportsystem/student/task/taskList',
  'connection' => 'keep-alive',
  'cookie' => 'PHPSESSID=vnnu2m7sd52sdn0mbkaibhnoh5',
  'cache-control' => 'max-age=0',
)
[ info ] [ PARAM ] array (
)
[ info ] [ LOG ] INIT File
---------------------------------------------------------------
[ 2019-03-31T22:49:43+08:00 ] 0.0.0.0 GET /teacher/task/detailPage?taskNo=1
[ info ] reportsystem/teacher/task/detailPage?taskNo=1 [运行时间：0.246434s][吞吐率：4.06req/s] [内存消耗：5,352.96kb] [文件加载：52]
[ info ] [ LANG ] F:\study\www\reportSystem\ThinkPHP\thinkphp\lang\zh-cn.php
[ info ] [ ROUTE ] array (
  'type' => 'module',
  'module' => 
  array (
    0 => 'teacher',
    1 => 'task',
    2 => 'detailPage',
  ),
)
[ info ] [ HEADER ] array (
  'host' => 'reportsystem',
  'connection' => 'keep-alive',
  'upgrade-insecure-requests' => '1',
  'user-agent' => 'Mozilla/5.0 (Windows NT 10.0; WOW64) AppleWebKit/537.36 (KHTML, like Gecko) Chrome/71.0.3578.98 Safari/537.36',
  'accept' => 'text/html,application/xhtml+xml,application/xml;q=0.9,image/webp,image/apng,*/*;q=0.8',
  'referer' => 'http://reportsystem/teacher/course/courseMenu',
  'accept-encoding' => 'gzip, deflate',
  'accept-language' => 'zh-CN,zh;q=0.9',
  'cookie' => 'pgv_pvi=3972531200; PHPSESSID=h8eq9mkdrdc7dj9r1cnvvn6lo0',
)
[ info ] [ PARAM ] array (
  'taskNo' => '1',
)
[ info ] [ SESSION ] INIT array (
  'id' => '',
  'var_session_id' => '',
  'prefix' => 'think',
  'type' => '',
  'auto_start' => true,
  'httponly' => true,
  'secure' => false,
)
[ info ] [ RUN ] app\teacher\controller\Task->detailPage[ F:\study\www\reportSystem\ThinkPHP\app\teacher\controller\Task.php ]
[ info ] [ DB ] INIT mysql
[ info ] [ VIEW ] F:\study\www\reportSystem\ThinkPHP\public/../app/teacher\view\task\taskDetail.html [ array (
  0 => 'task',
  1 => 'courseList',
  2 => 'guideList',
) ]
[ info ] [ LOG ] INIT File
[ notice ] 详细实验任务页面
[ sql ] [ DB ] CONNECT:[ UseTime:0.003900s ] mysql:host=127.0.0.1;port=3306;dbname=report_system;charset=utf8
[ sql ] [ SQL ] SHOW COLUMNS FROM `task` [ RunTime:0.006313s ]
[ sql ] [ SQL ] SELECT * FROM `task` WHERE (  (  teacherNo = '2012032' )  AND (  taskNo = '1' ) ) AND `task`.`deleteTime` IS NULL LIMIT 1 [ RunTime:0.001564s ]
[ sql ] [ SQL ] SHOW COLUMNS FROM `course` [ RunTime:0.002635s ]
[ sql ] [ SQL ] SELECT * FROM `course` WHERE (  (  teacherNo = '2012032' ) ) AND `course`.`deleteTime` IS NULL [ RunTime:0.002939s ]
[ sql ] [ SQL ] SHOW COLUMNS FROM `guide` [ RunTime:0.002791s ]
[ sql ] [ SQL ] SELECT * FROM `guide` WHERE (  (  teacherNo = '2012032' ) ) AND `guide`.`deleteTime` IS NULL [ RunTime:0.002187s ]
---------------------------------------------------------------
[ 2019-03-31T22:49:43+08:00 ] 0.0.0.0 GET /static/fontawesome-5.5.0/css/font-awesome.min.css
[ info ] reportsystem/static/fontawesome-5.5.0/css/font-awesome.min.css [运行时间：0.151757s][吞吐率：6.59req/s] [内存消耗：2,507.63kb] [文件加载：32]
[ info ] [ LANG ] F:\study\www\reportSystem\ThinkPHP\thinkphp\lang\zh-cn.php
[ info ] [ ROUTE ] array (
  'type' => 'module',
  'module' => 
  array (
    0 => 'static',
    1 => 'fontawesome-5.5.0',
    2 => 'css',
  ),
)
[ info ] [ HEADER ] array (
  'host' => 'reportsystem',
  'connection' => 'keep-alive',
  'user-agent' => 'Mozilla/5.0 (Windows NT 10.0; WOW64) AppleWebKit/537.36 (KHTML, like Gecko) Chrome/71.0.3578.98 Safari/537.36',
  'accept' => 'text/css,*/*;q=0.1',
  'referer' => 'http://reportsystem/teacher/task/detailPage?taskNo=1',
  'accept-encoding' => 'gzip, deflate',
  'accept-language' => 'zh-CN,zh;q=0.9',
  'cookie' => 'pgv_pvi=3972531200; PHPSESSID=h8eq9mkdrdc7dj9r1cnvvn6lo0',
)
[ info ] [ PARAM ] array (
)
[ info ] [ LOG ] INIT File
---------------------------------------------------------------
[ 2019-03-31T22:49:48+08:00 ] 0.0.0.0 GET /student/guide/guideShow?guideNo=24
[ info ] reportsystem/student/guide/guideShow?guideNo=24 [运行时间：10.224346s][吞吐率：0.10req/s] [内存消耗：17,070.30kb] [文件加载：58]
[ info ] [ LANG ] F:\study\www\reportSystem\ThinkPHP\thinkphp\lang\zh-cn.php
[ info ] [ ROUTE ] array (
  'type' => 'module',
  'module' => 
  array (
    0 => 'student',
    1 => 'guide',
    2 => 'guideShow',
  ),
)
[ info ] [ HEADER ] array (
  'host' => 'reportsystem',
  'user-agent' => 'Mozilla/5.0 (Windows NT 10.0; Win64; x64; rv:66.0) Gecko/20100101 Firefox/66.0',
  'accept' => 'text/html,application/xhtml+xml,application/xml;q=0.9,*/*;q=0.8',
  'accept-language' => 'zh-CN,zh;q=0.8,zh-TW;q=0.7,zh-HK;q=0.5,en-US;q=0.3,en;q=0.2',
  'accept-encoding' => 'gzip, deflate',
  'referer' => 'http://reportsystem/student/task/taskList',
  'connection' => 'keep-alive',
  'cookie' => 'PHPSESSID=vnnu2m7sd52sdn0mbkaibhnoh5',
  'upgrade-insecure-requests' => '1',
)
[ info ] [ PARAM ] array (
  'guideNo' => '24',
)
[ info ] [ SESSION ] INIT array (
  'id' => '',
  'var_session_id' => '',
  'prefix' => 'think',
  'type' => '',
  'auto_start' => true,
  'httponly' => true,
  'secure' => false,
)
[ info ] [ RUN ] app\student\controller\Guide->guideShow[ F:\study\www\reportSystem\ThinkPHP\app\student\controller\Guide.php ]
[ info ] [ DB ] INIT mysql
[ info ] [ LOG ] INIT File
[ sql ] [ DB ] CONNECT:[ UseTime:0.002434s ] mysql:host=127.0.0.1;port=3306;dbname=report_system;charset=utf8
[ sql ] [ SQL ] SHOW COLUMNS FROM `guide` [ RunTime:0.003068s ]
[ sql ] [ SQL ] SELECT * FROM `guide` WHERE  (  guideNo = '24' ) LIMIT 1 [ RunTime:0.001956s ]
[ sql ] [ SQL ] SHOW COLUMNS FROM `course` [ RunTime:0.002606s ]
[ sql ] [ SQL ] SELECT * FROM `course` WHERE  (  courseNo = '351' ) LIMIT 1 [ RunTime:0.001446s ]
---------------------------------------------------------------
[ 2019-03-31T22:49:53+08:00 ] 0.0.0.0 POST /teacher/task/taskDetail
[ info ] reportsystem/teacher/task/taskDetail [运行时间：0.135277s][吞吐率：7.39req/s] [内存消耗：3,113.45kb] [文件加载：40]
[ info ] [ LANG ] F:\study\www\reportSystem\ThinkPHP\thinkphp\lang\zh-cn.php
[ info ] [ ROUTE ] array (
  'type' => 'module',
  'module' => 
  array (
    0 => 'teacher',
    1 => 'task',
    2 => 'taskDetail',
  ),
)
[ info ] [ HEADER ] array (
  'host' => 'reportsystem',
  'connection' => 'keep-alive',
  'content-length' => '429',
  'cache-control' => 'max-age=0',
  'origin' => 'http://reportsystem',
  'upgrade-insecure-requests' => '1',
  'content-type' => 'multipart/form-data; boundary=----WebKitFormBoundarykoNVguDwrDpkWrVU',
  'user-agent' => 'Mozilla/5.0 (Windows NT 10.0; WOW64) AppleWebKit/537.36 (KHTML, like Gecko) Chrome/71.0.3578.98 Safari/537.36',
  'accept' => 'text/html,application/xhtml+xml,application/xml;q=0.9,image/webp,image/apng,*/*;q=0.8',
  'referer' => 'http://reportsystem/teacher/task/detailPage?taskNo=1',
  'accept-encoding' => 'gzip, deflate',
  'accept-language' => 'zh-CN,zh;q=0.9',
  'cookie' => 'pgv_pvi=3972531200; PHPSESSID=h8eq9mkdrdc7dj9r1cnvvn6lo0',
)
[ info ] [ PARAM ] array (
  'taskNo' => '1',
  'courseNo' => '351',
  'taskImg' => '',
  'delete' => '删除',
)
[ info ] [ SESSION ] INIT array (
  'id' => '',
  'var_session_id' => '',
  'prefix' => 'think',
  'type' => '',
  'auto_start' => true,
  'httponly' => true,
  'secure' => false,
)
[ info ] [ RUN ] app\teacher\controller\Task->taskDetail[ F:\study\www\reportSystem\ThinkPHP\app\teacher\controller\Task.php ]
[ info ] [ LOG ] INIT File
[ notice ] 实验任务操作
---------------------------------------------------------------
[ 2019-03-31T22:49:53+08:00 ] 0.0.0.0 GET /teacher/task/taskDelete?taskNo=1
[ info ] reportsystem/teacher/task/taskDelete?taskNo=1 [运行时间：0.289440s][吞吐率：3.45req/s] [内存消耗：5,332.55kb] [文件加载：53]
[ info ] [ LANG ] F:\study\www\reportSystem\ThinkPHP\thinkphp\lang\zh-cn.php
[ info ] [ ROUTE ] array (
  'type' => 'module',
  'module' => 
  array (
    0 => 'teacher',
    1 => 'task',
    2 => 'taskDelete',
  ),
)
[ info ] [ HEADER ] array (
  'host' => 'reportsystem',
  'connection' => 'keep-alive',
  'cache-control' => 'max-age=0',
  'upgrade-insecure-requests' => '1',
  'user-agent' => 'Mozilla/5.0 (Windows NT 10.0; WOW64) AppleWebKit/537.36 (KHTML, like Gecko) Chrome/71.0.3578.98 Safari/537.36',
  'accept' => 'text/html,application/xhtml+xml,application/xml;q=0.9,image/webp,image/apng,*/*;q=0.8',
  'referer' => 'http://reportsystem/teacher/task/detailPage?taskNo=1',
  'accept-encoding' => 'gzip, deflate',
  'accept-language' => 'zh-CN,zh;q=0.9',
  'cookie' => 'pgv_pvi=3972531200; PHPSESSID=h8eq9mkdrdc7dj9r1cnvvn6lo0',
)
[ info ] [ PARAM ] array (
  'taskNo' => '1',
)
[ info ] [ SESSION ] INIT array (
  'id' => '',
  'var_session_id' => '',
  'prefix' => 'think',
  'type' => '',
  'auto_start' => true,
  'httponly' => true,
  'secure' => false,
)
[ info ] [ RUN ] app\teacher\controller\Task->taskDelete[ F:\study\www\reportSystem\ThinkPHP\app\teacher\controller\Task.php ]
[ info ] [ DB ] INIT mysql
[ info ] [ CACHE ] INIT File
[ info ] [ VIEW ] F:\study\www\reportSystem\ThinkPHP\thinkphp\tpl\dispatch_jump.tpl [ array (
  0 => 'code',
  1 => 'msg',
  2 => 'data',
  3 => 'url',
  4 => 'wait',
) ]
[ info ] [ LOG ] INIT File
[ log ] 实验课程删除
[ sql ] [ DB ] CONNECT:[ UseTime:0.002042s ] mysql:host=127.0.0.1;port=3306;dbname=report_system;charset=utf8
[ sql ] [ SQL ] SHOW COLUMNS FROM `task` [ RunTime:0.005042s ]
[ sql ] [ SQL ] SELECT * FROM `task` WHERE  `taskNo` = 1 [ RunTime:0.002209s ]
[ sql ] [ SQL ] DELETE FROM `task`    WHERE  `taskNo` = 1 [ RunTime:0.116444s ]
---------------------------------------------------------------
[ 2019-03-31T22:49:56+08:00 ] 0.0.0.0 GET /teacher/course/courseMenu
[ info ] reportsystem/teacher/course/courseMenu [运行时间：0.170971s][吞吐率：5.85req/s] [内存消耗：5,193.73kb] [文件加载：51]
[ info ] [ LANG ] F:\study\www\reportSystem\ThinkPHP\thinkphp\lang\zh-cn.php
[ info ] [ ROUTE ] array (
  'type' => 'module',
  'module' => 
  array (
    0 => 'teacher',
    1 => 'course',
    2 => 'courseMenu',
  ),
)
[ info ] [ HEADER ] array (
  'host' => 'reportsystem',
  'connection' => 'keep-alive',
  'upgrade-insecure-requests' => '1',
  'user-agent' => 'Mozilla/5.0 (Windows NT 10.0; WOW64) AppleWebKit/537.36 (KHTML, like Gecko) Chrome/71.0.3578.98 Safari/537.36',
  'accept' => 'text/html,application/xhtml+xml,application/xml;q=0.9,image/webp,image/apng,*/*;q=0.8',
  'referer' => 'http://reportsystem/teacher/task/taskDelete?taskNo=1',
  'accept-encoding' => 'gzip, deflate',
  'accept-language' => 'zh-CN,zh;q=0.9',
  'cookie' => 'pgv_pvi=3972531200; PHPSESSID=h8eq9mkdrdc7dj9r1cnvvn6lo0',
)
[ info ] [ PARAM ] array (
)
[ info ] [ SESSION ] INIT array (
  'id' => '',
  'var_session_id' => '',
  'prefix' => 'think',
  'type' => '',
  'auto_start' => true,
  'httponly' => true,
  'secure' => false,
)
[ info ] [ RUN ] app\teacher\controller\Course->courseMenu[ F:\study\www\reportSystem\ThinkPHP\app\teacher\controller\Course.php ]
[ info ] [ DB ] INIT mysql
[ info ] [ VIEW ] F:\study\www\reportSystem\ThinkPHP\public/../app/teacher\view\course\courseMenu.html [ array (
  0 => 'courseList',
  1 => 'taskList',
) ]
[ info ] [ LOG ] INIT File
[ notice ] 显示课程列表
[ sql ] [ DB ] CONNECT:[ UseTime:0.002232s ] mysql:host=127.0.0.1;port=3306;dbname=report_system;charset=utf8
[ sql ] [ SQL ] SHOW COLUMNS FROM `course` [ RunTime:0.002193s ]
[ sql ] [ SQL ] SELECT * FROM `course` WHERE (  (  teacherNo = '2012032' ) ) AND `course`.`deleteTime` IS NULL [ RunTime:0.002525s ]
[ sql ] [ SQL ] SHOW COLUMNS FROM `task` [ RunTime:0.004910s ]
[ sql ] [ SQL ] SELECT * FROM `task` WHERE (  (  teacherNo = '2012032' ) ) AND `task`.`deleteTime` IS NULL [ RunTime:0.001158s ]
---------------------------------------------------------------
[ 2019-03-31T22:49:56+08:00 ] 0.0.0.0 GET /static/fontawesome-5.5.0/css/font-awesome.min.css
[ info ] reportsystem/static/fontawesome-5.5.0/css/font-awesome.min.css [运行时间：0.137126s][吞吐率：7.29req/s] [内存消耗：2,507.48kb] [文件加载：32]
[ info ] [ LANG ] F:\study\www\reportSystem\ThinkPHP\thinkphp\lang\zh-cn.php
[ info ] [ ROUTE ] array (
  'type' => 'module',
  'module' => 
  array (
    0 => 'static',
    1 => 'fontawesome-5.5.0',
    2 => 'css',
  ),
)
[ info ] [ HEADER ] array (
  'host' => 'reportsystem',
  'connection' => 'keep-alive',
  'user-agent' => 'Mozilla/5.0 (Windows NT 10.0; WOW64) AppleWebKit/537.36 (KHTML, like Gecko) Chrome/71.0.3578.98 Safari/537.36',
  'accept' => 'text/css,*/*;q=0.1',
  'referer' => 'http://reportsystem/teacher/course/courseMenu',
  'accept-encoding' => 'gzip, deflate',
  'accept-language' => 'zh-CN,zh;q=0.9',
  'cookie' => 'pgv_pvi=3972531200; PHPSESSID=h8eq9mkdrdc7dj9r1cnvvn6lo0',
)
[ info ] [ PARAM ] array (
)
[ info ] [ LOG ] INIT File
---------------------------------------------------------------
[ 2019-03-31T22:50:01+08:00 ] 0.0.0.0 GET /student/task/taskList
[ info ] reportsystem/student/task/taskList [运行时间：0.196619s][吞吐率：5.09req/s] [内存消耗：5,241.45kb] [文件加载：52]
[ info ] [ LANG ] F:\study\www\reportSystem\ThinkPHP\thinkphp\lang\zh-cn.php
[ info ] [ ROUTE ] array (
  'type' => 'module',
  'module' => 
  array (
    0 => 'student',
    1 => 'task',
    2 => 'taskList',
  ),
)
[ info ] [ HEADER ] array (
  'host' => 'reportsystem',
  'user-agent' => 'Mozilla/5.0 (Windows NT 10.0; Win64; x64; rv:66.0) Gecko/20100101 Firefox/66.0',
  'accept' => 'text/html,application/xhtml+xml,application/xml;q=0.9,*/*;q=0.8',
  'accept-language' => 'zh-CN,zh;q=0.8,zh-TW;q=0.7,zh-HK;q=0.5,en-US;q=0.3,en;q=0.2',
  'accept-encoding' => 'gzip, deflate',
  'referer' => 'http://reportsystem/student/index/index',
  'connection' => 'keep-alive',
  'cookie' => 'PHPSESSID=vnnu2m7sd52sdn0mbkaibhnoh5',
  'upgrade-insecure-requests' => '1',
  'cache-control' => 'max-age=0',
)
[ info ] [ PARAM ] array (
)
[ info ] [ SESSION ] INIT array (
  'id' => '',
  'var_session_id' => '',
  'prefix' => 'think',
  'type' => '',
  'auto_start' => true,
  'httponly' => true,
  'secure' => false,
)
[ info ] [ RUN ] app\student\controller\Task->taskList[ F:\study\www\reportSystem\ThinkPHP\app\student\controller\Task.php ]
[ info ] [ DB ] INIT mysql
[ info ] [ VIEW ] F:\study\www\reportSystem\ThinkPHP\public/../app/student\view\task\taskList.html [ array (
  0 => 'taskList',
  1 => 'taskNumber',
) ]
[ info ] [ LOG ] INIT File
[ notice ] 显示实验任务列表
[ sql ] [ DB ] CONNECT:[ UseTime:0.002041s ] mysql:host=127.0.0.1;port=3306;dbname=report_system;charset=utf8
[ sql ] [ SQL ] SHOW COLUMNS FROM `elective` [ RunTime:0.002748s ]
[ sql ] [ SQL ] SELECT COUNT(*) AS tp_count FROM `elective` `a` INNER JOIN `student` `b` ON `a`.`studentNo`=`b`.`studentNo` INNER JOIN `teacher` `c` ON `a`.`teacherNo`=`c`.`teacherNo` INNER JOIN `course` `d` ON `a`.`courseNo`=`d`.`courseNo` INNER JOIN `task` `e` ON `e`.`courseNo`=`a`.`courseNo` WHERE  (  status = 1 )  AND (  a.studentNo = '201541402313' ) LIMIT 1 [ RunTime:0.004043s ]
[ sql ] [ SQL ] SELECT * FROM `elective` `a` INNER JOIN `student` `b` ON `a`.`studentNo`=`b`.`studentNo` INNER JOIN `teacher` `c` ON `a`.`teacherNo`=`c`.`teacherNo` INNER JOIN `course` `d` ON `a`.`courseNo`=`d`.`courseNo` INNER JOIN `task` `e` ON `e`.`courseNo`=`a`.`courseNo` WHERE  (  status = 1 )  AND (  a.studentNo = '201541402313' ) LIMIT 0,15 [ RunTime:0.002548s ]
[ sql ] [ SQL ] SELECT COUNT(*) AS tp_count FROM `elective` `a` INNER JOIN `student` `b` ON `a`.`studentNo`=`b`.`studentNo` INNER JOIN `teacher` `c` ON `a`.`teacherNo`=`c`.`teacherNo` INNER JOIN `course` `d` ON `a`.`courseNo`=`d`.`courseNo` INNER JOIN `task` `e` ON `e`.`courseNo`=`a`.`courseNo` WHERE  (  status = 1 )  AND (  a.studentNo = '201541402313' ) LIMIT 1 [ RunTime:0.001555s ]
---------------------------------------------------------------
[ 2019-03-31T22:50:01+08:00 ] 0.0.0.0 GET /static/fontawesome-5.5.0/css/font-awesome.min.css
[ info ] reportsystem/static/fontawesome-5.5.0/css/font-awesome.min.css [运行时间：0.179901s][吞吐率：5.56req/s] [内存消耗：2,507.76kb] [文件加载：32]
[ info ] [ LANG ] F:\study\www\reportSystem\ThinkPHP\thinkphp\lang\zh-cn.php
[ info ] [ ROUTE ] array (
  'type' => 'module',
  'module' => 
  array (
    0 => 'static',
    1 => 'fontawesome-5.5.0',
    2 => 'css',
  ),
)
[ info ] [ HEADER ] array (
  'host' => 'reportsystem',
  'user-agent' => 'Mozilla/5.0 (Windows NT 10.0; Win64; x64; rv:66.0) Gecko/20100101 Firefox/66.0',
  'accept' => 'text/css,*/*;q=0.1',
  'accept-language' => 'zh-CN,zh;q=0.8,zh-TW;q=0.7,zh-HK;q=0.5,en-US;q=0.3,en;q=0.2',
  'accept-encoding' => 'gzip, deflate',
  'referer' => 'http://reportsystem/student/task/taskList',
  'connection' => 'keep-alive',
  'cookie' => 'PHPSESSID=vnnu2m7sd52sdn0mbkaibhnoh5',
  'cache-control' => 'max-age=0',
)
[ info ] [ PARAM ] array (
)
[ info ] [ LOG ] INIT File
